[0.253s] DEBUG:colcon:Command line arguments: ['/usr/bin/colcon', 'build']
[0.253s] DEBUG:colcon:Parsed command line arguments: Namespace(log_base=None, log_level=None, verb_name='build', build_base='build', install_base='install', merge_install=False, symlink_install=False, test_result_base=None, continue_on_error=False, executor='parallel', parallel_workers=12, event_handlers=None, ignore_user_meta=False, metas=['./colcon.meta'], base_paths=['.'], packages_ignore=None, packages_ignore_regex=None, paths=None, packages_up_to=None, packages_up_to_regex=None, packages_above=None, packages_above_and_dependencies=None, packages_above_depth=None, packages_select_by_dep=None, packages_skip_by_dep=None, packages_skip_up_to=None, packages_select_build_failed=False, packages_skip_build_finished=False, packages_select_test_failures=False, packages_skip_test_passed=False, packages_select=None, packages_skip=None, packages_select_regex=None, packages_skip_regex=None, packages_start=None, packages_end=None, allow_overriding=[], cmake_args=None, cmake_target=None, cmake_target_skip_unavailable=False, cmake_clean_cache=False, cmake_clean_first=False, cmake_force_configure=False, ament_cmake_args=None, catkin_cmake_args=None, catkin_skip_building_tests=False, mixin_files=None, mixin=None, verb_parser=<colcon_mixin.mixin.mixin_argument.MixinArgumentDecorator object at 0x70679f9b86a0>, verb_extension=<colcon_core.verb.build.BuildVerb object at 0x70679f932110>, main=<bound method BuildVerb.main of <colcon_core.verb.build.BuildVerb object at 0x70679f932110>>, mixin_verb=('build',))
[0.339s] Level 1:colcon.colcon_core.package_discovery:discover_packages(colcon_meta) check parameters
[0.340s] Level 1:colcon.colcon_core.package_discovery:discover_packages(recursive) check parameters
[0.340s] Level 1:colcon.colcon_core.package_discovery:discover_packages(ignore) check parameters
[0.340s] Level 1:colcon.colcon_core.package_discovery:discover_packages(path) check parameters
[0.340s] Level 1:colcon.colcon_core.package_discovery:discover_packages(colcon_meta) discover
[0.340s] Level 1:colcon.colcon_core.package_discovery:discover_packages(recursive) discover
[0.340s] INFO:colcon.colcon_core.package_discovery:Crawling recursively for packages in '/home/yolo/Desktop/Ros2/Dofbot2'
[0.340s] Level 1:colcon.colcon_core.package_identification:_identify(.) by extensions ['ignore', 'ignore_ament_install']
[0.340s] Level 1:colcon.colcon_core.package_identification:_identify(.) by extension 'ignore'
[0.341s] Level 1:colcon.colcon_core.package_identification:_identify(.) by extension 'ignore_ament_install'
[0.341s] Level 1:colcon.colcon_core.package_identification:_identify(.) by extensions ['colcon_pkg']
[0.341s] Level 1:colcon.colcon_core.package_identification:_identify(.) by extension 'colcon_pkg'
[0.341s] Level 1:colcon.colcon_core.package_identification:_identify(.) by extensions ['colcon_meta']
[0.341s] Level 1:colcon.colcon_core.package_identification:_identify(.) by extension 'colcon_meta'
[0.341s] Level 1:colcon.colcon_core.package_identification:_identify(.) by extensions ['ros']
[0.341s] Level 1:colcon.colcon_core.package_identification:_identify(.) by extension 'ros'
[0.372s] Level 1:colcon.colcon_core.package_identification:_identify(.) by extensions ['cmake', 'python']
[0.372s] Level 1:colcon.colcon_core.package_identification:_identify(.) by extension 'cmake'
[0.372s] Level 1:colcon.colcon_core.package_identification:_identify(.) by extension 'python'
[0.372s] Level 1:colcon.colcon_core.package_identification:_identify(.) by extensions ['python_setup_py']
[0.372s] Level 1:colcon.colcon_core.package_identification:_identify(.) by extension 'python_setup_py'
[0.373s] Level 1:colcon.colcon_core.package_identification:_identify(build) by extensions ['ignore', 'ignore_ament_install']
[0.373s] Level 1:colcon.colcon_core.package_identification:_identify(build) by extension 'ignore'
[0.373s] Level 1:colcon.colcon_core.package_identification:_identify(build) ignored
[0.373s] Level 1:colcon.colcon_core.package_identification:_identify(install) by extensions ['ignore', 'ignore_ament_install']
[0.373s] Level 1:colcon.colcon_core.package_identification:_identify(install) by extension 'ignore'
[0.373s] Level 1:colcon.colcon_core.package_identification:_identify(install) ignored
[0.374s] Level 1:colcon.colcon_core.package_identification:_identify(log) by extensions ['ignore', 'ignore_ament_install']
[0.374s] Level 1:colcon.colcon_core.package_identification:_identify(log) by extension 'ignore'
[0.374s] Level 1:colcon.colcon_core.package_identification:_identify(log) ignored
[0.374s] Level 1:colcon.colcon_core.package_identification:_identify(src) by extensions ['ignore', 'ignore_ament_install']
[0.374s] Level 1:colcon.colcon_core.package_identification:_identify(src) by extension 'ignore'
[0.374s] Level 1:colcon.colcon_core.package_identification:_identify(src) by extension 'ignore_ament_install'
[0.374s] Level 1:colcon.colcon_core.package_identification:_identify(src) by extensions ['colcon_pkg']
[0.375s] Level 1:colcon.colcon_core.package_identification:_identify(src) by extension 'colcon_pkg'
[0.375s] Level 1:colcon.colcon_core.package_identification:_identify(src) by extensions ['colcon_meta']
[0.375s] Level 1:colcon.colcon_core.package_identification:_identify(src) by extension 'colcon_meta'
[0.375s] Level 1:colcon.colcon_core.package_identification:_identify(src) by extensions ['ros']
[0.375s] Level 1:colcon.colcon_core.package_identification:_identify(src) by extension 'ros'
[0.375s] Level 1:colcon.colcon_core.package_identification:_identify(src) by extensions ['cmake', 'python']
[0.375s] Level 1:colcon.colcon_core.package_identification:_identify(src) by extension 'cmake'
[0.375s] Level 1:colcon.colcon_core.package_identification:_identify(src) by extension 'python'
[0.375s] Level 1:colcon.colcon_core.package_identification:_identify(src) by extensions ['python_setup_py']
[0.375s] Level 1:colcon.colcon_core.package_identification:_identify(src) by extension 'python_setup_py'
[0.376s] Level 1:colcon.colcon_core.package_identification:_identify(src/cr5_bringup) by extensions ['ignore', 'ignore_ament_install']
[0.376s] Level 1:colcon.colcon_core.package_identification:_identify(src/cr5_bringup) by extension 'ignore'
[0.376s] Level 1:colcon.colcon_core.package_identification:_identify(src/cr5_bringup) by extension 'ignore_ament_install'
[0.376s] Level 1:colcon.colcon_core.package_identification:_identify(src/cr5_bringup) by extensions ['colcon_pkg']
[0.376s] Level 1:colcon.colcon_core.package_identification:_identify(src/cr5_bringup) by extension 'colcon_pkg'
[0.376s] Level 1:colcon.colcon_core.package_identification:_identify(src/cr5_bringup) by extensions ['colcon_meta']
[0.376s] Level 1:colcon.colcon_core.package_identification:_identify(src/cr5_bringup) by extension 'colcon_meta'
[0.376s] Level 1:colcon.colcon_core.package_identification:_identify(src/cr5_bringup) by extensions ['ros']
[0.376s] Level 1:colcon.colcon_core.package_identification:_identify(src/cr5_bringup) by extension 'ros'
[0.382s] DEBUG:colcon.colcon_core.package_identification:Package 'src/cr5_bringup' with type 'ros.ament_cmake' and name 'cr5_bringup'
[0.382s] Level 1:colcon.colcon_core.package_identification:_identify(src/dobot_moveit2) by extensions ['ignore', 'ignore_ament_install']
[0.382s] Level 1:colcon.colcon_core.package_identification:_identify(src/dobot_moveit2) by extension 'ignore'
[0.382s] Level 1:colcon.colcon_core.package_identification:_identify(src/dobot_moveit2) by extension 'ignore_ament_install'
[0.382s] Level 1:colcon.colcon_core.package_identification:_identify(src/dobot_moveit2) by extensions ['colcon_pkg']
[0.382s] Level 1:colcon.colcon_core.package_identification:_identify(src/dobot_moveit2) by extension 'colcon_pkg'
[0.382s] Level 1:colcon.colcon_core.package_identification:_identify(src/dobot_moveit2) by extensions ['colcon_meta']
[0.383s] Level 1:colcon.colcon_core.package_identification:_identify(src/dobot_moveit2) by extension 'colcon_meta'
[0.383s] Level 1:colcon.colcon_core.package_identification:_identify(src/dobot_moveit2) by extensions ['ros']
[0.383s] Level 1:colcon.colcon_core.package_identification:_identify(src/dobot_moveit2) by extension 'ros'
[0.385s] DEBUG:colcon.colcon_core.package_identification:Package 'src/dobot_moveit2' with type 'ros.ament_cmake' and name 'dobot_moveit2'
[0.385s] Level 1:colcon.colcon_core.package_identification:_identify(src/dobot_msgs_v4) by extensions ['ignore', 'ignore_ament_install']
[0.385s] Level 1:colcon.colcon_core.package_identification:_identify(src/dobot_msgs_v4) by extension 'ignore'
[0.385s] Level 1:colcon.colcon_core.package_identification:_identify(src/dobot_msgs_v4) by extension 'ignore_ament_install'
[0.385s] Level 1:colcon.colcon_core.package_identification:_identify(src/dobot_msgs_v4) by extensions ['colcon_pkg']
[0.385s] Level 1:colcon.colcon_core.package_identification:_identify(src/dobot_msgs_v4) by extension 'colcon_pkg'
[0.385s] Level 1:colcon.colcon_core.package_identification:_identify(src/dobot_msgs_v4) by extensions ['colcon_meta']
[0.385s] Level 1:colcon.colcon_core.package_identification:_identify(src/dobot_msgs_v4) by extension 'colcon_meta'
[0.386s] Level 1:colcon.colcon_core.package_identification:_identify(src/dobot_msgs_v4) by extensions ['ros']
[0.386s] Level 1:colcon.colcon_core.package_identification:_identify(src/dobot_msgs_v4) by extension 'ros'
[0.387s] DEBUG:colcon.colcon_core.package_identification:Package 'src/dobot_msgs_v4' with type 'ros.ament_cmake' and name 'dobot_msgs_v4'
[0.387s] Level 1:colcon.colcon_core.package_identification:_identify(src/dobot_teleop) by extensions ['ignore', 'ignore_ament_install']
[0.387s] Level 1:colcon.colcon_core.package_identification:_identify(src/dobot_teleop) by extension 'ignore'
[0.388s] Level 1:colcon.colcon_core.package_identification:_identify(src/dobot_teleop) by extension 'ignore_ament_install'
[0.388s] Level 1:colcon.colcon_core.package_identification:_identify(src/dobot_teleop) by extensions ['colcon_pkg']
[0.388s] Level 1:colcon.colcon_core.package_identification:_identify(src/dobot_teleop) by extension 'colcon_pkg'
[0.388s] Level 1:colcon.colcon_core.package_identification:_identify(src/dobot_teleop) by extensions ['colcon_meta']
[0.388s] Level 1:colcon.colcon_core.package_identification:_identify(src/dobot_teleop) by extension 'colcon_meta'
[0.388s] Level 1:colcon.colcon_core.package_identification:_identify(src/dobot_teleop) by extensions ['ros']
[0.388s] Level 1:colcon.colcon_core.package_identification:_identify(src/dobot_teleop) by extension 'ros'
[0.389s] DEBUG:colcon.colcon_core.package_identification:Package 'src/dobot_teleop' with type 'ros.ament_python' and name 'dobot_teleop'
[0.390s] Level 1:colcon.colcon_core.package_identification:_identify(src/dofbot_description) by extensions ['ignore', 'ignore_ament_install']
[0.390s] Level 1:colcon.colcon_core.package_identification:_identify(src/dofbot_description) by extension 'ignore'
[0.390s] Level 1:colcon.colcon_core.package_identification:_identify(src/dofbot_description) by extension 'ignore_ament_install'
[0.390s] Level 1:colcon.colcon_core.package_identification:_identify(src/dofbot_description) by extensions ['colcon_pkg']
[0.390s] Level 1:colcon.colcon_core.package_identification:_identify(src/dofbot_description) by extension 'colcon_pkg'
[0.390s] Level 1:colcon.colcon_core.package_identification:_identify(src/dofbot_description) by extensions ['colcon_meta']
[0.390s] Level 1:colcon.colcon_core.package_identification:_identify(src/dofbot_description) by extension 'colcon_meta'
[0.390s] Level 1:colcon.colcon_core.package_identification:_identify(src/dofbot_description) by extensions ['ros']
[0.390s] Level 1:colcon.colcon_core.package_identification:_identify(src/dofbot_description) by extension 'ros'
[0.391s] DEBUG:colcon.colcon_core.package_identification:Package 'src/dofbot_description' with type 'ros.ament_cmake' and name 'dofbot_description'
[0.392s] Level 1:colcon.colcon_core.package_identification:_identify(src/dofbot_moveit) by extensions ['ignore', 'ignore_ament_install']
[0.392s] Level 1:colcon.colcon_core.package_identification:_identify(src/dofbot_moveit) by extension 'ignore'
[0.392s] Level 1:colcon.colcon_core.package_identification:_identify(src/dofbot_moveit) by extension 'ignore_ament_install'
[0.392s] Level 1:colcon.colcon_core.package_identification:_identify(src/dofbot_moveit) by extensions ['colcon_pkg']
[0.392s] Level 1:colcon.colcon_core.package_identification:_identify(src/dofbot_moveit) by extension 'colcon_pkg'
[0.392s] Level 1:colcon.colcon_core.package_identification:_identify(src/dofbot_moveit) by extensions ['colcon_meta']
[0.392s] Level 1:colcon.colcon_core.package_identification:_identify(src/dofbot_moveit) by extension 'colcon_meta'
[0.393s] Level 1:colcon.colcon_core.package_identification:_identify(src/dofbot_moveit) by extensions ['ros']
[0.393s] Level 1:colcon.colcon_core.package_identification:_identify(src/dofbot_moveit) by extension 'ros'
[0.394s] DEBUG:colcon.colcon_core.package_identification:Package 'src/dofbot_moveit' with type 'ros.ament_cmake' and name 'dofbot_moveit'
[0.394s] Level 1:colcon.colcon_core.package_identification:_identify(src/openvla_ros_interface) by extensions ['ignore', 'ignore_ament_install']
[0.394s] Level 1:colcon.colcon_core.package_identification:_identify(src/openvla_ros_interface) by extension 'ignore'
[0.394s] Level 1:colcon.colcon_core.package_identification:_identify(src/openvla_ros_interface) by extension 'ignore_ament_install'
[0.394s] Level 1:colcon.colcon_core.package_identification:_identify(src/openvla_ros_interface) by extensions ['colcon_pkg']
[0.394s] Level 1:colcon.colcon_core.package_identification:_identify(src/openvla_ros_interface) by extension 'colcon_pkg'
[0.394s] Level 1:colcon.colcon_core.package_identification:_identify(src/openvla_ros_interface) by extensions ['colcon_meta']
[0.394s] Level 1:colcon.colcon_core.package_identification:_identify(src/openvla_ros_interface) by extension 'colcon_meta'
[0.395s] Level 1:colcon.colcon_core.package_identification:_identify(src/openvla_ros_interface) by extensions ['ros']
[0.395s] Level 1:colcon.colcon_core.package_identification:_identify(src/openvla_ros_interface) by extension 'ros'
[0.396s] DEBUG:colcon.colcon_core.package_identification:Package 'src/openvla_ros_interface' with type 'ros.ament_python' and name 'openvla_ros_interface'
[0.396s] Level 1:colcon.colcon_core.package_identification:_identify(src/record_dataset_cr5) by extensions ['ignore', 'ignore_ament_install']
[0.397s] Level 1:colcon.colcon_core.package_identification:_identify(src/record_dataset_cr5) by extension 'ignore'
[0.397s] Level 1:colcon.colcon_core.package_identification:_identify(src/record_dataset_cr5) by extension 'ignore_ament_install'
[0.397s] Level 1:colcon.colcon_core.package_identification:_identify(src/record_dataset_cr5) by extensions ['colcon_pkg']
[0.397s] Level 1:colcon.colcon_core.package_identification:_identify(src/record_dataset_cr5) by extension 'colcon_pkg'
[0.397s] Level 1:colcon.colcon_core.package_identification:_identify(src/record_dataset_cr5) by extensions ['colcon_meta']
[0.397s] Level 1:colcon.colcon_core.package_identification:_identify(src/record_dataset_cr5) by extension 'colcon_meta'
[0.397s] Level 1:colcon.colcon_core.package_identification:_identify(src/record_dataset_cr5) by extensions ['ros']
[0.397s] Level 1:colcon.colcon_core.package_identification:_identify(src/record_dataset_cr5) by extension 'ros'
[0.400s] DEBUG:colcon.colcon_core.package_identification:Package 'src/record_dataset_cr5' with type 'ros.ament_python' and name 'record_dataset_cr5'
[0.400s] Level 1:colcon.colcon_core.package_discovery:discover_packages(recursive) using defaults
[0.400s] Level 1:colcon.colcon_core.package_discovery:discover_packages(ignore) discover
[0.400s] Level 1:colcon.colcon_core.package_discovery:discover_packages(ignore) using defaults
[0.400s] Level 1:colcon.colcon_core.package_discovery:discover_packages(path) discover
[0.400s] Level 1:colcon.colcon_core.package_discovery:discover_packages(path) using defaults
[0.444s] Level 1:colcon.colcon_core.package_discovery:discover_packages(prefix_path) check parameters
[0.444s] Level 1:colcon.colcon_core.package_discovery:discover_packages(prefix_path) discover
[0.451s] DEBUG:colcon.colcon_installed_package_information.package_discovery:Found 395 installed packages in /opt/ros/humble
[0.455s] Level 1:colcon.colcon_core.package_discovery:discover_packages(prefix_path) using defaults
[0.562s] Level 5:colcon.colcon_core.verb:set package 'dobot_msgs_v4' build argument 'cmake_args' from command line to 'None'
[0.562s] Level 5:colcon.colcon_core.verb:set package 'dobot_msgs_v4' build argument 'cmake_target' from command line to 'None'
[0.562s] Level 5:colcon.colcon_core.verb:set package 'dobot_msgs_v4' build argument 'cmake_target_skip_unavailable' from command line to 'False'
[0.563s] Level 5:colcon.colcon_core.verb:set package 'dobot_msgs_v4' build argument 'cmake_clean_cache' from command line to 'False'
[0.563s] Level 5:colcon.colcon_core.verb:set package 'dobot_msgs_v4' build argument 'cmake_clean_first' from command line to 'False'
[0.563s] Level 5:colcon.colcon_core.verb:set package 'dobot_msgs_v4' build argument 'cmake_force_configure' from command line to 'False'
[0.563s] Level 5:colcon.colcon_core.verb:set package 'dobot_msgs_v4' build argument 'ament_cmake_args' from command line to 'None'
[0.563s] Level 5:colcon.colcon_core.verb:set package 'dobot_msgs_v4' build argument 'catkin_cmake_args' from command line to 'None'
[0.563s] Level 5:colcon.colcon_core.verb:set package 'dobot_msgs_v4' build argument 'catkin_skip_building_tests' from command line to 'False'
[0.563s] DEBUG:colcon.colcon_core.verb:Building package 'dobot_msgs_v4' with the following arguments: {'ament_cmake_args': None, 'build_base': '/home/yolo/Desktop/Ros2/Dofbot2/build/dobot_msgs_v4', 'catkin_cmake_args': None, 'catkin_skip_building_tests': False, 'cmake_args': None, 'cmake_clean_cache': False, 'cmake_clean_first': False, 'cmake_force_configure': False, 'cmake_target': None, 'cmake_target_skip_unavailable': False, 'install_base': '/home/yolo/Desktop/Ros2/Dofbot2/install/dobot_msgs_v4', 'merge_install': False, 'path': '/home/yolo/Desktop/Ros2/Dofbot2/src/dobot_msgs_v4', 'symlink_install': False, 'test_result_base': None}
[0.564s] Level 5:colcon.colcon_core.verb:set package 'dobot_teleop' build argument 'cmake_args' from command line to 'None'
[0.564s] Level 5:colcon.colcon_core.verb:set package 'dobot_teleop' build argument 'cmake_target' from command line to 'None'
[0.564s] Level 5:colcon.colcon_core.verb:set package 'dobot_teleop' build argument 'cmake_target_skip_unavailable' from command line to 'False'
[0.564s] Level 5:colcon.colcon_core.verb:set package 'dobot_teleop' build argument 'cmake_clean_cache' from command line to 'False'
[0.564s] Level 5:colcon.colcon_core.verb:set package 'dobot_teleop' build argument 'cmake_clean_first' from command line to 'False'
[0.564s] Level 5:colcon.colcon_core.verb:set package 'dobot_teleop' build argument 'cmake_force_configure' from command line to 'False'
[0.564s] Level 5:colcon.colcon_core.verb:set package 'dobot_teleop' build argument 'ament_cmake_args' from command line to 'None'
[0.564s] Level 5:colcon.colcon_core.verb:set package 'dobot_teleop' build argument 'catkin_cmake_args' from command line to 'None'
[0.564s] Level 5:colcon.colcon_core.verb:set package 'dobot_teleop' build argument 'catkin_skip_building_tests' from command line to 'False'
[0.564s] DEBUG:colcon.colcon_core.verb:Building package 'dobot_teleop' with the following arguments: {'ament_cmake_args': None, 'build_base': '/home/yolo/Desktop/Ros2/Dofbot2/build/dobot_teleop', 'catkin_cmake_args': None, 'catkin_skip_building_tests': False, 'cmake_args': None, 'cmake_clean_cache': False, 'cmake_clean_first': False, 'cmake_force_configure': False, 'cmake_target': None, 'cmake_target_skip_unavailable': False, 'install_base': '/home/yolo/Desktop/Ros2/Dofbot2/install/dobot_teleop', 'merge_install': False, 'path': '/home/yolo/Desktop/Ros2/Dofbot2/src/dobot_teleop', 'symlink_install': False, 'test_result_base': None}
[0.565s] Level 5:colcon.colcon_core.verb:set package 'dofbot_description' build argument 'cmake_args' from command line to 'None'
[0.565s] Level 5:colcon.colcon_core.verb:set package 'dofbot_description' build argument 'cmake_target' from command line to 'None'
[0.565s] Level 5:colcon.colcon_core.verb:set package 'dofbot_description' build argument 'cmake_target_skip_unavailable' from command line to 'False'
[0.565s] Level 5:colcon.colcon_core.verb:set package 'dofbot_description' build argument 'cmake_clean_cache' from command line to 'False'
[0.565s] Level 5:colcon.colcon_core.verb:set package 'dofbot_description' build argument 'cmake_clean_first' from command line to 'False'
[0.565s] Level 5:colcon.colcon_core.verb:set package 'dofbot_description' build argument 'cmake_force_configure' from command line to 'False'
[0.565s] Level 5:colcon.colcon_core.verb:set package 'dofbot_description' build argument 'ament_cmake_args' from command line to 'None'
[0.565s] Level 5:colcon.colcon_core.verb:set package 'dofbot_description' build argument 'catkin_cmake_args' from command line to 'None'
[0.565s] Level 5:colcon.colcon_core.verb:set package 'dofbot_description' build argument 'catkin_skip_building_tests' from command line to 'False'
[0.565s] DEBUG:colcon.colcon_core.verb:Building package 'dofbot_description' with the following arguments: {'ament_cmake_args': None, 'build_base': '/home/yolo/Desktop/Ros2/Dofbot2/build/dofbot_description', 'catkin_cmake_args': None, 'catkin_skip_building_tests': False, 'cmake_args': None, 'cmake_clean_cache': False, 'cmake_clean_first': False, 'cmake_force_configure': False, 'cmake_target': None, 'cmake_target_skip_unavailable': False, 'install_base': '/home/yolo/Desktop/Ros2/Dofbot2/install/dofbot_description', 'merge_install': False, 'path': '/home/yolo/Desktop/Ros2/Dofbot2/src/dofbot_description', 'symlink_install': False, 'test_result_base': None}
[0.566s] Level 5:colcon.colcon_core.verb:set package 'dofbot_moveit' build argument 'cmake_args' from command line to 'None'
[0.566s] Level 5:colcon.colcon_core.verb:set package 'dofbot_moveit' build argument 'cmake_target' from command line to 'None'
[0.566s] Level 5:colcon.colcon_core.verb:set package 'dofbot_moveit' build argument 'cmake_target_skip_unavailable' from command line to 'False'
[0.566s] Level 5:colcon.colcon_core.verb:set package 'dofbot_moveit' build argument 'cmake_clean_cache' from command line to 'False'
[0.566s] Level 5:colcon.colcon_core.verb:set package 'dofbot_moveit' build argument 'cmake_clean_first' from command line to 'False'
[0.566s] Level 5:colcon.colcon_core.verb:set package 'dofbot_moveit' build argument 'cmake_force_configure' from command line to 'False'
[0.566s] Level 5:colcon.colcon_core.verb:set package 'dofbot_moveit' build argument 'ament_cmake_args' from command line to 'None'
[0.566s] Level 5:colcon.colcon_core.verb:set package 'dofbot_moveit' build argument 'catkin_cmake_args' from command line to 'None'
[0.567s] Level 5:colcon.colcon_core.verb:set package 'dofbot_moveit' build argument 'catkin_skip_building_tests' from command line to 'False'
[0.567s] DEBUG:colcon.colcon_core.verb:Building package 'dofbot_moveit' with the following arguments: {'ament_cmake_args': None, 'build_base': '/home/yolo/Desktop/Ros2/Dofbot2/build/dofbot_moveit', 'catkin_cmake_args': None, 'catkin_skip_building_tests': False, 'cmake_args': None, 'cmake_clean_cache': False, 'cmake_clean_first': False, 'cmake_force_configure': False, 'cmake_target': None, 'cmake_target_skip_unavailable': False, 'install_base': '/home/yolo/Desktop/Ros2/Dofbot2/install/dofbot_moveit', 'merge_install': False, 'path': '/home/yolo/Desktop/Ros2/Dofbot2/src/dofbot_moveit', 'symlink_install': False, 'test_result_base': None}
[0.567s] Level 5:colcon.colcon_core.verb:set package 'openvla_ros_interface' build argument 'cmake_args' from command line to 'None'
[0.567s] Level 5:colcon.colcon_core.verb:set package 'openvla_ros_interface' build argument 'cmake_target' from command line to 'None'
[0.567s] Level 5:colcon.colcon_core.verb:set package 'openvla_ros_interface' build argument 'cmake_target_skip_unavailable' from command line to 'False'
[0.567s] Level 5:colcon.colcon_core.verb:set package 'openvla_ros_interface' build argument 'cmake_clean_cache' from command line to 'False'
[0.568s] Level 5:colcon.colcon_core.verb:set package 'openvla_ros_interface' build argument 'cmake_clean_first' from command line to 'False'
[0.568s] Level 5:colcon.colcon_core.verb:set package 'openvla_ros_interface' build argument 'cmake_force_configure' from command line to 'False'
[0.568s] Level 5:colcon.colcon_core.verb:set package 'openvla_ros_interface' build argument 'ament_cmake_args' from command line to 'None'
[0.568s] Level 5:colcon.colcon_core.verb:set package 'openvla_ros_interface' build argument 'catkin_cmake_args' from command line to 'None'
[0.568s] Level 5:colcon.colcon_core.verb:set package 'openvla_ros_interface' build argument 'catkin_skip_building_tests' from command line to 'False'
[0.568s] DEBUG:colcon.colcon_core.verb:Building package 'openvla_ros_interface' with the following arguments: {'ament_cmake_args': None, 'build_base': '/home/yolo/Desktop/Ros2/Dofbot2/build/openvla_ros_interface', 'catkin_cmake_args': None, 'catkin_skip_building_tests': False, 'cmake_args': None, 'cmake_clean_cache': False, 'cmake_clean_first': False, 'cmake_force_configure': False, 'cmake_target': None, 'cmake_target_skip_unavailable': False, 'install_base': '/home/yolo/Desktop/Ros2/Dofbot2/install/openvla_ros_interface', 'merge_install': False, 'path': '/home/yolo/Desktop/Ros2/Dofbot2/src/openvla_ros_interface', 'symlink_install': False, 'test_result_base': None}
[0.568s] Level 5:colcon.colcon_core.verb:set package 'record_dataset_cr5' build argument 'cmake_args' from command line to 'None'
[0.569s] Level 5:colcon.colcon_core.verb:set package 'record_dataset_cr5' build argument 'cmake_target' from command line to 'None'
[0.569s] Level 5:colcon.colcon_core.verb:set package 'record_dataset_cr5' build argument 'cmake_target_skip_unavailable' from command line to 'False'
[0.569s] Level 5:colcon.colcon_core.verb:set package 'record_dataset_cr5' build argument 'cmake_clean_cache' from command line to 'False'
[0.569s] Level 5:colcon.colcon_core.verb:set package 'record_dataset_cr5' build argument 'cmake_clean_first' from command line to 'False'
[0.569s] Level 5:colcon.colcon_core.verb:set package 'record_dataset_cr5' build argument 'cmake_force_configure' from command line to 'False'
[0.569s] Level 5:colcon.colcon_core.verb:set package 'record_dataset_cr5' build argument 'ament_cmake_args' from command line to 'None'
[0.569s] Level 5:colcon.colcon_core.verb:set package 'record_dataset_cr5' build argument 'catkin_cmake_args' from command line to 'None'
[0.569s] Level 5:colcon.colcon_core.verb:set package 'record_dataset_cr5' build argument 'catkin_skip_building_tests' from command line to 'False'
[0.569s] DEBUG:colcon.colcon_core.verb:Building package 'record_dataset_cr5' with the following arguments: {'ament_cmake_args': None, 'build_base': '/home/yolo/Desktop/Ros2/Dofbot2/build/record_dataset_cr5', 'catkin_cmake_args': None, 'catkin_skip_building_tests': False, 'cmake_args': None, 'cmake_clean_cache': False, 'cmake_clean_first': False, 'cmake_force_configure': False, 'cmake_target': None, 'cmake_target_skip_unavailable': False, 'install_base': '/home/yolo/Desktop/Ros2/Dofbot2/install/record_dataset_cr5', 'merge_install': False, 'path': '/home/yolo/Desktop/Ros2/Dofbot2/src/record_dataset_cr5', 'symlink_install': False, 'test_result_base': None}
[0.570s] Level 5:colcon.colcon_core.verb:set package 'cr5_bringup' build argument 'cmake_args' from command line to 'None'
[0.570s] Level 5:colcon.colcon_core.verb:set package 'cr5_bringup' build argument 'cmake_target' from command line to 'None'
[0.570s] Level 5:colcon.colcon_core.verb:set package 'cr5_bringup' build argument 'cmake_target_skip_unavailable' from command line to 'False'
[0.570s] Level 5:colcon.colcon_core.verb:set package 'cr5_bringup' build argument 'cmake_clean_cache' from command line to 'False'
[0.570s] Level 5:colcon.colcon_core.verb:set package 'cr5_bringup' build argument 'cmake_clean_first' from command line to 'False'
[0.570s] Level 5:colcon.colcon_core.verb:set package 'cr5_bringup' build argument 'cmake_force_configure' from command line to 'False'
[0.570s] Level 5:colcon.colcon_core.verb:set package 'cr5_bringup' build argument 'ament_cmake_args' from command line to 'None'
[0.570s] Level 5:colcon.colcon_core.verb:set package 'cr5_bringup' build argument 'catkin_cmake_args' from command line to 'None'
[0.570s] Level 5:colcon.colcon_core.verb:set package 'cr5_bringup' build argument 'catkin_skip_building_tests' from command line to 'False'
[0.570s] DEBUG:colcon.colcon_core.verb:Building package 'cr5_bringup' with the following arguments: {'ament_cmake_args': None, 'build_base': '/home/yolo/Desktop/Ros2/Dofbot2/build/cr5_bringup', 'catkin_cmake_args': None, 'catkin_skip_building_tests': False, 'cmake_args': None, 'cmake_clean_cache': False, 'cmake_clean_first': False, 'cmake_force_configure': False, 'cmake_target': None, 'cmake_target_skip_unavailable': False, 'install_base': '/home/yolo/Desktop/Ros2/Dofbot2/install/cr5_bringup', 'merge_install': False, 'path': '/home/yolo/Desktop/Ros2/Dofbot2/src/cr5_bringup', 'symlink_install': False, 'test_result_base': None}
[0.571s] Level 5:colcon.colcon_core.verb:set package 'dobot_moveit2' build argument 'cmake_args' from command line to 'None'
[0.571s] Level 5:colcon.colcon_core.verb:set package 'dobot_moveit2' build argument 'cmake_target' from command line to 'None'
[0.571s] Level 5:colcon.colcon_core.verb:set package 'dobot_moveit2' build argument 'cmake_target_skip_unavailable' from command line to 'False'
[0.571s] Level 5:colcon.colcon_core.verb:set package 'dobot_moveit2' build argument 'cmake_clean_cache' from command line to 'False'
[0.571s] Level 5:colcon.colcon_core.verb:set package 'dobot_moveit2' build argument 'cmake_clean_first' from command line to 'False'
[0.571s] Level 5:colcon.colcon_core.verb:set package 'dobot_moveit2' build argument 'cmake_force_configure' from command line to 'False'
[0.571s] Level 5:colcon.colcon_core.verb:set package 'dobot_moveit2' build argument 'ament_cmake_args' from command line to 'None'
[0.571s] Level 5:colcon.colcon_core.verb:set package 'dobot_moveit2' build argument 'catkin_cmake_args' from command line to 'None'
[0.571s] Level 5:colcon.colcon_core.verb:set package 'dobot_moveit2' build argument 'catkin_skip_building_tests' from command line to 'False'
[0.571s] DEBUG:colcon.colcon_core.verb:Building package 'dobot_moveit2' with the following arguments: {'ament_cmake_args': None, 'build_base': '/home/yolo/Desktop/Ros2/Dofbot2/build/dobot_moveit2', 'catkin_cmake_args': None, 'catkin_skip_building_tests': False, 'cmake_args': None, 'cmake_clean_cache': False, 'cmake_clean_first': False, 'cmake_force_configure': False, 'cmake_target': None, 'cmake_target_skip_unavailable': False, 'install_base': '/home/yolo/Desktop/Ros2/Dofbot2/install/dobot_moveit2', 'merge_install': False, 'path': '/home/yolo/Desktop/Ros2/Dofbot2/src/dobot_moveit2', 'symlink_install': False, 'test_result_base': None}
[0.572s] INFO:colcon.colcon_core.executor:Executing jobs using 'parallel' executor
[0.574s] DEBUG:colcon.colcon_parallel_executor.executor.parallel:run_until_complete
[0.574s] INFO:colcon.colcon_ros.task.ament_cmake.build:Building ROS package in '/home/yolo/Desktop/Ros2/Dofbot2/src/dobot_msgs_v4' with build type 'ament_cmake'
[0.574s] INFO:colcon.colcon_cmake.task.cmake.build:Building CMake package in '/home/yolo/Desktop/Ros2/Dofbot2/src/dobot_msgs_v4'
[0.579s] INFO:colcon.colcon_core.plugin_system:Skipping extension 'colcon_core.shell.bat': Not used on non-Windows systems
[0.580s] INFO:colcon.colcon_core.shell:Skip shell extension 'powershell' for command environment: Not usable outside of PowerShell
[0.580s] DEBUG:colcon.colcon_core.shell:Skip shell extension 'dsv' for command environment
[0.587s] INFO:colcon.colcon_ros.task.ament_cmake.build:Building ROS package in '/home/yolo/Desktop/Ros2/Dofbot2/src/dofbot_description' with build type 'ament_cmake'
[0.587s] INFO:colcon.colcon_cmake.task.cmake.build:Building CMake package in '/home/yolo/Desktop/Ros2/Dofbot2/src/dofbot_description'
[0.588s] INFO:colcon.colcon_core.shell:Skip shell extension 'powershell' for command environment: Not usable outside of PowerShell
[0.588s] DEBUG:colcon.colcon_core.shell:Skip shell extension 'dsv' for command environment
[0.595s] INFO:colcon.colcon_ros.task.ament_python.build:Building ROS package in '/home/yolo/Desktop/Ros2/Dofbot2/src/dobot_teleop' with build type 'ament_python'
[0.595s] Level 1:colcon.colcon_core.shell:create_environment_hook('dobot_teleop', 'ament_prefix_path')
[0.596s] INFO:colcon.colcon_core.shell:Creating environment hook '/home/yolo/Desktop/Ros2/Dofbot2/install/dobot_teleop/share/dobot_teleop/hook/ament_prefix_path.ps1'
[0.597s] INFO:colcon.colcon_core.shell:Creating environment descriptor '/home/yolo/Desktop/Ros2/Dofbot2/install/dobot_teleop/share/dobot_teleop/hook/ament_prefix_path.dsv'
[0.597s] INFO:colcon.colcon_core.shell:Creating environment hook '/home/yolo/Desktop/Ros2/Dofbot2/install/dobot_teleop/share/dobot_teleop/hook/ament_prefix_path.sh'
[0.598s] INFO:colcon.colcon_core.shell:Skip shell extension 'powershell' for command environment: Not usable outside of PowerShell
[0.598s] DEBUG:colcon.colcon_core.shell:Skip shell extension 'dsv' for command environment
[0.602s] INFO:colcon.colcon_ros.task.ament_cmake.build:Building ROS package in '/home/yolo/Desktop/Ros2/Dofbot2/src/dofbot_moveit' with build type 'ament_cmake'
[0.602s] INFO:colcon.colcon_cmake.task.cmake.build:Building CMake package in '/home/yolo/Desktop/Ros2/Dofbot2/src/dofbot_moveit'
[0.603s] INFO:colcon.colcon_core.shell:Skip shell extension 'powershell' for command environment: Not usable outside of PowerShell
[0.603s] DEBUG:colcon.colcon_core.shell:Skip shell extension 'dsv' for command environment
[0.607s] INFO:colcon.colcon_ros.task.ament_python.build:Building ROS package in '/home/yolo/Desktop/Ros2/Dofbot2/src/openvla_ros_interface' with build type 'ament_python'
[0.607s] Level 1:colcon.colcon_core.shell:create_environment_hook('openvla_ros_interface', 'ament_prefix_path')
[0.607s] INFO:colcon.colcon_core.shell:Creating environment hook '/home/yolo/Desktop/Ros2/Dofbot2/install/openvla_ros_interface/share/openvla_ros_interface/hook/ament_prefix_path.ps1'
[0.608s] INFO:colcon.colcon_core.shell:Creating environment descriptor '/home/yolo/Desktop/Ros2/Dofbot2/install/openvla_ros_interface/share/openvla_ros_interface/hook/ament_prefix_path.dsv'
[0.619s] INFO:colcon.colcon_core.shell:Creating environment hook '/home/yolo/Desktop/Ros2/Dofbot2/install/openvla_ros_interface/share/openvla_ros_interface/hook/ament_prefix_path.sh'
[0.620s] INFO:colcon.colcon_core.shell:Skip shell extension 'powershell' for command environment: Not usable outside of PowerShell
[0.620s] DEBUG:colcon.colcon_core.shell:Skip shell extension 'dsv' for command environment
[0.624s] INFO:colcon.colcon_ros.task.ament_python.build:Building ROS package in '/home/yolo/Desktop/Ros2/Dofbot2/src/record_dataset_cr5' with build type 'ament_python'
[0.625s] Level 1:colcon.colcon_core.shell:create_environment_hook('record_dataset_cr5', 'ament_prefix_path')
[0.625s] INFO:colcon.colcon_core.shell:Creating environment hook '/home/yolo/Desktop/Ros2/Dofbot2/install/record_dataset_cr5/share/record_dataset_cr5/hook/ament_prefix_path.ps1'
[0.626s] INFO:colcon.colcon_core.shell:Creating environment descriptor '/home/yolo/Desktop/Ros2/Dofbot2/install/record_dataset_cr5/share/record_dataset_cr5/hook/ament_prefix_path.dsv'
[0.626s] INFO:colcon.colcon_core.shell:Creating environment hook '/home/yolo/Desktop/Ros2/Dofbot2/install/record_dataset_cr5/share/record_dataset_cr5/hook/ament_prefix_path.sh'
[0.627s] INFO:colcon.colcon_core.shell:Skip shell extension 'powershell' for command environment: Not usable outside of PowerShell
[0.627s] DEBUG:colcon.colcon_core.shell:Skip shell extension 'dsv' for command environment
[0.637s] DEBUG:colcon.colcon_core.event_handler.log_command:Invoking command in '/home/yolo/Desktop/Ros2/Dofbot2/build/dobot_msgs_v4': CMAKE_PREFIX_PATH=/opt/ros/humble /home/yolo/.local/bin/cmake --build /home/yolo/Desktop/Ros2/Dofbot2/build/dobot_msgs_v4 -- -j12 -l12
[0.641s] DEBUG:colcon.colcon_core.event_handler.log_command:Invoking command in '/home/yolo/Desktop/Ros2/Dofbot2/build/dofbot_description': CMAKE_PREFIX_PATH=/opt/ros/humble /home/yolo/.local/bin/cmake --build /home/yolo/Desktop/Ros2/Dofbot2/build/dofbot_description -- -j12 -l12
[1.115s] INFO:colcon.colcon_core.task.python.build:Building Python package in '/home/yolo/Desktop/Ros2/Dofbot2/src/dobot_teleop'
[1.115s] INFO:colcon.colcon_core.shell:Skip shell extension 'powershell' for command environment: Not usable outside of PowerShell
[1.115s] DEBUG:colcon.colcon_core.shell:Skip shell extension 'dsv' for command environment
[1.124s] DEBUG:colcon.colcon_core.event_handler.log_command:Invoking command in '/home/yolo/Desktop/Ros2/Dofbot2/build/dofbot_moveit': CMAKE_PREFIX_PATH=/opt/ros/humble /home/yolo/.local/bin/cmake --build /home/yolo/Desktop/Ros2/Dofbot2/build/dofbot_moveit -- -j12 -l12
[1.522s] INFO:colcon.colcon_core.task.python.build:Building Python package in '/home/yolo/Desktop/Ros2/Dofbot2/src/openvla_ros_interface'
[1.522s] INFO:colcon.colcon_core.shell:Skip shell extension 'powershell' for command environment: Not usable outside of PowerShell
[1.522s] DEBUG:colcon.colcon_core.shell:Skip shell extension 'dsv' for command environment
[1.880s] INFO:colcon.colcon_core.task.python.build:Building Python package in '/home/yolo/Desktop/Ros2/Dofbot2/src/record_dataset_cr5'
[1.880s] INFO:colcon.colcon_core.shell:Skip shell extension 'powershell' for command environment: Not usable outside of PowerShell
[1.880s] DEBUG:colcon.colcon_core.shell:Skip shell extension 'dsv' for command environment
[1.890s] DEBUG:colcon.colcon_core.event_handler.log_command:Invoked command in '/home/yolo/Desktop/Ros2/Dofbot2/build/dofbot_moveit' returned '0': CMAKE_PREFIX_PATH=/opt/ros/humble /home/yolo/.local/bin/cmake --build /home/yolo/Desktop/Ros2/Dofbot2/build/dofbot_moveit -- -j12 -l12
[2.062s] DEBUG:colcon.colcon_core.event_handler.log_command:Invoking command in '/home/yolo/Desktop/Ros2/Dofbot2/build/dofbot_moveit': CMAKE_PREFIX_PATH=/opt/ros/humble /home/yolo/.local/bin/cmake --install /home/yolo/Desktop/Ros2/Dofbot2/build/dofbot_moveit
[2.063s] DEBUG:colcon.colcon_core.event_handler.log_command:Invoked command in '/home/yolo/Desktop/Ros2/Dofbot2/build/dofbot_description' returned '0': CMAKE_PREFIX_PATH=/opt/ros/humble /home/yolo/.local/bin/cmake --build /home/yolo/Desktop/Ros2/Dofbot2/build/dofbot_description -- -j12 -l12
[2.066s] DEBUG:colcon.colcon_core.event_handler.log_command:Invoking command in '/home/yolo/Desktop/Ros2/Dofbot2/build/dofbot_description': CMAKE_PREFIX_PATH=/opt/ros/humble /home/yolo/.local/bin/cmake --install /home/yolo/Desktop/Ros2/Dofbot2/build/dofbot_description
[2.072s] DEBUG:colcon.colcon_core.event_handler.log_command:Invoked command in '/home/yolo/Desktop/Ros2/Dofbot2/build/dobot_msgs_v4' returned '0': CMAKE_PREFIX_PATH=/opt/ros/humble /home/yolo/.local/bin/cmake --build /home/yolo/Desktop/Ros2/Dofbot2/build/dobot_msgs_v4 -- -j12 -l12
[2.074s] DEBUG:colcon.colcon_core.event_handler.log_command:Invoking command in '/home/yolo/Desktop/Ros2/Dofbot2/build/dobot_msgs_v4': CMAKE_PREFIX_PATH=/opt/ros/humble /home/yolo/.local/bin/cmake --install /home/yolo/Desktop/Ros2/Dofbot2/build/dobot_msgs_v4
[2.240s] Level 1:colcon.colcon_core.environment:create_environment_scripts_only(dofbot_moveit)
[2.264s] DEBUG:colcon.colcon_core.event_handler.log_command:Invoked command in '/home/yolo/Desktop/Ros2/Dofbot2/build/dofbot_moveit' returned '0': CMAKE_PREFIX_PATH=/opt/ros/humble /home/yolo/.local/bin/cmake --install /home/yolo/Desktop/Ros2/Dofbot2/build/dofbot_moveit
[2.267s] Level 1:colcon.colcon_core.environment:checking '/home/yolo/Desktop/Ros2/Dofbot2/install/dofbot_moveit' for CMake module files
[2.270s] Level 1:colcon.colcon_core.environment:checking '/home/yolo/Desktop/Ros2/Dofbot2/install/dofbot_moveit' for CMake config files
[2.279s] Level 1:colcon.colcon_core.shell:create_environment_hook('dofbot_moveit', 'cmake_prefix_path')
[2.280s] INFO:colcon.colcon_core.shell:Creating environment hook '/home/yolo/Desktop/Ros2/Dofbot2/install/dofbot_moveit/share/dofbot_moveit/hook/cmake_prefix_path.ps1'
[2.283s] INFO:colcon.colcon_core.shell:Creating environment descriptor '/home/yolo/Desktop/Ros2/Dofbot2/install/dofbot_moveit/share/dofbot_moveit/hook/cmake_prefix_path.dsv'
[2.287s] INFO:colcon.colcon_core.shell:Creating environment hook '/home/yolo/Desktop/Ros2/Dofbot2/install/dofbot_moveit/share/dofbot_moveit/hook/cmake_prefix_path.sh'
[2.292s] Level 1:colcon.colcon_core.environment:checking '/home/yolo/Desktop/Ros2/Dofbot2/install/dofbot_moveit/bin'
[2.292s] Level 1:colcon.colcon_core.environment:checking '/home/yolo/Desktop/Ros2/Dofbot2/install/dofbot_moveit/lib/pkgconfig/dofbot_moveit.pc'
[2.292s] Level 1:colcon.colcon_core.environment:checking '/home/yolo/Desktop/Ros2/Dofbot2/install/dofbot_moveit/lib/python3.10/site-packages'
[2.293s] Level 1:colcon.colcon_core.environment:checking '/home/yolo/Desktop/Ros2/Dofbot2/install/dofbot_moveit/bin'
[2.293s] INFO:colcon.colcon_core.shell:Creating package script '/home/yolo/Desktop/Ros2/Dofbot2/install/dofbot_moveit/share/dofbot_moveit/package.ps1'
[2.295s] INFO:colcon.colcon_core.shell:Creating package descriptor '/home/yolo/Desktop/Ros2/Dofbot2/install/dofbot_moveit/share/dofbot_moveit/package.dsv'
[2.298s] INFO:colcon.colcon_core.shell:Creating package script '/home/yolo/Desktop/Ros2/Dofbot2/install/dofbot_moveit/share/dofbot_moveit/package.sh'
[2.301s] INFO:colcon.colcon_core.shell:Creating package script '/home/yolo/Desktop/Ros2/Dofbot2/install/dofbot_moveit/share/dofbot_moveit/package.bash'
[2.304s] INFO:colcon.colcon_core.shell:Creating package script '/home/yolo/Desktop/Ros2/Dofbot2/install/dofbot_moveit/share/dofbot_moveit/package.zsh'
[2.306s] Level 1:colcon.colcon_core.environment:create_file_with_runtime_dependencies(/home/yolo/Desktop/Ros2/Dofbot2/install/dofbot_moveit/share/colcon-core/packages/dofbot_moveit)
[2.310s] Level 1:colcon.colcon_core.environment:create_environment_scripts_only(dofbot_moveit)
[2.311s] Level 1:colcon.colcon_core.environment:checking '/home/yolo/Desktop/Ros2/Dofbot2/install/dofbot_moveit' for CMake module files
[2.315s] Level 1:colcon.colcon_core.environment:checking '/home/yolo/Desktop/Ros2/Dofbot2/install/dofbot_moveit' for CMake config files
[2.325s] Level 1:colcon.colcon_core.shell:create_environment_hook('dofbot_moveit', 'cmake_prefix_path')
[2.325s] INFO:colcon.colcon_core.shell:Creating environment hook '/home/yolo/Desktop/Ros2/Dofbot2/install/dofbot_moveit/share/dofbot_moveit/hook/cmake_prefix_path.ps1'
[2.327s] INFO:colcon.colcon_core.shell:Creating environment descriptor '/home/yolo/Desktop/Ros2/Dofbot2/install/dofbot_moveit/share/dofbot_moveit/hook/cmake_prefix_path.dsv'
[2.329s] INFO:colcon.colcon_core.shell:Creating environment hook '/home/yolo/Desktop/Ros2/Dofbot2/install/dofbot_moveit/share/dofbot_moveit/hook/cmake_prefix_path.sh'
[2.333s] Level 1:colcon.colcon_core.environment:checking '/home/yolo/Desktop/Ros2/Dofbot2/install/dofbot_moveit/bin'
[2.333s] Level 1:colcon.colcon_core.environment:checking '/home/yolo/Desktop/Ros2/Dofbot2/install/dofbot_moveit/lib/pkgconfig/dofbot_moveit.pc'
[2.333s] Level 1:colcon.colcon_core.environment:checking '/home/yolo/Desktop/Ros2/Dofbot2/install/dofbot_moveit/lib/python3.10/site-packages'
[2.334s] Level 1:colcon.colcon_core.environment:checking '/home/yolo/Desktop/Ros2/Dofbot2/install/dofbot_moveit/bin'
[2.334s] INFO:colcon.colcon_core.shell:Creating package script '/home/yolo/Desktop/Ros2/Dofbot2/install/dofbot_moveit/share/dofbot_moveit/package.ps1'
[2.336s] INFO:colcon.colcon_core.shell:Creating package descriptor '/home/yolo/Desktop/Ros2/Dofbot2/install/dofbot_moveit/share/dofbot_moveit/package.dsv'
[2.340s] INFO:colcon.colcon_core.shell:Creating package script '/home/yolo/Desktop/Ros2/Dofbot2/install/dofbot_moveit/share/dofbot_moveit/package.sh'
[2.342s] INFO:colcon.colcon_core.shell:Creating package script '/home/yolo/Desktop/Ros2/Dofbot2/install/dofbot_moveit/share/dofbot_moveit/package.bash'
[2.345s] INFO:colcon.colcon_core.shell:Creating package script '/home/yolo/Desktop/Ros2/Dofbot2/install/dofbot_moveit/share/dofbot_moveit/package.zsh'
[2.348s] Level 1:colcon.colcon_core.environment:create_file_with_runtime_dependencies(/home/yolo/Desktop/Ros2/Dofbot2/install/dofbot_moveit/share/colcon-core/packages/dofbot_moveit)
[2.352s] Level 1:colcon.colcon_core.environment:create_environment_scripts_only(dofbot_description)
[2.352s] Level 1:colcon.colcon_core.environment:checking '/home/yolo/Desktop/Ros2/Dofbot2/install/dofbot_description' for CMake module files
[2.358s] Level 1:colcon.colcon_core.environment:checking '/home/yolo/Desktop/Ros2/Dofbot2/install/dofbot_description' for CMake config files
[2.370s] Level 1:colcon.colcon_core.shell:create_environment_hook('dofbot_description', 'cmake_prefix_path')
[2.371s] INFO:colcon.colcon_core.shell:Creating environment hook '/home/yolo/Desktop/Ros2/Dofbot2/install/dofbot_description/share/dofbot_description/hook/cmake_prefix_path.ps1'
[2.373s] INFO:colcon.colcon_core.shell:Creating environment descriptor '/home/yolo/Desktop/Ros2/Dofbot2/install/dofbot_description/share/dofbot_description/hook/cmake_prefix_path.dsv'
[2.376s] INFO:colcon.colcon_core.shell:Creating environment hook '/home/yolo/Desktop/Ros2/Dofbot2/install/dofbot_description/share/dofbot_description/hook/cmake_prefix_path.sh'
[2.378s] Level 1:colcon.colcon_core.environment:checking '/home/yolo/Desktop/Ros2/Dofbot2/install/dofbot_description/bin'
[2.378s] Level 1:colcon.colcon_core.environment:checking '/home/yolo/Desktop/Ros2/Dofbot2/install/dofbot_description/lib/pkgconfig/dofbot_description.pc'
[2.378s] Level 1:colcon.colcon_core.environment:checking '/home/yolo/Desktop/Ros2/Dofbot2/install/dofbot_description/lib/python3.10/site-packages'
[2.379s] Level 1:colcon.colcon_core.environment:checking '/home/yolo/Desktop/Ros2/Dofbot2/install/dofbot_description/bin'
[2.379s] INFO:colcon.colcon_core.shell:Creating package script '/home/yolo/Desktop/Ros2/Dofbot2/install/dofbot_description/share/dofbot_description/package.ps1'
[2.382s] INFO:colcon.colcon_core.shell:Creating package descriptor '/home/yolo/Desktop/Ros2/Dofbot2/install/dofbot_description/share/dofbot_description/package.dsv'
[2.383s] INFO:colcon.colcon_core.shell:Creating package script '/home/yolo/Desktop/Ros2/Dofbot2/install/dofbot_description/share/dofbot_description/package.sh'
[2.387s] INFO:colcon.colcon_core.shell:Creating package script '/home/yolo/Desktop/Ros2/Dofbot2/install/dofbot_description/share/dofbot_description/package.bash'
[2.390s] INFO:colcon.colcon_core.shell:Creating package script '/home/yolo/Desktop/Ros2/Dofbot2/install/dofbot_description/share/dofbot_description/package.zsh'
[2.392s] Level 1:colcon.colcon_core.environment:create_file_with_runtime_dependencies(/home/yolo/Desktop/Ros2/Dofbot2/install/dofbot_description/share/colcon-core/packages/dofbot_description)
[2.395s] Level 1:colcon.colcon_core.environment:create_environment_scripts_only(dofbot_description)
[2.395s] Level 1:colcon.colcon_core.environment:checking '/home/yolo/Desktop/Ros2/Dofbot2/install/dofbot_description' for CMake module files
[2.402s] Level 1:colcon.colcon_core.environment:checking '/home/yolo/Desktop/Ros2/Dofbot2/install/dofbot_description' for CMake config files
[2.416s] Level 1:colcon.colcon_core.shell:create_environment_hook('dofbot_description', 'cmake_prefix_path')
[2.416s] INFO:colcon.colcon_core.shell:Creating environment hook '/home/yolo/Desktop/Ros2/Dofbot2/install/dofbot_description/share/dofbot_description/hook/cmake_prefix_path.ps1'
[2.418s] INFO:colcon.colcon_core.shell:Creating environment descriptor '/home/yolo/Desktop/Ros2/Dofbot2/install/dofbot_description/share/dofbot_description/hook/cmake_prefix_path.dsv'
[2.420s] INFO:colcon.colcon_core.shell:Creating environment hook '/home/yolo/Desktop/Ros2/Dofbot2/install/dofbot_description/share/dofbot_description/hook/cmake_prefix_path.sh'
[2.425s] Level 1:colcon.colcon_core.environment:checking '/home/yolo/Desktop/Ros2/Dofbot2/install/dofbot_description/bin'
[2.425s] Level 1:colcon.colcon_core.environment:checking '/home/yolo/Desktop/Ros2/Dofbot2/install/dofbot_description/lib/pkgconfig/dofbot_description.pc'
[2.426s] Level 1:colcon.colcon_core.environment:checking '/home/yolo/Desktop/Ros2/Dofbot2/install/dofbot_description/lib/python3.10/site-packages'
[2.426s] Level 1:colcon.colcon_core.environment:checking '/home/yolo/Desktop/Ros2/Dofbot2/install/dofbot_description/bin'
[2.426s] INFO:colcon.colcon_core.shell:Creating package script '/home/yolo/Desktop/Ros2/Dofbot2/install/dofbot_description/share/dofbot_description/package.ps1'
[2.429s] INFO:colcon.colcon_core.shell:Creating package descriptor '/home/yolo/Desktop/Ros2/Dofbot2/install/dofbot_description/share/dofbot_description/package.dsv'
[2.432s] INFO:colcon.colcon_core.shell:Creating package script '/home/yolo/Desktop/Ros2/Dofbot2/install/dofbot_description/share/dofbot_description/package.sh'
[2.434s] INFO:colcon.colcon_core.shell:Creating package script '/home/yolo/Desktop/Ros2/Dofbot2/install/dofbot_description/share/dofbot_description/package.bash'
[2.438s] INFO:colcon.colcon_core.shell:Creating package script '/home/yolo/Desktop/Ros2/Dofbot2/install/dofbot_description/share/dofbot_description/package.zsh'
[2.439s] Level 1:colcon.colcon_core.environment:create_file_with_runtime_dependencies(/home/yolo/Desktop/Ros2/Dofbot2/install/dofbot_description/share/colcon-core/packages/dofbot_description)
[2.441s] INFO:colcon.colcon_ros.task.ament_cmake.build:Building ROS package in '/home/yolo/Desktop/Ros2/Dofbot2/src/dobot_moveit2' with build type 'ament_cmake'
[2.441s] INFO:colcon.colcon_cmake.task.cmake.build:Building CMake package in '/home/yolo/Desktop/Ros2/Dofbot2/src/dobot_moveit2'
[2.441s] INFO:colcon.colcon_core.shell:Skip shell extension 'powershell' for command environment: Not usable outside of PowerShell
[2.441s] DEBUG:colcon.colcon_core.shell:Skip shell extension 'dsv' for command environment
[2.504s] DEBUG:colcon.colcon_core.event_handler.log_command:Invoked command in '/home/yolo/Desktop/Ros2/Dofbot2/build/dofbot_description' returned '0': CMAKE_PREFIX_PATH=/opt/ros/humble /home/yolo/.local/bin/cmake --install /home/yolo/Desktop/Ros2/Dofbot2/build/dofbot_description
[2.522s] Level 1:colcon.colcon_core.environment:create_environment_scripts_only(dobot_msgs_v4)
[2.522s] Level 1:colcon.colcon_core.environment:checking '/home/yolo/Desktop/Ros2/Dofbot2/install/dobot_msgs_v4' for CMake module files
[2.526s] Level 1:colcon.colcon_core.environment:checking '/home/yolo/Desktop/Ros2/Dofbot2/install/dobot_msgs_v4' for CMake config files
[2.530s] DEBUG:colcon.colcon_core.event_handler.log_command:Invoking command in '/home/yolo/Desktop/Ros2/Dofbot2/build/dobot_moveit2': AMENT_PREFIX_PATH=/home/yolo/Desktop/Ros2/Dofbot2/install/dofbot_description:${AMENT_PREFIX_PATH} CMAKE_PREFIX_PATH=/home/yolo/Desktop/Ros2/Dofbot2/install/dofbot_description:/opt/ros/humble /home/yolo/.local/bin/cmake --build /home/yolo/Desktop/Ros2/Dofbot2/build/dobot_moveit2 -- -j12 -l12
[2.532s] Level 1:colcon.colcon_core.shell:create_environment_hook('dobot_msgs_v4', 'cmake_prefix_path')
[2.532s] INFO:colcon.colcon_core.shell:Creating environment hook '/home/yolo/Desktop/Ros2/Dofbot2/install/dobot_msgs_v4/share/dobot_msgs_v4/hook/cmake_prefix_path.ps1'
[2.536s] INFO:colcon.colcon_core.shell:Creating environment descriptor '/home/yolo/Desktop/Ros2/Dofbot2/install/dobot_msgs_v4/share/dobot_msgs_v4/hook/cmake_prefix_path.dsv'
[2.538s] INFO:colcon.colcon_core.shell:Creating environment hook '/home/yolo/Desktop/Ros2/Dofbot2/install/dobot_msgs_v4/share/dobot_msgs_v4/hook/cmake_prefix_path.sh'
[2.541s] Level 1:colcon.colcon_core.environment:checking '/home/yolo/Desktop/Ros2/Dofbot2/install/dobot_msgs_v4/lib'
[2.542s] Level 1:colcon.colcon_core.shell:create_environment_hook('dobot_msgs_v4', 'ld_library_path_lib')
[2.542s] INFO:colcon.colcon_core.shell:Creating environment hook '/home/yolo/Desktop/Ros2/Dofbot2/install/dobot_msgs_v4/share/dobot_msgs_v4/hook/ld_library_path_lib.ps1'
[2.545s] INFO:colcon.colcon_core.shell:Creating environment descriptor '/home/yolo/Desktop/Ros2/Dofbot2/install/dobot_msgs_v4/share/dobot_msgs_v4/hook/ld_library_path_lib.dsv'
[2.548s] INFO:colcon.colcon_core.shell:Creating environment hook '/home/yolo/Desktop/Ros2/Dofbot2/install/dobot_msgs_v4/share/dobot_msgs_v4/hook/ld_library_path_lib.sh'
[2.550s] DEBUG:colcon.colcon_core.event_handler.log_command:Invoked command in '/home/yolo/Desktop/Ros2/Dofbot2/build/dobot_msgs_v4' returned '0': CMAKE_PREFIX_PATH=/opt/ros/humble /home/yolo/.local/bin/cmake --install /home/yolo/Desktop/Ros2/Dofbot2/build/dobot_msgs_v4
[2.551s] Level 1:colcon.colcon_core.environment:checking '/home/yolo/Desktop/Ros2/Dofbot2/install/dobot_msgs_v4/bin'
[2.551s] Level 1:colcon.colcon_core.environment:checking '/home/yolo/Desktop/Ros2/Dofbot2/install/dobot_msgs_v4/lib/pkgconfig/dobot_msgs_v4.pc'
[2.551s] Level 1:colcon.colcon_core.environment:checking '/home/yolo/Desktop/Ros2/Dofbot2/install/dobot_msgs_v4/lib/python3.10/site-packages'
[2.552s] Level 1:colcon.colcon_core.environment:checking '/home/yolo/Desktop/Ros2/Dofbot2/install/dobot_msgs_v4/bin'
[2.552s] INFO:colcon.colcon_core.shell:Creating package script '/home/yolo/Desktop/Ros2/Dofbot2/install/dobot_msgs_v4/share/dobot_msgs_v4/package.ps1'
[2.553s] INFO:colcon.colcon_core.shell:Creating package descriptor '/home/yolo/Desktop/Ros2/Dofbot2/install/dobot_msgs_v4/share/dobot_msgs_v4/package.dsv'
[2.553s] INFO:colcon.colcon_core.shell:Creating package script '/home/yolo/Desktop/Ros2/Dofbot2/install/dobot_msgs_v4/share/dobot_msgs_v4/package.sh'
[2.554s] INFO:colcon.colcon_core.shell:Creating package script '/home/yolo/Desktop/Ros2/Dofbot2/install/dobot_msgs_v4/share/dobot_msgs_v4/package.bash'
[2.554s] INFO:colcon.colcon_core.shell:Creating package script '/home/yolo/Desktop/Ros2/Dofbot2/install/dobot_msgs_v4/share/dobot_msgs_v4/package.zsh'
[2.555s] Level 1:colcon.colcon_core.environment:create_file_with_runtime_dependencies(/home/yolo/Desktop/Ros2/Dofbot2/install/dobot_msgs_v4/share/colcon-core/packages/dobot_msgs_v4)
[2.555s] Level 1:colcon.colcon_core.environment:create_environment_scripts_only(dobot_msgs_v4)
[2.556s] Level 1:colcon.colcon_core.environment:checking '/home/yolo/Desktop/Ros2/Dofbot2/install/dobot_msgs_v4' for CMake module files
[2.557s] Level 1:colcon.colcon_core.environment:checking '/home/yolo/Desktop/Ros2/Dofbot2/install/dobot_msgs_v4' for CMake config files
[2.557s] Level 1:colcon.colcon_core.shell:create_environment_hook('dobot_msgs_v4', 'cmake_prefix_path')
[2.558s] INFO:colcon.colcon_core.shell:Creating environment hook '/home/yolo/Desktop/Ros2/Dofbot2/install/dobot_msgs_v4/share/dobot_msgs_v4/hook/cmake_prefix_path.ps1'
[2.558s] INFO:colcon.colcon_core.shell:Creating environment descriptor '/home/yolo/Desktop/Ros2/Dofbot2/install/dobot_msgs_v4/share/dobot_msgs_v4/hook/cmake_prefix_path.dsv'
[2.559s] INFO:colcon.colcon_core.shell:Creating environment hook '/home/yolo/Desktop/Ros2/Dofbot2/install/dobot_msgs_v4/share/dobot_msgs_v4/hook/cmake_prefix_path.sh'
[2.559s] Level 1:colcon.colcon_core.environment:checking '/home/yolo/Desktop/Ros2/Dofbot2/install/dobot_msgs_v4/lib'
[2.559s] Level 1:colcon.colcon_core.shell:create_environment_hook('dobot_msgs_v4', 'ld_library_path_lib')
[2.560s] INFO:colcon.colcon_core.shell:Creating environment hook '/home/yolo/Desktop/Ros2/Dofbot2/install/dobot_msgs_v4/share/dobot_msgs_v4/hook/ld_library_path_lib.ps1'
[2.560s] INFO:colcon.colcon_core.shell:Creating environment descriptor '/home/yolo/Desktop/Ros2/Dofbot2/install/dobot_msgs_v4/share/dobot_msgs_v4/hook/ld_library_path_lib.dsv'
[2.561s] INFO:colcon.colcon_core.shell:Creating environment hook '/home/yolo/Desktop/Ros2/Dofbot2/install/dobot_msgs_v4/share/dobot_msgs_v4/hook/ld_library_path_lib.sh'
[2.561s] Level 1:colcon.colcon_core.environment:checking '/home/yolo/Desktop/Ros2/Dofbot2/install/dobot_msgs_v4/bin'
[2.561s] Level 1:colcon.colcon_core.environment:checking '/home/yolo/Desktop/Ros2/Dofbot2/install/dobot_msgs_v4/lib/pkgconfig/dobot_msgs_v4.pc'
[2.561s] Level 1:colcon.colcon_core.environment:checking '/home/yolo/Desktop/Ros2/Dofbot2/install/dobot_msgs_v4/lib/python3.10/site-packages'
[2.562s] Level 1:colcon.colcon_core.environment:checking '/home/yolo/Desktop/Ros2/Dofbot2/install/dobot_msgs_v4/bin'
[2.562s] INFO:colcon.colcon_core.shell:Creating package script '/home/yolo/Desktop/Ros2/Dofbot2/install/dobot_msgs_v4/share/dobot_msgs_v4/package.ps1'
[2.563s] INFO:colcon.colcon_core.shell:Creating package descriptor '/home/yolo/Desktop/Ros2/Dofbot2/install/dobot_msgs_v4/share/dobot_msgs_v4/package.dsv'
[2.563s] INFO:colcon.colcon_core.shell:Creating package script '/home/yolo/Desktop/Ros2/Dofbot2/install/dobot_msgs_v4/share/dobot_msgs_v4/package.sh'
[2.564s] INFO:colcon.colcon_core.shell:Creating package script '/home/yolo/Desktop/Ros2/Dofbot2/install/dobot_msgs_v4/share/dobot_msgs_v4/package.bash'
[2.565s] INFO:colcon.colcon_core.shell:Creating package script '/home/yolo/Desktop/Ros2/Dofbot2/install/dobot_msgs_v4/share/dobot_msgs_v4/package.zsh'
[2.565s] Level 1:colcon.colcon_core.environment:create_file_with_runtime_dependencies(/home/yolo/Desktop/Ros2/Dofbot2/install/dobot_msgs_v4/share/colcon-core/packages/dobot_msgs_v4)
[2.565s] INFO:colcon.colcon_ros.task.ament_cmake.build:Building ROS package in '/home/yolo/Desktop/Ros2/Dofbot2/src/cr5_bringup' with build type 'ament_cmake'
[2.566s] INFO:colcon.colcon_cmake.task.cmake.build:Building CMake package in '/home/yolo/Desktop/Ros2/Dofbot2/src/cr5_bringup'
[2.566s] INFO:colcon.colcon_core.shell:Skip shell extension 'powershell' for command environment: Not usable outside of PowerShell
[2.566s] DEBUG:colcon.colcon_core.shell:Skip shell extension 'dsv' for command environment
[2.581s] DEBUG:colcon.colcon_core.event_handler.log_command:Invoking command in '/home/yolo/Desktop/Ros2/Dofbot2/build/cr5_bringup': AMENT_PREFIX_PATH=/home/yolo/Desktop/Ros2/Dofbot2/install/dobot_msgs_v4:${AMENT_PREFIX_PATH} CMAKE_PREFIX_PATH=/home/yolo/Desktop/Ros2/Dofbot2/install/dobot_msgs_v4:/opt/ros/humble LD_LIBRARY_PATH=/home/yolo/Desktop/Ros2/Dofbot2/install/dobot_msgs_v4/lib:${LD_LIBRARY_PATH} PYTHONPATH=/home/yolo/Desktop/Ros2/Dofbot2/install/dobot_msgs_v4/local/lib/python3.10/dist-packages:${PYTHONPATH} /home/yolo/.local/bin/cmake --build /home/yolo/Desktop/Ros2/Dofbot2/build/cr5_bringup -- -j12 -l12
[2.605s] DEBUG:colcon.colcon_core.event_handler.log_command:Invoked command in '/home/yolo/Desktop/Ros2/Dofbot2/build/dobot_moveit2' returned '0': AMENT_PREFIX_PATH=/home/yolo/Desktop/Ros2/Dofbot2/install/dofbot_description:${AMENT_PREFIX_PATH} CMAKE_PREFIX_PATH=/home/yolo/Desktop/Ros2/Dofbot2/install/dofbot_description:/opt/ros/humble /home/yolo/.local/bin/cmake --build /home/yolo/Desktop/Ros2/Dofbot2/build/dobot_moveit2 -- -j12 -l12
[2.608s] DEBUG:colcon.colcon_core.event_handler.log_command:Invoking command in '/home/yolo/Desktop/Ros2/Dofbot2/build/dobot_moveit2': AMENT_PREFIX_PATH=/home/yolo/Desktop/Ros2/Dofbot2/install/dofbot_description:${AMENT_PREFIX_PATH} CMAKE_PREFIX_PATH=/home/yolo/Desktop/Ros2/Dofbot2/install/dofbot_description:/opt/ros/humble /home/yolo/.local/bin/cmake --install /home/yolo/Desktop/Ros2/Dofbot2/build/dobot_moveit2
[2.767s] Level 1:colcon.colcon_core.environment:create_environment_scripts_only(dobot_moveit2)
[2.768s] Level 1:colcon.colcon_core.environment:checking '/home/yolo/Desktop/Ros2/Dofbot2/install/dobot_moveit2' for CMake module files
[2.770s] DEBUG:colcon.colcon_core.event_handler.log_command:Invoked command in '/home/yolo/Desktop/Ros2/Dofbot2/build/dobot_moveit2' returned '0': AMENT_PREFIX_PATH=/home/yolo/Desktop/Ros2/Dofbot2/install/dofbot_description:${AMENT_PREFIX_PATH} CMAKE_PREFIX_PATH=/home/yolo/Desktop/Ros2/Dofbot2/install/dofbot_description:/opt/ros/humble /home/yolo/.local/bin/cmake --install /home/yolo/Desktop/Ros2/Dofbot2/build/dobot_moveit2
[2.771s] Level 1:colcon.colcon_core.environment:checking '/home/yolo/Desktop/Ros2/Dofbot2/install/dobot_moveit2' for CMake config files
[2.771s] Level 1:colcon.colcon_core.shell:create_environment_hook('dobot_moveit2', 'cmake_prefix_path')
[2.772s] INFO:colcon.colcon_core.shell:Creating environment hook '/home/yolo/Desktop/Ros2/Dofbot2/install/dobot_moveit2/share/dobot_moveit2/hook/cmake_prefix_path.ps1'
[2.773s] INFO:colcon.colcon_core.shell:Creating environment descriptor '/home/yolo/Desktop/Ros2/Dofbot2/install/dobot_moveit2/share/dobot_moveit2/hook/cmake_prefix_path.dsv'
[2.773s] INFO:colcon.colcon_core.shell:Creating environment hook '/home/yolo/Desktop/Ros2/Dofbot2/install/dobot_moveit2/share/dobot_moveit2/hook/cmake_prefix_path.sh'
[2.774s] Level 1:colcon.colcon_core.environment:checking '/home/yolo/Desktop/Ros2/Dofbot2/install/dobot_moveit2/bin'
[2.774s] Level 1:colcon.colcon_core.environment:checking '/home/yolo/Desktop/Ros2/Dofbot2/install/dobot_moveit2/lib/pkgconfig/dobot_moveit2.pc'
[2.775s] Level 1:colcon.colcon_core.environment:checking '/home/yolo/Desktop/Ros2/Dofbot2/install/dobot_moveit2/lib/python3.10/site-packages'
[2.776s] Level 1:colcon.colcon_core.environment:checking '/home/yolo/Desktop/Ros2/Dofbot2/install/dobot_moveit2/bin'
[2.776s] INFO:colcon.colcon_core.shell:Creating package script '/home/yolo/Desktop/Ros2/Dofbot2/install/dobot_moveit2/share/dobot_moveit2/package.ps1'
[2.777s] INFO:colcon.colcon_core.shell:Creating package descriptor '/home/yolo/Desktop/Ros2/Dofbot2/install/dobot_moveit2/share/dobot_moveit2/package.dsv'
[2.778s] INFO:colcon.colcon_core.shell:Creating package script '/home/yolo/Desktop/Ros2/Dofbot2/install/dobot_moveit2/share/dobot_moveit2/package.sh'
[2.779s] INFO:colcon.colcon_core.shell:Creating package script '/home/yolo/Desktop/Ros2/Dofbot2/install/dobot_moveit2/share/dobot_moveit2/package.bash'
[2.779s] INFO:colcon.colcon_core.shell:Creating package script '/home/yolo/Desktop/Ros2/Dofbot2/install/dobot_moveit2/share/dobot_moveit2/package.zsh'
[2.780s] Level 1:colcon.colcon_core.environment:create_file_with_runtime_dependencies(/home/yolo/Desktop/Ros2/Dofbot2/install/dobot_moveit2/share/colcon-core/packages/dobot_moveit2)
[2.781s] Level 1:colcon.colcon_core.environment:create_environment_scripts_only(dobot_moveit2)
[2.781s] Level 1:colcon.colcon_core.environment:checking '/home/yolo/Desktop/Ros2/Dofbot2/install/dobot_moveit2' for CMake module files
[2.783s] Level 1:colcon.colcon_core.environment:checking '/home/yolo/Desktop/Ros2/Dofbot2/install/dobot_moveit2' for CMake config files
[2.783s] Level 1:colcon.colcon_core.shell:create_environment_hook('dobot_moveit2', 'cmake_prefix_path')
[2.784s] INFO:colcon.colcon_core.shell:Creating environment hook '/home/yolo/Desktop/Ros2/Dofbot2/install/dobot_moveit2/share/dobot_moveit2/hook/cmake_prefix_path.ps1'
[2.784s] INFO:colcon.colcon_core.shell:Creating environment descriptor '/home/yolo/Desktop/Ros2/Dofbot2/install/dobot_moveit2/share/dobot_moveit2/hook/cmake_prefix_path.dsv'
[2.785s] INFO:colcon.colcon_core.shell:Creating environment hook '/home/yolo/Desktop/Ros2/Dofbot2/install/dobot_moveit2/share/dobot_moveit2/hook/cmake_prefix_path.sh'
[2.785s] Level 1:colcon.colcon_core.environment:checking '/home/yolo/Desktop/Ros2/Dofbot2/install/dobot_moveit2/bin'
[2.786s] Level 1:colcon.colcon_core.environment:checking '/home/yolo/Desktop/Ros2/Dofbot2/install/dobot_moveit2/lib/pkgconfig/dobot_moveit2.pc'
[2.786s] Level 1:colcon.colcon_core.environment:checking '/home/yolo/Desktop/Ros2/Dofbot2/install/dobot_moveit2/lib/python3.10/site-packages'
[2.786s] Level 1:colcon.colcon_core.environment:checking '/home/yolo/Desktop/Ros2/Dofbot2/install/dobot_moveit2/bin'
[2.787s] INFO:colcon.colcon_core.shell:Creating package script '/home/yolo/Desktop/Ros2/Dofbot2/install/dobot_moveit2/share/dobot_moveit2/package.ps1'
[2.787s] INFO:colcon.colcon_core.shell:Creating package descriptor '/home/yolo/Desktop/Ros2/Dofbot2/install/dobot_moveit2/share/dobot_moveit2/package.dsv'
[2.788s] INFO:colcon.colcon_core.shell:Creating package script '/home/yolo/Desktop/Ros2/Dofbot2/install/dobot_moveit2/share/dobot_moveit2/package.sh'
[2.788s] INFO:colcon.colcon_core.shell:Creating package script '/home/yolo/Desktop/Ros2/Dofbot2/install/dobot_moveit2/share/dobot_moveit2/package.bash'
[2.789s] INFO:colcon.colcon_core.shell:Creating package script '/home/yolo/Desktop/Ros2/Dofbot2/install/dobot_moveit2/share/dobot_moveit2/package.zsh'
[2.789s] Level 1:colcon.colcon_core.environment:create_file_with_runtime_dependencies(/home/yolo/Desktop/Ros2/Dofbot2/install/dobot_moveit2/share/colcon-core/packages/dobot_moveit2)
[2.805s] DEBUG:colcon.colcon_core.event_handler.log_command:Invoked command in '/home/yolo/Desktop/Ros2/Dofbot2/build/cr5_bringup' returned '0': AMENT_PREFIX_PATH=/home/yolo/Desktop/Ros2/Dofbot2/install/dobot_msgs_v4:${AMENT_PREFIX_PATH} CMAKE_PREFIX_PATH=/home/yolo/Desktop/Ros2/Dofbot2/install/dobot_msgs_v4:/opt/ros/humble LD_LIBRARY_PATH=/home/yolo/Desktop/Ros2/Dofbot2/install/dobot_msgs_v4/lib:${LD_LIBRARY_PATH} PYTHONPATH=/home/yolo/Desktop/Ros2/Dofbot2/install/dobot_msgs_v4/local/lib/python3.10/dist-packages:${PYTHONPATH} /home/yolo/.local/bin/cmake --build /home/yolo/Desktop/Ros2/Dofbot2/build/cr5_bringup -- -j12 -l12
[2.808s] DEBUG:colcon.colcon_core.event_handler.log_command:Invoking command in '/home/yolo/Desktop/Ros2/Dofbot2/build/cr5_bringup': AMENT_PREFIX_PATH=/home/yolo/Desktop/Ros2/Dofbot2/install/dobot_msgs_v4:${AMENT_PREFIX_PATH} CMAKE_PREFIX_PATH=/home/yolo/Desktop/Ros2/Dofbot2/install/dobot_msgs_v4:/opt/ros/humble LD_LIBRARY_PATH=/home/yolo/Desktop/Ros2/Dofbot2/install/dobot_msgs_v4/lib:${LD_LIBRARY_PATH} PYTHONPATH=/home/yolo/Desktop/Ros2/Dofbot2/install/dobot_msgs_v4/local/lib/python3.10/dist-packages:${PYTHONPATH} /home/yolo/.local/bin/cmake --install /home/yolo/Desktop/Ros2/Dofbot2/build/cr5_bringup
[2.898s] DEBUG:colcon.colcon_core.event_handler.log_command:Invoking command in '/home/yolo/Desktop/Ros2/Dofbot2/src/dobot_teleop': PYTHONPATH=/home/yolo/Desktop/Ros2/Dofbot2/build/dobot_teleop/prefix_override:/usr/lib/python3/dist-packages/colcon_core/task/python/colcon_distutils_commands:/home/yolo/Desktop/Ros2/Dofbot2/install/dobot_teleop/lib/python3.10/site-packages:${PYTHONPATH} /usr/bin/python3 -W ignore:setup.py install is deprecated -W ignore:easy_install command is deprecated setup.py egg_info --egg-base ../../build/dobot_teleop build --build-base /home/yolo/Desktop/Ros2/Dofbot2/build/dobot_teleop/build install --record /home/yolo/Desktop/Ros2/Dofbot2/build/dobot_teleop/install.log --single-version-externally-managed install_data
[2.922s] DEBUG:colcon.colcon_core.event_handler.log_command:Invoking command in '/home/yolo/Desktop/Ros2/Dofbot2/src/openvla_ros_interface': PYTHONPATH=/home/yolo/Desktop/Ros2/Dofbot2/build/openvla_ros_interface/prefix_override:/usr/lib/python3/dist-packages/colcon_core/task/python/colcon_distutils_commands:/home/yolo/Desktop/Ros2/Dofbot2/install/openvla_ros_interface/lib/python3.10/site-packages:${PYTHONPATH} /usr/bin/python3 -W ignore:setup.py install is deprecated -W ignore:easy_install command is deprecated setup.py egg_info --egg-base ../../build/openvla_ros_interface build --build-base /home/yolo/Desktop/Ros2/Dofbot2/build/openvla_ros_interface/build install --record /home/yolo/Desktop/Ros2/Dofbot2/build/openvla_ros_interface/install.log --single-version-externally-managed install_data
[2.966s] Level 1:colcon.colcon_core.environment:create_environment_scripts_only(cr5_bringup)
[2.967s] Level 1:colcon.colcon_core.environment:checking '/home/yolo/Desktop/Ros2/Dofbot2/install/cr5_bringup' for CMake module files
[2.967s] DEBUG:colcon.colcon_core.event_handler.log_command:Invoked command in '/home/yolo/Desktop/Ros2/Dofbot2/build/cr5_bringup' returned '0': AMENT_PREFIX_PATH=/home/yolo/Desktop/Ros2/Dofbot2/install/dobot_msgs_v4:${AMENT_PREFIX_PATH} CMAKE_PREFIX_PATH=/home/yolo/Desktop/Ros2/Dofbot2/install/dobot_msgs_v4:/opt/ros/humble LD_LIBRARY_PATH=/home/yolo/Desktop/Ros2/Dofbot2/install/dobot_msgs_v4/lib:${LD_LIBRARY_PATH} PYTHONPATH=/home/yolo/Desktop/Ros2/Dofbot2/install/dobot_msgs_v4/local/lib/python3.10/dist-packages:${PYTHONPATH} /home/yolo/.local/bin/cmake --install /home/yolo/Desktop/Ros2/Dofbot2/build/cr5_bringup
[2.968s] Level 1:colcon.colcon_core.environment:checking '/home/yolo/Desktop/Ros2/Dofbot2/install/cr5_bringup' for CMake config files
[2.968s] Level 1:colcon.colcon_core.shell:create_environment_hook('cr5_bringup', 'cmake_prefix_path')
[2.969s] INFO:colcon.colcon_core.shell:Creating environment hook '/home/yolo/Desktop/Ros2/Dofbot2/install/cr5_bringup/share/cr5_bringup/hook/cmake_prefix_path.ps1'
[2.969s] INFO:colcon.colcon_core.shell:Creating environment descriptor '/home/yolo/Desktop/Ros2/Dofbot2/install/cr5_bringup/share/cr5_bringup/hook/cmake_prefix_path.dsv'
[2.970s] INFO:colcon.colcon_core.shell:Creating environment hook '/home/yolo/Desktop/Ros2/Dofbot2/install/cr5_bringup/share/cr5_bringup/hook/cmake_prefix_path.sh'
[2.970s] Level 1:colcon.colcon_core.environment:checking '/home/yolo/Desktop/Ros2/Dofbot2/install/cr5_bringup/lib'
[2.970s] Level 1:colcon.colcon_core.environment:checking '/home/yolo/Desktop/Ros2/Dofbot2/install/cr5_bringup/bin'
[2.971s] Level 1:colcon.colcon_core.environment:checking '/home/yolo/Desktop/Ros2/Dofbot2/install/cr5_bringup/lib/pkgconfig/cr5_bringup.pc'
[2.971s] Level 1:colcon.colcon_core.environment:checking '/home/yolo/Desktop/Ros2/Dofbot2/install/cr5_bringup/lib/python3.10/site-packages'
[2.971s] Level 1:colcon.colcon_core.environment:checking '/home/yolo/Desktop/Ros2/Dofbot2/install/cr5_bringup/bin'
[2.972s] INFO:colcon.colcon_core.shell:Creating package script '/home/yolo/Desktop/Ros2/Dofbot2/install/cr5_bringup/share/cr5_bringup/package.ps1'
[2.972s] INFO:colcon.colcon_core.shell:Creating package descriptor '/home/yolo/Desktop/Ros2/Dofbot2/install/cr5_bringup/share/cr5_bringup/package.dsv'
[2.973s] INFO:colcon.colcon_core.shell:Creating package script '/home/yolo/Desktop/Ros2/Dofbot2/install/cr5_bringup/share/cr5_bringup/package.sh'
[2.973s] INFO:colcon.colcon_core.shell:Creating package script '/home/yolo/Desktop/Ros2/Dofbot2/install/cr5_bringup/share/cr5_bringup/package.bash'
[2.974s] INFO:colcon.colcon_core.shell:Creating package script '/home/yolo/Desktop/Ros2/Dofbot2/install/cr5_bringup/share/cr5_bringup/package.zsh'
[2.974s] Level 1:colcon.colcon_core.environment:create_file_with_runtime_dependencies(/home/yolo/Desktop/Ros2/Dofbot2/install/cr5_bringup/share/colcon-core/packages/cr5_bringup)
[2.975s] Level 1:colcon.colcon_core.environment:create_environment_scripts_only(cr5_bringup)
[2.975s] Level 1:colcon.colcon_core.environment:checking '/home/yolo/Desktop/Ros2/Dofbot2/install/cr5_bringup' for CMake module files
[2.975s] Level 1:colcon.colcon_core.environment:checking '/home/yolo/Desktop/Ros2/Dofbot2/install/cr5_bringup' for CMake config files
[2.976s] Level 1:colcon.colcon_core.shell:create_environment_hook('cr5_bringup', 'cmake_prefix_path')
[2.976s] INFO:colcon.colcon_core.shell:Creating environment hook '/home/yolo/Desktop/Ros2/Dofbot2/install/cr5_bringup/share/cr5_bringup/hook/cmake_prefix_path.ps1'
[2.977s] INFO:colcon.colcon_core.shell:Creating environment descriptor '/home/yolo/Desktop/Ros2/Dofbot2/install/cr5_bringup/share/cr5_bringup/hook/cmake_prefix_path.dsv'
[2.977s] INFO:colcon.colcon_core.shell:Creating environment hook '/home/yolo/Desktop/Ros2/Dofbot2/install/cr5_bringup/share/cr5_bringup/hook/cmake_prefix_path.sh'
[2.978s] Level 1:colcon.colcon_core.environment:checking '/home/yolo/Desktop/Ros2/Dofbot2/install/cr5_bringup/lib'
[2.978s] Level 1:colcon.colcon_core.environment:checking '/home/yolo/Desktop/Ros2/Dofbot2/install/cr5_bringup/bin'
[2.978s] Level 1:colcon.colcon_core.environment:checking '/home/yolo/Desktop/Ros2/Dofbot2/install/cr5_bringup/lib/pkgconfig/cr5_bringup.pc'
[2.978s] Level 1:colcon.colcon_core.environment:checking '/home/yolo/Desktop/Ros2/Dofbot2/install/cr5_bringup/lib/python3.10/site-packages'
[2.979s] Level 1:colcon.colcon_core.environment:checking '/home/yolo/Desktop/Ros2/Dofbot2/install/cr5_bringup/bin'
[2.979s] INFO:colcon.colcon_core.shell:Creating package script '/home/yolo/Desktop/Ros2/Dofbot2/install/cr5_bringup/share/cr5_bringup/package.ps1'
[2.980s] INFO:colcon.colcon_core.shell:Creating package descriptor '/home/yolo/Desktop/Ros2/Dofbot2/install/cr5_bringup/share/cr5_bringup/package.dsv'
[2.980s] INFO:colcon.colcon_core.shell:Creating package script '/home/yolo/Desktop/Ros2/Dofbot2/install/cr5_bringup/share/cr5_bringup/package.sh'
[2.981s] INFO:colcon.colcon_core.shell:Creating package script '/home/yolo/Desktop/Ros2/Dofbot2/install/cr5_bringup/share/cr5_bringup/package.bash'
[2.981s] INFO:colcon.colcon_core.shell:Creating package script '/home/yolo/Desktop/Ros2/Dofbot2/install/cr5_bringup/share/cr5_bringup/package.zsh'
[2.982s] Level 1:colcon.colcon_core.environment:create_file_with_runtime_dependencies(/home/yolo/Desktop/Ros2/Dofbot2/install/cr5_bringup/share/colcon-core/packages/cr5_bringup)
[2.986s] DEBUG:colcon.colcon_core.event_handler.log_command:Invoking command in '/home/yolo/Desktop/Ros2/Dofbot2/src/record_dataset_cr5': PYTHONPATH=/home/yolo/Desktop/Ros2/Dofbot2/build/record_dataset_cr5/prefix_override:/usr/lib/python3/dist-packages/colcon_core/task/python/colcon_distutils_commands:/home/yolo/Desktop/Ros2/Dofbot2/install/record_dataset_cr5/lib/python3.10/site-packages:${PYTHONPATH} /usr/bin/python3 -W ignore:setup.py install is deprecated -W ignore:easy_install command is deprecated setup.py egg_info --egg-base ../../build/record_dataset_cr5 build --build-base /home/yolo/Desktop/Ros2/Dofbot2/build/record_dataset_cr5/build install --record /home/yolo/Desktop/Ros2/Dofbot2/build/record_dataset_cr5/install.log --single-version-externally-managed install_data
[3.629s] Level 1:colcon.colcon_core.environment:checking '/home/yolo/Desktop/Ros2/Dofbot2/install/record_dataset_cr5' for CMake module files
[3.630s] DEBUG:colcon.colcon_core.event_handler.log_command:Invoked command in '/home/yolo/Desktop/Ros2/Dofbot2/src/record_dataset_cr5' returned '0': PYTHONPATH=/home/yolo/Desktop/Ros2/Dofbot2/build/record_dataset_cr5/prefix_override:/usr/lib/python3/dist-packages/colcon_core/task/python/colcon_distutils_commands:/home/yolo/Desktop/Ros2/Dofbot2/install/record_dataset_cr5/lib/python3.10/site-packages:${PYTHONPATH} /usr/bin/python3 -W ignore:setup.py install is deprecated -W ignore:easy_install command is deprecated setup.py egg_info --egg-base ../../build/record_dataset_cr5 build --build-base /home/yolo/Desktop/Ros2/Dofbot2/build/record_dataset_cr5/build install --record /home/yolo/Desktop/Ros2/Dofbot2/build/record_dataset_cr5/install.log --single-version-externally-managed install_data
[3.630s] Level 1:colcon.colcon_core.environment:checking '/home/yolo/Desktop/Ros2/Dofbot2/install/record_dataset_cr5' for CMake config files
[3.632s] Level 1:colcon.colcon_core.environment:checking '/home/yolo/Desktop/Ros2/Dofbot2/install/record_dataset_cr5/lib'
[3.632s] Level 1:colcon.colcon_core.environment:checking '/home/yolo/Desktop/Ros2/Dofbot2/install/record_dataset_cr5/bin'
[3.632s] Level 1:colcon.colcon_core.environment:checking '/home/yolo/Desktop/Ros2/Dofbot2/install/record_dataset_cr5/lib/pkgconfig/record_dataset_cr5.pc'
[3.632s] Level 1:colcon.colcon_core.environment:checking '/home/yolo/Desktop/Ros2/Dofbot2/install/record_dataset_cr5/lib/python3.10/site-packages'
[3.633s] Level 1:colcon.colcon_core.shell:create_environment_hook('record_dataset_cr5', 'pythonpath')
[3.633s] INFO:colcon.colcon_core.shell:Creating environment hook '/home/yolo/Desktop/Ros2/Dofbot2/install/record_dataset_cr5/share/record_dataset_cr5/hook/pythonpath.ps1'
[3.634s] INFO:colcon.colcon_core.shell:Creating environment descriptor '/home/yolo/Desktop/Ros2/Dofbot2/install/record_dataset_cr5/share/record_dataset_cr5/hook/pythonpath.dsv'
[3.635s] INFO:colcon.colcon_core.shell:Creating environment hook '/home/yolo/Desktop/Ros2/Dofbot2/install/record_dataset_cr5/share/record_dataset_cr5/hook/pythonpath.sh'
[3.636s] Level 1:colcon.colcon_core.environment:checking '/home/yolo/Desktop/Ros2/Dofbot2/install/record_dataset_cr5/bin'
[3.636s] Level 1:colcon.colcon_core.environment:create_environment_scripts_only(record_dataset_cr5)
[3.637s] INFO:colcon.colcon_core.shell:Creating package script '/home/yolo/Desktop/Ros2/Dofbot2/install/record_dataset_cr5/share/record_dataset_cr5/package.ps1'
[3.638s] INFO:colcon.colcon_core.shell:Creating package descriptor '/home/yolo/Desktop/Ros2/Dofbot2/install/record_dataset_cr5/share/record_dataset_cr5/package.dsv'
[3.639s] INFO:colcon.colcon_core.shell:Creating package script '/home/yolo/Desktop/Ros2/Dofbot2/install/record_dataset_cr5/share/record_dataset_cr5/package.sh'
[3.640s] INFO:colcon.colcon_core.shell:Creating package script '/home/yolo/Desktop/Ros2/Dofbot2/install/record_dataset_cr5/share/record_dataset_cr5/package.bash'
[3.641s] INFO:colcon.colcon_core.shell:Creating package script '/home/yolo/Desktop/Ros2/Dofbot2/install/record_dataset_cr5/share/record_dataset_cr5/package.zsh'
[3.641s] Level 1:colcon.colcon_core.environment:create_file_with_runtime_dependencies(/home/yolo/Desktop/Ros2/Dofbot2/install/record_dataset_cr5/share/colcon-core/packages/record_dataset_cr5)
[3.832s] Level 1:colcon.colcon_core.environment:checking '/home/yolo/Desktop/Ros2/Dofbot2/install/dobot_teleop' for CMake module files
[3.833s] DEBUG:colcon.colcon_core.event_handler.log_command:Invoked command in '/home/yolo/Desktop/Ros2/Dofbot2/src/dobot_teleop' returned '0': PYTHONPATH=/home/yolo/Desktop/Ros2/Dofbot2/build/dobot_teleop/prefix_override:/usr/lib/python3/dist-packages/colcon_core/task/python/colcon_distutils_commands:/home/yolo/Desktop/Ros2/Dofbot2/install/dobot_teleop/lib/python3.10/site-packages:${PYTHONPATH} /usr/bin/python3 -W ignore:setup.py install is deprecated -W ignore:easy_install command is deprecated setup.py egg_info --egg-base ../../build/dobot_teleop build --build-base /home/yolo/Desktop/Ros2/Dofbot2/build/dobot_teleop/build install --record /home/yolo/Desktop/Ros2/Dofbot2/build/dobot_teleop/install.log --single-version-externally-managed install_data
[3.834s] Level 1:colcon.colcon_core.environment:checking '/home/yolo/Desktop/Ros2/Dofbot2/install/dobot_teleop' for CMake config files
[3.835s] Level 1:colcon.colcon_core.environment:checking '/home/yolo/Desktop/Ros2/Dofbot2/install/dobot_teleop/lib'
[3.835s] Level 1:colcon.colcon_core.environment:checking '/home/yolo/Desktop/Ros2/Dofbot2/install/dobot_teleop/bin'
[3.835s] Level 1:colcon.colcon_core.environment:checking '/home/yolo/Desktop/Ros2/Dofbot2/install/dobot_teleop/lib/pkgconfig/dobot_teleop.pc'
[3.836s] Level 1:colcon.colcon_core.environment:checking '/home/yolo/Desktop/Ros2/Dofbot2/install/dobot_teleop/lib/python3.10/site-packages'
[3.836s] Level 1:colcon.colcon_core.shell:create_environment_hook('dobot_teleop', 'pythonpath')
[3.836s] INFO:colcon.colcon_core.shell:Creating environment hook '/home/yolo/Desktop/Ros2/Dofbot2/install/dobot_teleop/share/dobot_teleop/hook/pythonpath.ps1'
[3.837s] INFO:colcon.colcon_core.shell:Creating environment descriptor '/home/yolo/Desktop/Ros2/Dofbot2/install/dobot_teleop/share/dobot_teleop/hook/pythonpath.dsv'
[3.838s] INFO:colcon.colcon_core.shell:Creating environment hook '/home/yolo/Desktop/Ros2/Dofbot2/install/dobot_teleop/share/dobot_teleop/hook/pythonpath.sh'
[3.839s] Level 1:colcon.colcon_core.environment:checking '/home/yolo/Desktop/Ros2/Dofbot2/install/dobot_teleop/bin'
[3.840s] Level 1:colcon.colcon_core.environment:create_environment_scripts_only(dobot_teleop)
[3.840s] INFO:colcon.colcon_core.shell:Creating package script '/home/yolo/Desktop/Ros2/Dofbot2/install/dobot_teleop/share/dobot_teleop/package.ps1'
[3.841s] INFO:colcon.colcon_core.shell:Creating package descriptor '/home/yolo/Desktop/Ros2/Dofbot2/install/dobot_teleop/share/dobot_teleop/package.dsv'
[3.842s] INFO:colcon.colcon_core.shell:Creating package script '/home/yolo/Desktop/Ros2/Dofbot2/install/dobot_teleop/share/dobot_teleop/package.sh'
[3.843s] INFO:colcon.colcon_core.shell:Creating package script '/home/yolo/Desktop/Ros2/Dofbot2/install/dobot_teleop/share/dobot_teleop/package.bash'
[3.844s] INFO:colcon.colcon_core.shell:Creating package script '/home/yolo/Desktop/Ros2/Dofbot2/install/dobot_teleop/share/dobot_teleop/package.zsh'
[3.844s] Level 1:colcon.colcon_core.environment:create_file_with_runtime_dependencies(/home/yolo/Desktop/Ros2/Dofbot2/install/dobot_teleop/share/colcon-core/packages/dobot_teleop)
[3.898s] Level 1:colcon.colcon_core.environment:checking '/home/yolo/Desktop/Ros2/Dofbot2/install/openvla_ros_interface' for CMake module files
[3.899s] DEBUG:colcon.colcon_core.event_handler.log_command:Invoked command in '/home/yolo/Desktop/Ros2/Dofbot2/src/openvla_ros_interface' returned '0': PYTHONPATH=/home/yolo/Desktop/Ros2/Dofbot2/build/openvla_ros_interface/prefix_override:/usr/lib/python3/dist-packages/colcon_core/task/python/colcon_distutils_commands:/home/yolo/Desktop/Ros2/Dofbot2/install/openvla_ros_interface/lib/python3.10/site-packages:${PYTHONPATH} /usr/bin/python3 -W ignore:setup.py install is deprecated -W ignore:easy_install command is deprecated setup.py egg_info --egg-base ../../build/openvla_ros_interface build --build-base /home/yolo/Desktop/Ros2/Dofbot2/build/openvla_ros_interface/build install --record /home/yolo/Desktop/Ros2/Dofbot2/build/openvla_ros_interface/install.log --single-version-externally-managed install_data
[3.899s] Level 1:colcon.colcon_core.environment:checking '/home/yolo/Desktop/Ros2/Dofbot2/install/openvla_ros_interface' for CMake config files
[3.901s] Level 1:colcon.colcon_core.environment:checking '/home/yolo/Desktop/Ros2/Dofbot2/install/openvla_ros_interface/lib'
[3.901s] Level 1:colcon.colcon_core.environment:checking '/home/yolo/Desktop/Ros2/Dofbot2/install/openvla_ros_interface/bin'
[3.901s] Level 1:colcon.colcon_core.environment:checking '/home/yolo/Desktop/Ros2/Dofbot2/install/openvla_ros_interface/lib/pkgconfig/openvla_ros_interface.pc'
[3.901s] Level 1:colcon.colcon_core.environment:checking '/home/yolo/Desktop/Ros2/Dofbot2/install/openvla_ros_interface/lib/python3.10/site-packages'
[3.901s] Level 1:colcon.colcon_core.shell:create_environment_hook('openvla_ros_interface', 'pythonpath')
[3.902s] INFO:colcon.colcon_core.shell:Creating environment hook '/home/yolo/Desktop/Ros2/Dofbot2/install/openvla_ros_interface/share/openvla_ros_interface/hook/pythonpath.ps1'
[3.903s] INFO:colcon.colcon_core.shell:Creating environment descriptor '/home/yolo/Desktop/Ros2/Dofbot2/install/openvla_ros_interface/share/openvla_ros_interface/hook/pythonpath.dsv'
[3.904s] INFO:colcon.colcon_core.shell:Creating environment hook '/home/yolo/Desktop/Ros2/Dofbot2/install/openvla_ros_interface/share/openvla_ros_interface/hook/pythonpath.sh'
[3.905s] Level 1:colcon.colcon_core.environment:checking '/home/yolo/Desktop/Ros2/Dofbot2/install/openvla_ros_interface/bin'
[3.905s] Level 1:colcon.colcon_core.environment:create_environment_scripts_only(openvla_ros_interface)
[3.906s] INFO:colcon.colcon_core.shell:Creating package script '/home/yolo/Desktop/Ros2/Dofbot2/install/openvla_ros_interface/share/openvla_ros_interface/package.ps1'
[3.907s] INFO:colcon.colcon_core.shell:Creating package descriptor '/home/yolo/Desktop/Ros2/Dofbot2/install/openvla_ros_interface/share/openvla_ros_interface/package.dsv'
[3.908s] INFO:colcon.colcon_core.shell:Creating package script '/home/yolo/Desktop/Ros2/Dofbot2/install/openvla_ros_interface/share/openvla_ros_interface/package.sh'
[3.908s] INFO:colcon.colcon_core.shell:Creating package script '/home/yolo/Desktop/Ros2/Dofbot2/install/openvla_ros_interface/share/openvla_ros_interface/package.bash'
[3.909s] INFO:colcon.colcon_core.shell:Creating package script '/home/yolo/Desktop/Ros2/Dofbot2/install/openvla_ros_interface/share/openvla_ros_interface/package.zsh'
[3.909s] Level 1:colcon.colcon_core.environment:create_file_with_runtime_dependencies(/home/yolo/Desktop/Ros2/Dofbot2/install/openvla_ros_interface/share/colcon-core/packages/openvla_ros_interface)
[3.910s] DEBUG:colcon.colcon_parallel_executor.executor.parallel:closing loop
[3.910s] DEBUG:colcon.colcon_parallel_executor.executor.parallel:loop closed
[3.910s] DEBUG:colcon.colcon_parallel_executor.executor.parallel:run_until_complete finished with '0'
[3.910s] DEBUG:colcon.colcon_core.event_reactor:joining thread
[3.917s] INFO:colcon.colcon_core.plugin_system:Skipping extension 'colcon_notification.desktop_notification.terminal_notifier': Not used on non-Darwin systems
[3.917s] INFO:colcon.colcon_core.plugin_system:Skipping extension 'colcon_notification.desktop_notification.win32': Not used on non-Windows systems
[3.917s] INFO:colcon.colcon_notification.desktop_notification:Sending desktop notification using 'notify2'
[3.934s] DEBUG:colcon.colcon_core.event_reactor:joined thread
[3.935s] INFO:colcon.colcon_core.shell:Creating prefix script '/home/yolo/Desktop/Ros2/Dofbot2/install/local_setup.ps1'
[3.936s] INFO:colcon.colcon_core.shell:Creating prefix util module '/home/yolo/Desktop/Ros2/Dofbot2/install/_local_setup_util_ps1.py'
[3.938s] INFO:colcon.colcon_core.shell:Creating prefix chain script '/home/yolo/Desktop/Ros2/Dofbot2/install/setup.ps1'
[3.939s] INFO:colcon.colcon_core.shell:Creating prefix script '/home/yolo/Desktop/Ros2/Dofbot2/install/local_setup.sh'
[3.940s] INFO:colcon.colcon_core.shell:Creating prefix util module '/home/yolo/Desktop/Ros2/Dofbot2/install/_local_setup_util_sh.py'
[3.940s] INFO:colcon.colcon_core.shell:Creating prefix chain script '/home/yolo/Desktop/Ros2/Dofbot2/install/setup.sh'
[3.941s] INFO:colcon.colcon_core.shell:Creating prefix script '/home/yolo/Desktop/Ros2/Dofbot2/install/local_setup.bash'
[3.942s] INFO:colcon.colcon_core.shell:Creating prefix chain script '/home/yolo/Desktop/Ros2/Dofbot2/install/setup.bash'
[3.943s] INFO:colcon.colcon_core.shell:Creating prefix script '/home/yolo/Desktop/Ros2/Dofbot2/install/local_setup.zsh'
[3.944s] INFO:colcon.colcon_core.shell:Creating prefix chain script '/home/yolo/Desktop/Ros2/Dofbot2/install/setup.zsh'
