-- Install configuration: ""
-- Up-to-date: /home/om/OpenVla_cr5/install/dofbot_description/share/dofbot_description/urdf
-- Up-to-date: /home/om/OpenVla_cr5/install/dofbot_description/share/dofbot_description/urdf/gazebo.xacro
-- Up-to-date: /home/om/OpenVla_cr5/install/dofbot_description/share/dofbot_description/urdf/ros2_control.xacro
-- Up-to-date: /home/om/OpenVla_cr5/install/dofbot_description/share/dofbot_description/urdf/new_cr5.xacro
-- Up-to-date: /home/om/OpenVla_cr5/install/dofbot_description/share/dofbot_description/config
-- Up-to-date: /home/om/OpenVla_cr5/install/dofbot_description/share/dofbot_description/config/gz_bridge.yaml
-- Up-to-date: /home/om/OpenVla_cr5/install/dofbot_description/share/dofbot_description/config/ros2_controllers.yaml
-- Up-to-date: /home/om/OpenVla_cr5/install/dofbot_description/share/dofbot_description/launch
-- Installing: /home/om/OpenVla_cr5/install/dofbot_description/share/dofbot_description/launch/gazebo2.launch.py
-- Up-to-date: /home/om/OpenVla_cr5/install/dofbot_description/share/dofbot_description/worlds
-- Up-to-date: /home/om/OpenVla_cr5/install/dofbot_description/share/dofbot_description/worlds/cr.world
-- Up-to-date: /home/om/OpenVla_cr5/install/dofbot_description/share/dofbot_description/worlds/openvla_test.world
-- Up-to-date: /home/om/OpenVla_cr5/install/dofbot_description/share/dofbot_description/meshes2
-- Up-to-date: /home/om/OpenVla_cr5/install/dofbot_description/share/dofbot_description/meshes2/cr5
-- Up-to-date: /home/om/OpenVla_cr5/install/dofbot_description/share/dofbot_description/meshes2/cr5/Link3.dae
-- Up-to-date: /home/om/OpenVla_cr5/install/dofbot_description/share/dofbot_description/meshes2/cr5/Link2.dae
-- Up-to-date: /home/om/OpenVla_cr5/install/dofbot_description/share/dofbot_description/meshes2/cr5/Link1.dae
-- Up-to-date: /home/om/OpenVla_cr5/install/dofbot_description/share/dofbot_description/meshes2/cr5/Link6.dae
-- Up-to-date: /home/om/OpenVla_cr5/install/dofbot_description/share/dofbot_description/meshes2/cr5/base_link.dae
-- Up-to-date: /home/om/OpenVla_cr5/install/dofbot_description/share/dofbot_description/meshes2/cr5/Link4.dae
-- Up-to-date: /home/om/OpenVla_cr5/install/dofbot_description/share/dofbot_description/meshes2/cr5/Link5.dae
-- Up-to-date: /home/om/OpenVla_cr5/install/dofbot_description/share/ament_index/resource_index/package_run_dependencies/dofbot_description
-- Up-to-date: /home/om/OpenVla_cr5/install/dofbot_description/share/ament_index/resource_index/parent_prefix_path/dofbot_description
-- Up-to-date: /home/om/OpenVla_cr5/install/dofbot_description/share/dofbot_description/environment/ament_prefix_path.sh
-- Up-to-date: /home/om/OpenVla_cr5/install/dofbot_description/share/dofbot_description/environment/ament_prefix_path.dsv
-- Up-to-date: /home/om/OpenVla_cr5/install/dofbot_description/share/dofbot_description/environment/path.sh
-- Up-to-date: /home/om/OpenVla_cr5/install/dofbot_description/share/dofbot_description/environment/path.dsv
-- Up-to-date: /home/om/OpenVla_cr5/install/dofbot_description/share/dofbot_description/local_setup.bash
-- Up-to-date: /home/om/OpenVla_cr5/install/dofbot_description/share/dofbot_description/local_setup.sh
-- Up-to-date: /home/om/OpenVla_cr5/install/dofbot_description/share/dofbot_description/local_setup.zsh
-- Up-to-date: /home/om/OpenVla_cr5/install/dofbot_description/share/dofbot_description/local_setup.dsv
-- Installing: /home/om/OpenVla_cr5/install/dofbot_description/share/dofbot_description/package.dsv
-- Up-to-date: /home/om/OpenVla_cr5/install/dofbot_description/share/ament_index/resource_index/packages/dofbot_description
-- Up-to-date: /home/om/OpenVla_cr5/install/dofbot_description/share/dofbot_description/cmake/dofbot_descriptionConfig.cmake
-- Up-to-date: /home/om/OpenVla_cr5/install/dofbot_description/share/dofbot_description/cmake/dofbot_descriptionConfig-version.cmake
-- Up-to-date: /home/om/OpenVla_cr5/install/dofbot_description/share/dofbot_description/package.xml
