[0.046s] Invoking command in '/home/yolo/Desktop/Ros2/Dofbot2/build/dofbot_description': CMAKE_PREFIX_PATH=/opt/ros/humble /home/yolo/.local/bin/cmake /home/yolo/Desktop/Ros2/Dofbot2/src/dofbot_description -DCMAKE_INSTALL_PREFIX=/home/yolo/Desktop/Ros2/Dofbot2/install/dofbot_description
[0.917s] -- The C compiler identification is GNU 11.4.0
[0.917s] -- The CXX compiler identification is GNU 11.4.0
[0.918s] -- Detecting C compiler ABI info
[0.918s] -- Detecting C compiler ABI info - done
[0.918s] -- Check for working C compiler: /usr/bin/cc - skipped
[0.918s] -- Detecting C compile features
[0.918s] -- Detecting C compile features - done
[0.918s] -- Detecting CXX compiler ABI info
[0.918s] -- Detecting CXX compiler ABI info - done
[0.918s] -- Check for working CXX compiler: /usr/bin/c++ - skipped
[0.918s] -- Detecting CXX compile features
[0.919s] -- Detecting CXX compile features - done
[0.919s] -- Found ament_cmake: 1.3.12 (/opt/ros/humble/share/ament_cmake/cmake)
[0.919s] [0mCMake Deprecation Warning at CMakeLists.txt:1 (cmake_minimum_required):
[0.919s]   Compatibility with CMake < 3.10 will be removed from a future version of
[0.919s]   CMake.
[0.919s] 
[0.919s]   Update the VERSION argument <min> value.  Or, use the <min>...<max> syntax
[0.919s]   to tell CMake that the project requires at least <min> but has been updated
[0.919s]   to work with policies introduced by <max> or earlier.
[0.919s] 
[0.919s] [0m
[1.126s] -- Found Python3: /usr/bin/python3 (found version "3.10.12") found components: Interpreter
[1.345s] -- Found ament_lint_auto: 0.12.14 (/opt/ros/humble/share/ament_lint_auto/cmake)
[1.489s] -- Added test 'flake8' to check Python code syntax and style conventions
[1.492s] -- Added test 'lint_cmake' to check CMake code style
[1.495s] -- Added test 'pep257' to check Python code against some of the docstring style conventions in PEP 257
[1.507s] -- Added test 'xmllint' to check XML markup files
[1.510s] -- Configuring done (1.3s)
[1.516s] -- Generating done (0.0s)
[1.519s] -- Build files have been written to: /home/yolo/Desktop/Ros2/Dofbot2/build/dofbot_description
[1.527s] Invoked command in '/home/yolo/Desktop/Ros2/Dofbot2/build/dofbot_description' returned '0': CMAKE_PREFIX_PATH=/opt/ros/humble /home/yolo/.local/bin/cmake /home/yolo/Desktop/Ros2/Dofbot2/src/dofbot_description -DCMAKE_INSTALL_PREFIX=/home/yolo/Desktop/Ros2/Dofbot2/install/dofbot_description
[1.530s] Invoking command in '/home/yolo/Desktop/Ros2/Dofbot2/build/dofbot_description': CMAKE_PREFIX_PATH=/opt/ros/humble /home/yolo/.local/bin/cmake --build /home/yolo/Desktop/Ros2/Dofbot2/build/dofbot_description -- -j12 -l12
[1.715s] Invoked command in '/home/yolo/Desktop/Ros2/Dofbot2/build/dofbot_description' returned '0': CMAKE_PREFIX_PATH=/opt/ros/humble /home/yolo/.local/bin/cmake --build /home/yolo/Desktop/Ros2/Dofbot2/build/dofbot_description -- -j12 -l12
[1.871s] Invoking command in '/home/yolo/Desktop/Ros2/Dofbot2/build/dofbot_description': CMAKE_PREFIX_PATH=/opt/ros/humble /home/yolo/.local/bin/cmake --install /home/yolo/Desktop/Ros2/Dofbot2/build/dofbot_description
[2.041s] -- Install configuration: ""
[2.041s] -- Installing: /home/yolo/Desktop/Ros2/Dofbot2/install/dofbot_description/share/dofbot_description/urdf
[2.042s] -- Installing: /home/yolo/Desktop/Ros2/Dofbot2/install/dofbot_description/share/dofbot_description/urdf/gripper.xacro
[2.043s] -- Installing: /home/yolo/Desktop/Ros2/Dofbot2/install/dofbot_description/share/dofbot_description/urdf/gazebo.xacro
[2.043s] -- Installing: /home/yolo/Desktop/Ros2/Dofbot2/install/dofbot_description/share/dofbot_description/urdf/ros2_control.xacro
[2.044s] -- Installing: /home/yolo/Desktop/Ros2/Dofbot2/install/dofbot_description/share/dofbot_description/urdf/new_cr5.xacro
[2.044s] -- Installing: /home/yolo/Desktop/Ros2/Dofbot2/install/dofbot_description/share/dofbot_description/urdf/camera.xacro
[2.045s] -- Installing: /home/yolo/Desktop/Ros2/Dofbot2/install/dofbot_description/share/dofbot_description/urdf/cr5_robot.ros2_control.xacro
[2.046s] -- Installing: /home/yolo/Desktop/Ros2/Dofbot2/install/dofbot_description/share/dofbot_description/config
[2.046s] -- Installing: /home/yolo/Desktop/Ros2/Dofbot2/install/dofbot_description/share/dofbot_description/config/ros2_controllers.yaml
[2.046s] -- Installing: /home/yolo/Desktop/Ros2/Dofbot2/install/dofbot_description/share/dofbot_description/config/gz_bridge.yaml
[2.047s] -- Installing: /home/yolo/Desktop/Ros2/Dofbot2/install/dofbot_description/share/dofbot_description/launch
[2.047s] -- Installing: /home/yolo/Desktop/Ros2/Dofbot2/install/dofbot_description/share/dofbot_description/launch/display.launch.py
[2.048s] -- Installing: /home/yolo/Desktop/Ros2/Dofbot2/install/dofbot_description/share/dofbot_description/launch/gazebo2.launch.py
[2.048s] -- Installing: /home/yolo/Desktop/Ros2/Dofbot2/install/dofbot_description/share/dofbot_description/worlds
[2.048s] -- Installing: /home/yolo/Desktop/Ros2/Dofbot2/install/dofbot_description/share/dofbot_description/worlds/openvla_test.world
[2.049s] -- Installing: /home/yolo/Desktop/Ros2/Dofbot2/install/dofbot_description/share/dofbot_description/worlds/cr.world
[2.050s] -- Installing: /home/yolo/Desktop/Ros2/Dofbot2/install/dofbot_description/share/dofbot_description/meshes2
[2.050s] -- Installing: /home/yolo/Desktop/Ros2/Dofbot2/install/dofbot_description/share/dofbot_description/meshes2/cr5
[2.050s] -- Installing: /home/yolo/Desktop/Ros2/Dofbot2/install/dofbot_description/share/dofbot_description/meshes2/cr5/left_knuckle.dae
[2.050s] -- Installing: /home/yolo/Desktop/Ros2/Dofbot2/install/dofbot_description/share/dofbot_description/meshes2/cr5/left_inner_knuckle.dae
[2.051s] -- Installing: /home/yolo/Desktop/Ros2/Dofbot2/install/dofbot_description/share/dofbot_description/meshes2/cr5/right_knuckle.dae
[2.052s] -- Installing: /home/yolo/Desktop/Ros2/Dofbot2/install/dofbot_description/share/dofbot_description/meshes2/cr5/robotiq_base.stl
[2.052s] -- Installing: /home/yolo/Desktop/Ros2/Dofbot2/install/dofbot_description/share/dofbot_description/meshes2/cr5/Link4.dae
[2.054s] -- Installing: /home/yolo/Desktop/Ros2/Dofbot2/install/dofbot_description/share/dofbot_description/meshes2/cr5/robotiq_base.dae
[2.059s] -- Installing: /home/yolo/Desktop/Ros2/Dofbot2/install/dofbot_description/share/dofbot_description/meshes2/cr5/Link3.dae
[2.062s] -- Installing: /home/yolo/Desktop/Ros2/Dofbot2/install/dofbot_description/share/dofbot_description/meshes2/cr5/ur_to_robotiq_adapter.dae
[2.063s] -- Installing: /home/yolo/Desktop/Ros2/Dofbot2/install/dofbot_description/share/dofbot_description/meshes2/cr5/right_finger_tip.dae
[2.064s] -- Installing: /home/yolo/Desktop/Ros2/Dofbot2/install/dofbot_description/share/dofbot_description/meshes2/cr5/right_finger_tip.stl
[2.065s] -- Installing: /home/yolo/Desktop/Ros2/Dofbot2/install/dofbot_description/share/dofbot_description/meshes2/cr5/ur_to_robotiq_adapter.stl
[2.065s] -- Installing: /home/yolo/Desktop/Ros2/Dofbot2/install/dofbot_description/share/dofbot_description/meshes2/cr5/right_finger.dae
[2.066s] -- Installing: /home/yolo/Desktop/Ros2/Dofbot2/install/dofbot_description/share/dofbot_description/meshes2/cr5/left_finger_tip.dae
[2.067s] -- Installing: /home/yolo/Desktop/Ros2/Dofbot2/install/dofbot_description/share/dofbot_description/meshes2/cr5/base_link.dae
[2.069s] -- Installing: /home/yolo/Desktop/Ros2/Dofbot2/install/dofbot_description/share/dofbot_description/meshes2/cr5/right_finger.stl
[2.071s] -- Installing: /home/yolo/Desktop/Ros2/Dofbot2/install/dofbot_description/share/dofbot_description/meshes2/cr5/left_knuckle.stl
[2.071s] -- Installing: /home/yolo/Desktop/Ros2/Dofbot2/install/dofbot_description/share/dofbot_description/meshes2/cr5/right_inner_knuckle.dae
[2.071s] -- Installing: /home/yolo/Desktop/Ros2/Dofbot2/install/dofbot_description/share/dofbot_description/meshes2/cr5/Link6.dae
[2.073s] -- Installing: /home/yolo/Desktop/Ros2/Dofbot2/install/dofbot_description/share/dofbot_description/meshes2/cr5/right_knuckle.stl
[2.073s] -- Installing: /home/yolo/Desktop/Ros2/Dofbot2/install/dofbot_description/share/dofbot_description/meshes2/cr5/left_inner_knuckle.stl
[2.075s] -- Installing: /home/yolo/Desktop/Ros2/Dofbot2/install/dofbot_description/share/dofbot_description/meshes2/cr5/right_inner_knuckle.stl
[2.075s] -- Installing: /home/yolo/Desktop/Ros2/Dofbot2/install/dofbot_description/share/dofbot_description/meshes2/cr5/Link1.dae
[2.077s] -- Installing: /home/yolo/Desktop/Ros2/Dofbot2/install/dofbot_description/share/dofbot_description/meshes2/cr5/Link2.dae
[2.080s] -- Installing: /home/yolo/Desktop/Ros2/Dofbot2/install/dofbot_description/share/dofbot_description/meshes2/cr5/Link5.dae
[2.081s] -- Installing: /home/yolo/Desktop/Ros2/Dofbot2/install/dofbot_description/share/dofbot_description/meshes2/cr5/left_finger.stl
[2.082s] -- Installing: /home/yolo/Desktop/Ros2/Dofbot2/install/dofbot_description/share/dofbot_description/meshes2/cr5/left_finger_tip.stl
[2.082s] -- Installing: /home/yolo/Desktop/Ros2/Dofbot2/install/dofbot_description/share/dofbot_description/meshes2/cr5/left_finger.dae
[2.084s] -- Installing: /home/yolo/Desktop/Ros2/Dofbot2/install/dofbot_description/share/ament_index/resource_index/package_run_dependencies/dofbot_description
[2.084s] -- Installing: /home/yolo/Desktop/Ros2/Dofbot2/install/dofbot_description/share/ament_index/resource_index/parent_prefix_path/dofbot_description
[2.084s] -- Installing: /home/yolo/Desktop/Ros2/Dofbot2/install/dofbot_description/share/dofbot_description/environment/ament_prefix_path.sh
[2.084s] -- Installing: /home/yolo/Desktop/Ros2/Dofbot2/install/dofbot_description/share/dofbot_description/environment/ament_prefix_path.dsv
[2.085s] -- Installing: /home/yolo/Desktop/Ros2/Dofbot2/install/dofbot_description/share/dofbot_description/environment/path.sh
[2.085s] -- Installing: /home/yolo/Desktop/Ros2/Dofbot2/install/dofbot_description/share/dofbot_description/environment/path.dsv
[2.085s] -- Installing: /home/yolo/Desktop/Ros2/Dofbot2/install/dofbot_description/share/dofbot_description/local_setup.bash
[2.085s] -- Installing: /home/yolo/Desktop/Ros2/Dofbot2/install/dofbot_description/share/dofbot_description/local_setup.sh
[2.086s] -- Installing: /home/yolo/Desktop/Ros2/Dofbot2/install/dofbot_description/share/dofbot_description/local_setup.zsh
[2.086s] -- Installing: /home/yolo/Desktop/Ros2/Dofbot2/install/dofbot_description/share/dofbot_description/local_setup.dsv
[2.086s] -- Installing: /home/yolo/Desktop/Ros2/Dofbot2/install/dofbot_description/share/dofbot_description/package.dsv
[2.086s] -- Installing: /home/yolo/Desktop/Ros2/Dofbot2/install/dofbot_description/share/ament_index/resource_index/packages/dofbot_description
[2.087s] -- Installing: /home/yolo/Desktop/Ros2/Dofbot2/install/dofbot_description/share/dofbot_description/cmake/dofbot_descriptionConfig.cmake
[2.087s] -- Installing: /home/yolo/Desktop/Ros2/Dofbot2/install/dofbot_description/share/dofbot_description/cmake/dofbot_descriptionConfig-version.cmake
[2.087s] -- Installing: /home/yolo/Desktop/Ros2/Dofbot2/install/dofbot_description/share/dofbot_description/package.xml
[2.090s] Invoked command in '/home/yolo/Desktop/Ros2/Dofbot2/build/dofbot_description' returned '0': CMAKE_PREFIX_PATH=/opt/ros/humble /home/yolo/.local/bin/cmake --install /home/yolo/Desktop/Ros2/Dofbot2/build/dofbot_description
