[0.045s] Invoking command in '/home/yolo/Desktop/Ros2/Dofbot2/build/dofbot_moveit': CMAKE_PREFIX_PATH=/opt/ros/humble /home/yolo/.local/bin/cmake --build /home/yolo/Desktop/Ros2/Dofbot2/build/dofbot_moveit -- -j12 -l12
[1.065s] Invoked command in '/home/yolo/Desktop/Ros2/Dofbot2/build/dofbot_moveit' returned '0': CMAKE_PREFIX_PATH=/opt/ros/humble /home/yolo/.local/bin/cmake --build /home/yolo/Desktop/Ros2/Dofbot2/build/dofbot_moveit -- -j12 -l12
[1.067s] Invoking command in '/home/yolo/Desktop/Ros2/Dofbot2/build/dofbot_moveit': CMAKE_PREFIX_PATH=/opt/ros/humble /home/yolo/.local/bin/cmake --install /home/yolo/Desktop/Ros2/Dofbot2/build/dofbot_moveit
[1.196s] -- Install configuration: ""
[1.197s] -- Up-to-date: /home/yolo/Desktop/Ros2/Dofbot2/install/dofbot_moveit/share/dofbot_moveit/config
[1.197s] -- Up-to-date: /home/yolo/Desktop/Ros2/Dofbot2/install/dofbot_moveit/share/dofbot_moveit/config/joint_limits.yaml
[1.198s] -- Up-to-date: /home/yolo/Desktop/Ros2/Dofbot2/install/dofbot_moveit/share/dofbot_moveit/config/moveit_controllers.yaml
[1.198s] -- Up-to-date: /home/yolo/Desktop/Ros2/Dofbot2/install/dofbot_moveit/share/dofbot_moveit/config/pilz_cartesian_limits.yaml
[1.198s] -- Up-to-date: /home/yolo/Desktop/Ros2/Dofbot2/install/dofbot_moveit/share/dofbot_moveit/config/cr5_robot.srdf
[1.198s] -- Up-to-date: /home/yolo/Desktop/Ros2/Dofbot2/install/dofbot_moveit/share/dofbot_moveit/config/initial_positions.yaml
[1.198s] -- Up-to-date: /home/yolo/Desktop/Ros2/Dofbot2/install/dofbot_moveit/share/dofbot_moveit/config/moveit.rviz
[1.198s] -- Up-to-date: /home/yolo/Desktop/Ros2/Dofbot2/install/dofbot_moveit/share/dofbot_moveit/config/kinematics.yaml
[1.199s] -- Up-to-date: /home/yolo/Desktop/Ros2/Dofbot2/install/dofbot_moveit/share/dofbot_moveit/launch
[1.199s] -- Up-to-date: /home/yolo/Desktop/Ros2/Dofbot2/install/dofbot_moveit/share/dofbot_moveit/launch/launch_moveit.launch.py
[1.199s] -- Up-to-date: /home/yolo/Desktop/Ros2/Dofbot2/install/dofbot_moveit/share/ament_index/resource_index/package_run_dependencies/dofbot_moveit
[1.199s] -- Up-to-date: /home/yolo/Desktop/Ros2/Dofbot2/install/dofbot_moveit/share/ament_index/resource_index/parent_prefix_path/dofbot_moveit
[1.199s] -- Up-to-date: /home/yolo/Desktop/Ros2/Dofbot2/install/dofbot_moveit/share/dofbot_moveit/environment/ament_prefix_path.sh
[1.199s] -- Up-to-date: /home/yolo/Desktop/Ros2/Dofbot2/install/dofbot_moveit/share/dofbot_moveit/environment/ament_prefix_path.dsv
[1.199s] -- Up-to-date: /home/yolo/Desktop/Ros2/Dofbot2/install/dofbot_moveit/share/dofbot_moveit/environment/path.sh
[1.200s] -- Up-to-date: /home/yolo/Desktop/Ros2/Dofbot2/install/dofbot_moveit/share/dofbot_moveit/environment/path.dsv
[1.200s] -- Up-to-date: /home/yolo/Desktop/Ros2/Dofbot2/install/dofbot_moveit/share/dofbot_moveit/local_setup.bash
[1.200s] -- Up-to-date: /home/yolo/Desktop/Ros2/Dofbot2/install/dofbot_moveit/share/dofbot_moveit/local_setup.sh
[1.200s] -- Up-to-date: /home/yolo/Desktop/Ros2/Dofbot2/install/dofbot_moveit/share/dofbot_moveit/local_setup.zsh
[1.200s] -- Up-to-date: /home/yolo/Desktop/Ros2/Dofbot2/install/dofbot_moveit/share/dofbot_moveit/local_setup.dsv
[1.200s] -- Up-to-date: /home/yolo/Desktop/Ros2/Dofbot2/install/dofbot_moveit/share/dofbot_moveit/package.dsv
[1.200s] -- Up-to-date: /home/yolo/Desktop/Ros2/Dofbot2/install/dofbot_moveit/share/ament_index/resource_index/packages/dofbot_moveit
[1.200s] -- Up-to-date: /home/yolo/Desktop/Ros2/Dofbot2/install/dofbot_moveit/share/dofbot_moveit/cmake/dofbot_moveitConfig.cmake
[1.200s] -- Up-to-date: /home/yolo/Desktop/Ros2/Dofbot2/install/dofbot_moveit/share/dofbot_moveit/cmake/dofbot_moveitConfig-version.cmake
[1.201s] -- Up-to-date: /home/yolo/Desktop/Ros2/Dofbot2/install/dofbot_moveit/share/dofbot_moveit/package.xml
[1.202s] Invoked command in '/home/yolo/Desktop/Ros2/Dofbot2/build/dofbot_moveit' returned '0': CMAKE_PREFIX_PATH=/opt/ros/humble /home/yolo/.local/bin/cmake --install /home/yolo/Desktop/Ros2/Dofbot2/build/dofbot_moveit
