[1.868s] Invoking command in '/home/yolo/Desktop/Ros2/Dofbot2/src/openvla_ros_interface': PYTHONPATH=/home/yolo/Desktop/Ros2/Dofbot2/build/openvla_ros_interface/prefix_override:/usr/lib/python3/dist-packages/colcon_core/task/python/colcon_distutils_commands:/home/yolo/Desktop/Ros2/Dofbot2/install/openvla_ros_interface/lib/python3.10/site-packages:${PYTHONPATH} /usr/bin/python3 -W ignore:setup.py install is deprecated -W ignore:easy_install command is deprecated setup.py egg_info --egg-base ../../build/openvla_ros_interface build --build-base /home/yolo/Desktop/Ros2/Dofbot2/build/openvla_ros_interface/build install --record /home/yolo/Desktop/Ros2/Dofbot2/build/openvla_ros_interface/install.log --single-version-externally-managed install_data
[2.115s] /home/yolo/.local/lib/python3.10/site-packages/setuptools/_distutils/dist.py:289: UserWarning: Unknown distribution option: 'tests_require'
[2.115s]   warnings.warn(msg)
[2.376s] running egg_info
[2.421s] creating ../../build/openvla_ros_interface/openvla_ros_interface.egg-info
[2.421s] writing ../../build/openvla_ros_interface/openvla_ros_interface.egg-info/PKG-INFO
[2.422s] writing dependency_links to ../../build/openvla_ros_interface/openvla_ros_interface.egg-info/dependency_links.txt
[2.422s] writing entry points to ../../build/openvla_ros_interface/openvla_ros_interface.egg-info/entry_points.txt
[2.423s] writing requirements to ../../build/openvla_ros_interface/openvla_ros_interface.egg-info/requires.txt
[2.423s] writing top-level names to ../../build/openvla_ros_interface/openvla_ros_interface.egg-info/top_level.txt
[2.423s] writing manifest file '../../build/openvla_ros_interface/openvla_ros_interface.egg-info/SOURCES.txt'
[2.515s] reading manifest file '../../build/openvla_ros_interface/openvla_ros_interface.egg-info/SOURCES.txt'
[2.518s] writing manifest file '../../build/openvla_ros_interface/openvla_ros_interface.egg-info/SOURCES.txt'
[2.518s] running build
[2.519s] running build_py
[2.519s] creating /home/yolo/Desktop/Ros2/Dofbot2/build/openvla_ros_interface/build/lib/openvla_ros_interface
[2.519s] copying openvla_ros_interface/openvla_ik.py -> /home/yolo/Desktop/Ros2/Dofbot2/build/openvla_ros_interface/build/lib/openvla_ros_interface
[2.520s] copying openvla_ros_interface/__init__.py -> /home/yolo/Desktop/Ros2/Dofbot2/build/openvla_ros_interface/build/lib/openvla_ros_interface
[2.520s] copying openvla_ros_interface/openvla_multiscaling_ik.py -> /home/yolo/Desktop/Ros2/Dofbot2/build/openvla_ros_interface/build/lib/openvla_ros_interface
[2.521s] running install
[2.526s] running install_lib
[2.563s] creating /home/yolo/Desktop/Ros2/Dofbot2/install/openvla_ros_interface/lib/python3.10/site-packages/openvla_ros_interface
[2.564s] copying /home/yolo/Desktop/Ros2/Dofbot2/build/openvla_ros_interface/build/lib/openvla_ros_interface/openvla_ik.py -> /home/yolo/Desktop/Ros2/Dofbot2/install/openvla_ros_interface/lib/python3.10/site-packages/openvla_ros_interface
[2.564s] copying /home/yolo/Desktop/Ros2/Dofbot2/build/openvla_ros_interface/build/lib/openvla_ros_interface/__init__.py -> /home/yolo/Desktop/Ros2/Dofbot2/install/openvla_ros_interface/lib/python3.10/site-packages/openvla_ros_interface
[2.564s] copying /home/yolo/Desktop/Ros2/Dofbot2/build/openvla_ros_interface/build/lib/openvla_ros_interface/openvla_multiscaling_ik.py -> /home/yolo/Desktop/Ros2/Dofbot2/install/openvla_ros_interface/lib/python3.10/site-packages/openvla_ros_interface
[2.565s] byte-compiling /home/yolo/Desktop/Ros2/Dofbot2/install/openvla_ros_interface/lib/python3.10/site-packages/openvla_ros_interface/openvla_ik.py to openvla_ik.cpython-310.pyc
[2.569s] byte-compiling /home/yolo/Desktop/Ros2/Dofbot2/install/openvla_ros_interface/lib/python3.10/site-packages/openvla_ros_interface/__init__.py to __init__.cpython-310.pyc
[2.570s] byte-compiling /home/yolo/Desktop/Ros2/Dofbot2/install/openvla_ros_interface/lib/python3.10/site-packages/openvla_ros_interface/openvla_multiscaling_ik.py to openvla_multiscaling_ik.cpython-310.pyc
[2.573s] running install_data
[2.573s] creating /home/yolo/Desktop/Ros2/Dofbot2/install/openvla_ros_interface/share/ament_index/resource_index/packages
[2.574s] copying resource/openvla_ros_interface -> /home/yolo/Desktop/Ros2/Dofbot2/install/openvla_ros_interface/share/ament_index/resource_index/packages
[2.574s] copying package.xml -> /home/yolo/Desktop/Ros2/Dofbot2/install/openvla_ros_interface/share/openvla_ros_interface
[2.574s] running install_egg_info
[2.615s] Copying ../../build/openvla_ros_interface/openvla_ros_interface.egg-info to /home/yolo/Desktop/Ros2/Dofbot2/install/openvla_ros_interface/lib/python3.10/site-packages/openvla_ros_interface-0.0.0-py3.10.egg-info
[2.618s] running install_scripts
[2.709s] Installing openvla_ik script to /home/yolo/Desktop/Ros2/Dofbot2/install/openvla_ros_interface/lib/openvla_ros_interface
[2.709s] Installing openvla_multiscaling_ik script to /home/yolo/Desktop/Ros2/Dofbot2/install/openvla_ros_interface/lib/openvla_ros_interface
[2.710s] writing list of installed files to '/home/yolo/Desktop/Ros2/Dofbot2/build/openvla_ros_interface/install.log'
[2.752s] Invoked command in '/home/yolo/Desktop/Ros2/Dofbot2/src/openvla_ros_interface' returned '0': PYTHONPATH=/home/yolo/Desktop/Ros2/Dofbot2/build/openvla_ros_interface/prefix_override:/usr/lib/python3/dist-packages/colcon_core/task/python/colcon_distutils_commands:/home/yolo/Desktop/Ros2/Dofbot2/install/openvla_ros_interface/lib/python3.10/site-packages:${PYTHONPATH} /usr/bin/python3 -W ignore:setup.py install is deprecated -W ignore:easy_install command is deprecated setup.py egg_info --egg-base ../../build/openvla_ros_interface build --build-base /home/yolo/Desktop/Ros2/Dofbot2/build/openvla_ros_interface/build install --record /home/yolo/Desktop/Ros2/Dofbot2/build/openvla_ros_interface/install.log --single-version-externally-managed install_data
