[0.026s] Invoking command in '/home/yolo/Desktop/Ros2/Dofbot2/build/cr5_bringup': CMAKE_PREFIX_PATH=/home/yolo/Desktop/Ros2/Dofbot2/install/dobot_msgs_v4:/home/yolo/Desktop/Ros2/Dofbot2/install/dofbot_moveit:/home/yolo/Desktop/Ros2/Dofbot2/install/dobot_moveit2:/home/yolo/Desktop/Ros2/Dofbot2/install/dofbot_description:/home/yolo/Desktop/Ros2/Dofbot2/install/cr5_bringup:/home/yolo/Desktop/Ros2/Dofbot2/install/record_dataset_cr5:/home/yolo/Desktop/Ros2/Dofbot2/install/openvla_ros_interface:/home/yolo/Desktop/Ros2/Dofbot2/install/dobot_teleop:/opt/ros/humble /home/yolo/.local/bin/cmake --build /home/yolo/Desktop/Ros2/Dofbot2/build/cr5_bringup -- -j12 -l12
[0.269s] [ 25%] Built target joystick_control_node
[0.296s] [ 37%] [32mBuilding CXX object CMakeFiles/cr5_bringup_node.dir/src/command.cpp.o[0m
[5.972s] [ 50%] [1m[32mLinking CXX executable cr5_bringup_node[0m
[9.675s] [100%] Built target cr5_bringup_node
[9.686s] Invoked command in '/home/yolo/Desktop/Ros2/Dofbot2/build/cr5_bringup' returned '0': CMAKE_PREFIX_PATH=/home/yolo/Desktop/Ros2/Dofbot2/install/dobot_msgs_v4:/home/yolo/Desktop/Ros2/Dofbot2/install/dofbot_moveit:/home/yolo/Desktop/Ros2/Dofbot2/install/dobot_moveit2:/home/yolo/Desktop/Ros2/Dofbot2/install/dofbot_description:/home/yolo/Desktop/Ros2/Dofbot2/install/cr5_bringup:/home/yolo/Desktop/Ros2/Dofbot2/install/record_dataset_cr5:/home/yolo/Desktop/Ros2/Dofbot2/install/openvla_ros_interface:/home/yolo/Desktop/Ros2/Dofbot2/install/dobot_teleop:/opt/ros/humble /home/yolo/.local/bin/cmake --build /home/yolo/Desktop/Ros2/Dofbot2/build/cr5_bringup -- -j12 -l12
[9.688s] Invoking command in '/home/yolo/Desktop/Ros2/Dofbot2/build/cr5_bringup': CMAKE_PREFIX_PATH=/home/yolo/Desktop/Ros2/Dofbot2/install/dobot_msgs_v4:/home/yolo/Desktop/Ros2/Dofbot2/install/dofbot_moveit:/home/yolo/Desktop/Ros2/Dofbot2/install/dobot_moveit2:/home/yolo/Desktop/Ros2/Dofbot2/install/dofbot_description:/home/yolo/Desktop/Ros2/Dofbot2/install/cr5_bringup:/home/yolo/Desktop/Ros2/Dofbot2/install/record_dataset_cr5:/home/yolo/Desktop/Ros2/Dofbot2/install/openvla_ros_interface:/home/yolo/Desktop/Ros2/Dofbot2/install/dobot_teleop:/opt/ros/humble /home/yolo/.local/bin/cmake --install /home/yolo/Desktop/Ros2/Dofbot2/build/cr5_bringup
[9.745s] -- Install configuration: ""
[9.745s] -- Up-to-date: /home/yolo/Desktop/Ros2/Dofbot2/install/cr5_bringup/lib/cr5_bringup/joystick_control_node
[9.746s] -- Installing: /home/yolo/Desktop/Ros2/Dofbot2/install/cr5_bringup/lib/cr5_bringup/cr5_bringup_node
[9.777s] -- Set non-toolchain portion of runtime path of "/home/yolo/Desktop/Ros2/Dofbot2/install/cr5_bringup/lib/cr5_bringup/cr5_bringup_node" to ""
[9.777s] -- Up-to-date: /home/yolo/Desktop/Ros2/Dofbot2/install/cr5_bringup/include/
[9.777s] -- Up-to-date: /home/yolo/Desktop/Ros2/Dofbot2/install/cr5_bringup/include//dobot_bringup
[9.777s] -- Up-to-date: /home/yolo/Desktop/Ros2/Dofbot2/install/cr5_bringup/include//dobot_bringup/tcp_socket.h
[9.777s] -- Up-to-date: /home/yolo/Desktop/Ros2/Dofbot2/install/cr5_bringup/include//dobot_bringup/cr_robot_ros2.h
[9.777s] -- Up-to-date: /home/yolo/Desktop/Ros2/Dofbot2/install/cr5_bringup/include//dobot_bringup/command.h
[9.777s] -- Up-to-date: /home/yolo/Desktop/Ros2/Dofbot2/install/cr5_bringup/include//dobot_bringup/parseTool.h
[9.777s] -- Up-to-date: /home/yolo/Desktop/Ros2/Dofbot2/install/cr5_bringup/include//joystick_control.hpp
[9.777s] -- Up-to-date: /home/yolo/Desktop/Ros2/Dofbot2/install/cr5_bringup/share/cr5_bringup/launch
[9.777s] -- Up-to-date: /home/yolo/Desktop/Ros2/Dofbot2/install/cr5_bringup/share/cr5_bringup/launch/joystick.launch.py
[9.777s] -- Up-to-date: /home/yolo/Desktop/Ros2/Dofbot2/install/cr5_bringup/share/cr5_bringup/launch/cr5_bringup.launch.py
[9.777s] -- Up-to-date: /home/yolo/Desktop/Ros2/Dofbot2/install/cr5_bringup/share/cr5_bringup/config
[9.777s] -- Up-to-date: /home/yolo/Desktop/Ros2/Dofbot2/install/cr5_bringup/share/cr5_bringup/config/joy.yaml
[9.777s] -- Up-to-date: /home/yolo/Desktop/Ros2/Dofbot2/install/cr5_bringup/share/cr5_bringup/config/param.json
[9.777s] -- Up-to-date: /home/yolo/Desktop/Ros2/Dofbot2/install/cr5_bringup/share/ament_index/resource_index/package_run_dependencies/cr5_bringup
[9.778s] -- Up-to-date: /home/yolo/Desktop/Ros2/Dofbot2/install/cr5_bringup/share/ament_index/resource_index/parent_prefix_path/cr5_bringup
[9.778s] -- Up-to-date: /home/yolo/Desktop/Ros2/Dofbot2/install/cr5_bringup/share/cr5_bringup/environment/ament_prefix_path.sh
[9.778s] -- Up-to-date: /home/yolo/Desktop/Ros2/Dofbot2/install/cr5_bringup/share/cr5_bringup/environment/ament_prefix_path.dsv
[9.778s] -- Up-to-date: /home/yolo/Desktop/Ros2/Dofbot2/install/cr5_bringup/share/cr5_bringup/environment/path.sh
[9.778s] -- Up-to-date: /home/yolo/Desktop/Ros2/Dofbot2/install/cr5_bringup/share/cr5_bringup/environment/path.dsv
[9.778s] -- Up-to-date: /home/yolo/Desktop/Ros2/Dofbot2/install/cr5_bringup/share/cr5_bringup/local_setup.bash
[9.778s] -- Up-to-date: /home/yolo/Desktop/Ros2/Dofbot2/install/cr5_bringup/share/cr5_bringup/local_setup.sh
[9.778s] -- Up-to-date: /home/yolo/Desktop/Ros2/Dofbot2/install/cr5_bringup/share/cr5_bringup/local_setup.zsh
[9.778s] -- Up-to-date: /home/yolo/Desktop/Ros2/Dofbot2/install/cr5_bringup/share/cr5_bringup/local_setup.dsv
[9.778s] -- Installing: /home/yolo/Desktop/Ros2/Dofbot2/install/cr5_bringup/share/cr5_bringup/package.dsv
[9.778s] -- Up-to-date: /home/yolo/Desktop/Ros2/Dofbot2/install/cr5_bringup/share/ament_index/resource_index/packages/cr5_bringup
[9.778s] -- Up-to-date: /home/yolo/Desktop/Ros2/Dofbot2/install/cr5_bringup/share/cr5_bringup/cmake/cr5_bringupConfig.cmake
[9.778s] -- Up-to-date: /home/yolo/Desktop/Ros2/Dofbot2/install/cr5_bringup/share/cr5_bringup/cmake/cr5_bringupConfig-version.cmake
[9.778s] -- Up-to-date: /home/yolo/Desktop/Ros2/Dofbot2/install/cr5_bringup/share/cr5_bringup/package.xml
[9.779s] Invoked command in '/home/yolo/Desktop/Ros2/Dofbot2/build/cr5_bringup' returned '0': CMAKE_PREFIX_PATH=/home/yolo/Desktop/Ros2/Dofbot2/install/dobot_msgs_v4:/home/yolo/Desktop/Ros2/Dofbot2/install/dofbot_moveit:/home/yolo/Desktop/Ros2/Dofbot2/install/dobot_moveit2:/home/yolo/Desktop/Ros2/Dofbot2/install/dofbot_description:/home/yolo/Desktop/Ros2/Dofbot2/install/cr5_bringup:/home/yolo/Desktop/Ros2/Dofbot2/install/record_dataset_cr5:/home/yolo/Desktop/Ros2/Dofbot2/install/openvla_ros_interface:/home/yolo/Desktop/Ros2/Dofbot2/install/dobot_teleop:/opt/ros/humble /home/yolo/.local/bin/cmake --install /home/yolo/Desktop/Ros2/Dofbot2/build/cr5_bringup
