[1.690s] Invoking command in '/home/om/OpenVla_cr5/src/openvla_ros_interface': PYTHONPATH=/home/om/OpenVla_cr5/build/openvla_ros_interface/prefix_override:/usr/lib/python3/dist-packages/colcon_core/task/python/colcon_distutils_commands:/home/om/OpenVla_cr5/install/openvla_ros_interface/lib/python3.10/site-packages:${PYTHONPATH} /usr/bin/python3 -W ignore:setup.py install is deprecated -W ignore:easy_install command is deprecated setup.py egg_info --egg-base ../../build/openvla_ros_interface build --build-base /home/om/OpenVla_cr5/build/openvla_ros_interface/build install --record /home/om/OpenVla_cr5/build/openvla_ros_interface/install.log --single-version-externally-managed install_data
[2.260s] running egg_info
[2.261s] writing ../../build/openvla_ros_interface/openvla_ros_interface.egg-info/PKG-INFO
[2.261s] writing dependency_links to ../../build/openvla_ros_interface/openvla_ros_interface.egg-info/dependency_links.txt
[2.262s] writing entry points to ../../build/openvla_ros_interface/openvla_ros_interface.egg-info/entry_points.txt
[2.262s] writing requirements to ../../build/openvla_ros_interface/openvla_ros_interface.egg-info/requires.txt
[2.262s] writing top-level names to ../../build/openvla_ros_interface/openvla_ros_interface.egg-info/top_level.txt
[2.266s] reading manifest file '../../build/openvla_ros_interface/openvla_ros_interface.egg-info/SOURCES.txt'
[2.268s] writing manifest file '../../build/openvla_ros_interface/openvla_ros_interface.egg-info/SOURCES.txt'
[2.268s] running build
[2.268s] running build_py
[2.269s] running install
[2.269s] running install_lib
[2.272s] running install_data
[2.272s] running install_egg_info
[2.276s] removing '/home/om/OpenVla_cr5/install/openvla_ros_interface/lib/python3.10/site-packages/openvla_ros_interface-0.0.0-py3.10.egg-info' (and everything under it)
[2.276s] Copying ../../build/openvla_ros_interface/openvla_ros_interface.egg-info to /home/om/OpenVla_cr5/install/openvla_ros_interface/lib/python3.10/site-packages/openvla_ros_interface-0.0.0-py3.10.egg-info
[2.278s] running install_scripts
[2.321s] writing list of installed files to '/home/om/OpenVla_cr5/build/openvla_ros_interface/install.log'
[2.371s] Invoked command in '/home/om/OpenVla_cr5/src/openvla_ros_interface' returned '0': PYTHONPATH=/home/om/OpenVla_cr5/build/openvla_ros_interface/prefix_override:/usr/lib/python3/dist-packages/colcon_core/task/python/colcon_distutils_commands:/home/om/OpenVla_cr5/install/openvla_ros_interface/lib/python3.10/site-packages:${PYTHONPATH} /usr/bin/python3 -W ignore:setup.py install is deprecated -W ignore:easy_install command is deprecated setup.py egg_info --egg-base ../../build/openvla_ros_interface build --build-base /home/om/OpenVla_cr5/build/openvla_ros_interface/build install --record /home/om/OpenVla_cr5/build/openvla_ros_interface/install.log --single-version-externally-managed install_data
