[0.010s] Invoking command in '/home/yolo/Desktop/Ros2/Dofbot2/build/dobot_moveit2': AMENT_PREFIX_PATH=/home/yolo/Desktop/Ros2/Dofbot2/install/dofbot_description:${AMENT_PREFIX_PATH} CMAKE_PREFIX_PATH=/home/yolo/Desktop/Ros2/Dofbot2/install/dofbot_description:/opt/ros/humble /home/yolo/.local/bin/cmake /home/yolo/Desktop/Ros2/Dofbot2/src/dobot_moveit2 -DCMAKE_INSTALL_PREFIX=/home/yolo/Desktop/Ros2/Dofbot2/install/dobot_moveit2
[0.252s] -- The C compiler identification is GNU 11.4.0
[0.396s] -- The CXX compiler identification is GNU 11.4.0
[0.416s] -- Detecting C compiler ABI info
[0.521s] -- Detecting C compiler ABI info - done
[0.550s] -- Check for working C compiler: /usr/bin/cc - skipped
[0.550s] -- Detecting C compile features
[0.550s] -- Detecting C compile features - done
[0.573s] -- Detecting CXX compiler ABI info
[0.684s] -- Detecting CXX compiler ABI info - done
[0.708s] -- Check for working CXX compiler: /usr/bin/c++ - skipped
[0.708s] -- Detecting CXX compile features
[0.709s] -- Detecting CXX compile features - done
[0.725s] -- Found ament_cmake: 1.3.12 (/opt/ros/humble/share/ament_cmake/cmake)
[0.977s] -- Found Python3: /usr/bin/python3 (found version "3.10.12") found components: Interpreter
[1.268s] -- Configuring done (1.1s)
[1.275s] -- Generating done (0.0s)
[1.277s] -- Build files have been written to: /home/yolo/Desktop/Ros2/Dofbot2/build/dobot_moveit2
[1.288s] Invoked command in '/home/yolo/Desktop/Ros2/Dofbot2/build/dobot_moveit2' returned '0': AMENT_PREFIX_PATH=/home/yolo/Desktop/Ros2/Dofbot2/install/dofbot_description:${AMENT_PREFIX_PATH} CMAKE_PREFIX_PATH=/home/yolo/Desktop/Ros2/Dofbot2/install/dofbot_description:/opt/ros/humble /home/yolo/.local/bin/cmake /home/yolo/Desktop/Ros2/Dofbot2/src/dobot_moveit2 -DCMAKE_INSTALL_PREFIX=/home/yolo/Desktop/Ros2/Dofbot2/install/dobot_moveit2
[1.292s] Invoking command in '/home/yolo/Desktop/Ros2/Dofbot2/build/dobot_moveit2': AMENT_PREFIX_PATH=/home/yolo/Desktop/Ros2/Dofbot2/install/dofbot_description:${AMENT_PREFIX_PATH} CMAKE_PREFIX_PATH=/home/yolo/Desktop/Ros2/Dofbot2/install/dofbot_description:/opt/ros/humble /home/yolo/.local/bin/cmake --build /home/yolo/Desktop/Ros2/Dofbot2/build/dobot_moveit2 -- -j12 -l12
[1.421s] Invoked command in '/home/yolo/Desktop/Ros2/Dofbot2/build/dobot_moveit2' returned '0': AMENT_PREFIX_PATH=/home/yolo/Desktop/Ros2/Dofbot2/install/dofbot_description:${AMENT_PREFIX_PATH} CMAKE_PREFIX_PATH=/home/yolo/Desktop/Ros2/Dofbot2/install/dofbot_description:/opt/ros/humble /home/yolo/.local/bin/cmake --build /home/yolo/Desktop/Ros2/Dofbot2/build/dobot_moveit2 -- -j12 -l12
[1.423s] Invoking command in '/home/yolo/Desktop/Ros2/Dofbot2/build/dobot_moveit2': AMENT_PREFIX_PATH=/home/yolo/Desktop/Ros2/Dofbot2/install/dofbot_description:${AMENT_PREFIX_PATH} CMAKE_PREFIX_PATH=/home/yolo/Desktop/Ros2/Dofbot2/install/dofbot_description:/opt/ros/humble /home/yolo/.local/bin/cmake --install /home/yolo/Desktop/Ros2/Dofbot2/build/dobot_moveit2
[1.588s] -- Install configuration: ""
[1.588s] -- Installing: /home/yolo/Desktop/Ros2/Dofbot2/install/dobot_moveit2/share/ament_index/resource_index/package_run_dependencies/dobot_moveit2
[1.589s] -- Installing: /home/yolo/Desktop/Ros2/Dofbot2/install/dobot_moveit2/share/ament_index/resource_index/parent_prefix_path/dobot_moveit2
[1.590s] -- Installing: /home/yolo/Desktop/Ros2/Dofbot2/install/dobot_moveit2/share/dobot_moveit2/environment/ament_prefix_path.sh
[1.590s] -- Installing: /home/yolo/Desktop/Ros2/Dofbot2/install/dobot_moveit2/share/dobot_moveit2/environment/ament_prefix_path.dsv
[1.591s] -- Installing: /home/yolo/Desktop/Ros2/Dofbot2/install/dobot_moveit2/share/dobot_moveit2/environment/path.sh
[1.591s] -- Installing: /home/yolo/Desktop/Ros2/Dofbot2/install/dobot_moveit2/share/dobot_moveit2/environment/path.dsv
[1.591s] -- Installing: /home/yolo/Desktop/Ros2/Dofbot2/install/dobot_moveit2/share/dobot_moveit2/local_setup.bash
[1.591s] -- Installing: /home/yolo/Desktop/Ros2/Dofbot2/install/dobot_moveit2/share/dobot_moveit2/local_setup.sh
[1.592s] -- Installing: /home/yolo/Desktop/Ros2/Dofbot2/install/dobot_moveit2/share/dobot_moveit2/local_setup.zsh
[1.592s] -- Installing: /home/yolo/Desktop/Ros2/Dofbot2/install/dobot_moveit2/share/dobot_moveit2/local_setup.dsv
[1.592s] -- Installing: /home/yolo/Desktop/Ros2/Dofbot2/install/dobot_moveit2/share/dobot_moveit2/package.dsv
[1.593s] -- Installing: /home/yolo/Desktop/Ros2/Dofbot2/install/dobot_moveit2/share/ament_index/resource_index/packages/dobot_moveit2
[1.593s] -- Installing: /home/yolo/Desktop/Ros2/Dofbot2/install/dobot_moveit2/share/dobot_moveit2/cmake/dobot_moveit2Config.cmake
[1.593s] -- Installing: /home/yolo/Desktop/Ros2/Dofbot2/install/dobot_moveit2/share/dobot_moveit2/cmake/dobot_moveit2Config-version.cmake
[1.593s] -- Installing: /home/yolo/Desktop/Ros2/Dofbot2/install/dobot_moveit2/share/dobot_moveit2/package.xml
[1.594s] -- Installing: /home/yolo/Desktop/Ros2/Dofbot2/install/dobot_moveit2/share/dobot_moveit2/launch
[1.601s] -- Installing: /home/yolo/Desktop/Ros2/Dofbot2/install/dobot_moveit2/share/dobot_moveit2/launch/demo.launch.py
[1.601s] -- Installing: /home/yolo/Desktop/Ros2/Dofbot2/install/dobot_moveit2/share/dobot_moveit2/launch/move_group.launch.py
[1.602s] -- Installing: /home/yolo/Desktop/Ros2/Dofbot2/install/dobot_moveit2/share/dobot_moveit2/launch/static_virtual_joint_tfs.launch.py
[1.602s] -- Installing: /home/yolo/Desktop/Ros2/Dofbot2/install/dobot_moveit2/share/dobot_moveit2/launch/launch_moveit.launch.py
[1.602s] -- Installing: /home/yolo/Desktop/Ros2/Dofbot2/install/dobot_moveit2/share/dobot_moveit2/launch/spawn_controllers.launch.py
[1.603s] -- Installing: /home/yolo/Desktop/Ros2/Dofbot2/install/dobot_moveit2/share/dobot_moveit2/launch/rsp.launch.py
[1.603s] -- Installing: /home/yolo/Desktop/Ros2/Dofbot2/install/dobot_moveit2/share/dobot_moveit2/launch/setup_assistant.launch.py
[1.603s] -- Installing: /home/yolo/Desktop/Ros2/Dofbot2/install/dobot_moveit2/share/dobot_moveit2/launch/warehouse_db.launch.py
[1.604s] -- Installing: /home/yolo/Desktop/Ros2/Dofbot2/install/dobot_moveit2/share/dobot_moveit2/launch/moveit_rviz.launch.py
[1.604s] -- Installing: /home/yolo/Desktop/Ros2/Dofbot2/install/dobot_moveit2/share/dobot_moveit2/config
[1.604s] -- Installing: /home/yolo/Desktop/Ros2/Dofbot2/install/dobot_moveit2/share/dobot_moveit2/config/joint_limits.yaml
[1.605s] -- Installing: /home/yolo/Desktop/Ros2/Dofbot2/install/dobot_moveit2/share/dobot_moveit2/config/moveit_controllers.yaml
[1.605s] -- Installing: /home/yolo/Desktop/Ros2/Dofbot2/install/dobot_moveit2/share/dobot_moveit2/config/cr5_robot.urdf.xacro
[1.605s] -- Installing: /home/yolo/Desktop/Ros2/Dofbot2/install/dobot_moveit2/share/dobot_moveit2/config/pilz_cartesian_limits.yaml
[1.606s] -- Installing: /home/yolo/Desktop/Ros2/Dofbot2/install/dobot_moveit2/share/dobot_moveit2/config/cr5_robot.srdf
[1.606s] -- Installing: /home/yolo/Desktop/Ros2/Dofbot2/install/dobot_moveit2/share/dobot_moveit2/config/sensors_3d.yaml
[1.607s] -- Installing: /home/yolo/Desktop/Ros2/Dofbot2/install/dobot_moveit2/share/dobot_moveit2/config/cr5_robot.ros2_control.xacro
[1.607s] -- Installing: /home/yolo/Desktop/Ros2/Dofbot2/install/dobot_moveit2/share/dobot_moveit2/config/initial_positions.yaml
[1.607s] -- Installing: /home/yolo/Desktop/Ros2/Dofbot2/install/dobot_moveit2/share/dobot_moveit2/config/moveit.rviz
[1.608s] -- Installing: /home/yolo/Desktop/Ros2/Dofbot2/install/dobot_moveit2/share/dobot_moveit2/config/kinematics.yaml
[1.608s] -- Installing: /home/yolo/Desktop/Ros2/Dofbot2/install/dobot_moveit2/share/dobot_moveit2/.setup_assistant
[1.611s] Invoked command in '/home/yolo/Desktop/Ros2/Dofbot2/build/dobot_moveit2' returned '0': AMENT_PREFIX_PATH=/home/yolo/Desktop/Ros2/Dofbot2/install/dofbot_description:${AMENT_PREFIX_PATH} CMAKE_PREFIX_PATH=/home/yolo/Desktop/Ros2/Dofbot2/install/dofbot_description:/opt/ros/humble /home/yolo/.local/bin/cmake --install /home/yolo/Desktop/Ros2/Dofbot2/build/dobot_moveit2
