[0.207s] DEBUG:colcon:Command line arguments: ['/usr/bin/colcon', 'build']
[0.208s] DEBUG:colcon:Parsed command line arguments: Namespace(log_base=None, log_level=None, verb_name='build', build_base='build', install_base='install', merge_install=False, symlink_install=False, test_result_base=None, continue_on_error=False, executor='parallel', parallel_workers=12, event_handlers=None, ignore_user_meta=False, metas=['./colcon.meta'], base_paths=['.'], packages_ignore=None, packages_ignore_regex=None, paths=None, packages_up_to=None, packages_up_to_regex=None, packages_above=None, packages_above_and_dependencies=None, packages_above_depth=None, packages_select_by_dep=None, packages_skip_by_dep=None, packages_skip_up_to=None, packages_select_build_failed=False, packages_skip_build_finished=False, packages_select_test_failures=False, packages_skip_test_passed=False, packages_select=None, packages_skip=None, packages_select_regex=None, packages_skip_regex=None, packages_start=None, packages_end=None, allow_overriding=[], cmake_args=None, cmake_target=None, cmake_target_skip_unavailable=False, cmake_clean_cache=False, cmake_clean_first=False, cmake_force_configure=False, ament_cmake_args=None, catkin_cmake_args=None, catkin_skip_building_tests=False, mixin_files=None, mixin=None, verb_parser=<colcon_mixin.mixin.mixin_argument.MixinArgumentDecorator object at 0x725d1db446d0>, verb_extension=<colcon_core.verb.build.BuildVerb object at 0x725d1dabe140>, main=<bound method BuildVerb.main of <colcon_core.verb.build.BuildVerb object at 0x725d1dabe140>>, mixin_verb=('build',))
[0.288s] Level 1:colcon.colcon_core.package_discovery:discover_packages(colcon_meta) check parameters
[0.288s] Level 1:colcon.colcon_core.package_discovery:discover_packages(recursive) check parameters
[0.288s] Level 1:colcon.colcon_core.package_discovery:discover_packages(ignore) check parameters
[0.288s] Level 1:colcon.colcon_core.package_discovery:discover_packages(path) check parameters
[0.289s] Level 1:colcon.colcon_core.package_discovery:discover_packages(colcon_meta) discover
[0.289s] Level 1:colcon.colcon_core.package_discovery:discover_packages(recursive) discover
[0.289s] INFO:colcon.colcon_core.package_discovery:Crawling recursively for packages in '/home/yolo/Desktop/Ros2/Dofbot2'
[0.289s] Level 1:colcon.colcon_core.package_identification:_identify(.) by extensions ['ignore', 'ignore_ament_install']
[0.289s] Level 1:colcon.colcon_core.package_identification:_identify(.) by extension 'ignore'
[0.289s] Level 1:colcon.colcon_core.package_identification:_identify(.) by extension 'ignore_ament_install'
[0.289s] Level 1:colcon.colcon_core.package_identification:_identify(.) by extensions ['colcon_pkg']
[0.290s] Level 1:colcon.colcon_core.package_identification:_identify(.) by extension 'colcon_pkg'
[0.290s] Level 1:colcon.colcon_core.package_identification:_identify(.) by extensions ['colcon_meta']
[0.290s] Level 1:colcon.colcon_core.package_identification:_identify(.) by extension 'colcon_meta'
[0.290s] Level 1:colcon.colcon_core.package_identification:_identify(.) by extensions ['ros']
[0.290s] Level 1:colcon.colcon_core.package_identification:_identify(.) by extension 'ros'
[0.320s] Level 1:colcon.colcon_core.package_identification:_identify(.) by extensions ['cmake', 'python']
[0.320s] Level 1:colcon.colcon_core.package_identification:_identify(.) by extension 'cmake'
[0.320s] Level 1:colcon.colcon_core.package_identification:_identify(.) by extension 'python'
[0.321s] Level 1:colcon.colcon_core.package_identification:_identify(.) by extensions ['python_setup_py']
[0.321s] Level 1:colcon.colcon_core.package_identification:_identify(.) by extension 'python_setup_py'
[0.321s] Level 1:colcon.colcon_core.package_identification:_identify(build) by extensions ['ignore', 'ignore_ament_install']
[0.321s] Level 1:colcon.colcon_core.package_identification:_identify(build) by extension 'ignore'
[0.321s] Level 1:colcon.colcon_core.package_identification:_identify(build) ignored
[0.322s] Level 1:colcon.colcon_core.package_identification:_identify(install) by extensions ['ignore', 'ignore_ament_install']
[0.322s] Level 1:colcon.colcon_core.package_identification:_identify(install) by extension 'ignore'
[0.322s] Level 1:colcon.colcon_core.package_identification:_identify(install) ignored
[0.322s] Level 1:colcon.colcon_core.package_identification:_identify(log) by extensions ['ignore', 'ignore_ament_install']
[0.322s] Level 1:colcon.colcon_core.package_identification:_identify(log) by extension 'ignore'
[0.322s] Level 1:colcon.colcon_core.package_identification:_identify(log) ignored
[0.323s] Level 1:colcon.colcon_core.package_identification:_identify(src) by extensions ['ignore', 'ignore_ament_install']
[0.323s] Level 1:colcon.colcon_core.package_identification:_identify(src) by extension 'ignore'
[0.323s] Level 1:colcon.colcon_core.package_identification:_identify(src) by extension 'ignore_ament_install'
[0.323s] Level 1:colcon.colcon_core.package_identification:_identify(src) by extensions ['colcon_pkg']
[0.323s] Level 1:colcon.colcon_core.package_identification:_identify(src) by extension 'colcon_pkg'
[0.323s] Level 1:colcon.colcon_core.package_identification:_identify(src) by extensions ['colcon_meta']
[0.323s] Level 1:colcon.colcon_core.package_identification:_identify(src) by extension 'colcon_meta'
[0.323s] Level 1:colcon.colcon_core.package_identification:_identify(src) by extensions ['ros']
[0.323s] Level 1:colcon.colcon_core.package_identification:_identify(src) by extension 'ros'
[0.324s] Level 1:colcon.colcon_core.package_identification:_identify(src) by extensions ['cmake', 'python']
[0.324s] Level 1:colcon.colcon_core.package_identification:_identify(src) by extension 'cmake'
[0.324s] Level 1:colcon.colcon_core.package_identification:_identify(src) by extension 'python'
[0.324s] Level 1:colcon.colcon_core.package_identification:_identify(src) by extensions ['python_setup_py']
[0.324s] Level 1:colcon.colcon_core.package_identification:_identify(src) by extension 'python_setup_py'
[0.324s] Level 1:colcon.colcon_core.package_identification:_identify(src/cr5_bringup) by extensions ['ignore', 'ignore_ament_install']
[0.324s] Level 1:colcon.colcon_core.package_identification:_identify(src/cr5_bringup) by extension 'ignore'
[0.325s] Level 1:colcon.colcon_core.package_identification:_identify(src/cr5_bringup) by extension 'ignore_ament_install'
[0.325s] Level 1:colcon.colcon_core.package_identification:_identify(src/cr5_bringup) by extensions ['colcon_pkg']
[0.325s] Level 1:colcon.colcon_core.package_identification:_identify(src/cr5_bringup) by extension 'colcon_pkg'
[0.325s] Level 1:colcon.colcon_core.package_identification:_identify(src/cr5_bringup) by extensions ['colcon_meta']
[0.325s] Level 1:colcon.colcon_core.package_identification:_identify(src/cr5_bringup) by extension 'colcon_meta'
[0.325s] Level 1:colcon.colcon_core.package_identification:_identify(src/cr5_bringup) by extensions ['ros']
[0.325s] Level 1:colcon.colcon_core.package_identification:_identify(src/cr5_bringup) by extension 'ros'
[0.330s] DEBUG:colcon.colcon_core.package_identification:Package 'src/cr5_bringup' with type 'ros.ament_cmake' and name 'cr5_bringup'
[0.330s] Level 1:colcon.colcon_core.package_identification:_identify(src/dobot_moveit2) by extensions ['ignore', 'ignore_ament_install']
[0.330s] Level 1:colcon.colcon_core.package_identification:_identify(src/dobot_moveit2) by extension 'ignore'
[0.330s] Level 1:colcon.colcon_core.package_identification:_identify(src/dobot_moveit2) by extension 'ignore_ament_install'
[0.330s] Level 1:colcon.colcon_core.package_identification:_identify(src/dobot_moveit2) by extensions ['colcon_pkg']
[0.330s] Level 1:colcon.colcon_core.package_identification:_identify(src/dobot_moveit2) by extension 'colcon_pkg'
[0.330s] Level 1:colcon.colcon_core.package_identification:_identify(src/dobot_moveit2) by extensions ['colcon_meta']
[0.330s] Level 1:colcon.colcon_core.package_identification:_identify(src/dobot_moveit2) by extension 'colcon_meta'
[0.330s] Level 1:colcon.colcon_core.package_identification:_identify(src/dobot_moveit2) by extensions ['ros']
[0.331s] Level 1:colcon.colcon_core.package_identification:_identify(src/dobot_moveit2) by extension 'ros'
[0.332s] DEBUG:colcon.colcon_core.package_identification:Package 'src/dobot_moveit2' with type 'ros.ament_cmake' and name 'dobot_moveit2'
[0.332s] Level 1:colcon.colcon_core.package_identification:_identify(src/dobot_msgs_v4) by extensions ['ignore', 'ignore_ament_install']
[0.332s] Level 1:colcon.colcon_core.package_identification:_identify(src/dobot_msgs_v4) by extension 'ignore'
[0.332s] Level 1:colcon.colcon_core.package_identification:_identify(src/dobot_msgs_v4) by extension 'ignore_ament_install'
[0.332s] Level 1:colcon.colcon_core.package_identification:_identify(src/dobot_msgs_v4) by extensions ['colcon_pkg']
[0.332s] Level 1:colcon.colcon_core.package_identification:_identify(src/dobot_msgs_v4) by extension 'colcon_pkg'
[0.332s] Level 1:colcon.colcon_core.package_identification:_identify(src/dobot_msgs_v4) by extensions ['colcon_meta']
[0.332s] Level 1:colcon.colcon_core.package_identification:_identify(src/dobot_msgs_v4) by extension 'colcon_meta'
[0.332s] Level 1:colcon.colcon_core.package_identification:_identify(src/dobot_msgs_v4) by extensions ['ros']
[0.332s] Level 1:colcon.colcon_core.package_identification:_identify(src/dobot_msgs_v4) by extension 'ros'
[0.333s] DEBUG:colcon.colcon_core.package_identification:Package 'src/dobot_msgs_v4' with type 'ros.ament_cmake' and name 'dobot_msgs_v4'
[0.333s] Level 1:colcon.colcon_core.package_identification:_identify(src/dofbot_description) by extensions ['ignore', 'ignore_ament_install']
[0.334s] Level 1:colcon.colcon_core.package_identification:_identify(src/dofbot_description) by extension 'ignore'
[0.334s] Level 1:colcon.colcon_core.package_identification:_identify(src/dofbot_description) by extension 'ignore_ament_install'
[0.334s] Level 1:colcon.colcon_core.package_identification:_identify(src/dofbot_description) by extensions ['colcon_pkg']
[0.334s] Level 1:colcon.colcon_core.package_identification:_identify(src/dofbot_description) by extension 'colcon_pkg'
[0.334s] Level 1:colcon.colcon_core.package_identification:_identify(src/dofbot_description) by extensions ['colcon_meta']
[0.334s] Level 1:colcon.colcon_core.package_identification:_identify(src/dofbot_description) by extension 'colcon_meta'
[0.334s] Level 1:colcon.colcon_core.package_identification:_identify(src/dofbot_description) by extensions ['ros']
[0.334s] Level 1:colcon.colcon_core.package_identification:_identify(src/dofbot_description) by extension 'ros'
[0.335s] DEBUG:colcon.colcon_core.package_identification:Package 'src/dofbot_description' with type 'ros.ament_cmake' and name 'dofbot_description'
[0.335s] Level 1:colcon.colcon_core.package_identification:_identify(src/dofbot_moveit) by extensions ['ignore', 'ignore_ament_install']
[0.335s] Level 1:colcon.colcon_core.package_identification:_identify(src/dofbot_moveit) by extension 'ignore'
[0.335s] Level 1:colcon.colcon_core.package_identification:_identify(src/dofbot_moveit) by extension 'ignore_ament_install'
[0.335s] Level 1:colcon.colcon_core.package_identification:_identify(src/dofbot_moveit) by extensions ['colcon_pkg']
[0.335s] Level 1:colcon.colcon_core.package_identification:_identify(src/dofbot_moveit) by extension 'colcon_pkg'
[0.335s] Level 1:colcon.colcon_core.package_identification:_identify(src/dofbot_moveit) by extensions ['colcon_meta']
[0.335s] Level 1:colcon.colcon_core.package_identification:_identify(src/dofbot_moveit) by extension 'colcon_meta'
[0.335s] Level 1:colcon.colcon_core.package_identification:_identify(src/dofbot_moveit) by extensions ['ros']
[0.335s] Level 1:colcon.colcon_core.package_identification:_identify(src/dofbot_moveit) by extension 'ros'
[0.336s] DEBUG:colcon.colcon_core.package_identification:Package 'src/dofbot_moveit' with type 'ros.ament_cmake' and name 'dofbot_moveit'
[0.336s] Level 1:colcon.colcon_core.package_identification:_identify(src/openvla_ros_interface) by extensions ['ignore', 'ignore_ament_install']
[0.336s] Level 1:colcon.colcon_core.package_identification:_identify(src/openvla_ros_interface) by extension 'ignore'
[0.336s] Level 1:colcon.colcon_core.package_identification:_identify(src/openvla_ros_interface) by extension 'ignore_ament_install'
[0.336s] Level 1:colcon.colcon_core.package_identification:_identify(src/openvla_ros_interface) by extensions ['colcon_pkg']
[0.336s] Level 1:colcon.colcon_core.package_identification:_identify(src/openvla_ros_interface) by extension 'colcon_pkg'
[0.336s] Level 1:colcon.colcon_core.package_identification:_identify(src/openvla_ros_interface) by extensions ['colcon_meta']
[0.336s] Level 1:colcon.colcon_core.package_identification:_identify(src/openvla_ros_interface) by extension 'colcon_meta'
[0.336s] Level 1:colcon.colcon_core.package_identification:_identify(src/openvla_ros_interface) by extensions ['ros']
[0.337s] Level 1:colcon.colcon_core.package_identification:_identify(src/openvla_ros_interface) by extension 'ros'
[0.337s] DEBUG:colcon.colcon_core.package_identification:Package 'src/openvla_ros_interface' with type 'ros.ament_python' and name 'openvla_ros_interface'
[0.337s] Level 1:colcon.colcon_core.package_identification:_identify(src/record_dataset_cr5) by extensions ['ignore', 'ignore_ament_install']
[0.338s] Level 1:colcon.colcon_core.package_identification:_identify(src/record_dataset_cr5) by extension 'ignore'
[0.338s] Level 1:colcon.colcon_core.package_identification:_identify(src/record_dataset_cr5) by extension 'ignore_ament_install'
[0.338s] Level 1:colcon.colcon_core.package_identification:_identify(src/record_dataset_cr5) by extensions ['colcon_pkg']
[0.338s] Level 1:colcon.colcon_core.package_identification:_identify(src/record_dataset_cr5) by extension 'colcon_pkg'
[0.338s] Level 1:colcon.colcon_core.package_identification:_identify(src/record_dataset_cr5) by extensions ['colcon_meta']
[0.338s] Level 1:colcon.colcon_core.package_identification:_identify(src/record_dataset_cr5) by extension 'colcon_meta'
[0.338s] Level 1:colcon.colcon_core.package_identification:_identify(src/record_dataset_cr5) by extensions ['ros']
[0.338s] Level 1:colcon.colcon_core.package_identification:_identify(src/record_dataset_cr5) by extension 'ros'
[0.339s] DEBUG:colcon.colcon_core.package_identification:Package 'src/record_dataset_cr5' with type 'ros.ament_python' and name 'record_dataset_cr5'
[0.339s] Level 1:colcon.colcon_core.package_discovery:discover_packages(recursive) using defaults
[0.339s] Level 1:colcon.colcon_core.package_discovery:discover_packages(ignore) discover
[0.339s] Level 1:colcon.colcon_core.package_discovery:discover_packages(ignore) using defaults
[0.339s] Level 1:colcon.colcon_core.package_discovery:discover_packages(path) discover
[0.339s] Level 1:colcon.colcon_core.package_discovery:discover_packages(path) using defaults
[0.376s] Level 1:colcon.colcon_core.package_discovery:discover_packages(prefix_path) check parameters
[0.376s] Level 1:colcon.colcon_core.package_discovery:discover_packages(prefix_path) discover
[0.383s] DEBUG:colcon.colcon_installed_package_information.package_discovery:Found 395 installed packages in /opt/ros/humble
[0.387s] Level 1:colcon.colcon_core.package_discovery:discover_packages(prefix_path) using defaults
[0.495s] Level 5:colcon.colcon_core.verb:set package 'dobot_msgs_v4' build argument 'cmake_args' from command line to 'None'
[0.495s] Level 5:colcon.colcon_core.verb:set package 'dobot_msgs_v4' build argument 'cmake_target' from command line to 'None'
[0.495s] Level 5:colcon.colcon_core.verb:set package 'dobot_msgs_v4' build argument 'cmake_target_skip_unavailable' from command line to 'False'
[0.495s] Level 5:colcon.colcon_core.verb:set package 'dobot_msgs_v4' build argument 'cmake_clean_cache' from command line to 'False'
[0.495s] Level 5:colcon.colcon_core.verb:set package 'dobot_msgs_v4' build argument 'cmake_clean_first' from command line to 'False'
[0.496s] Level 5:colcon.colcon_core.verb:set package 'dobot_msgs_v4' build argument 'cmake_force_configure' from command line to 'False'
[0.496s] Level 5:colcon.colcon_core.verb:set package 'dobot_msgs_v4' build argument 'ament_cmake_args' from command line to 'None'
[0.496s] Level 5:colcon.colcon_core.verb:set package 'dobot_msgs_v4' build argument 'catkin_cmake_args' from command line to 'None'
[0.496s] Level 5:colcon.colcon_core.verb:set package 'dobot_msgs_v4' build argument 'catkin_skip_building_tests' from command line to 'False'
[0.496s] DEBUG:colcon.colcon_core.verb:Building package 'dobot_msgs_v4' with the following arguments: {'ament_cmake_args': None, 'build_base': '/home/yolo/Desktop/Ros2/Dofbot2/build/dobot_msgs_v4', 'catkin_cmake_args': None, 'catkin_skip_building_tests': False, 'cmake_args': None, 'cmake_clean_cache': False, 'cmake_clean_first': False, 'cmake_force_configure': False, 'cmake_target': None, 'cmake_target_skip_unavailable': False, 'install_base': '/home/yolo/Desktop/Ros2/Dofbot2/install/dobot_msgs_v4', 'merge_install': False, 'path': '/home/yolo/Desktop/Ros2/Dofbot2/src/dobot_msgs_v4', 'symlink_install': False, 'test_result_base': None}
[0.497s] Level 5:colcon.colcon_core.verb:set package 'dofbot_description' build argument 'cmake_args' from command line to 'None'
[0.497s] Level 5:colcon.colcon_core.verb:set package 'dofbot_description' build argument 'cmake_target' from command line to 'None'
[0.497s] Level 5:colcon.colcon_core.verb:set package 'dofbot_description' build argument 'cmake_target_skip_unavailable' from command line to 'False'
[0.497s] Level 5:colcon.colcon_core.verb:set package 'dofbot_description' build argument 'cmake_clean_cache' from command line to 'False'
[0.497s] Level 5:colcon.colcon_core.verb:set package 'dofbot_description' build argument 'cmake_clean_first' from command line to 'False'
[0.497s] Level 5:colcon.colcon_core.verb:set package 'dofbot_description' build argument 'cmake_force_configure' from command line to 'False'
[0.497s] Level 5:colcon.colcon_core.verb:set package 'dofbot_description' build argument 'ament_cmake_args' from command line to 'None'
[0.497s] Level 5:colcon.colcon_core.verb:set package 'dofbot_description' build argument 'catkin_cmake_args' from command line to 'None'
[0.497s] Level 5:colcon.colcon_core.verb:set package 'dofbot_description' build argument 'catkin_skip_building_tests' from command line to 'False'
[0.497s] DEBUG:colcon.colcon_core.verb:Building package 'dofbot_description' with the following arguments: {'ament_cmake_args': None, 'build_base': '/home/yolo/Desktop/Ros2/Dofbot2/build/dofbot_description', 'catkin_cmake_args': None, 'catkin_skip_building_tests': False, 'cmake_args': None, 'cmake_clean_cache': False, 'cmake_clean_first': False, 'cmake_force_configure': False, 'cmake_target': None, 'cmake_target_skip_unavailable': False, 'install_base': '/home/yolo/Desktop/Ros2/Dofbot2/install/dofbot_description', 'merge_install': False, 'path': '/home/yolo/Desktop/Ros2/Dofbot2/src/dofbot_description', 'symlink_install': False, 'test_result_base': None}
[0.498s] Level 5:colcon.colcon_core.verb:set package 'dofbot_moveit' build argument 'cmake_args' from command line to 'None'
[0.498s] Level 5:colcon.colcon_core.verb:set package 'dofbot_moveit' build argument 'cmake_target' from command line to 'None'
[0.498s] Level 5:colcon.colcon_core.verb:set package 'dofbot_moveit' build argument 'cmake_target_skip_unavailable' from command line to 'False'
[0.499s] Level 5:colcon.colcon_core.verb:set package 'dofbot_moveit' build argument 'cmake_clean_cache' from command line to 'False'
[0.499s] Level 5:colcon.colcon_core.verb:set package 'dofbot_moveit' build argument 'cmake_clean_first' from command line to 'False'
[0.499s] Level 5:colcon.colcon_core.verb:set package 'dofbot_moveit' build argument 'cmake_force_configure' from command line to 'False'
[0.499s] Level 5:colcon.colcon_core.verb:set package 'dofbot_moveit' build argument 'ament_cmake_args' from command line to 'None'
[0.499s] Level 5:colcon.colcon_core.verb:set package 'dofbot_moveit' build argument 'catkin_cmake_args' from command line to 'None'
[0.499s] Level 5:colcon.colcon_core.verb:set package 'dofbot_moveit' build argument 'catkin_skip_building_tests' from command line to 'False'
[0.499s] DEBUG:colcon.colcon_core.verb:Building package 'dofbot_moveit' with the following arguments: {'ament_cmake_args': None, 'build_base': '/home/yolo/Desktop/Ros2/Dofbot2/build/dofbot_moveit', 'catkin_cmake_args': None, 'catkin_skip_building_tests': False, 'cmake_args': None, 'cmake_clean_cache': False, 'cmake_clean_first': False, 'cmake_force_configure': False, 'cmake_target': None, 'cmake_target_skip_unavailable': False, 'install_base': '/home/yolo/Desktop/Ros2/Dofbot2/install/dofbot_moveit', 'merge_install': False, 'path': '/home/yolo/Desktop/Ros2/Dofbot2/src/dofbot_moveit', 'symlink_install': False, 'test_result_base': None}
[0.500s] Level 5:colcon.colcon_core.verb:set package 'openvla_ros_interface' build argument 'cmake_args' from command line to 'None'
[0.500s] Level 5:colcon.colcon_core.verb:set package 'openvla_ros_interface' build argument 'cmake_target' from command line to 'None'
[0.500s] Level 5:colcon.colcon_core.verb:set package 'openvla_ros_interface' build argument 'cmake_target_skip_unavailable' from command line to 'False'
[0.500s] Level 5:colcon.colcon_core.verb:set package 'openvla_ros_interface' build argument 'cmake_clean_cache' from command line to 'False'
[0.500s] Level 5:colcon.colcon_core.verb:set package 'openvla_ros_interface' build argument 'cmake_clean_first' from command line to 'False'
[0.500s] Level 5:colcon.colcon_core.verb:set package 'openvla_ros_interface' build argument 'cmake_force_configure' from command line to 'False'
[0.500s] Level 5:colcon.colcon_core.verb:set package 'openvla_ros_interface' build argument 'ament_cmake_args' from command line to 'None'
[0.500s] Level 5:colcon.colcon_core.verb:set package 'openvla_ros_interface' build argument 'catkin_cmake_args' from command line to 'None'
[0.500s] Level 5:colcon.colcon_core.verb:set package 'openvla_ros_interface' build argument 'catkin_skip_building_tests' from command line to 'False'
[0.500s] DEBUG:colcon.colcon_core.verb:Building package 'openvla_ros_interface' with the following arguments: {'ament_cmake_args': None, 'build_base': '/home/yolo/Desktop/Ros2/Dofbot2/build/openvla_ros_interface', 'catkin_cmake_args': None, 'catkin_skip_building_tests': False, 'cmake_args': None, 'cmake_clean_cache': False, 'cmake_clean_first': False, 'cmake_force_configure': False, 'cmake_target': None, 'cmake_target_skip_unavailable': False, 'install_base': '/home/yolo/Desktop/Ros2/Dofbot2/install/openvla_ros_interface', 'merge_install': False, 'path': '/home/yolo/Desktop/Ros2/Dofbot2/src/openvla_ros_interface', 'symlink_install': False, 'test_result_base': None}
[0.501s] Level 5:colcon.colcon_core.verb:set package 'record_dataset_cr5' build argument 'cmake_args' from command line to 'None'
[0.501s] Level 5:colcon.colcon_core.verb:set package 'record_dataset_cr5' build argument 'cmake_target' from command line to 'None'
[0.501s] Level 5:colcon.colcon_core.verb:set package 'record_dataset_cr5' build argument 'cmake_target_skip_unavailable' from command line to 'False'
[0.501s] Level 5:colcon.colcon_core.verb:set package 'record_dataset_cr5' build argument 'cmake_clean_cache' from command line to 'False'
[0.501s] Level 5:colcon.colcon_core.verb:set package 'record_dataset_cr5' build argument 'cmake_clean_first' from command line to 'False'
[0.501s] Level 5:colcon.colcon_core.verb:set package 'record_dataset_cr5' build argument 'cmake_force_configure' from command line to 'False'
[0.501s] Level 5:colcon.colcon_core.verb:set package 'record_dataset_cr5' build argument 'ament_cmake_args' from command line to 'None'
[0.502s] Level 5:colcon.colcon_core.verb:set package 'record_dataset_cr5' build argument 'catkin_cmake_args' from command line to 'None'
[0.502s] Level 5:colcon.colcon_core.verb:set package 'record_dataset_cr5' build argument 'catkin_skip_building_tests' from command line to 'False'
[0.502s] DEBUG:colcon.colcon_core.verb:Building package 'record_dataset_cr5' with the following arguments: {'ament_cmake_args': None, 'build_base': '/home/yolo/Desktop/Ros2/Dofbot2/build/record_dataset_cr5', 'catkin_cmake_args': None, 'catkin_skip_building_tests': False, 'cmake_args': None, 'cmake_clean_cache': False, 'cmake_clean_first': False, 'cmake_force_configure': False, 'cmake_target': None, 'cmake_target_skip_unavailable': False, 'install_base': '/home/yolo/Desktop/Ros2/Dofbot2/install/record_dataset_cr5', 'merge_install': False, 'path': '/home/yolo/Desktop/Ros2/Dofbot2/src/record_dataset_cr5', 'symlink_install': False, 'test_result_base': None}
[0.502s] Level 5:colcon.colcon_core.verb:set package 'cr5_bringup' build argument 'cmake_args' from command line to 'None'
[0.502s] Level 5:colcon.colcon_core.verb:set package 'cr5_bringup' build argument 'cmake_target' from command line to 'None'
[0.503s] Level 5:colcon.colcon_core.verb:set package 'cr5_bringup' build argument 'cmake_target_skip_unavailable' from command line to 'False'
[0.503s] Level 5:colcon.colcon_core.verb:set package 'cr5_bringup' build argument 'cmake_clean_cache' from command line to 'False'
[0.503s] Level 5:colcon.colcon_core.verb:set package 'cr5_bringup' build argument 'cmake_clean_first' from command line to 'False'
[0.503s] Level 5:colcon.colcon_core.verb:set package 'cr5_bringup' build argument 'cmake_force_configure' from command line to 'False'
[0.503s] Level 5:colcon.colcon_core.verb:set package 'cr5_bringup' build argument 'ament_cmake_args' from command line to 'None'
[0.503s] Level 5:colcon.colcon_core.verb:set package 'cr5_bringup' build argument 'catkin_cmake_args' from command line to 'None'
[0.503s] Level 5:colcon.colcon_core.verb:set package 'cr5_bringup' build argument 'catkin_skip_building_tests' from command line to 'False'
[0.503s] DEBUG:colcon.colcon_core.verb:Building package 'cr5_bringup' with the following arguments: {'ament_cmake_args': None, 'build_base': '/home/yolo/Desktop/Ros2/Dofbot2/build/cr5_bringup', 'catkin_cmake_args': None, 'catkin_skip_building_tests': False, 'cmake_args': None, 'cmake_clean_cache': False, 'cmake_clean_first': False, 'cmake_force_configure': False, 'cmake_target': None, 'cmake_target_skip_unavailable': False, 'install_base': '/home/yolo/Desktop/Ros2/Dofbot2/install/cr5_bringup', 'merge_install': False, 'path': '/home/yolo/Desktop/Ros2/Dofbot2/src/cr5_bringup', 'symlink_install': False, 'test_result_base': None}
[0.504s] Level 5:colcon.colcon_core.verb:set package 'dobot_moveit2' build argument 'cmake_args' from command line to 'None'
[0.504s] Level 5:colcon.colcon_core.verb:set package 'dobot_moveit2' build argument 'cmake_target' from command line to 'None'
[0.504s] Level 5:colcon.colcon_core.verb:set package 'dobot_moveit2' build argument 'cmake_target_skip_unavailable' from command line to 'False'
[0.504s] Level 5:colcon.colcon_core.verb:set package 'dobot_moveit2' build argument 'cmake_clean_cache' from command line to 'False'
[0.504s] Level 5:colcon.colcon_core.verb:set package 'dobot_moveit2' build argument 'cmake_clean_first' from command line to 'False'
[0.504s] Level 5:colcon.colcon_core.verb:set package 'dobot_moveit2' build argument 'cmake_force_configure' from command line to 'False'
[0.504s] Level 5:colcon.colcon_core.verb:set package 'dobot_moveit2' build argument 'ament_cmake_args' from command line to 'None'
[0.504s] Level 5:colcon.colcon_core.verb:set package 'dobot_moveit2' build argument 'catkin_cmake_args' from command line to 'None'
[0.504s] Level 5:colcon.colcon_core.verb:set package 'dobot_moveit2' build argument 'catkin_skip_building_tests' from command line to 'False'
[0.504s] DEBUG:colcon.colcon_core.verb:Building package 'dobot_moveit2' with the following arguments: {'ament_cmake_args': None, 'build_base': '/home/yolo/Desktop/Ros2/Dofbot2/build/dobot_moveit2', 'catkin_cmake_args': None, 'catkin_skip_building_tests': False, 'cmake_args': None, 'cmake_clean_cache': False, 'cmake_clean_first': False, 'cmake_force_configure': False, 'cmake_target': None, 'cmake_target_skip_unavailable': False, 'install_base': '/home/yolo/Desktop/Ros2/Dofbot2/install/dobot_moveit2', 'merge_install': False, 'path': '/home/yolo/Desktop/Ros2/Dofbot2/src/dobot_moveit2', 'symlink_install': False, 'test_result_base': None}
[0.505s] INFO:colcon.colcon_core.executor:Executing jobs using 'parallel' executor
[0.506s] DEBUG:colcon.colcon_parallel_executor.executor.parallel:run_until_complete
[0.507s] INFO:colcon.colcon_ros.task.ament_cmake.build:Building ROS package in '/home/yolo/Desktop/Ros2/Dofbot2/src/dobot_msgs_v4' with build type 'ament_cmake'
[0.507s] INFO:colcon.colcon_cmake.task.cmake.build:Building CMake package in '/home/yolo/Desktop/Ros2/Dofbot2/src/dobot_msgs_v4'
[0.512s] INFO:colcon.colcon_core.plugin_system:Skipping extension 'colcon_core.shell.bat': Not used on non-Windows systems
[0.513s] INFO:colcon.colcon_core.shell:Skip shell extension 'powershell' for command environment: Not usable outside of PowerShell
[0.513s] DEBUG:colcon.colcon_core.shell:Skip shell extension 'dsv' for command environment
[0.520s] INFO:colcon.colcon_ros.task.ament_cmake.build:Building ROS package in '/home/yolo/Desktop/Ros2/Dofbot2/src/dofbot_description' with build type 'ament_cmake'
[0.521s] INFO:colcon.colcon_cmake.task.cmake.build:Building CMake package in '/home/yolo/Desktop/Ros2/Dofbot2/src/dofbot_description'
[0.521s] INFO:colcon.colcon_core.shell:Skip shell extension 'powershell' for command environment: Not usable outside of PowerShell
[0.522s] DEBUG:colcon.colcon_core.shell:Skip shell extension 'dsv' for command environment
[0.528s] INFO:colcon.colcon_ros.task.ament_cmake.build:Building ROS package in '/home/yolo/Desktop/Ros2/Dofbot2/src/dofbot_moveit' with build type 'ament_cmake'
[0.528s] INFO:colcon.colcon_cmake.task.cmake.build:Building CMake package in '/home/yolo/Desktop/Ros2/Dofbot2/src/dofbot_moveit'
[0.529s] INFO:colcon.colcon_core.shell:Skip shell extension 'powershell' for command environment: Not usable outside of PowerShell
[0.529s] DEBUG:colcon.colcon_core.shell:Skip shell extension 'dsv' for command environment
[0.534s] INFO:colcon.colcon_ros.task.ament_python.build:Building ROS package in '/home/yolo/Desktop/Ros2/Dofbot2/src/openvla_ros_interface' with build type 'ament_python'
[0.534s] Level 1:colcon.colcon_core.shell:create_environment_hook('openvla_ros_interface', 'ament_prefix_path')
[0.534s] INFO:colcon.colcon_core.shell:Creating environment hook '/home/yolo/Desktop/Ros2/Dofbot2/install/openvla_ros_interface/share/openvla_ros_interface/hook/ament_prefix_path.ps1'
[0.535s] INFO:colcon.colcon_core.shell:Creating environment descriptor '/home/yolo/Desktop/Ros2/Dofbot2/install/openvla_ros_interface/share/openvla_ros_interface/hook/ament_prefix_path.dsv'
[0.536s] INFO:colcon.colcon_core.shell:Creating environment hook '/home/yolo/Desktop/Ros2/Dofbot2/install/openvla_ros_interface/share/openvla_ros_interface/hook/ament_prefix_path.sh'
[0.537s] INFO:colcon.colcon_core.shell:Skip shell extension 'powershell' for command environment: Not usable outside of PowerShell
[0.537s] DEBUG:colcon.colcon_core.shell:Skip shell extension 'dsv' for command environment
[0.541s] INFO:colcon.colcon_ros.task.ament_python.build:Building ROS package in '/home/yolo/Desktop/Ros2/Dofbot2/src/record_dataset_cr5' with build type 'ament_python'
[0.541s] Level 1:colcon.colcon_core.shell:create_environment_hook('record_dataset_cr5', 'ament_prefix_path')
[0.542s] INFO:colcon.colcon_core.shell:Creating environment hook '/home/yolo/Desktop/Ros2/Dofbot2/install/record_dataset_cr5/share/record_dataset_cr5/hook/ament_prefix_path.ps1'
[0.542s] INFO:colcon.colcon_core.shell:Creating environment descriptor '/home/yolo/Desktop/Ros2/Dofbot2/install/record_dataset_cr5/share/record_dataset_cr5/hook/ament_prefix_path.dsv'
[0.543s] INFO:colcon.colcon_core.shell:Creating environment hook '/home/yolo/Desktop/Ros2/Dofbot2/install/record_dataset_cr5/share/record_dataset_cr5/hook/ament_prefix_path.sh'
[0.544s] INFO:colcon.colcon_core.shell:Skip shell extension 'powershell' for command environment: Not usable outside of PowerShell
[0.544s] DEBUG:colcon.colcon_core.shell:Skip shell extension 'dsv' for command environment
[0.567s] DEBUG:colcon.colcon_core.event_handler.log_command:Invoking command in '/home/yolo/Desktop/Ros2/Dofbot2/build/dobot_msgs_v4': CMAKE_PREFIX_PATH=/opt/ros/humble /home/yolo/.local/bin/cmake --build /home/yolo/Desktop/Ros2/Dofbot2/build/dobot_msgs_v4 -- -j12 -l12
[0.570s] DEBUG:colcon.colcon_core.event_handler.log_command:Invoking command in '/home/yolo/Desktop/Ros2/Dofbot2/build/dofbot_description': CMAKE_PREFIX_PATH=/opt/ros/humble /home/yolo/.local/bin/cmake --build /home/yolo/Desktop/Ros2/Dofbot2/build/dofbot_description -- -j12 -l12
[0.574s] DEBUG:colcon.colcon_core.event_handler.log_command:Invoking command in '/home/yolo/Desktop/Ros2/Dofbot2/build/dofbot_moveit': CMAKE_PREFIX_PATH=/opt/ros/humble /home/yolo/.local/bin/cmake --build /home/yolo/Desktop/Ros2/Dofbot2/build/dofbot_moveit -- -j12 -l12
[0.979s] INFO:colcon.colcon_core.task.python.build:Building Python package in '/home/yolo/Desktop/Ros2/Dofbot2/src/openvla_ros_interface'
[0.979s] INFO:colcon.colcon_core.shell:Skip shell extension 'powershell' for command environment: Not usable outside of PowerShell
[0.979s] DEBUG:colcon.colcon_core.shell:Skip shell extension 'dsv' for command environment
[1.449s] INFO:colcon.colcon_core.task.python.build:Building Python package in '/home/yolo/Desktop/Ros2/Dofbot2/src/record_dataset_cr5'
[1.450s] INFO:colcon.colcon_core.shell:Skip shell extension 'powershell' for command environment: Not usable outside of PowerShell
[1.450s] DEBUG:colcon.colcon_core.shell:Skip shell extension 'dsv' for command environment
[1.461s] DEBUG:colcon.colcon_core.event_handler.log_command:Invoked command in '/home/yolo/Desktop/Ros2/Dofbot2/build/dofbot_description' returned '0': CMAKE_PREFIX_PATH=/opt/ros/humble /home/yolo/.local/bin/cmake --build /home/yolo/Desktop/Ros2/Dofbot2/build/dofbot_description -- -j12 -l12
[1.593s] DEBUG:colcon.colcon_core.event_handler.log_command:Invoking command in '/home/yolo/Desktop/Ros2/Dofbot2/build/dofbot_description': CMAKE_PREFIX_PATH=/opt/ros/humble /home/yolo/.local/bin/cmake --install /home/yolo/Desktop/Ros2/Dofbot2/build/dofbot_description
[1.594s] DEBUG:colcon.colcon_core.event_handler.log_command:Invoked command in '/home/yolo/Desktop/Ros2/Dofbot2/build/dofbot_moveit' returned '0': CMAKE_PREFIX_PATH=/opt/ros/humble /home/yolo/.local/bin/cmake --build /home/yolo/Desktop/Ros2/Dofbot2/build/dofbot_moveit -- -j12 -l12
[1.596s] DEBUG:colcon.colcon_core.event_handler.log_command:Invoking command in '/home/yolo/Desktop/Ros2/Dofbot2/build/dofbot_moveit': CMAKE_PREFIX_PATH=/opt/ros/humble /home/yolo/.local/bin/cmake --install /home/yolo/Desktop/Ros2/Dofbot2/build/dofbot_moveit
[1.694s] DEBUG:colcon.colcon_core.event_handler.log_command:Invoked command in '/home/yolo/Desktop/Ros2/Dofbot2/build/dobot_msgs_v4' returned '0': CMAKE_PREFIX_PATH=/opt/ros/humble /home/yolo/.local/bin/cmake --build /home/yolo/Desktop/Ros2/Dofbot2/build/dobot_msgs_v4 -- -j12 -l12
[1.697s] DEBUG:colcon.colcon_core.event_handler.log_command:Invoking command in '/home/yolo/Desktop/Ros2/Dofbot2/build/dobot_msgs_v4': CMAKE_PREFIX_PATH=/opt/ros/humble /home/yolo/.local/bin/cmake --install /home/yolo/Desktop/Ros2/Dofbot2/build/dobot_msgs_v4
[1.730s] Level 1:colcon.colcon_core.environment:create_environment_scripts_only(dofbot_moveit)
[1.731s] DEBUG:colcon.colcon_core.event_handler.log_command:Invoked command in '/home/yolo/Desktop/Ros2/Dofbot2/build/dofbot_moveit' returned '0': CMAKE_PREFIX_PATH=/opt/ros/humble /home/yolo/.local/bin/cmake --install /home/yolo/Desktop/Ros2/Dofbot2/build/dofbot_moveit
[1.733s] Level 1:colcon.colcon_core.environment:checking '/home/yolo/Desktop/Ros2/Dofbot2/install/dofbot_moveit' for CMake module files
[1.734s] Level 1:colcon.colcon_core.environment:checking '/home/yolo/Desktop/Ros2/Dofbot2/install/dofbot_moveit' for CMake config files
[1.734s] Level 1:colcon.colcon_core.shell:create_environment_hook('dofbot_moveit', 'cmake_prefix_path')
[1.735s] INFO:colcon.colcon_core.shell:Creating environment hook '/home/yolo/Desktop/Ros2/Dofbot2/install/dofbot_moveit/share/dofbot_moveit/hook/cmake_prefix_path.ps1'
[1.735s] INFO:colcon.colcon_core.shell:Creating environment descriptor '/home/yolo/Desktop/Ros2/Dofbot2/install/dofbot_moveit/share/dofbot_moveit/hook/cmake_prefix_path.dsv'
[1.736s] INFO:colcon.colcon_core.shell:Creating environment hook '/home/yolo/Desktop/Ros2/Dofbot2/install/dofbot_moveit/share/dofbot_moveit/hook/cmake_prefix_path.sh'
[1.737s] Level 1:colcon.colcon_core.environment:checking '/home/yolo/Desktop/Ros2/Dofbot2/install/dofbot_moveit/bin'
[1.737s] Level 1:colcon.colcon_core.environment:checking '/home/yolo/Desktop/Ros2/Dofbot2/install/dofbot_moveit/lib/pkgconfig/dofbot_moveit.pc'
[1.737s] Level 1:colcon.colcon_core.environment:checking '/home/yolo/Desktop/Ros2/Dofbot2/install/dofbot_moveit/lib/python3.10/site-packages'
[1.738s] Level 1:colcon.colcon_core.environment:checking '/home/yolo/Desktop/Ros2/Dofbot2/install/dofbot_moveit/bin'
[1.738s] INFO:colcon.colcon_core.shell:Creating package script '/home/yolo/Desktop/Ros2/Dofbot2/install/dofbot_moveit/share/dofbot_moveit/package.ps1'
[1.740s] INFO:colcon.colcon_core.shell:Creating package descriptor '/home/yolo/Desktop/Ros2/Dofbot2/install/dofbot_moveit/share/dofbot_moveit/package.dsv'
[1.740s] INFO:colcon.colcon_core.shell:Creating package script '/home/yolo/Desktop/Ros2/Dofbot2/install/dofbot_moveit/share/dofbot_moveit/package.sh'
[1.741s] INFO:colcon.colcon_core.shell:Creating package script '/home/yolo/Desktop/Ros2/Dofbot2/install/dofbot_moveit/share/dofbot_moveit/package.bash'
[1.742s] INFO:colcon.colcon_core.shell:Creating package script '/home/yolo/Desktop/Ros2/Dofbot2/install/dofbot_moveit/share/dofbot_moveit/package.zsh'
[1.743s] Level 1:colcon.colcon_core.environment:create_file_with_runtime_dependencies(/home/yolo/Desktop/Ros2/Dofbot2/install/dofbot_moveit/share/colcon-core/packages/dofbot_moveit)
[1.749s] Level 1:colcon.colcon_core.environment:create_environment_scripts_only(dofbot_moveit)
[1.749s] Level 1:colcon.colcon_core.environment:checking '/home/yolo/Desktop/Ros2/Dofbot2/install/dofbot_moveit' for CMake module files
[1.753s] Level 1:colcon.colcon_core.environment:checking '/home/yolo/Desktop/Ros2/Dofbot2/install/dofbot_moveit' for CMake config files
[1.753s] Level 1:colcon.colcon_core.shell:create_environment_hook('dofbot_moveit', 'cmake_prefix_path')
[1.754s] INFO:colcon.colcon_core.shell:Creating environment hook '/home/yolo/Desktop/Ros2/Dofbot2/install/dofbot_moveit/share/dofbot_moveit/hook/cmake_prefix_path.ps1'
[1.755s] INFO:colcon.colcon_core.shell:Creating environment descriptor '/home/yolo/Desktop/Ros2/Dofbot2/install/dofbot_moveit/share/dofbot_moveit/hook/cmake_prefix_path.dsv'
[1.755s] INFO:colcon.colcon_core.shell:Creating environment hook '/home/yolo/Desktop/Ros2/Dofbot2/install/dofbot_moveit/share/dofbot_moveit/hook/cmake_prefix_path.sh'
[1.756s] Level 1:colcon.colcon_core.environment:checking '/home/yolo/Desktop/Ros2/Dofbot2/install/dofbot_moveit/bin'
[1.757s] Level 1:colcon.colcon_core.environment:checking '/home/yolo/Desktop/Ros2/Dofbot2/install/dofbot_moveit/lib/pkgconfig/dofbot_moveit.pc'
[1.757s] Level 1:colcon.colcon_core.environment:checking '/home/yolo/Desktop/Ros2/Dofbot2/install/dofbot_moveit/lib/python3.10/site-packages'
[1.758s] Level 1:colcon.colcon_core.environment:checking '/home/yolo/Desktop/Ros2/Dofbot2/install/dofbot_moveit/bin'
[1.758s] INFO:colcon.colcon_core.shell:Creating package script '/home/yolo/Desktop/Ros2/Dofbot2/install/dofbot_moveit/share/dofbot_moveit/package.ps1'
[1.759s] INFO:colcon.colcon_core.shell:Creating package descriptor '/home/yolo/Desktop/Ros2/Dofbot2/install/dofbot_moveit/share/dofbot_moveit/package.dsv'
[1.760s] INFO:colcon.colcon_core.shell:Creating package script '/home/yolo/Desktop/Ros2/Dofbot2/install/dofbot_moveit/share/dofbot_moveit/package.sh'
[1.761s] INFO:colcon.colcon_core.shell:Creating package script '/home/yolo/Desktop/Ros2/Dofbot2/install/dofbot_moveit/share/dofbot_moveit/package.bash'
[1.762s] INFO:colcon.colcon_core.shell:Creating package script '/home/yolo/Desktop/Ros2/Dofbot2/install/dofbot_moveit/share/dofbot_moveit/package.zsh'
[1.763s] Level 1:colcon.colcon_core.environment:create_file_with_runtime_dependencies(/home/yolo/Desktop/Ros2/Dofbot2/install/dofbot_moveit/share/colcon-core/packages/dofbot_moveit)
[1.764s] Level 1:colcon.colcon_core.environment:create_environment_scripts_only(dofbot_description)
[1.765s] Level 1:colcon.colcon_core.environment:checking '/home/yolo/Desktop/Ros2/Dofbot2/install/dofbot_description' for CMake module files
[1.766s] DEBUG:colcon.colcon_core.event_handler.log_command:Invoked command in '/home/yolo/Desktop/Ros2/Dofbot2/build/dofbot_description' returned '0': CMAKE_PREFIX_PATH=/opt/ros/humble /home/yolo/.local/bin/cmake --install /home/yolo/Desktop/Ros2/Dofbot2/build/dofbot_description
[1.767s] Level 1:colcon.colcon_core.environment:checking '/home/yolo/Desktop/Ros2/Dofbot2/install/dofbot_description' for CMake config files
[1.768s] Level 1:colcon.colcon_core.shell:create_environment_hook('dofbot_description', 'cmake_prefix_path')
[1.768s] INFO:colcon.colcon_core.shell:Creating environment hook '/home/yolo/Desktop/Ros2/Dofbot2/install/dofbot_description/share/dofbot_description/hook/cmake_prefix_path.ps1'
[1.769s] INFO:colcon.colcon_core.shell:Creating environment descriptor '/home/yolo/Desktop/Ros2/Dofbot2/install/dofbot_description/share/dofbot_description/hook/cmake_prefix_path.dsv'
[1.770s] INFO:colcon.colcon_core.shell:Creating environment hook '/home/yolo/Desktop/Ros2/Dofbot2/install/dofbot_description/share/dofbot_description/hook/cmake_prefix_path.sh'
[1.771s] Level 1:colcon.colcon_core.environment:checking '/home/yolo/Desktop/Ros2/Dofbot2/install/dofbot_description/bin'
[1.771s] Level 1:colcon.colcon_core.environment:checking '/home/yolo/Desktop/Ros2/Dofbot2/install/dofbot_description/lib/pkgconfig/dofbot_description.pc'
[1.771s] Level 1:colcon.colcon_core.environment:checking '/home/yolo/Desktop/Ros2/Dofbot2/install/dofbot_description/lib/python3.10/site-packages'
[1.772s] Level 1:colcon.colcon_core.environment:checking '/home/yolo/Desktop/Ros2/Dofbot2/install/dofbot_description/bin'
[1.772s] INFO:colcon.colcon_core.shell:Creating package script '/home/yolo/Desktop/Ros2/Dofbot2/install/dofbot_description/share/dofbot_description/package.ps1'
[1.773s] INFO:colcon.colcon_core.shell:Creating package descriptor '/home/yolo/Desktop/Ros2/Dofbot2/install/dofbot_description/share/dofbot_description/package.dsv'
[1.773s] INFO:colcon.colcon_core.shell:Creating package script '/home/yolo/Desktop/Ros2/Dofbot2/install/dofbot_description/share/dofbot_description/package.sh'
[1.774s] INFO:colcon.colcon_core.shell:Creating package script '/home/yolo/Desktop/Ros2/Dofbot2/install/dofbot_description/share/dofbot_description/package.bash'
[1.774s] INFO:colcon.colcon_core.shell:Creating package script '/home/yolo/Desktop/Ros2/Dofbot2/install/dofbot_description/share/dofbot_description/package.zsh'
[1.775s] Level 1:colcon.colcon_core.environment:create_file_with_runtime_dependencies(/home/yolo/Desktop/Ros2/Dofbot2/install/dofbot_description/share/colcon-core/packages/dofbot_description)
[1.775s] Level 1:colcon.colcon_core.environment:create_environment_scripts_only(dofbot_description)
[1.776s] Level 1:colcon.colcon_core.environment:checking '/home/yolo/Desktop/Ros2/Dofbot2/install/dofbot_description' for CMake module files
[1.776s] Level 1:colcon.colcon_core.environment:checking '/home/yolo/Desktop/Ros2/Dofbot2/install/dofbot_description' for CMake config files
[1.777s] Level 1:colcon.colcon_core.shell:create_environment_hook('dofbot_description', 'cmake_prefix_path')
[1.777s] INFO:colcon.colcon_core.shell:Creating environment hook '/home/yolo/Desktop/Ros2/Dofbot2/install/dofbot_description/share/dofbot_description/hook/cmake_prefix_path.ps1'
[1.778s] INFO:colcon.colcon_core.shell:Creating environment descriptor '/home/yolo/Desktop/Ros2/Dofbot2/install/dofbot_description/share/dofbot_description/hook/cmake_prefix_path.dsv'
[1.778s] INFO:colcon.colcon_core.shell:Creating environment hook '/home/yolo/Desktop/Ros2/Dofbot2/install/dofbot_description/share/dofbot_description/hook/cmake_prefix_path.sh'
[1.779s] Level 1:colcon.colcon_core.environment:checking '/home/yolo/Desktop/Ros2/Dofbot2/install/dofbot_description/bin'
[1.779s] Level 1:colcon.colcon_core.environment:checking '/home/yolo/Desktop/Ros2/Dofbot2/install/dofbot_description/lib/pkgconfig/dofbot_description.pc'
[1.779s] Level 1:colcon.colcon_core.environment:checking '/home/yolo/Desktop/Ros2/Dofbot2/install/dofbot_description/lib/python3.10/site-packages'
[1.780s] Level 1:colcon.colcon_core.environment:checking '/home/yolo/Desktop/Ros2/Dofbot2/install/dofbot_description/bin'
[1.780s] INFO:colcon.colcon_core.shell:Creating package script '/home/yolo/Desktop/Ros2/Dofbot2/install/dofbot_description/share/dofbot_description/package.ps1'
[1.781s] INFO:colcon.colcon_core.shell:Creating package descriptor '/home/yolo/Desktop/Ros2/Dofbot2/install/dofbot_description/share/dofbot_description/package.dsv'
[1.781s] INFO:colcon.colcon_core.shell:Creating package script '/home/yolo/Desktop/Ros2/Dofbot2/install/dofbot_description/share/dofbot_description/package.sh'
[1.782s] INFO:colcon.colcon_core.shell:Creating package script '/home/yolo/Desktop/Ros2/Dofbot2/install/dofbot_description/share/dofbot_description/package.bash'
[1.782s] INFO:colcon.colcon_core.shell:Creating package script '/home/yolo/Desktop/Ros2/Dofbot2/install/dofbot_description/share/dofbot_description/package.zsh'
[1.783s] Level 1:colcon.colcon_core.environment:create_file_with_runtime_dependencies(/home/yolo/Desktop/Ros2/Dofbot2/install/dofbot_description/share/colcon-core/packages/dofbot_description)
[1.783s] INFO:colcon.colcon_ros.task.ament_cmake.build:Building ROS package in '/home/yolo/Desktop/Ros2/Dofbot2/src/dobot_moveit2' with build type 'ament_cmake'
[1.783s] INFO:colcon.colcon_cmake.task.cmake.build:Building CMake package in '/home/yolo/Desktop/Ros2/Dofbot2/src/dobot_moveit2'
[1.784s] INFO:colcon.colcon_core.shell:Skip shell extension 'powershell' for command environment: Not usable outside of PowerShell
[1.784s] DEBUG:colcon.colcon_core.shell:Skip shell extension 'dsv' for command environment
[1.795s] DEBUG:colcon.colcon_core.event_handler.log_command:Invoking command in '/home/yolo/Desktop/Ros2/Dofbot2/build/dobot_moveit2': AMENT_PREFIX_PATH=/home/yolo/Desktop/Ros2/Dofbot2/install/dofbot_description:${AMENT_PREFIX_PATH} CMAKE_PREFIX_PATH=/home/yolo/Desktop/Ros2/Dofbot2/install/dofbot_description:/opt/ros/humble /home/yolo/.local/bin/cmake --build /home/yolo/Desktop/Ros2/Dofbot2/build/dobot_moveit2 -- -j12 -l12
[2.022s] DEBUG:colcon.colcon_core.event_handler.log_command:Invoked command in '/home/yolo/Desktop/Ros2/Dofbot2/build/dobot_moveit2' returned '0': AMENT_PREFIX_PATH=/home/yolo/Desktop/Ros2/Dofbot2/install/dofbot_description:${AMENT_PREFIX_PATH} CMAKE_PREFIX_PATH=/home/yolo/Desktop/Ros2/Dofbot2/install/dofbot_description:/opt/ros/humble /home/yolo/.local/bin/cmake --build /home/yolo/Desktop/Ros2/Dofbot2/build/dobot_moveit2 -- -j12 -l12
[2.023s] DEBUG:colcon.colcon_core.event_handler.log_command:Invoking command in '/home/yolo/Desktop/Ros2/Dofbot2/build/dobot_moveit2': AMENT_PREFIX_PATH=/home/yolo/Desktop/Ros2/Dofbot2/install/dofbot_description:${AMENT_PREFIX_PATH} CMAKE_PREFIX_PATH=/home/yolo/Desktop/Ros2/Dofbot2/install/dofbot_description:/opt/ros/humble /home/yolo/.local/bin/cmake --install /home/yolo/Desktop/Ros2/Dofbot2/build/dobot_moveit2
[2.058s] Level 1:colcon.colcon_core.environment:create_environment_scripts_only(dobot_moveit2)
[2.058s] Level 1:colcon.colcon_core.environment:checking '/home/yolo/Desktop/Ros2/Dofbot2/install/dobot_moveit2' for CMake module files
[2.060s] Level 1:colcon.colcon_core.environment:checking '/home/yolo/Desktop/Ros2/Dofbot2/install/dobot_moveit2' for CMake config files
[2.063s] Level 1:colcon.colcon_core.shell:create_environment_hook('dobot_moveit2', 'cmake_prefix_path')
[2.063s] INFO:colcon.colcon_core.shell:Creating environment hook '/home/yolo/Desktop/Ros2/Dofbot2/install/dobot_moveit2/share/dobot_moveit2/hook/cmake_prefix_path.ps1'
[2.066s] INFO:colcon.colcon_core.shell:Creating environment descriptor '/home/yolo/Desktop/Ros2/Dofbot2/install/dobot_moveit2/share/dobot_moveit2/hook/cmake_prefix_path.dsv'
[2.068s] INFO:colcon.colcon_core.shell:Creating environment hook '/home/yolo/Desktop/Ros2/Dofbot2/install/dobot_moveit2/share/dobot_moveit2/hook/cmake_prefix_path.sh'
[2.070s] Level 1:colcon.colcon_core.environment:checking '/home/yolo/Desktop/Ros2/Dofbot2/install/dobot_moveit2/bin'
[2.070s] Level 1:colcon.colcon_core.environment:checking '/home/yolo/Desktop/Ros2/Dofbot2/install/dobot_moveit2/lib/pkgconfig/dobot_moveit2.pc'
[2.070s] Level 1:colcon.colcon_core.environment:checking '/home/yolo/Desktop/Ros2/Dofbot2/install/dobot_moveit2/lib/python3.10/site-packages'
[2.070s] Level 1:colcon.colcon_core.environment:checking '/home/yolo/Desktop/Ros2/Dofbot2/install/dobot_moveit2/bin'
[2.071s] INFO:colcon.colcon_core.shell:Creating package script '/home/yolo/Desktop/Ros2/Dofbot2/install/dobot_moveit2/share/dobot_moveit2/package.ps1'
[2.073s] INFO:colcon.colcon_core.shell:Creating package descriptor '/home/yolo/Desktop/Ros2/Dofbot2/install/dobot_moveit2/share/dobot_moveit2/package.dsv'
[2.074s] INFO:colcon.colcon_core.shell:Creating package script '/home/yolo/Desktop/Ros2/Dofbot2/install/dobot_moveit2/share/dobot_moveit2/package.sh'
[2.075s] INFO:colcon.colcon_core.shell:Creating package script '/home/yolo/Desktop/Ros2/Dofbot2/install/dobot_moveit2/share/dobot_moveit2/package.bash'
[2.076s] DEBUG:colcon.colcon_core.event_handler.log_command:Invoked command in '/home/yolo/Desktop/Ros2/Dofbot2/build/dobot_moveit2' returned '0': AMENT_PREFIX_PATH=/home/yolo/Desktop/Ros2/Dofbot2/install/dofbot_description:${AMENT_PREFIX_PATH} CMAKE_PREFIX_PATH=/home/yolo/Desktop/Ros2/Dofbot2/install/dofbot_description:/opt/ros/humble /home/yolo/.local/bin/cmake --install /home/yolo/Desktop/Ros2/Dofbot2/build/dobot_moveit2
[2.077s] INFO:colcon.colcon_core.shell:Creating package script '/home/yolo/Desktop/Ros2/Dofbot2/install/dobot_moveit2/share/dobot_moveit2/package.zsh'
[2.077s] Level 1:colcon.colcon_core.environment:create_file_with_runtime_dependencies(/home/yolo/Desktop/Ros2/Dofbot2/install/dobot_moveit2/share/colcon-core/packages/dobot_moveit2)
[2.078s] Level 1:colcon.colcon_core.environment:create_environment_scripts_only(dobot_moveit2)
[2.078s] Level 1:colcon.colcon_core.environment:checking '/home/yolo/Desktop/Ros2/Dofbot2/install/dobot_moveit2' for CMake module files
[2.079s] Level 1:colcon.colcon_core.environment:checking '/home/yolo/Desktop/Ros2/Dofbot2/install/dobot_moveit2' for CMake config files
[2.079s] Level 1:colcon.colcon_core.shell:create_environment_hook('dobot_moveit2', 'cmake_prefix_path')
[2.079s] INFO:colcon.colcon_core.shell:Creating environment hook '/home/yolo/Desktop/Ros2/Dofbot2/install/dobot_moveit2/share/dobot_moveit2/hook/cmake_prefix_path.ps1'
[2.080s] INFO:colcon.colcon_core.shell:Creating environment descriptor '/home/yolo/Desktop/Ros2/Dofbot2/install/dobot_moveit2/share/dobot_moveit2/hook/cmake_prefix_path.dsv'
[2.080s] INFO:colcon.colcon_core.shell:Creating environment hook '/home/yolo/Desktop/Ros2/Dofbot2/install/dobot_moveit2/share/dobot_moveit2/hook/cmake_prefix_path.sh'
[2.081s] Level 1:colcon.colcon_core.environment:checking '/home/yolo/Desktop/Ros2/Dofbot2/install/dobot_moveit2/bin'
[2.081s] Level 1:colcon.colcon_core.environment:checking '/home/yolo/Desktop/Ros2/Dofbot2/install/dobot_moveit2/lib/pkgconfig/dobot_moveit2.pc'
[2.081s] Level 1:colcon.colcon_core.environment:checking '/home/yolo/Desktop/Ros2/Dofbot2/install/dobot_moveit2/lib/python3.10/site-packages'
[2.082s] Level 1:colcon.colcon_core.environment:checking '/home/yolo/Desktop/Ros2/Dofbot2/install/dobot_moveit2/bin'
[2.082s] INFO:colcon.colcon_core.shell:Creating package script '/home/yolo/Desktop/Ros2/Dofbot2/install/dobot_moveit2/share/dobot_moveit2/package.ps1'
[2.083s] INFO:colcon.colcon_core.shell:Creating package descriptor '/home/yolo/Desktop/Ros2/Dofbot2/install/dobot_moveit2/share/dobot_moveit2/package.dsv'
[2.084s] INFO:colcon.colcon_core.shell:Creating package script '/home/yolo/Desktop/Ros2/Dofbot2/install/dobot_moveit2/share/dobot_moveit2/package.sh'
[2.084s] INFO:colcon.colcon_core.shell:Creating package script '/home/yolo/Desktop/Ros2/Dofbot2/install/dobot_moveit2/share/dobot_moveit2/package.bash'
[2.085s] INFO:colcon.colcon_core.shell:Creating package script '/home/yolo/Desktop/Ros2/Dofbot2/install/dobot_moveit2/share/dobot_moveit2/package.zsh'
[2.085s] Level 1:colcon.colcon_core.environment:create_file_with_runtime_dependencies(/home/yolo/Desktop/Ros2/Dofbot2/install/dobot_moveit2/share/colcon-core/packages/dobot_moveit2)
[2.087s] Level 1:colcon.colcon_core.environment:create_environment_scripts_only(dobot_msgs_v4)
[2.087s] Level 1:colcon.colcon_core.environment:checking '/home/yolo/Desktop/Ros2/Dofbot2/install/dobot_msgs_v4' for CMake module files
[2.088s] DEBUG:colcon.colcon_core.event_handler.log_command:Invoked command in '/home/yolo/Desktop/Ros2/Dofbot2/build/dobot_msgs_v4' returned '0': CMAKE_PREFIX_PATH=/opt/ros/humble /home/yolo/.local/bin/cmake --install /home/yolo/Desktop/Ros2/Dofbot2/build/dobot_msgs_v4
[2.088s] Level 1:colcon.colcon_core.environment:checking '/home/yolo/Desktop/Ros2/Dofbot2/install/dobot_msgs_v4' for CMake config files
[2.089s] Level 1:colcon.colcon_core.shell:create_environment_hook('dobot_msgs_v4', 'cmake_prefix_path')
[2.089s] INFO:colcon.colcon_core.shell:Creating environment hook '/home/yolo/Desktop/Ros2/Dofbot2/install/dobot_msgs_v4/share/dobot_msgs_v4/hook/cmake_prefix_path.ps1'
[2.090s] INFO:colcon.colcon_core.shell:Creating environment descriptor '/home/yolo/Desktop/Ros2/Dofbot2/install/dobot_msgs_v4/share/dobot_msgs_v4/hook/cmake_prefix_path.dsv'
[2.090s] INFO:colcon.colcon_core.shell:Creating environment hook '/home/yolo/Desktop/Ros2/Dofbot2/install/dobot_msgs_v4/share/dobot_msgs_v4/hook/cmake_prefix_path.sh'
[2.091s] Level 1:colcon.colcon_core.environment:checking '/home/yolo/Desktop/Ros2/Dofbot2/install/dobot_msgs_v4/lib'
[2.091s] Level 1:colcon.colcon_core.shell:create_environment_hook('dobot_msgs_v4', 'ld_library_path_lib')
[2.091s] INFO:colcon.colcon_core.shell:Creating environment hook '/home/yolo/Desktop/Ros2/Dofbot2/install/dobot_msgs_v4/share/dobot_msgs_v4/hook/ld_library_path_lib.ps1'
[2.092s] INFO:colcon.colcon_core.shell:Creating environment descriptor '/home/yolo/Desktop/Ros2/Dofbot2/install/dobot_msgs_v4/share/dobot_msgs_v4/hook/ld_library_path_lib.dsv'
[2.092s] INFO:colcon.colcon_core.shell:Creating environment hook '/home/yolo/Desktop/Ros2/Dofbot2/install/dobot_msgs_v4/share/dobot_msgs_v4/hook/ld_library_path_lib.sh'
[2.093s] Level 1:colcon.colcon_core.environment:checking '/home/yolo/Desktop/Ros2/Dofbot2/install/dobot_msgs_v4/bin'
[2.093s] Level 1:colcon.colcon_core.environment:checking '/home/yolo/Desktop/Ros2/Dofbot2/install/dobot_msgs_v4/lib/pkgconfig/dobot_msgs_v4.pc'
[2.093s] Level 1:colcon.colcon_core.environment:checking '/home/yolo/Desktop/Ros2/Dofbot2/install/dobot_msgs_v4/lib/python3.10/site-packages'
[2.094s] Level 1:colcon.colcon_core.environment:checking '/home/yolo/Desktop/Ros2/Dofbot2/install/dobot_msgs_v4/bin'
[2.094s] INFO:colcon.colcon_core.shell:Creating package script '/home/yolo/Desktop/Ros2/Dofbot2/install/dobot_msgs_v4/share/dobot_msgs_v4/package.ps1'
[2.095s] INFO:colcon.colcon_core.shell:Creating package descriptor '/home/yolo/Desktop/Ros2/Dofbot2/install/dobot_msgs_v4/share/dobot_msgs_v4/package.dsv'
[2.095s] INFO:colcon.colcon_core.shell:Creating package script '/home/yolo/Desktop/Ros2/Dofbot2/install/dobot_msgs_v4/share/dobot_msgs_v4/package.sh'
[2.096s] INFO:colcon.colcon_core.shell:Creating package script '/home/yolo/Desktop/Ros2/Dofbot2/install/dobot_msgs_v4/share/dobot_msgs_v4/package.bash'
[2.096s] INFO:colcon.colcon_core.shell:Creating package script '/home/yolo/Desktop/Ros2/Dofbot2/install/dobot_msgs_v4/share/dobot_msgs_v4/package.zsh'
[2.097s] Level 1:colcon.colcon_core.environment:create_file_with_runtime_dependencies(/home/yolo/Desktop/Ros2/Dofbot2/install/dobot_msgs_v4/share/colcon-core/packages/dobot_msgs_v4)
[2.098s] Level 1:colcon.colcon_core.environment:create_environment_scripts_only(dobot_msgs_v4)
[2.098s] Level 1:colcon.colcon_core.environment:checking '/home/yolo/Desktop/Ros2/Dofbot2/install/dobot_msgs_v4' for CMake module files
[2.099s] Level 1:colcon.colcon_core.environment:checking '/home/yolo/Desktop/Ros2/Dofbot2/install/dobot_msgs_v4' for CMake config files
[2.100s] Level 1:colcon.colcon_core.shell:create_environment_hook('dobot_msgs_v4', 'cmake_prefix_path')
[2.100s] INFO:colcon.colcon_core.shell:Creating environment hook '/home/yolo/Desktop/Ros2/Dofbot2/install/dobot_msgs_v4/share/dobot_msgs_v4/hook/cmake_prefix_path.ps1'
[2.101s] INFO:colcon.colcon_core.shell:Creating environment descriptor '/home/yolo/Desktop/Ros2/Dofbot2/install/dobot_msgs_v4/share/dobot_msgs_v4/hook/cmake_prefix_path.dsv'
[2.101s] INFO:colcon.colcon_core.shell:Creating environment hook '/home/yolo/Desktop/Ros2/Dofbot2/install/dobot_msgs_v4/share/dobot_msgs_v4/hook/cmake_prefix_path.sh'
[2.102s] Level 1:colcon.colcon_core.environment:checking '/home/yolo/Desktop/Ros2/Dofbot2/install/dobot_msgs_v4/lib'
[2.102s] Level 1:colcon.colcon_core.shell:create_environment_hook('dobot_msgs_v4', 'ld_library_path_lib')
[2.102s] INFO:colcon.colcon_core.shell:Creating environment hook '/home/yolo/Desktop/Ros2/Dofbot2/install/dobot_msgs_v4/share/dobot_msgs_v4/hook/ld_library_path_lib.ps1'
[2.103s] INFO:colcon.colcon_core.shell:Creating environment descriptor '/home/yolo/Desktop/Ros2/Dofbot2/install/dobot_msgs_v4/share/dobot_msgs_v4/hook/ld_library_path_lib.dsv'
[2.103s] INFO:colcon.colcon_core.shell:Creating environment hook '/home/yolo/Desktop/Ros2/Dofbot2/install/dobot_msgs_v4/share/dobot_msgs_v4/hook/ld_library_path_lib.sh'
[2.104s] Level 1:colcon.colcon_core.environment:checking '/home/yolo/Desktop/Ros2/Dofbot2/install/dobot_msgs_v4/bin'
[2.104s] Level 1:colcon.colcon_core.environment:checking '/home/yolo/Desktop/Ros2/Dofbot2/install/dobot_msgs_v4/lib/pkgconfig/dobot_msgs_v4.pc'
[2.104s] Level 1:colcon.colcon_core.environment:checking '/home/yolo/Desktop/Ros2/Dofbot2/install/dobot_msgs_v4/lib/python3.10/site-packages'
[2.105s] Level 1:colcon.colcon_core.environment:checking '/home/yolo/Desktop/Ros2/Dofbot2/install/dobot_msgs_v4/bin'
[2.105s] INFO:colcon.colcon_core.shell:Creating package script '/home/yolo/Desktop/Ros2/Dofbot2/install/dobot_msgs_v4/share/dobot_msgs_v4/package.ps1'
[2.106s] INFO:colcon.colcon_core.shell:Creating package descriptor '/home/yolo/Desktop/Ros2/Dofbot2/install/dobot_msgs_v4/share/dobot_msgs_v4/package.dsv'
[2.106s] INFO:colcon.colcon_core.shell:Creating package script '/home/yolo/Desktop/Ros2/Dofbot2/install/dobot_msgs_v4/share/dobot_msgs_v4/package.sh'
[2.107s] INFO:colcon.colcon_core.shell:Creating package script '/home/yolo/Desktop/Ros2/Dofbot2/install/dobot_msgs_v4/share/dobot_msgs_v4/package.bash'
[2.107s] INFO:colcon.colcon_core.shell:Creating package script '/home/yolo/Desktop/Ros2/Dofbot2/install/dobot_msgs_v4/share/dobot_msgs_v4/package.zsh'
[2.108s] Level 1:colcon.colcon_core.environment:create_file_with_runtime_dependencies(/home/yolo/Desktop/Ros2/Dofbot2/install/dobot_msgs_v4/share/colcon-core/packages/dobot_msgs_v4)
[2.108s] INFO:colcon.colcon_ros.task.ament_cmake.build:Building ROS package in '/home/yolo/Desktop/Ros2/Dofbot2/src/cr5_bringup' with build type 'ament_cmake'
[2.108s] INFO:colcon.colcon_cmake.task.cmake.build:Building CMake package in '/home/yolo/Desktop/Ros2/Dofbot2/src/cr5_bringup'
[2.109s] INFO:colcon.colcon_core.shell:Skip shell extension 'powershell' for command environment: Not usable outside of PowerShell
[2.109s] DEBUG:colcon.colcon_core.shell:Skip shell extension 'dsv' for command environment
[2.124s] DEBUG:colcon.colcon_core.event_handler.log_command:Invoking command in '/home/yolo/Desktop/Ros2/Dofbot2/build/cr5_bringup': AMENT_PREFIX_PATH=/home/yolo/Desktop/Ros2/Dofbot2/install/dobot_msgs_v4:${AMENT_PREFIX_PATH} CMAKE_PREFIX_PATH=/home/yolo/Desktop/Ros2/Dofbot2/install/dobot_msgs_v4:/opt/ros/humble LD_LIBRARY_PATH=/home/yolo/Desktop/Ros2/Dofbot2/install/dobot_msgs_v4/lib:${LD_LIBRARY_PATH} PYTHONPATH=/home/yolo/Desktop/Ros2/Dofbot2/install/dobot_msgs_v4/local/lib/python3.10/dist-packages:${PYTHONPATH} /home/yolo/.local/bin/cmake --build /home/yolo/Desktop/Ros2/Dofbot2/build/cr5_bringup -- -j12 -l12
[2.275s] DEBUG:colcon.colcon_core.event_handler.log_command:Invoking command in '/home/yolo/Desktop/Ros2/Dofbot2/src/record_dataset_cr5': PYTHONPATH=/home/yolo/Desktop/Ros2/Dofbot2/build/record_dataset_cr5/prefix_override:/usr/lib/python3/dist-packages/colcon_core/task/python/colcon_distutils_commands:/home/yolo/Desktop/Ros2/Dofbot2/install/record_dataset_cr5/lib/python3.10/site-packages:${PYTHONPATH} /usr/bin/python3 -W ignore:setup.py install is deprecated -W ignore:easy_install command is deprecated setup.py egg_info --egg-base ../../build/record_dataset_cr5 build --build-base /home/yolo/Desktop/Ros2/Dofbot2/build/record_dataset_cr5/build install --record /home/yolo/Desktop/Ros2/Dofbot2/build/record_dataset_cr5/install.log --single-version-externally-managed install_data
[2.328s] DEBUG:colcon.colcon_core.event_handler.log_command:Invoked command in '/home/yolo/Desktop/Ros2/Dofbot2/build/cr5_bringup' returned '0': AMENT_PREFIX_PATH=/home/yolo/Desktop/Ros2/Dofbot2/install/dobot_msgs_v4:${AMENT_PREFIX_PATH} CMAKE_PREFIX_PATH=/home/yolo/Desktop/Ros2/Dofbot2/install/dobot_msgs_v4:/opt/ros/humble LD_LIBRARY_PATH=/home/yolo/Desktop/Ros2/Dofbot2/install/dobot_msgs_v4/lib:${LD_LIBRARY_PATH} PYTHONPATH=/home/yolo/Desktop/Ros2/Dofbot2/install/dobot_msgs_v4/local/lib/python3.10/dist-packages:${PYTHONPATH} /home/yolo/.local/bin/cmake --build /home/yolo/Desktop/Ros2/Dofbot2/build/cr5_bringup -- -j12 -l12
[2.330s] DEBUG:colcon.colcon_core.event_handler.log_command:Invoking command in '/home/yolo/Desktop/Ros2/Dofbot2/build/cr5_bringup': AMENT_PREFIX_PATH=/home/yolo/Desktop/Ros2/Dofbot2/install/dobot_msgs_v4:${AMENT_PREFIX_PATH} CMAKE_PREFIX_PATH=/home/yolo/Desktop/Ros2/Dofbot2/install/dobot_msgs_v4:/opt/ros/humble LD_LIBRARY_PATH=/home/yolo/Desktop/Ros2/Dofbot2/install/dobot_msgs_v4/lib:${LD_LIBRARY_PATH} PYTHONPATH=/home/yolo/Desktop/Ros2/Dofbot2/install/dobot_msgs_v4/local/lib/python3.10/dist-packages:${PYTHONPATH} /home/yolo/.local/bin/cmake --install /home/yolo/Desktop/Ros2/Dofbot2/build/cr5_bringup
[2.337s] DEBUG:colcon.colcon_core.event_handler.log_command:Invoking command in '/home/yolo/Desktop/Ros2/Dofbot2/src/openvla_ros_interface': PYTHONPATH=/home/yolo/Desktop/Ros2/Dofbot2/build/openvla_ros_interface/prefix_override:/usr/lib/python3/dist-packages/colcon_core/task/python/colcon_distutils_commands:/home/yolo/Desktop/Ros2/Dofbot2/install/openvla_ros_interface/lib/python3.10/site-packages:${PYTHONPATH} /usr/bin/python3 -W ignore:setup.py install is deprecated -W ignore:easy_install command is deprecated setup.py egg_info --egg-base ../../build/openvla_ros_interface build --build-base /home/yolo/Desktop/Ros2/Dofbot2/build/openvla_ros_interface/build install --record /home/yolo/Desktop/Ros2/Dofbot2/build/openvla_ros_interface/install.log --single-version-externally-managed install_data
[2.471s] Level 1:colcon.colcon_core.environment:create_environment_scripts_only(cr5_bringup)
[2.471s] Level 1:colcon.colcon_core.environment:checking '/home/yolo/Desktop/Ros2/Dofbot2/install/cr5_bringup' for CMake module files
[2.472s] DEBUG:colcon.colcon_core.event_handler.log_command:Invoked command in '/home/yolo/Desktop/Ros2/Dofbot2/build/cr5_bringup' returned '0': AMENT_PREFIX_PATH=/home/yolo/Desktop/Ros2/Dofbot2/install/dobot_msgs_v4:${AMENT_PREFIX_PATH} CMAKE_PREFIX_PATH=/home/yolo/Desktop/Ros2/Dofbot2/install/dobot_msgs_v4:/opt/ros/humble LD_LIBRARY_PATH=/home/yolo/Desktop/Ros2/Dofbot2/install/dobot_msgs_v4/lib:${LD_LIBRARY_PATH} PYTHONPATH=/home/yolo/Desktop/Ros2/Dofbot2/install/dobot_msgs_v4/local/lib/python3.10/dist-packages:${PYTHONPATH} /home/yolo/.local/bin/cmake --install /home/yolo/Desktop/Ros2/Dofbot2/build/cr5_bringup
[2.473s] Level 1:colcon.colcon_core.environment:checking '/home/yolo/Desktop/Ros2/Dofbot2/install/cr5_bringup' for CMake config files
[2.473s] Level 1:colcon.colcon_core.shell:create_environment_hook('cr5_bringup', 'cmake_prefix_path')
[2.473s] INFO:colcon.colcon_core.shell:Creating environment hook '/home/yolo/Desktop/Ros2/Dofbot2/install/cr5_bringup/share/cr5_bringup/hook/cmake_prefix_path.ps1'
[2.474s] INFO:colcon.colcon_core.shell:Creating environment descriptor '/home/yolo/Desktop/Ros2/Dofbot2/install/cr5_bringup/share/cr5_bringup/hook/cmake_prefix_path.dsv'
[2.474s] INFO:colcon.colcon_core.shell:Creating environment hook '/home/yolo/Desktop/Ros2/Dofbot2/install/cr5_bringup/share/cr5_bringup/hook/cmake_prefix_path.sh'
[2.475s] Level 1:colcon.colcon_core.environment:checking '/home/yolo/Desktop/Ros2/Dofbot2/install/cr5_bringup/lib'
[2.475s] Level 1:colcon.colcon_core.environment:checking '/home/yolo/Desktop/Ros2/Dofbot2/install/cr5_bringup/bin'
[2.475s] Level 1:colcon.colcon_core.environment:checking '/home/yolo/Desktop/Ros2/Dofbot2/install/cr5_bringup/lib/pkgconfig/cr5_bringup.pc'
[2.475s] Level 1:colcon.colcon_core.environment:checking '/home/yolo/Desktop/Ros2/Dofbot2/install/cr5_bringup/lib/python3.10/site-packages'
[2.476s] Level 1:colcon.colcon_core.environment:checking '/home/yolo/Desktop/Ros2/Dofbot2/install/cr5_bringup/bin'
[2.476s] INFO:colcon.colcon_core.shell:Creating package script '/home/yolo/Desktop/Ros2/Dofbot2/install/cr5_bringup/share/cr5_bringup/package.ps1'
[2.477s] INFO:colcon.colcon_core.shell:Creating package descriptor '/home/yolo/Desktop/Ros2/Dofbot2/install/cr5_bringup/share/cr5_bringup/package.dsv'
[2.477s] INFO:colcon.colcon_core.shell:Creating package script '/home/yolo/Desktop/Ros2/Dofbot2/install/cr5_bringup/share/cr5_bringup/package.sh'
[2.478s] INFO:colcon.colcon_core.shell:Creating package script '/home/yolo/Desktop/Ros2/Dofbot2/install/cr5_bringup/share/cr5_bringup/package.bash'
[2.478s] INFO:colcon.colcon_core.shell:Creating package script '/home/yolo/Desktop/Ros2/Dofbot2/install/cr5_bringup/share/cr5_bringup/package.zsh'
[2.479s] Level 1:colcon.colcon_core.environment:create_file_with_runtime_dependencies(/home/yolo/Desktop/Ros2/Dofbot2/install/cr5_bringup/share/colcon-core/packages/cr5_bringup)
[2.480s] Level 1:colcon.colcon_core.environment:create_environment_scripts_only(cr5_bringup)
[2.480s] Level 1:colcon.colcon_core.environment:checking '/home/yolo/Desktop/Ros2/Dofbot2/install/cr5_bringup' for CMake module files
[2.480s] Level 1:colcon.colcon_core.environment:checking '/home/yolo/Desktop/Ros2/Dofbot2/install/cr5_bringup' for CMake config files
[2.481s] Level 1:colcon.colcon_core.shell:create_environment_hook('cr5_bringup', 'cmake_prefix_path')
[2.481s] INFO:colcon.colcon_core.shell:Creating environment hook '/home/yolo/Desktop/Ros2/Dofbot2/install/cr5_bringup/share/cr5_bringup/hook/cmake_prefix_path.ps1'
[2.481s] INFO:colcon.colcon_core.shell:Creating environment descriptor '/home/yolo/Desktop/Ros2/Dofbot2/install/cr5_bringup/share/cr5_bringup/hook/cmake_prefix_path.dsv'
[2.482s] INFO:colcon.colcon_core.shell:Creating environment hook '/home/yolo/Desktop/Ros2/Dofbot2/install/cr5_bringup/share/cr5_bringup/hook/cmake_prefix_path.sh'
[2.483s] Level 1:colcon.colcon_core.environment:checking '/home/yolo/Desktop/Ros2/Dofbot2/install/cr5_bringup/lib'
[2.483s] Level 1:colcon.colcon_core.environment:checking '/home/yolo/Desktop/Ros2/Dofbot2/install/cr5_bringup/bin'
[2.483s] Level 1:colcon.colcon_core.environment:checking '/home/yolo/Desktop/Ros2/Dofbot2/install/cr5_bringup/lib/pkgconfig/cr5_bringup.pc'
[2.483s] Level 1:colcon.colcon_core.environment:checking '/home/yolo/Desktop/Ros2/Dofbot2/install/cr5_bringup/lib/python3.10/site-packages'
[2.484s] Level 1:colcon.colcon_core.environment:checking '/home/yolo/Desktop/Ros2/Dofbot2/install/cr5_bringup/bin'
[2.484s] INFO:colcon.colcon_core.shell:Creating package script '/home/yolo/Desktop/Ros2/Dofbot2/install/cr5_bringup/share/cr5_bringup/package.ps1'
[2.485s] INFO:colcon.colcon_core.shell:Creating package descriptor '/home/yolo/Desktop/Ros2/Dofbot2/install/cr5_bringup/share/cr5_bringup/package.dsv'
[2.486s] INFO:colcon.colcon_core.shell:Creating package script '/home/yolo/Desktop/Ros2/Dofbot2/install/cr5_bringup/share/cr5_bringup/package.sh'
[2.487s] INFO:colcon.colcon_core.shell:Creating package script '/home/yolo/Desktop/Ros2/Dofbot2/install/cr5_bringup/share/cr5_bringup/package.bash'
[2.487s] INFO:colcon.colcon_core.shell:Creating package script '/home/yolo/Desktop/Ros2/Dofbot2/install/cr5_bringup/share/cr5_bringup/package.zsh'
[2.488s] Level 1:colcon.colcon_core.environment:create_file_with_runtime_dependencies(/home/yolo/Desktop/Ros2/Dofbot2/install/cr5_bringup/share/colcon-core/packages/cr5_bringup)
[2.977s] Level 1:colcon.colcon_core.environment:checking '/home/yolo/Desktop/Ros2/Dofbot2/install/record_dataset_cr5' for CMake module files
[2.978s] DEBUG:colcon.colcon_core.event_handler.log_command:Invoked command in '/home/yolo/Desktop/Ros2/Dofbot2/src/record_dataset_cr5' returned '0': PYTHONPATH=/home/yolo/Desktop/Ros2/Dofbot2/build/record_dataset_cr5/prefix_override:/usr/lib/python3/dist-packages/colcon_core/task/python/colcon_distutils_commands:/home/yolo/Desktop/Ros2/Dofbot2/install/record_dataset_cr5/lib/python3.10/site-packages:${PYTHONPATH} /usr/bin/python3 -W ignore:setup.py install is deprecated -W ignore:easy_install command is deprecated setup.py egg_info --egg-base ../../build/record_dataset_cr5 build --build-base /home/yolo/Desktop/Ros2/Dofbot2/build/record_dataset_cr5/build install --record /home/yolo/Desktop/Ros2/Dofbot2/build/record_dataset_cr5/install.log --single-version-externally-managed install_data
[2.979s] Level 1:colcon.colcon_core.environment:checking '/home/yolo/Desktop/Ros2/Dofbot2/install/record_dataset_cr5' for CMake config files
[2.979s] Level 1:colcon.colcon_core.environment:checking '/home/yolo/Desktop/Ros2/Dofbot2/install/record_dataset_cr5/lib'
[2.979s] Level 1:colcon.colcon_core.environment:checking '/home/yolo/Desktop/Ros2/Dofbot2/install/record_dataset_cr5/bin'
[2.980s] Level 1:colcon.colcon_core.environment:checking '/home/yolo/Desktop/Ros2/Dofbot2/install/record_dataset_cr5/lib/pkgconfig/record_dataset_cr5.pc'
[2.980s] Level 1:colcon.colcon_core.environment:checking '/home/yolo/Desktop/Ros2/Dofbot2/install/record_dataset_cr5/lib/python3.10/site-packages'
[2.980s] Level 1:colcon.colcon_core.shell:create_environment_hook('record_dataset_cr5', 'pythonpath')
[2.980s] INFO:colcon.colcon_core.shell:Creating environment hook '/home/yolo/Desktop/Ros2/Dofbot2/install/record_dataset_cr5/share/record_dataset_cr5/hook/pythonpath.ps1'
[2.981s] INFO:colcon.colcon_core.shell:Creating environment descriptor '/home/yolo/Desktop/Ros2/Dofbot2/install/record_dataset_cr5/share/record_dataset_cr5/hook/pythonpath.dsv'
[2.981s] INFO:colcon.colcon_core.shell:Creating environment hook '/home/yolo/Desktop/Ros2/Dofbot2/install/record_dataset_cr5/share/record_dataset_cr5/hook/pythonpath.sh'
[2.982s] Level 1:colcon.colcon_core.environment:checking '/home/yolo/Desktop/Ros2/Dofbot2/install/record_dataset_cr5/bin'
[2.982s] Level 1:colcon.colcon_core.environment:create_environment_scripts_only(record_dataset_cr5)
[2.982s] INFO:colcon.colcon_core.shell:Creating package script '/home/yolo/Desktop/Ros2/Dofbot2/install/record_dataset_cr5/share/record_dataset_cr5/package.ps1'
[2.983s] INFO:colcon.colcon_core.shell:Creating package descriptor '/home/yolo/Desktop/Ros2/Dofbot2/install/record_dataset_cr5/share/record_dataset_cr5/package.dsv'
[2.984s] INFO:colcon.colcon_core.shell:Creating package script '/home/yolo/Desktop/Ros2/Dofbot2/install/record_dataset_cr5/share/record_dataset_cr5/package.sh'
[2.984s] INFO:colcon.colcon_core.shell:Creating package script '/home/yolo/Desktop/Ros2/Dofbot2/install/record_dataset_cr5/share/record_dataset_cr5/package.bash'
[2.985s] INFO:colcon.colcon_core.shell:Creating package script '/home/yolo/Desktop/Ros2/Dofbot2/install/record_dataset_cr5/share/record_dataset_cr5/package.zsh'
[2.985s] Level 1:colcon.colcon_core.environment:create_file_with_runtime_dependencies(/home/yolo/Desktop/Ros2/Dofbot2/install/record_dataset_cr5/share/colcon-core/packages/record_dataset_cr5)
[3.204s] Level 1:colcon.colcon_core.environment:checking '/home/yolo/Desktop/Ros2/Dofbot2/install/openvla_ros_interface' for CMake module files
[3.205s] DEBUG:colcon.colcon_core.event_handler.log_command:Invoked command in '/home/yolo/Desktop/Ros2/Dofbot2/src/openvla_ros_interface' returned '0': PYTHONPATH=/home/yolo/Desktop/Ros2/Dofbot2/build/openvla_ros_interface/prefix_override:/usr/lib/python3/dist-packages/colcon_core/task/python/colcon_distutils_commands:/home/yolo/Desktop/Ros2/Dofbot2/install/openvla_ros_interface/lib/python3.10/site-packages:${PYTHONPATH} /usr/bin/python3 -W ignore:setup.py install is deprecated -W ignore:easy_install command is deprecated setup.py egg_info --egg-base ../../build/openvla_ros_interface build --build-base /home/yolo/Desktop/Ros2/Dofbot2/build/openvla_ros_interface/build install --record /home/yolo/Desktop/Ros2/Dofbot2/build/openvla_ros_interface/install.log --single-version-externally-managed install_data
[3.205s] Level 1:colcon.colcon_core.environment:checking '/home/yolo/Desktop/Ros2/Dofbot2/install/openvla_ros_interface' for CMake config files
[3.206s] Level 1:colcon.colcon_core.environment:checking '/home/yolo/Desktop/Ros2/Dofbot2/install/openvla_ros_interface/lib'
[3.206s] Level 1:colcon.colcon_core.environment:checking '/home/yolo/Desktop/Ros2/Dofbot2/install/openvla_ros_interface/bin'
[3.206s] Level 1:colcon.colcon_core.environment:checking '/home/yolo/Desktop/Ros2/Dofbot2/install/openvla_ros_interface/lib/pkgconfig/openvla_ros_interface.pc'
[3.207s] Level 1:colcon.colcon_core.environment:checking '/home/yolo/Desktop/Ros2/Dofbot2/install/openvla_ros_interface/lib/python3.10/site-packages'
[3.207s] Level 1:colcon.colcon_core.shell:create_environment_hook('openvla_ros_interface', 'pythonpath')
[3.207s] INFO:colcon.colcon_core.shell:Creating environment hook '/home/yolo/Desktop/Ros2/Dofbot2/install/openvla_ros_interface/share/openvla_ros_interface/hook/pythonpath.ps1'
[3.208s] INFO:colcon.colcon_core.shell:Creating environment descriptor '/home/yolo/Desktop/Ros2/Dofbot2/install/openvla_ros_interface/share/openvla_ros_interface/hook/pythonpath.dsv'
[3.208s] INFO:colcon.colcon_core.shell:Creating environment hook '/home/yolo/Desktop/Ros2/Dofbot2/install/openvla_ros_interface/share/openvla_ros_interface/hook/pythonpath.sh'
[3.209s] Level 1:colcon.colcon_core.environment:checking '/home/yolo/Desktop/Ros2/Dofbot2/install/openvla_ros_interface/bin'
[3.209s] Level 1:colcon.colcon_core.environment:create_environment_scripts_only(openvla_ros_interface)
[3.209s] INFO:colcon.colcon_core.shell:Creating package script '/home/yolo/Desktop/Ros2/Dofbot2/install/openvla_ros_interface/share/openvla_ros_interface/package.ps1'
[3.210s] INFO:colcon.colcon_core.shell:Creating package descriptor '/home/yolo/Desktop/Ros2/Dofbot2/install/openvla_ros_interface/share/openvla_ros_interface/package.dsv'
[3.211s] INFO:colcon.colcon_core.shell:Creating package script '/home/yolo/Desktop/Ros2/Dofbot2/install/openvla_ros_interface/share/openvla_ros_interface/package.sh'
[3.211s] INFO:colcon.colcon_core.shell:Creating package script '/home/yolo/Desktop/Ros2/Dofbot2/install/openvla_ros_interface/share/openvla_ros_interface/package.bash'
[3.212s] INFO:colcon.colcon_core.shell:Creating package script '/home/yolo/Desktop/Ros2/Dofbot2/install/openvla_ros_interface/share/openvla_ros_interface/package.zsh'
[3.212s] Level 1:colcon.colcon_core.environment:create_file_with_runtime_dependencies(/home/yolo/Desktop/Ros2/Dofbot2/install/openvla_ros_interface/share/colcon-core/packages/openvla_ros_interface)
[3.213s] DEBUG:colcon.colcon_parallel_executor.executor.parallel:closing loop
[3.213s] DEBUG:colcon.colcon_parallel_executor.executor.parallel:loop closed
[3.213s] DEBUG:colcon.colcon_parallel_executor.executor.parallel:run_until_complete finished with '0'
[3.214s] DEBUG:colcon.colcon_core.event_reactor:joining thread
[3.221s] INFO:colcon.colcon_core.plugin_system:Skipping extension 'colcon_notification.desktop_notification.terminal_notifier': Not used on non-Darwin systems
[3.221s] INFO:colcon.colcon_core.plugin_system:Skipping extension 'colcon_notification.desktop_notification.win32': Not used on non-Windows systems
[3.221s] INFO:colcon.colcon_notification.desktop_notification:Sending desktop notification using 'notify2'
[3.234s] DEBUG:colcon.colcon_core.event_reactor:joined thread
[3.234s] INFO:colcon.colcon_core.shell:Creating prefix script '/home/yolo/Desktop/Ros2/Dofbot2/install/local_setup.ps1'
[3.236s] INFO:colcon.colcon_core.shell:Creating prefix util module '/home/yolo/Desktop/Ros2/Dofbot2/install/_local_setup_util_ps1.py'
[3.237s] INFO:colcon.colcon_core.shell:Creating prefix chain script '/home/yolo/Desktop/Ros2/Dofbot2/install/setup.ps1'
[3.239s] INFO:colcon.colcon_core.shell:Creating prefix script '/home/yolo/Desktop/Ros2/Dofbot2/install/local_setup.sh'
[3.239s] INFO:colcon.colcon_core.shell:Creating prefix util module '/home/yolo/Desktop/Ros2/Dofbot2/install/_local_setup_util_sh.py'
[3.240s] INFO:colcon.colcon_core.shell:Creating prefix chain script '/home/yolo/Desktop/Ros2/Dofbot2/install/setup.sh'
[3.241s] INFO:colcon.colcon_core.shell:Creating prefix script '/home/yolo/Desktop/Ros2/Dofbot2/install/local_setup.bash'
[3.242s] INFO:colcon.colcon_core.shell:Creating prefix chain script '/home/yolo/Desktop/Ros2/Dofbot2/install/setup.bash'
[3.243s] INFO:colcon.colcon_core.shell:Creating prefix script '/home/yolo/Desktop/Ros2/Dofbot2/install/local_setup.zsh'
[3.243s] INFO:colcon.colcon_core.shell:Creating prefix chain script '/home/yolo/Desktop/Ros2/Dofbot2/install/setup.zsh'
