[0.016s] Invoking command in '/home/yolo/Desktop/Ros2/Dofbot2/build/dobot_moveit2': AMENT_PREFIX_PATH=/home/yolo/Desktop/Ros2/Dofbot2/install/dofbot_description:${AMENT_PREFIX_PATH} CMAKE_PREFIX_PATH=/home/yolo/Desktop/Ros2/Dofbot2/install/dofbot_description:/opt/ros/humble /home/yolo/.local/bin/cmake --build /home/yolo/Desktop/Ros2/Dofbot2/build/dobot_moveit2 -- -j12 -l12
[0.216s] Invoked command in '/home/yolo/Desktop/Ros2/Dofbot2/build/dobot_moveit2' returned '0': AMENT_PREFIX_PATH=/home/yolo/Desktop/Ros2/Dofbot2/install/dofbot_description:${AMENT_PREFIX_PATH} CMAKE_PREFIX_PATH=/home/yolo/Desktop/Ros2/Dofbot2/install/dofbot_description:/opt/ros/humble /home/yolo/.local/bin/cmake --build /home/yolo/Desktop/Ros2/Dofbot2/build/dobot_moveit2 -- -j12 -l12
[0.219s] Invoking command in '/home/yolo/Desktop/Ros2/Dofbot2/build/dobot_moveit2': AMENT_PREFIX_PATH=/home/yolo/Desktop/Ros2/Dofbot2/install/dofbot_description:${AMENT_PREFIX_PATH} CMAKE_PREFIX_PATH=/home/yolo/Desktop/Ros2/Dofbot2/install/dofbot_description:/opt/ros/humble /home/yolo/.local/bin/cmake --install /home/yolo/Desktop/Ros2/Dofbot2/build/dobot_moveit2
[0.397s] -- Install configuration: ""
[0.398s] -- Up-to-date: /home/yolo/Desktop/Ros2/Dofbot2/install/dobot_moveit2/share/ament_index/resource_index/package_run_dependencies/dobot_moveit2
[0.398s] -- Up-to-date: /home/yolo/Desktop/Ros2/Dofbot2/install/dobot_moveit2/share/ament_index/resource_index/parent_prefix_path/dobot_moveit2
[0.399s] -- Up-to-date: /home/yolo/Desktop/Ros2/Dofbot2/install/dobot_moveit2/share/dobot_moveit2/environment/ament_prefix_path.sh
[0.399s] -- Up-to-date: /home/yolo/Desktop/Ros2/Dofbot2/install/dobot_moveit2/share/dobot_moveit2/environment/ament_prefix_path.dsv
[0.399s] -- Up-to-date: /home/yolo/Desktop/Ros2/Dofbot2/install/dobot_moveit2/share/dobot_moveit2/environment/path.sh
[0.400s] -- Up-to-date: /home/yolo/Desktop/Ros2/Dofbot2/install/dobot_moveit2/share/dobot_moveit2/environment/path.dsv
[0.400s] -- Up-to-date: /home/yolo/Desktop/Ros2/Dofbot2/install/dobot_moveit2/share/dobot_moveit2/local_setup.bash
[0.400s] -- Up-to-date: /home/yolo/Desktop/Ros2/Dofbot2/install/dobot_moveit2/share/dobot_moveit2/local_setup.sh
[0.400s] -- Up-to-date: /home/yolo/Desktop/Ros2/Dofbot2/install/dobot_moveit2/share/dobot_moveit2/local_setup.zsh
[0.401s] -- Up-to-date: /home/yolo/Desktop/Ros2/Dofbot2/install/dobot_moveit2/share/dobot_moveit2/local_setup.dsv
[0.401s] -- Installing: /home/yolo/Desktop/Ros2/Dofbot2/install/dobot_moveit2/share/dobot_moveit2/package.dsv
[0.401s] -- Up-to-date: /home/yolo/Desktop/Ros2/Dofbot2/install/dobot_moveit2/share/ament_index/resource_index/packages/dobot_moveit2
[0.401s] -- Up-to-date: /home/yolo/Desktop/Ros2/Dofbot2/install/dobot_moveit2/share/dobot_moveit2/cmake/dobot_moveit2Config.cmake
[0.401s] -- Up-to-date: /home/yolo/Desktop/Ros2/Dofbot2/install/dobot_moveit2/share/dobot_moveit2/cmake/dobot_moveit2Config-version.cmake
[0.402s] -- Up-to-date: /home/yolo/Desktop/Ros2/Dofbot2/install/dobot_moveit2/share/dobot_moveit2/package.xml
[0.402s] -- Up-to-date: /home/yolo/Desktop/Ros2/Dofbot2/install/dobot_moveit2/share/dobot_moveit2/launch
[0.402s] -- Up-to-date: /home/yolo/Desktop/Ros2/Dofbot2/install/dobot_moveit2/share/dobot_moveit2/launch/demo.launch.py
[0.402s] -- Up-to-date: /home/yolo/Desktop/Ros2/Dofbot2/install/dobot_moveit2/share/dobot_moveit2/launch/move_group.launch.py
[0.402s] -- Up-to-date: /home/yolo/Desktop/Ros2/Dofbot2/install/dobot_moveit2/share/dobot_moveit2/launch/static_virtual_joint_tfs.launch.py
[0.402s] -- Up-to-date: /home/yolo/Desktop/Ros2/Dofbot2/install/dobot_moveit2/share/dobot_moveit2/launch/launch_moveit.launch.py
[0.402s] -- Up-to-date: /home/yolo/Desktop/Ros2/Dofbot2/install/dobot_moveit2/share/dobot_moveit2/launch/spawn_controllers.launch.py
[0.403s] -- Up-to-date: /home/yolo/Desktop/Ros2/Dofbot2/install/dobot_moveit2/share/dobot_moveit2/launch/rsp.launch.py
[0.403s] -- Up-to-date: /home/yolo/Desktop/Ros2/Dofbot2/install/dobot_moveit2/share/dobot_moveit2/launch/setup_assistant.launch.py
[0.403s] -- Up-to-date: /home/yolo/Desktop/Ros2/Dofbot2/install/dobot_moveit2/share/dobot_moveit2/launch/warehouse_db.launch.py
[0.403s] -- Up-to-date: /home/yolo/Desktop/Ros2/Dofbot2/install/dobot_moveit2/share/dobot_moveit2/launch/moveit_rviz.launch.py
[0.403s] -- Up-to-date: /home/yolo/Desktop/Ros2/Dofbot2/install/dobot_moveit2/share/dobot_moveit2/config
[0.403s] -- Up-to-date: /home/yolo/Desktop/Ros2/Dofbot2/install/dobot_moveit2/share/dobot_moveit2/config/joint_limits.yaml
[0.403s] -- Up-to-date: /home/yolo/Desktop/Ros2/Dofbot2/install/dobot_moveit2/share/dobot_moveit2/config/moveit_controllers.yaml
[0.403s] -- Up-to-date: /home/yolo/Desktop/Ros2/Dofbot2/install/dobot_moveit2/share/dobot_moveit2/config/cr5_robot.urdf.xacro
[0.404s] -- Up-to-date: /home/yolo/Desktop/Ros2/Dofbot2/install/dobot_moveit2/share/dobot_moveit2/config/pilz_cartesian_limits.yaml
[0.404s] -- Up-to-date: /home/yolo/Desktop/Ros2/Dofbot2/install/dobot_moveit2/share/dobot_moveit2/config/cr5_robot.srdf
[0.404s] -- Up-to-date: /home/yolo/Desktop/Ros2/Dofbot2/install/dobot_moveit2/share/dobot_moveit2/config/sensors_3d.yaml
[0.404s] -- Up-to-date: /home/yolo/Desktop/Ros2/Dofbot2/install/dobot_moveit2/share/dobot_moveit2/config/cr5_robot.ros2_control.xacro
[0.404s] -- Up-to-date: /home/yolo/Desktop/Ros2/Dofbot2/install/dobot_moveit2/share/dobot_moveit2/config/initial_positions.yaml
[0.404s] -- Up-to-date: /home/yolo/Desktop/Ros2/Dofbot2/install/dobot_moveit2/share/dobot_moveit2/config/moveit.rviz
[0.405s] -- Up-to-date: /home/yolo/Desktop/Ros2/Dofbot2/install/dobot_moveit2/share/dobot_moveit2/config/kinematics.yaml
[0.405s] -- Up-to-date: /home/yolo/Desktop/Ros2/Dofbot2/install/dobot_moveit2/share/dobot_moveit2/.setup_assistant
[0.408s] Invoked command in '/home/yolo/Desktop/Ros2/Dofbot2/build/dobot_moveit2' returned '0': AMENT_PREFIX_PATH=/home/yolo/Desktop/Ros2/Dofbot2/install/dofbot_description:${AMENT_PREFIX_PATH} CMAKE_PREFIX_PATH=/home/yolo/Desktop/Ros2/Dofbot2/install/dofbot_description:/opt/ros/humble /home/yolo/.local/bin/cmake --install /home/yolo/Desktop/Ros2/Dofbot2/build/dobot_moveit2
