[0.054s] Invoking command in '/home/yolo/Desktop/Ros2/Dofbot2/build/dofbot_description': CMAKE_PREFIX_PATH=/opt/ros/humble /home/yolo/.local/bin/cmake --build /home/yolo/Desktop/Ros2/Dofbot2/build/dofbot_description -- -j12 -l12
[1.097s] Invoked command in '/home/yolo/Desktop/Ros2/Dofbot2/build/dofbot_description' returned '0': CMAKE_PREFIX_PATH=/opt/ros/humble /home/yolo/.local/bin/cmake --build /home/yolo/Desktop/Ros2/Dofbot2/build/dofbot_description -- -j12 -l12
[1.100s] Invoking command in '/home/yolo/Desktop/Ros2/Dofbot2/build/dofbot_description': CMAKE_PREFIX_PATH=/opt/ros/humble /home/yolo/.local/bin/cmake --install /home/yolo/Desktop/Ros2/Dofbot2/build/dofbot_description
[1.608s] -- Install configuration: ""
[1.609s] -- Up-to-date: /home/yolo/Desktop/Ros2/Dofbot2/install/dofbot_description/share/dofbot_description/urdf
[1.609s] -- Up-to-date: /home/yolo/Desktop/Ros2/Dofbot2/install/dofbot_description/share/dofbot_description/urdf/gripper.xacro
[1.609s] -- Up-to-date: /home/yolo/Desktop/Ros2/Dofbot2/install/dofbot_description/share/dofbot_description/urdf/gazebo.xacro
[1.609s] -- Up-to-date: /home/yolo/Desktop/Ros2/Dofbot2/install/dofbot_description/share/dofbot_description/urdf/ros2_control.xacro
[1.609s] -- Up-to-date: /home/yolo/Desktop/Ros2/Dofbot2/install/dofbot_description/share/dofbot_description/urdf/new_cr5.xacro
[1.609s] -- Up-to-date: /home/yolo/Desktop/Ros2/Dofbot2/install/dofbot_description/share/dofbot_description/urdf/camera.xacro
[1.609s] -- Up-to-date: /home/yolo/Desktop/Ros2/Dofbot2/install/dofbot_description/share/dofbot_description/urdf/cr5_robot.ros2_control.xacro
[1.609s] -- Up-to-date: /home/yolo/Desktop/Ros2/Dofbot2/install/dofbot_description/share/dofbot_description/config
[1.609s] -- Up-to-date: /home/yolo/Desktop/Ros2/Dofbot2/install/dofbot_description/share/dofbot_description/config/ros2_controllers.yaml
[1.609s] -- Up-to-date: /home/yolo/Desktop/Ros2/Dofbot2/install/dofbot_description/share/dofbot_description/config/gz_bridge.yaml
[1.610s] -- Up-to-date: /home/yolo/Desktop/Ros2/Dofbot2/install/dofbot_description/share/dofbot_description/launch
[1.610s] -- Up-to-date: /home/yolo/Desktop/Ros2/Dofbot2/install/dofbot_description/share/dofbot_description/launch/display.launch.py
[1.610s] -- Up-to-date: /home/yolo/Desktop/Ros2/Dofbot2/install/dofbot_description/share/dofbot_description/launch/gazebo2.launch.py
[1.610s] -- Up-to-date: /home/yolo/Desktop/Ros2/Dofbot2/install/dofbot_description/share/dofbot_description/worlds
[1.610s] -- Up-to-date: /home/yolo/Desktop/Ros2/Dofbot2/install/dofbot_description/share/dofbot_description/worlds/openvla_test.world
[1.610s] -- Up-to-date: /home/yolo/Desktop/Ros2/Dofbot2/install/dofbot_description/share/dofbot_description/worlds/cr.world
[1.610s] -- Up-to-date: /home/yolo/Desktop/Ros2/Dofbot2/install/dofbot_description/share/dofbot_description/meshes2
[1.611s] -- Up-to-date: /home/yolo/Desktop/Ros2/Dofbot2/install/dofbot_description/share/dofbot_description/meshes2/cr5
[1.611s] -- Up-to-date: /home/yolo/Desktop/Ros2/Dofbot2/install/dofbot_description/share/dofbot_description/meshes2/cr5/left_knuckle.dae
[1.611s] -- Up-to-date: /home/yolo/Desktop/Ros2/Dofbot2/install/dofbot_description/share/dofbot_description/meshes2/cr5/left_inner_knuckle.dae
[1.611s] -- Up-to-date: /home/yolo/Desktop/Ros2/Dofbot2/install/dofbot_description/share/dofbot_description/meshes2/cr5/right_knuckle.dae
[1.611s] -- Up-to-date: /home/yolo/Desktop/Ros2/Dofbot2/install/dofbot_description/share/dofbot_description/meshes2/cr5/robotiq_base.stl
[1.611s] -- Up-to-date: /home/yolo/Desktop/Ros2/Dofbot2/install/dofbot_description/share/dofbot_description/meshes2/cr5/Link4.dae
[1.611s] -- Up-to-date: /home/yolo/Desktop/Ros2/Dofbot2/install/dofbot_description/share/dofbot_description/meshes2/cr5/robotiq_base.dae
[1.612s] -- Up-to-date: /home/yolo/Desktop/Ros2/Dofbot2/install/dofbot_description/share/dofbot_description/meshes2/cr5/Link3.dae
[1.612s] -- Up-to-date: /home/yolo/Desktop/Ros2/Dofbot2/install/dofbot_description/share/dofbot_description/meshes2/cr5/ur_to_robotiq_adapter.dae
[1.612s] -- Up-to-date: /home/yolo/Desktop/Ros2/Dofbot2/install/dofbot_description/share/dofbot_description/meshes2/cr5/right_finger_tip.dae
[1.612s] -- Up-to-date: /home/yolo/Desktop/Ros2/Dofbot2/install/dofbot_description/share/dofbot_description/meshes2/cr5/right_finger_tip.stl
[1.612s] -- Up-to-date: /home/yolo/Desktop/Ros2/Dofbot2/install/dofbot_description/share/dofbot_description/meshes2/cr5/ur_to_robotiq_adapter.stl
[1.612s] -- Up-to-date: /home/yolo/Desktop/Ros2/Dofbot2/install/dofbot_description/share/dofbot_description/meshes2/cr5/right_finger.dae
[1.613s] -- Up-to-date: /home/yolo/Desktop/Ros2/Dofbot2/install/dofbot_description/share/dofbot_description/meshes2/cr5/left_finger_tip.dae
[1.613s] -- Up-to-date: /home/yolo/Desktop/Ros2/Dofbot2/install/dofbot_description/share/dofbot_description/meshes2/cr5/base_link.dae
[1.613s] -- Up-to-date: /home/yolo/Desktop/Ros2/Dofbot2/install/dofbot_description/share/dofbot_description/meshes2/cr5/right_finger.stl
[1.613s] -- Up-to-date: /home/yolo/Desktop/Ros2/Dofbot2/install/dofbot_description/share/dofbot_description/meshes2/cr5/left_knuckle.stl
[1.613s] -- Up-to-date: /home/yolo/Desktop/Ros2/Dofbot2/install/dofbot_description/share/dofbot_description/meshes2/cr5/right_inner_knuckle.dae
[1.613s] -- Up-to-date: /home/yolo/Desktop/Ros2/Dofbot2/install/dofbot_description/share/dofbot_description/meshes2/cr5/Link6.dae
[1.613s] -- Up-to-date: /home/yolo/Desktop/Ros2/Dofbot2/install/dofbot_description/share/dofbot_description/meshes2/cr5/right_knuckle.stl
[1.613s] -- Up-to-date: /home/yolo/Desktop/Ros2/Dofbot2/install/dofbot_description/share/dofbot_description/meshes2/cr5/left_inner_knuckle.stl
[1.613s] -- Up-to-date: /home/yolo/Desktop/Ros2/Dofbot2/install/dofbot_description/share/dofbot_description/meshes2/cr5/right_inner_knuckle.stl
[1.613s] -- Up-to-date: /home/yolo/Desktop/Ros2/Dofbot2/install/dofbot_description/share/dofbot_description/meshes2/cr5/Link1.dae
[1.614s] -- Up-to-date: /home/yolo/Desktop/Ros2/Dofbot2/install/dofbot_description/share/dofbot_description/meshes2/cr5/Link2.dae
[1.614s] -- Up-to-date: /home/yolo/Desktop/Ros2/Dofbot2/install/dofbot_description/share/dofbot_description/meshes2/cr5/Link5.dae
[1.614s] -- Up-to-date: /home/yolo/Desktop/Ros2/Dofbot2/install/dofbot_description/share/dofbot_description/meshes2/cr5/left_finger.stl
[1.615s] -- Up-to-date: /home/yolo/Desktop/Ros2/Dofbot2/install/dofbot_description/share/dofbot_description/meshes2/cr5/left_finger_tip.stl
[1.615s] -- Up-to-date: /home/yolo/Desktop/Ros2/Dofbot2/install/dofbot_description/share/dofbot_description/meshes2/cr5/left_finger.dae
[1.616s] -- Up-to-date: /home/yolo/Desktop/Ros2/Dofbot2/install/dofbot_description/share/ament_index/resource_index/package_run_dependencies/dofbot_description
[1.616s] -- Up-to-date: /home/yolo/Desktop/Ros2/Dofbot2/install/dofbot_description/share/ament_index/resource_index/parent_prefix_path/dofbot_description
[1.616s] -- Up-to-date: /home/yolo/Desktop/Ros2/Dofbot2/install/dofbot_description/share/dofbot_description/environment/ament_prefix_path.sh
[1.616s] -- Up-to-date: /home/yolo/Desktop/Ros2/Dofbot2/install/dofbot_description/share/dofbot_description/environment/ament_prefix_path.dsv
[1.616s] -- Up-to-date: /home/yolo/Desktop/Ros2/Dofbot2/install/dofbot_description/share/dofbot_description/environment/path.sh
[1.617s] -- Up-to-date: /home/yolo/Desktop/Ros2/Dofbot2/install/dofbot_description/share/dofbot_description/environment/path.dsv
[1.617s] -- Up-to-date: /home/yolo/Desktop/Ros2/Dofbot2/install/dofbot_description/share/dofbot_description/local_setup.bash
[1.617s] -- Up-to-date: /home/yolo/Desktop/Ros2/Dofbot2/install/dofbot_description/share/dofbot_description/local_setup.sh
[1.618s] -- Up-to-date: /home/yolo/Desktop/Ros2/Dofbot2/install/dofbot_description/share/dofbot_description/local_setup.zsh
[1.619s] -- Up-to-date: /home/yolo/Desktop/Ros2/Dofbot2/install/dofbot_description/share/dofbot_description/local_setup.dsv
[1.619s] -- Installing: /home/yolo/Desktop/Ros2/Dofbot2/install/dofbot_description/share/dofbot_description/package.dsv
[1.619s] -- Up-to-date: /home/yolo/Desktop/Ros2/Dofbot2/install/dofbot_description/share/ament_index/resource_index/packages/dofbot_description
[1.619s] -- Up-to-date: /home/yolo/Desktop/Ros2/Dofbot2/install/dofbot_description/share/dofbot_description/cmake/dofbot_descriptionConfig.cmake
[1.619s] -- Up-to-date: /home/yolo/Desktop/Ros2/Dofbot2/install/dofbot_description/share/dofbot_description/cmake/dofbot_descriptionConfig-version.cmake
[1.620s] -- Up-to-date: /home/yolo/Desktop/Ros2/Dofbot2/install/dofbot_description/share/dofbot_description/package.xml
[1.623s] Invoked command in '/home/yolo/Desktop/Ros2/Dofbot2/build/dofbot_description' returned '0': CMAKE_PREFIX_PATH=/opt/ros/humble /home/yolo/.local/bin/cmake --install /home/yolo/Desktop/Ros2/Dofbot2/build/dofbot_description
