[ 25%] Built target joystick_control_node
[100%] Built target cr5_bringup_node
-- Install configuration: ""
-- Up-to-date: /home/yolo/Desktop/Ros2/Dofbot2/install/cr5_bringup/lib/cr5_bringup/joystick_control_node
-- Up-to-date: /home/yolo/Desktop/Ros2/Dofbot2/install/cr5_bringup/lib/cr5_bringup/cr5_bringup_node
-- Up-to-date: /home/yolo/Desktop/Ros2/Dofbot2/install/cr5_bringup/include/
-- Up-to-date: /home/yolo/Desktop/Ros2/Dofbot2/install/cr5_bringup/include//dobot_bringup
-- Up-to-date: /home/yolo/Desktop/Ros2/Dofbot2/install/cr5_bringup/include//dobot_bringup/tcp_socket.h
-- Up-to-date: /home/yolo/Desktop/Ros2/Dofbot2/install/cr5_bringup/include//dobot_bringup/cr_robot_ros2.h
-- Up-to-date: /home/yolo/Desktop/Ros2/Dofbot2/install/cr5_bringup/include//dobot_bringup/command.h
-- Up-to-date: /home/yolo/Desktop/Ros2/Dofbot2/install/cr5_bringup/include//dobot_bringup/parseTool.h
-- Up-to-date: /home/yolo/Desktop/Ros2/Dofbot2/install/cr5_bringup/include//joystick_control.hpp
-- Up-to-date: /home/yolo/Desktop/Ros2/Dofbot2/install/cr5_bringup/share/cr5_bringup/launch
-- Up-to-date: /home/yolo/Desktop/Ros2/Dofbot2/install/cr5_bringup/share/cr5_bringup/launch/joystick.launch.py
-- Up-to-date: /home/yolo/Desktop/Ros2/Dofbot2/install/cr5_bringup/share/cr5_bringup/launch/cr5_bringup.launch.py
-- Up-to-date: /home/yolo/Desktop/Ros2/Dofbot2/install/cr5_bringup/share/cr5_bringup/config
-- Up-to-date: /home/yolo/Desktop/Ros2/Dofbot2/install/cr5_bringup/share/cr5_bringup/config/joy.yaml
-- Up-to-date: /home/yolo/Desktop/Ros2/Dofbot2/install/cr5_bringup/share/cr5_bringup/config/param.json
-- Up-to-date: /home/yolo/Desktop/Ros2/Dofbot2/install/cr5_bringup/share/ament_index/resource_index/package_run_dependencies/cr5_bringup
-- Up-to-date: /home/yolo/Desktop/Ros2/Dofbot2/install/cr5_bringup/share/ament_index/resource_index/parent_prefix_path/cr5_bringup
-- Up-to-date: /home/yolo/Desktop/Ros2/Dofbot2/install/cr5_bringup/share/cr5_bringup/environment/ament_prefix_path.sh
-- Up-to-date: /home/yolo/Desktop/Ros2/Dofbot2/install/cr5_bringup/share/cr5_bringup/environment/ament_prefix_path.dsv
-- Up-to-date: /home/yolo/Desktop/Ros2/Dofbot2/install/cr5_bringup/share/cr5_bringup/environment/path.sh
-- Up-to-date: /home/yolo/Desktop/Ros2/Dofbot2/install/cr5_bringup/share/cr5_bringup/environment/path.dsv
-- Up-to-date: /home/yolo/Desktop/Ros2/Dofbot2/install/cr5_bringup/share/cr5_bringup/local_setup.bash
-- Up-to-date: /home/yolo/Desktop/Ros2/Dofbot2/install/cr5_bringup/share/cr5_bringup/local_setup.sh
-- Up-to-date: /home/yolo/Desktop/Ros2/Dofbot2/install/cr5_bringup/share/cr5_bringup/local_setup.zsh
-- Up-to-date: /home/yolo/Desktop/Ros2/Dofbot2/install/cr5_bringup/share/cr5_bringup/local_setup.dsv
-- Installing: /home/yolo/Desktop/Ros2/Dofbot2/install/cr5_bringup/share/cr5_bringup/package.dsv
-- Up-to-date: /home/yolo/Desktop/Ros2/Dofbot2/install/cr5_bringup/share/ament_index/resource_index/packages/cr5_bringup
-- Up-to-date: /home/yolo/Desktop/Ros2/Dofbot2/install/cr5_bringup/share/cr5_bringup/cmake/cr5_bringupConfig.cmake
-- Up-to-date: /home/yolo/Desktop/Ros2/Dofbot2/install/cr5_bringup/share/cr5_bringup/cmake/cr5_bringupConfig-version.cmake
-- Up-to-date: /home/yolo/Desktop/Ros2/Dofbot2/install/cr5_bringup/share/cr5_bringup/package.xml
