[  0%] Built target dobot_msgs_v4__cpp
[ 12%] Built target dobot_msgs_v4__rosidl_generator_c
[ 12%] Built target ament_cmake_python_copy_dobot_msgs_v4
[ 25%] Built target dobot_msgs_v4__rosidl_typesupport_c
[ 37%] Built target dobot_msgs_v4__rosidl_typesupport_cpp
[ 50%] Built target dobot_msgs_v4__rosidl_typesupport_introspection_cpp
[ 63%] Built target dobot_msgs_v4__rosidl_typesupport_introspection_c
[ 75%] Built target dobot_msgs_v4__rosidl_typesupport_fastrtps_cpp
[ 88%] Built target dobot_msgs_v4__rosidl_typesupport_fastrtps_c
[ 88%] Built target dobot_msgs_v4
[ 88%] Built target dobot_msgs_v4__py
[100%] Built target dobot_msgs_v4__rosidl_generator_py
[100%] Built target dobot_msgs_v4__rosidl_typesupport_introspection_c__pyext
[100%] Built target dobot_msgs_v4__rosidl_typesupport_c__pyext
[100%] Built target dobot_msgs_v4__rosidl_typesupport_fastrtps_c__pyext
running egg_info
writing dobot_msgs_v4.egg-info/PKG-INFO
writing dependency_links to dobot_msgs_v4.egg-info/dependency_links.txt
writing top-level names to dobot_msgs_v4.egg-info/top_level.txt
reading manifest file 'dobot_msgs_v4.egg-info/SOURCES.txt'
writing manifest file 'dobot_msgs_v4.egg-info/SOURCES.txt'
[100%] Built target ament_cmake_python_build_dobot_msgs_v4_egg
