[2.548s] Invoking command in '/home/yolo/Desktop/Ros2/Dofbot2/src/openvla_ros_interface': PYTHONPATH=/home/yolo/Desktop/Ros2/Dofbot2/build/openvla_ros_interface/prefix_override:/usr/lib/python3/dist-packages/colcon_core/task/python/colcon_distutils_commands:/home/yolo/Desktop/Ros2/Dofbot2/install/openvla_ros_interface/lib/python3.10/site-packages:${PYTHONPATH} /usr/bin/python3 -W ignore:setup.py install is deprecated -W ignore:easy_install command is deprecated setup.py egg_info --egg-base ../../build/openvla_ros_interface build --build-base /home/yolo/Desktop/Ros2/Dofbot2/build/openvla_ros_interface/build install --record /home/yolo/Desktop/Ros2/Dofbot2/build/openvla_ros_interface/install.log --single-version-externally-managed install_data
[2.894s] /home/yolo/.local/lib/python3.10/site-packages/setuptools/_distutils/dist.py:289: UserWarning: Unknown distribution option: 'tests_require'
[2.894s]   warnings.warn(msg)
[3.158s] running egg_info
[3.200s] writing ../../build/openvla_ros_interface/openvla_ros_interface.egg-info/PKG-INFO
[3.201s] writing dependency_links to ../../build/openvla_ros_interface/openvla_ros_interface.egg-info/dependency_links.txt
[3.201s] writing entry points to ../../build/openvla_ros_interface/openvla_ros_interface.egg-info/entry_points.txt
[3.202s] writing requirements to ../../build/openvla_ros_interface/openvla_ros_interface.egg-info/requires.txt
[3.202s] writing top-level names to ../../build/openvla_ros_interface/openvla_ros_interface.egg-info/top_level.txt
[3.273s] reading manifest file '../../build/openvla_ros_interface/openvla_ros_interface.egg-info/SOURCES.txt'
[3.275s] writing manifest file '../../build/openvla_ros_interface/openvla_ros_interface.egg-info/SOURCES.txt'
[3.275s] running build
[3.275s] running build_py
[3.277s] running install
[3.282s] running install_lib
[3.313s] running install_data
[3.314s] running install_egg_info
[3.343s] removing '/home/yolo/Desktop/Ros2/Dofbot2/install/openvla_ros_interface/lib/python3.10/site-packages/openvla_ros_interface-0.0.0-py3.10.egg-info' (and everything under it)
[3.343s] Copying ../../build/openvla_ros_interface/openvla_ros_interface.egg-info to /home/yolo/Desktop/Ros2/Dofbot2/install/openvla_ros_interface/lib/python3.10/site-packages/openvla_ros_interface-0.0.0-py3.10.egg-info
[3.345s] running install_scripts
[3.402s] Installing openvla_ik script to /home/yolo/Desktop/Ros2/Dofbot2/install/openvla_ros_interface/lib/openvla_ros_interface
[3.403s] Installing openvla_multiscaling_ik script to /home/yolo/Desktop/Ros2/Dofbot2/install/openvla_ros_interface/lib/openvla_ros_interface
[3.404s] writing list of installed files to '/home/yolo/Desktop/Ros2/Dofbot2/build/openvla_ros_interface/install.log'
[3.438s] Invoked command in '/home/yolo/Desktop/Ros2/Dofbot2/src/openvla_ros_interface' returned '0': PYTHONPATH=/home/yolo/Desktop/Ros2/Dofbot2/build/openvla_ros_interface/prefix_override:/usr/lib/python3/dist-packages/colcon_core/task/python/colcon_distutils_commands:/home/yolo/Desktop/Ros2/Dofbot2/install/openvla_ros_interface/lib/python3.10/site-packages:${PYTHONPATH} /usr/bin/python3 -W ignore:setup.py install is deprecated -W ignore:easy_install command is deprecated setup.py egg_info --egg-base ../../build/openvla_ros_interface build --build-base /home/yolo/Desktop/Ros2/Dofbot2/build/openvla_ros_interface/build install --record /home/yolo/Desktop/Ros2/Dofbot2/build/openvla_ros_interface/install.log --single-version-externally-managed install_data
