[0.014s] Invoking command in '/home/om/OpenVla_cr5/build/dofbot_description': CMAKE_PREFIX_PATH=${CMAKE_PREFIX_PATH}:/home/om/dobot_ws/install/servo_action:/home/om/dobot_ws/install/dobot_moveit:/home/om/dobot_ws/install/dobot_demo:/opt/ros/humble /usr/bin/cmake /home/om/OpenVla_cr5/src/dofbot_description -DCMAKE_INSTALL_PREFIX=/home/om/OpenVla_cr5/install/dofbot_description
[0.092s] -- The C compiler identification is GNU 11.4.0
[0.157s] -- The CXX compiler identification is GNU 11.4.0
[0.163s] -- Detecting C compiler ABI info
[0.227s] -- Detecting C compiler ABI info - done
[0.235s] -- Check for working C compiler: /usr/bin/cc - skipped
[0.236s] -- Detecting C compile features
[0.236s] -- Detecting C compile features - done
[0.238s] -- Detecting CXX compiler ABI info
[0.316s] -- Detecting CXX compiler ABI info - done
[0.323s] -- Check for working CXX compiler: /usr/bin/c++ - skipped
[0.324s] -- Detecting CXX compile features
[0.324s] -- Detecting CXX compile features - done
[0.327s] -- Found ament_cmake: 1.3.11 (/opt/ros/humble/share/ament_cmake/cmake)
[0.469s] -- Found Python3: /usr/bin/python3 (found version "3.10.12") found components: Interpreter 
[0.561s] -- Found ament_lint_auto: 0.12.12 (/opt/ros/humble/share/ament_lint_auto/cmake)
[0.648s] -- Added test 'flake8' to check Python code syntax and style conventions
[0.649s] -- Added test 'lint_cmake' to check CMake code style
[0.650s] -- Added test 'pep257' to check Python code against some of the docstring style conventions in PEP 257
[0.651s] -- Added test 'xmllint' to check XML markup files
[0.652s] -- Configuring done
[0.654s] -- Generating done
[0.656s] -- Build files have been written to: /home/om/OpenVla_cr5/build/dofbot_description
[0.660s] Invoked command in '/home/om/OpenVla_cr5/build/dofbot_description' returned '0': CMAKE_PREFIX_PATH=${CMAKE_PREFIX_PATH}:/home/om/dobot_ws/install/servo_action:/home/om/dobot_ws/install/dobot_moveit:/home/om/dobot_ws/install/dobot_demo:/opt/ros/humble /usr/bin/cmake /home/om/OpenVla_cr5/src/dofbot_description -DCMAKE_INSTALL_PREFIX=/home/om/OpenVla_cr5/install/dofbot_description
[0.661s] Invoking command in '/home/om/OpenVla_cr5/build/dofbot_description': CMAKE_PREFIX_PATH=${CMAKE_PREFIX_PATH}:/home/om/dobot_ws/install/servo_action:/home/om/dobot_ws/install/dobot_moveit:/home/om/dobot_ws/install/dobot_demo:/opt/ros/humble /usr/bin/cmake --build /home/om/OpenVla_cr5/build/dofbot_description -- -j8 -l8
[0.694s] Invoked command in '/home/om/OpenVla_cr5/build/dofbot_description' returned '0': CMAKE_PREFIX_PATH=${CMAKE_PREFIX_PATH}:/home/om/dobot_ws/install/servo_action:/home/om/dobot_ws/install/dobot_moveit:/home/om/dobot_ws/install/dobot_demo:/opt/ros/humble /usr/bin/cmake --build /home/om/OpenVla_cr5/build/dofbot_description -- -j8 -l8
[0.704s] Invoking command in '/home/om/OpenVla_cr5/build/dofbot_description': CMAKE_PREFIX_PATH=${CMAKE_PREFIX_PATH}:/home/om/dobot_ws/install/servo_action:/home/om/dobot_ws/install/dobot_moveit:/home/om/dobot_ws/install/dobot_demo:/opt/ros/humble /usr/bin/cmake --install /home/om/OpenVla_cr5/build/dofbot_description
[0.710s] -- Install configuration: ""
[0.710s] -- Installing: /home/om/OpenVla_cr5/install/dofbot_description/share/dofbot_description/urdf
[0.710s] -- Installing: /home/om/OpenVla_cr5/install/dofbot_description/share/dofbot_description/urdf/gazebo.xacro
[0.710s] -- Installing: /home/om/OpenVla_cr5/install/dofbot_description/share/dofbot_description/urdf/ros2_control.xacro
[0.710s] -- Installing: /home/om/OpenVla_cr5/install/dofbot_description/share/dofbot_description/urdf/new_cr5.xacro
[0.711s] -- Installing: /home/om/OpenVla_cr5/install/dofbot_description/share/dofbot_description/config
[0.711s] -- Installing: /home/om/OpenVla_cr5/install/dofbot_description/share/dofbot_description/config/gz_bridge.yaml
[0.711s] -- Installing: /home/om/OpenVla_cr5/install/dofbot_description/share/dofbot_description/config/ros2_controllers.yaml
[0.711s] -- Installing: /home/om/OpenVla_cr5/install/dofbot_description/share/dofbot_description/launch
[0.711s] -- Installing: /home/om/OpenVla_cr5/install/dofbot_description/share/dofbot_description/launch/gazebo2.launch.py
[0.711s] -- Installing: /home/om/OpenVla_cr5/install/dofbot_description/share/dofbot_description/worlds
[0.711s] -- Installing: /home/om/OpenVla_cr5/install/dofbot_description/share/dofbot_description/worlds/cr.world
[0.711s] -- Installing: /home/om/OpenVla_cr5/install/dofbot_description/share/dofbot_description/worlds/openvla_test.world
[0.711s] -- Installing: /home/om/OpenVla_cr5/install/dofbot_description/share/dofbot_description/meshes2
[0.711s] -- Installing: /home/om/OpenVla_cr5/install/dofbot_description/share/dofbot_description/meshes2/cr5
[0.711s] -- Installing: /home/om/OpenVla_cr5/install/dofbot_description/share/dofbot_description/meshes2/cr5/Link3.dae
[0.711s] -- Installing: /home/om/OpenVla_cr5/install/dofbot_description/share/dofbot_description/meshes2/cr5/Link2.dae
[0.713s] -- Installing: /home/om/OpenVla_cr5/install/dofbot_description/share/dofbot_description/meshes2/cr5/Link1.dae
[0.713s] -- Installing: /home/om/OpenVla_cr5/install/dofbot_description/share/dofbot_description/meshes2/cr5/Link6.dae
[0.713s] -- Installing: /home/om/OpenVla_cr5/install/dofbot_description/share/dofbot_description/meshes2/cr5/base_link.dae
[0.714s] -- Installing: /home/om/OpenVla_cr5/install/dofbot_description/share/dofbot_description/meshes2/cr5/Link4.dae
[0.714s] -- Installing: /home/om/OpenVla_cr5/install/dofbot_description/share/dofbot_description/meshes2/cr5/Link5.dae
[0.715s] -- Installing: /home/om/OpenVla_cr5/install/dofbot_description/share/ament_index/resource_index/package_run_dependencies/dofbot_description
[0.715s] -- Installing: /home/om/OpenVla_cr5/install/dofbot_description/share/ament_index/resource_index/parent_prefix_path/dofbot_description
[0.715s] -- Installing: /home/om/OpenVla_cr5/install/dofbot_description/share/dofbot_description/environment/ament_prefix_path.sh
[0.715s] -- Installing: /home/om/OpenVla_cr5/install/dofbot_description/share/dofbot_description/environment/ament_prefix_path.dsv
[0.715s] -- Installing: /home/om/OpenVla_cr5/install/dofbot_description/share/dofbot_description/environment/path.sh
[0.715s] -- Installing: /home/om/OpenVla_cr5/install/dofbot_description/share/dofbot_description/environment/path.dsv
[0.715s] -- Installing: /home/om/OpenVla_cr5/install/dofbot_description/share/dofbot_description/local_setup.bash
[0.715s] -- Installing: /home/om/OpenVla_cr5/install/dofbot_description/share/dofbot_description/local_setup.sh
[0.716s] -- Installing: /home/om/OpenVla_cr5/install/dofbot_description/share/dofbot_description/local_setup.zsh
[0.716s] -- Installing: /home/om/OpenVla_cr5/install/dofbot_description/share/dofbot_description/local_setup.dsv
[0.716s] -- Installing: /home/om/OpenVla_cr5/install/dofbot_description/share/dofbot_description/package.dsv
[0.716s] -- Installing: /home/om/OpenVla_cr5/install/dofbot_description/share/ament_index/resource_index/packages/dofbot_description
[0.716s] -- Installing: /home/om/OpenVla_cr5/install/dofbot_description/share/dofbot_description/cmake/dofbot_descriptionConfig.cmake
[0.716s] -- Installing: /home/om/OpenVla_cr5/install/dofbot_description/share/dofbot_description/cmake/dofbot_descriptionConfig-version.cmake
[0.716s] -- Installing: /home/om/OpenVla_cr5/install/dofbot_description/share/dofbot_description/package.xml
[0.731s] Invoked command in '/home/om/OpenVla_cr5/build/dofbot_description' returned '0': CMAKE_PREFIX_PATH=${CMAKE_PREFIX_PATH}:/home/om/dobot_ws/install/servo_action:/home/om/dobot_ws/install/dobot_moveit:/home/om/dobot_ws/install/dobot_demo:/opt/ros/humble /usr/bin/cmake --install /home/om/OpenVla_cr5/build/dofbot_description
