[0.126s] DEBUG:colcon:Command line arguments: ['/usr/bin/colcon', 'build']
[0.126s] DEBUG:colcon:Parsed command line arguments: Namespace(log_base=None, log_level=None, verb_name='build', build_base='build', install_base='install', merge_install=False, symlink_install=False, test_result_base=None, continue_on_error=False, executor='parallel', parallel_workers=8, event_handlers=None, ignore_user_meta=False, metas=['./colcon.meta'], base_paths=['.'], packages_ignore=None, packages_ignore_regex=None, paths=None, packages_up_to=None, packages_up_to_regex=None, packages_above=None, packages_above_and_dependencies=None, packages_above_depth=None, packages_select_by_dep=None, packages_skip_by_dep=None, packages_skip_up_to=None, packages_select_build_failed=False, packages_skip_build_finished=False, packages_select_test_failures=False, packages_skip_test_passed=False, packages_select=None, packages_skip=None, packages_select_regex=None, packages_skip_regex=None, packages_start=None, packages_end=None, allow_overriding=[], cmake_args=None, cmake_target=None, cmake_target_skip_unavailable=False, cmake_clean_cache=False, cmake_clean_first=False, cmake_force_configure=False, ament_cmake_args=None, catkin_cmake_args=None, catkin_skip_building_tests=False, verb_parser=<colcon_defaults.argument_parser.defaults.DefaultArgumentsDecorator object at 0x7cfffc86afb0>, verb_extension=<colcon_core.verb.build.BuildVerb object at 0x7cfffc9b4a00>, main=<bound method BuildVerb.main of <colcon_core.verb.build.BuildVerb object at 0x7cfffc9b4a00>>)
[0.349s] Level 1:colcon.colcon_core.package_discovery:discover_packages(colcon_meta) check parameters
[0.349s] Level 1:colcon.colcon_core.package_discovery:discover_packages(recursive) check parameters
[0.349s] Level 1:colcon.colcon_core.package_discovery:discover_packages(ignore) check parameters
[0.349s] Level 1:colcon.colcon_core.package_discovery:discover_packages(path) check parameters
[0.349s] Level 1:colcon.colcon_core.package_discovery:discover_packages(colcon_meta) discover
[0.349s] Level 1:colcon.colcon_core.package_discovery:discover_packages(recursive) discover
[0.350s] INFO:colcon.colcon_core.package_discovery:Crawling recursively for packages in '/home/om/OpenVla_cr5'
[0.350s] Level 1:colcon.colcon_core.package_identification:_identify(.) by extensions ['ignore', 'ignore_ament_install']
[0.350s] Level 1:colcon.colcon_core.package_identification:_identify(.) by extension 'ignore'
[0.350s] Level 1:colcon.colcon_core.package_identification:_identify(.) by extension 'ignore_ament_install'
[0.350s] Level 1:colcon.colcon_core.package_identification:_identify(.) by extensions ['colcon_pkg']
[0.350s] Level 1:colcon.colcon_core.package_identification:_identify(.) by extension 'colcon_pkg'
[0.350s] Level 1:colcon.colcon_core.package_identification:_identify(.) by extensions ['colcon_meta']
[0.350s] Level 1:colcon.colcon_core.package_identification:_identify(.) by extension 'colcon_meta'
[0.350s] Level 1:colcon.colcon_core.package_identification:_identify(.) by extensions ['ros']
[0.350s] Level 1:colcon.colcon_core.package_identification:_identify(.) by extension 'ros'
[0.363s] Level 1:colcon.colcon_core.package_identification:_identify(.) by extensions ['cmake', 'python']
[0.363s] Level 1:colcon.colcon_core.package_identification:_identify(.) by extension 'cmake'
[0.364s] Level 1:colcon.colcon_core.package_identification:_identify(.) by extension 'python'
[0.364s] Level 1:colcon.colcon_core.package_identification:_identify(.) by extensions ['python_setup_py']
[0.364s] Level 1:colcon.colcon_core.package_identification:_identify(.) by extension 'python_setup_py'
[0.364s] Level 1:colcon.colcon_core.package_identification:_identify(build) by extensions ['ignore', 'ignore_ament_install']
[0.364s] Level 1:colcon.colcon_core.package_identification:_identify(build) by extension 'ignore'
[0.364s] Level 1:colcon.colcon_core.package_identification:_identify(build) ignored
[0.364s] Level 1:colcon.colcon_core.package_identification:_identify(install) by extensions ['ignore', 'ignore_ament_install']
[0.364s] Level 1:colcon.colcon_core.package_identification:_identify(install) by extension 'ignore'
[0.364s] Level 1:colcon.colcon_core.package_identification:_identify(install) ignored
[0.364s] Level 1:colcon.colcon_core.package_identification:_identify(log) by extensions ['ignore', 'ignore_ament_install']
[0.364s] Level 1:colcon.colcon_core.package_identification:_identify(log) by extension 'ignore'
[0.365s] Level 1:colcon.colcon_core.package_identification:_identify(log) ignored
[0.365s] Level 1:colcon.colcon_core.package_identification:_identify(src) by extensions ['ignore', 'ignore_ament_install']
[0.365s] Level 1:colcon.colcon_core.package_identification:_identify(src) by extension 'ignore'
[0.365s] Level 1:colcon.colcon_core.package_identification:_identify(src) by extension 'ignore_ament_install'
[0.365s] Level 1:colcon.colcon_core.package_identification:_identify(src) by extensions ['colcon_pkg']
[0.365s] Level 1:colcon.colcon_core.package_identification:_identify(src) by extension 'colcon_pkg'
[0.365s] Level 1:colcon.colcon_core.package_identification:_identify(src) by extensions ['colcon_meta']
[0.365s] Level 1:colcon.colcon_core.package_identification:_identify(src) by extension 'colcon_meta'
[0.365s] Level 1:colcon.colcon_core.package_identification:_identify(src) by extensions ['ros']
[0.365s] Level 1:colcon.colcon_core.package_identification:_identify(src) by extension 'ros'
[0.365s] Level 1:colcon.colcon_core.package_identification:_identify(src) by extensions ['cmake', 'python']
[0.365s] Level 1:colcon.colcon_core.package_identification:_identify(src) by extension 'cmake'
[0.365s] Level 1:colcon.colcon_core.package_identification:_identify(src) by extension 'python'
[0.365s] Level 1:colcon.colcon_core.package_identification:_identify(src) by extensions ['python_setup_py']
[0.365s] Level 1:colcon.colcon_core.package_identification:_identify(src) by extension 'python_setup_py'
[0.365s] Level 1:colcon.colcon_core.package_identification:_identify(src/dofbot_description) by extensions ['ignore', 'ignore_ament_install']
[0.365s] Level 1:colcon.colcon_core.package_identification:_identify(src/dofbot_description) by extension 'ignore'
[0.366s] Level 1:colcon.colcon_core.package_identification:_identify(src/dofbot_description) by extension 'ignore_ament_install'
[0.366s] Level 1:colcon.colcon_core.package_identification:_identify(src/dofbot_description) by extensions ['colcon_pkg']
[0.366s] Level 1:colcon.colcon_core.package_identification:_identify(src/dofbot_description) by extension 'colcon_pkg'
[0.366s] Level 1:colcon.colcon_core.package_identification:_identify(src/dofbot_description) by extensions ['colcon_meta']
[0.366s] Level 1:colcon.colcon_core.package_identification:_identify(src/dofbot_description) by extension 'colcon_meta'
[0.366s] Level 1:colcon.colcon_core.package_identification:_identify(src/dofbot_description) by extensions ['ros']
[0.366s] Level 1:colcon.colcon_core.package_identification:_identify(src/dofbot_description) by extension 'ros'
[0.381s] DEBUG:colcon.colcon_core.package_identification:Package 'src/dofbot_description' with type 'ros.ament_cmake' and name 'dofbot_description'
[0.382s] Level 1:colcon.colcon_core.package_identification:_identify(src/dofbot_moveit) by extensions ['ignore', 'ignore_ament_install']
[0.382s] Level 1:colcon.colcon_core.package_identification:_identify(src/dofbot_moveit) by extension 'ignore'
[0.382s] Level 1:colcon.colcon_core.package_identification:_identify(src/dofbot_moveit) by extension 'ignore_ament_install'
[0.382s] Level 1:colcon.colcon_core.package_identification:_identify(src/dofbot_moveit) by extensions ['colcon_pkg']
[0.382s] Level 1:colcon.colcon_core.package_identification:_identify(src/dofbot_moveit) by extension 'colcon_pkg'
[0.382s] Level 1:colcon.colcon_core.package_identification:_identify(src/dofbot_moveit) by extensions ['colcon_meta']
[0.382s] Level 1:colcon.colcon_core.package_identification:_identify(src/dofbot_moveit) by extension 'colcon_meta'
[0.382s] Level 1:colcon.colcon_core.package_identification:_identify(src/dofbot_moveit) by extensions ['ros']
[0.382s] Level 1:colcon.colcon_core.package_identification:_identify(src/dofbot_moveit) by extension 'ros'
[0.383s] DEBUG:colcon.colcon_core.package_identification:Package 'src/dofbot_moveit' with type 'ros.ament_cmake' and name 'dofbot_moveit'
[0.383s] Level 1:colcon.colcon_core.package_identification:_identify(src/openvla_ros_interface) by extensions ['ignore', 'ignore_ament_install']
[0.383s] Level 1:colcon.colcon_core.package_identification:_identify(src/openvla_ros_interface) by extension 'ignore'
[0.383s] Level 1:colcon.colcon_core.package_identification:_identify(src/openvla_ros_interface) by extension 'ignore_ament_install'
[0.383s] Level 1:colcon.colcon_core.package_identification:_identify(src/openvla_ros_interface) by extensions ['colcon_pkg']
[0.383s] Level 1:colcon.colcon_core.package_identification:_identify(src/openvla_ros_interface) by extension 'colcon_pkg'
[0.383s] Level 1:colcon.colcon_core.package_identification:_identify(src/openvla_ros_interface) by extensions ['colcon_meta']
[0.383s] Level 1:colcon.colcon_core.package_identification:_identify(src/openvla_ros_interface) by extension 'colcon_meta'
[0.383s] Level 1:colcon.colcon_core.package_identification:_identify(src/openvla_ros_interface) by extensions ['ros']
[0.383s] Level 1:colcon.colcon_core.package_identification:_identify(src/openvla_ros_interface) by extension 'ros'
[0.384s] DEBUG:colcon.colcon_core.package_identification:Package 'src/openvla_ros_interface' with type 'ros.ament_python' and name 'openvla_ros_interface'
[0.384s] Level 1:colcon.colcon_core.package_discovery:discover_packages(recursive) using defaults
[0.384s] Level 1:colcon.colcon_core.package_discovery:discover_packages(ignore) discover
[0.384s] Level 1:colcon.colcon_core.package_discovery:discover_packages(ignore) using defaults
[0.384s] Level 1:colcon.colcon_core.package_discovery:discover_packages(path) discover
[0.384s] Level 1:colcon.colcon_core.package_discovery:discover_packages(path) using defaults
[0.407s] Level 1:colcon.colcon_core.package_discovery:discover_packages(prefix_path) check parameters
[0.408s] Level 1:colcon.colcon_core.package_discovery:discover_packages(prefix_path) discover
[0.410s] DEBUG:colcon.colcon_installed_package_information.package_discovery:Found 3 installed packages in /home/om/OpenVla_cr5/install
[0.411s] DEBUG:colcon.colcon_installed_package_information.package_discovery:Found 12 installed packages in /home/om/dobot_ws/install
[0.413s] DEBUG:colcon.colcon_installed_package_information.package_discovery:Found 461 installed packages in /opt/ros/humble
[0.416s] Level 1:colcon.colcon_core.package_discovery:discover_packages(prefix_path) using defaults
[0.481s] Level 5:colcon.colcon_core.verb:set package 'dofbot_description' build argument 'cmake_args' from command line to 'None'
[0.481s] Level 5:colcon.colcon_core.verb:set package 'dofbot_description' build argument 'cmake_target' from command line to 'None'
[0.481s] Level 5:colcon.colcon_core.verb:set package 'dofbot_description' build argument 'cmake_target_skip_unavailable' from command line to 'False'
[0.481s] Level 5:colcon.colcon_core.verb:set package 'dofbot_description' build argument 'cmake_clean_cache' from command line to 'False'
[0.481s] Level 5:colcon.colcon_core.verb:set package 'dofbot_description' build argument 'cmake_clean_first' from command line to 'False'
[0.481s] Level 5:colcon.colcon_core.verb:set package 'dofbot_description' build argument 'cmake_force_configure' from command line to 'False'
[0.481s] Level 5:colcon.colcon_core.verb:set package 'dofbot_description' build argument 'ament_cmake_args' from command line to 'None'
[0.481s] Level 5:colcon.colcon_core.verb:set package 'dofbot_description' build argument 'catkin_cmake_args' from command line to 'None'
[0.481s] Level 5:colcon.colcon_core.verb:set package 'dofbot_description' build argument 'catkin_skip_building_tests' from command line to 'False'
[0.481s] DEBUG:colcon.colcon_core.verb:Building package 'dofbot_description' with the following arguments: {'ament_cmake_args': None, 'build_base': '/home/om/OpenVla_cr5/build/dofbot_description', 'catkin_cmake_args': None, 'catkin_skip_building_tests': False, 'cmake_args': None, 'cmake_clean_cache': False, 'cmake_clean_first': False, 'cmake_force_configure': False, 'cmake_target': None, 'cmake_target_skip_unavailable': False, 'install_base': '/home/om/OpenVla_cr5/install/dofbot_description', 'merge_install': False, 'path': '/home/om/OpenVla_cr5/src/dofbot_description', 'symlink_install': False, 'test_result_base': None}
[0.482s] Level 5:colcon.colcon_core.verb:set package 'dofbot_moveit' build argument 'cmake_args' from command line to 'None'
[0.482s] Level 5:colcon.colcon_core.verb:set package 'dofbot_moveit' build argument 'cmake_target' from command line to 'None'
[0.482s] Level 5:colcon.colcon_core.verb:set package 'dofbot_moveit' build argument 'cmake_target_skip_unavailable' from command line to 'False'
[0.482s] Level 5:colcon.colcon_core.verb:set package 'dofbot_moveit' build argument 'cmake_clean_cache' from command line to 'False'
[0.482s] Level 5:colcon.colcon_core.verb:set package 'dofbot_moveit' build argument 'cmake_clean_first' from command line to 'False'
[0.482s] Level 5:colcon.colcon_core.verb:set package 'dofbot_moveit' build argument 'cmake_force_configure' from command line to 'False'
[0.482s] Level 5:colcon.colcon_core.verb:set package 'dofbot_moveit' build argument 'ament_cmake_args' from command line to 'None'
[0.482s] Level 5:colcon.colcon_core.verb:set package 'dofbot_moveit' build argument 'catkin_cmake_args' from command line to 'None'
[0.482s] Level 5:colcon.colcon_core.verb:set package 'dofbot_moveit' build argument 'catkin_skip_building_tests' from command line to 'False'
[0.482s] DEBUG:colcon.colcon_core.verb:Building package 'dofbot_moveit' with the following arguments: {'ament_cmake_args': None, 'build_base': '/home/om/OpenVla_cr5/build/dofbot_moveit', 'catkin_cmake_args': None, 'catkin_skip_building_tests': False, 'cmake_args': None, 'cmake_clean_cache': False, 'cmake_clean_first': False, 'cmake_force_configure': False, 'cmake_target': None, 'cmake_target_skip_unavailable': False, 'install_base': '/home/om/OpenVla_cr5/install/dofbot_moveit', 'merge_install': False, 'path': '/home/om/OpenVla_cr5/src/dofbot_moveit', 'symlink_install': False, 'test_result_base': None}
[0.482s] Level 5:colcon.colcon_core.verb:set package 'openvla_ros_interface' build argument 'cmake_args' from command line to 'None'
[0.482s] Level 5:colcon.colcon_core.verb:set package 'openvla_ros_interface' build argument 'cmake_target' from command line to 'None'
[0.483s] Level 5:colcon.colcon_core.verb:set package 'openvla_ros_interface' build argument 'cmake_target_skip_unavailable' from command line to 'False'
[0.483s] Level 5:colcon.colcon_core.verb:set package 'openvla_ros_interface' build argument 'cmake_clean_cache' from command line to 'False'
[0.483s] Level 5:colcon.colcon_core.verb:set package 'openvla_ros_interface' build argument 'cmake_clean_first' from command line to 'False'
[0.483s] Level 5:colcon.colcon_core.verb:set package 'openvla_ros_interface' build argument 'cmake_force_configure' from command line to 'False'
[0.483s] Level 5:colcon.colcon_core.verb:set package 'openvla_ros_interface' build argument 'ament_cmake_args' from command line to 'None'
[0.483s] Level 5:colcon.colcon_core.verb:set package 'openvla_ros_interface' build argument 'catkin_cmake_args' from command line to 'None'
[0.483s] Level 5:colcon.colcon_core.verb:set package 'openvla_ros_interface' build argument 'catkin_skip_building_tests' from command line to 'False'
[0.483s] DEBUG:colcon.colcon_core.verb:Building package 'openvla_ros_interface' with the following arguments: {'ament_cmake_args': None, 'build_base': '/home/om/OpenVla_cr5/build/openvla_ros_interface', 'catkin_cmake_args': None, 'catkin_skip_building_tests': False, 'cmake_args': None, 'cmake_clean_cache': False, 'cmake_clean_first': False, 'cmake_force_configure': False, 'cmake_target': None, 'cmake_target_skip_unavailable': False, 'install_base': '/home/om/OpenVla_cr5/install/openvla_ros_interface', 'merge_install': False, 'path': '/home/om/OpenVla_cr5/src/openvla_ros_interface', 'symlink_install': False, 'test_result_base': None}
[0.483s] INFO:colcon.colcon_core.executor:Executing jobs using 'parallel' executor
[0.484s] DEBUG:colcon.colcon_parallel_executor.executor.parallel:run_until_complete
[0.484s] INFO:colcon.colcon_ros.task.ament_cmake.build:Building ROS package in '/home/om/OpenVla_cr5/src/dofbot_description' with build type 'ament_cmake'
[0.484s] INFO:colcon.colcon_cmake.task.cmake.build:Building CMake package in '/home/om/OpenVla_cr5/src/dofbot_description'
[0.487s] INFO:colcon.colcon_core.plugin_system:Skipping extension 'colcon_core.shell.bat': Not used on non-Windows systems
[0.487s] INFO:colcon.colcon_core.shell:Skip shell extension 'powershell' for command environment: Not usable outside of PowerShell
[0.487s] DEBUG:colcon.colcon_core.shell:Skip shell extension 'dsv' for command environment
[0.493s] INFO:colcon.colcon_ros.task.ament_cmake.build:Building ROS package in '/home/om/OpenVla_cr5/src/dofbot_moveit' with build type 'ament_cmake'
[0.493s] INFO:colcon.colcon_cmake.task.cmake.build:Building CMake package in '/home/om/OpenVla_cr5/src/dofbot_moveit'
[0.493s] INFO:colcon.colcon_core.shell:Skip shell extension 'powershell' for command environment: Not usable outside of PowerShell
[0.493s] DEBUG:colcon.colcon_core.shell:Skip shell extension 'dsv' for command environment
[0.498s] INFO:colcon.colcon_ros.task.ament_python.build:Building ROS package in '/home/om/OpenVla_cr5/src/openvla_ros_interface' with build type 'ament_python'
[0.499s] Level 1:colcon.colcon_core.shell:create_environment_hook('openvla_ros_interface', 'ament_prefix_path')
[0.499s] INFO:colcon.colcon_core.shell:Creating environment hook '/home/om/OpenVla_cr5/install/openvla_ros_interface/share/openvla_ros_interface/hook/ament_prefix_path.ps1'
[0.500s] INFO:colcon.colcon_core.shell:Creating environment descriptor '/home/om/OpenVla_cr5/install/openvla_ros_interface/share/openvla_ros_interface/hook/ament_prefix_path.dsv'
[0.501s] INFO:colcon.colcon_core.shell:Creating environment hook '/home/om/OpenVla_cr5/install/openvla_ros_interface/share/openvla_ros_interface/hook/ament_prefix_path.sh'
[0.502s] INFO:colcon.colcon_core.shell:Skip shell extension 'powershell' for command environment: Not usable outside of PowerShell
[0.502s] DEBUG:colcon.colcon_core.shell:Skip shell extension 'dsv' for command environment
[0.513s] DEBUG:colcon.colcon_core.event_handler.log_command:Invoking command in '/home/om/OpenVla_cr5/build/dofbot_description': CMAKE_PREFIX_PATH=${CMAKE_PREFIX_PATH}:/home/om/OpenVla_cr5/install/openvla_ros_interface:/home/om/dobot_ws/install/servo_action:/home/om/dobot_ws/install/dobot_moveit:/home/om/dobot_ws/install/dobot_demo:/opt/ros/humble /usr/bin/cmake --build /home/om/OpenVla_cr5/build/dofbot_description -- -j8 -l8
[0.518s] DEBUG:colcon.colcon_core.event_handler.log_command:Invoking command in '/home/om/OpenVla_cr5/build/dofbot_moveit': CMAKE_PREFIX_PATH=${CMAKE_PREFIX_PATH}:/home/om/OpenVla_cr5/install/openvla_ros_interface:/home/om/dobot_ws/install/servo_action:/home/om/dobot_ws/install/dobot_moveit:/home/om/dobot_ws/install/dobot_demo:/opt/ros/humble /usr/bin/cmake --build /home/om/OpenVla_cr5/build/dofbot_moveit -- -j8 -l8
[0.848s] INFO:colcon.colcon_core.task.python.build:Building Python package in '/home/om/OpenVla_cr5/src/openvla_ros_interface'
[0.849s] INFO:colcon.colcon_core.shell:Skip shell extension 'powershell' for command environment: Not usable outside of PowerShell
[0.849s] DEBUG:colcon.colcon_core.shell:Skip shell extension 'dsv' for command environment
[0.856s] DEBUG:colcon.colcon_core.event_handler.log_command:Invoked command in '/home/om/OpenVla_cr5/build/dofbot_description' returned '0': CMAKE_PREFIX_PATH=${CMAKE_PREFIX_PATH}:/home/om/OpenVla_cr5/install/openvla_ros_interface:/home/om/dobot_ws/install/servo_action:/home/om/dobot_ws/install/dobot_moveit:/home/om/dobot_ws/install/dobot_demo:/opt/ros/humble /usr/bin/cmake --build /home/om/OpenVla_cr5/build/dofbot_description -- -j8 -l8
[0.868s] DEBUG:colcon.colcon_core.event_handler.log_command:Invoking command in '/home/om/OpenVla_cr5/build/dofbot_description': CMAKE_PREFIX_PATH=${CMAKE_PREFIX_PATH}:/home/om/OpenVla_cr5/install/openvla_ros_interface:/home/om/dobot_ws/install/servo_action:/home/om/dobot_ws/install/dobot_moveit:/home/om/dobot_ws/install/dobot_demo:/opt/ros/humble /usr/bin/cmake --install /home/om/OpenVla_cr5/build/dofbot_description
[0.870s] DEBUG:colcon.colcon_core.event_handler.log_command:Invoked command in '/home/om/OpenVla_cr5/build/dofbot_moveit' returned '0': CMAKE_PREFIX_PATH=${CMAKE_PREFIX_PATH}:/home/om/OpenVla_cr5/install/openvla_ros_interface:/home/om/dobot_ws/install/servo_action:/home/om/dobot_ws/install/dobot_moveit:/home/om/dobot_ws/install/dobot_demo:/opt/ros/humble /usr/bin/cmake --build /home/om/OpenVla_cr5/build/dofbot_moveit -- -j8 -l8
[0.873s] DEBUG:colcon.colcon_core.event_handler.log_command:Invoking command in '/home/om/OpenVla_cr5/build/dofbot_moveit': CMAKE_PREFIX_PATH=${CMAKE_PREFIX_PATH}:/home/om/OpenVla_cr5/install/openvla_ros_interface:/home/om/dobot_ws/install/servo_action:/home/om/dobot_ws/install/dobot_moveit:/home/om/dobot_ws/install/dobot_demo:/opt/ros/humble /usr/bin/cmake --install /home/om/OpenVla_cr5/build/dofbot_moveit
[0.880s] Level 1:colcon.colcon_core.environment:create_environment_scripts_only(dofbot_description)
[0.880s] DEBUG:colcon.colcon_core.event_handler.log_command:Invoked command in '/home/om/OpenVla_cr5/build/dofbot_description' returned '0': CMAKE_PREFIX_PATH=${CMAKE_PREFIX_PATH}:/home/om/OpenVla_cr5/install/openvla_ros_interface:/home/om/dobot_ws/install/servo_action:/home/om/dobot_ws/install/dobot_moveit:/home/om/dobot_ws/install/dobot_demo:/opt/ros/humble /usr/bin/cmake --install /home/om/OpenVla_cr5/build/dofbot_description
[0.885s] Level 1:colcon.colcon_core.environment:checking '/home/om/OpenVla_cr5/install/dofbot_description' for CMake module files
[0.886s] Level 1:colcon.colcon_core.environment:checking '/home/om/OpenVla_cr5/install/dofbot_description' for CMake config files
[0.886s] Level 1:colcon.colcon_core.shell:create_environment_hook('dofbot_description', 'cmake_prefix_path')
[0.886s] INFO:colcon.colcon_core.shell:Creating environment hook '/home/om/OpenVla_cr5/install/dofbot_description/share/dofbot_description/hook/cmake_prefix_path.ps1'
[0.887s] INFO:colcon.colcon_core.shell:Creating environment descriptor '/home/om/OpenVla_cr5/install/dofbot_description/share/dofbot_description/hook/cmake_prefix_path.dsv'
[0.887s] INFO:colcon.colcon_core.shell:Creating environment hook '/home/om/OpenVla_cr5/install/dofbot_description/share/dofbot_description/hook/cmake_prefix_path.sh'
[0.888s] Level 1:colcon.colcon_core.environment:checking '/home/om/OpenVla_cr5/install/dofbot_description/bin'
[0.888s] Level 1:colcon.colcon_core.environment:checking '/home/om/OpenVla_cr5/install/dofbot_description/lib/pkgconfig/dofbot_description.pc'
[0.888s] Level 1:colcon.colcon_core.environment:checking '/home/om/OpenVla_cr5/install/dofbot_description/lib/python3.10/site-packages'
[0.888s] Level 1:colcon.colcon_core.environment:checking '/home/om/OpenVla_cr5/install/dofbot_description/bin'
[0.889s] INFO:colcon.colcon_core.shell:Creating package script '/home/om/OpenVla_cr5/install/dofbot_description/share/dofbot_description/package.ps1'
[0.890s] INFO:colcon.colcon_core.shell:Creating package descriptor '/home/om/OpenVla_cr5/install/dofbot_description/share/dofbot_description/package.dsv'
[0.890s] INFO:colcon.colcon_core.shell:Creating package script '/home/om/OpenVla_cr5/install/dofbot_description/share/dofbot_description/package.sh'
[0.891s] INFO:colcon.colcon_core.shell:Creating package script '/home/om/OpenVla_cr5/install/dofbot_description/share/dofbot_description/package.bash'
[0.892s] INFO:colcon.colcon_core.shell:Creating package script '/home/om/OpenVla_cr5/install/dofbot_description/share/dofbot_description/package.zsh'
[0.893s] Level 1:colcon.colcon_core.environment:create_file_with_runtime_dependencies(/home/om/OpenVla_cr5/install/dofbot_description/share/colcon-core/packages/dofbot_description)
[0.893s] Level 1:colcon.colcon_core.environment:create_environment_scripts_only(dofbot_description)
[0.893s] Level 1:colcon.colcon_core.environment:checking '/home/om/OpenVla_cr5/install/dofbot_description' for CMake module files
[0.894s] Level 1:colcon.colcon_core.environment:checking '/home/om/OpenVla_cr5/install/dofbot_description' for CMake config files
[0.894s] Level 1:colcon.colcon_core.shell:create_environment_hook('dofbot_description', 'cmake_prefix_path')
[0.894s] INFO:colcon.colcon_core.shell:Creating environment hook '/home/om/OpenVla_cr5/install/dofbot_description/share/dofbot_description/hook/cmake_prefix_path.ps1'
[0.895s] INFO:colcon.colcon_core.shell:Creating environment descriptor '/home/om/OpenVla_cr5/install/dofbot_description/share/dofbot_description/hook/cmake_prefix_path.dsv'
[0.895s] INFO:colcon.colcon_core.shell:Creating environment hook '/home/om/OpenVla_cr5/install/dofbot_description/share/dofbot_description/hook/cmake_prefix_path.sh'
[0.896s] Level 1:colcon.colcon_core.environment:checking '/home/om/OpenVla_cr5/install/dofbot_description/bin'
[0.896s] Level 1:colcon.colcon_core.environment:checking '/home/om/OpenVla_cr5/install/dofbot_description/lib/pkgconfig/dofbot_description.pc'
[0.896s] Level 1:colcon.colcon_core.environment:checking '/home/om/OpenVla_cr5/install/dofbot_description/lib/python3.10/site-packages'
[0.896s] Level 1:colcon.colcon_core.environment:checking '/home/om/OpenVla_cr5/install/dofbot_description/bin'
[0.897s] INFO:colcon.colcon_core.shell:Creating package script '/home/om/OpenVla_cr5/install/dofbot_description/share/dofbot_description/package.ps1'
[0.897s] INFO:colcon.colcon_core.shell:Creating package descriptor '/home/om/OpenVla_cr5/install/dofbot_description/share/dofbot_description/package.dsv'
[0.898s] INFO:colcon.colcon_core.shell:Creating package script '/home/om/OpenVla_cr5/install/dofbot_description/share/dofbot_description/package.sh'
[0.898s] INFO:colcon.colcon_core.shell:Creating package script '/home/om/OpenVla_cr5/install/dofbot_description/share/dofbot_description/package.bash'
[0.899s] INFO:colcon.colcon_core.shell:Creating package script '/home/om/OpenVla_cr5/install/dofbot_description/share/dofbot_description/package.zsh'
[0.899s] Level 1:colcon.colcon_core.environment:create_file_with_runtime_dependencies(/home/om/OpenVla_cr5/install/dofbot_description/share/colcon-core/packages/dofbot_description)
[0.901s] Level 1:colcon.colcon_core.environment:create_environment_scripts_only(dofbot_moveit)
[0.901s] Level 1:colcon.colcon_core.environment:checking '/home/om/OpenVla_cr5/install/dofbot_moveit' for CMake module files
[0.902s] DEBUG:colcon.colcon_core.event_handler.log_command:Invoked command in '/home/om/OpenVla_cr5/build/dofbot_moveit' returned '0': CMAKE_PREFIX_PATH=${CMAKE_PREFIX_PATH}:/home/om/OpenVla_cr5/install/openvla_ros_interface:/home/om/dobot_ws/install/servo_action:/home/om/dobot_ws/install/dobot_moveit:/home/om/dobot_ws/install/dobot_demo:/opt/ros/humble /usr/bin/cmake --install /home/om/OpenVla_cr5/build/dofbot_moveit
[0.903s] Level 1:colcon.colcon_core.environment:checking '/home/om/OpenVla_cr5/install/dofbot_moveit' for CMake config files
[0.903s] Level 1:colcon.colcon_core.shell:create_environment_hook('dofbot_moveit', 'cmake_prefix_path')
[0.903s] INFO:colcon.colcon_core.shell:Creating environment hook '/home/om/OpenVla_cr5/install/dofbot_moveit/share/dofbot_moveit/hook/cmake_prefix_path.ps1'
[0.904s] INFO:colcon.colcon_core.shell:Creating environment descriptor '/home/om/OpenVla_cr5/install/dofbot_moveit/share/dofbot_moveit/hook/cmake_prefix_path.dsv'
[0.904s] INFO:colcon.colcon_core.shell:Creating environment hook '/home/om/OpenVla_cr5/install/dofbot_moveit/share/dofbot_moveit/hook/cmake_prefix_path.sh'
[0.905s] Level 1:colcon.colcon_core.environment:checking '/home/om/OpenVla_cr5/install/dofbot_moveit/bin'
[0.905s] Level 1:colcon.colcon_core.environment:checking '/home/om/OpenVla_cr5/install/dofbot_moveit/lib/pkgconfig/dofbot_moveit.pc'
[0.905s] Level 1:colcon.colcon_core.environment:checking '/home/om/OpenVla_cr5/install/dofbot_moveit/lib/python3.10/site-packages'
[0.905s] Level 1:colcon.colcon_core.environment:checking '/home/om/OpenVla_cr5/install/dofbot_moveit/bin'
[0.906s] INFO:colcon.colcon_core.shell:Creating package script '/home/om/OpenVla_cr5/install/dofbot_moveit/share/dofbot_moveit/package.ps1'
[0.906s] INFO:colcon.colcon_core.shell:Creating package descriptor '/home/om/OpenVla_cr5/install/dofbot_moveit/share/dofbot_moveit/package.dsv'
[0.907s] INFO:colcon.colcon_core.shell:Creating package script '/home/om/OpenVla_cr5/install/dofbot_moveit/share/dofbot_moveit/package.sh'
[0.907s] INFO:colcon.colcon_core.shell:Creating package script '/home/om/OpenVla_cr5/install/dofbot_moveit/share/dofbot_moveit/package.bash'
[0.908s] INFO:colcon.colcon_core.shell:Creating package script '/home/om/OpenVla_cr5/install/dofbot_moveit/share/dofbot_moveit/package.zsh'
[0.908s] Level 1:colcon.colcon_core.environment:create_file_with_runtime_dependencies(/home/om/OpenVla_cr5/install/dofbot_moveit/share/colcon-core/packages/dofbot_moveit)
[0.909s] Level 1:colcon.colcon_core.environment:create_environment_scripts_only(dofbot_moveit)
[0.909s] Level 1:colcon.colcon_core.environment:checking '/home/om/OpenVla_cr5/install/dofbot_moveit' for CMake module files
[0.910s] Level 1:colcon.colcon_core.environment:checking '/home/om/OpenVla_cr5/install/dofbot_moveit' for CMake config files
[0.910s] Level 1:colcon.colcon_core.shell:create_environment_hook('dofbot_moveit', 'cmake_prefix_path')
[0.910s] INFO:colcon.colcon_core.shell:Creating environment hook '/home/om/OpenVla_cr5/install/dofbot_moveit/share/dofbot_moveit/hook/cmake_prefix_path.ps1'
[0.911s] INFO:colcon.colcon_core.shell:Creating environment descriptor '/home/om/OpenVla_cr5/install/dofbot_moveit/share/dofbot_moveit/hook/cmake_prefix_path.dsv'
[0.911s] INFO:colcon.colcon_core.shell:Creating environment hook '/home/om/OpenVla_cr5/install/dofbot_moveit/share/dofbot_moveit/hook/cmake_prefix_path.sh'
[0.912s] Level 1:colcon.colcon_core.environment:checking '/home/om/OpenVla_cr5/install/dofbot_moveit/bin'
[0.912s] Level 1:colcon.colcon_core.environment:checking '/home/om/OpenVla_cr5/install/dofbot_moveit/lib/pkgconfig/dofbot_moveit.pc'
[0.912s] Level 1:colcon.colcon_core.environment:checking '/home/om/OpenVla_cr5/install/dofbot_moveit/lib/python3.10/site-packages'
[0.912s] Level 1:colcon.colcon_core.environment:checking '/home/om/OpenVla_cr5/install/dofbot_moveit/bin'
[0.913s] INFO:colcon.colcon_core.shell:Creating package script '/home/om/OpenVla_cr5/install/dofbot_moveit/share/dofbot_moveit/package.ps1'
[0.914s] INFO:colcon.colcon_core.shell:Creating package descriptor '/home/om/OpenVla_cr5/install/dofbot_moveit/share/dofbot_moveit/package.dsv'
[0.914s] INFO:colcon.colcon_core.shell:Creating package script '/home/om/OpenVla_cr5/install/dofbot_moveit/share/dofbot_moveit/package.sh'
[0.915s] INFO:colcon.colcon_core.shell:Creating package script '/home/om/OpenVla_cr5/install/dofbot_moveit/share/dofbot_moveit/package.bash'
[0.915s] INFO:colcon.colcon_core.shell:Creating package script '/home/om/OpenVla_cr5/install/dofbot_moveit/share/dofbot_moveit/package.zsh'
[0.916s] Level 1:colcon.colcon_core.environment:create_file_with_runtime_dependencies(/home/om/OpenVla_cr5/install/dofbot_moveit/share/colcon-core/packages/dofbot_moveit)
[1.369s] DEBUG:colcon.colcon_core.event_handler.log_command:Invoking command in '/home/om/OpenVla_cr5/src/openvla_ros_interface': PYTHONPATH=/home/om/OpenVla_cr5/build/openvla_ros_interface/prefix_override:/usr/lib/python3/dist-packages/colcon_core/task/python/colcon_distutils_commands:/home/om/OpenVla_cr5/install/openvla_ros_interface/lib/python3.10/site-packages:${PYTHONPATH} /usr/bin/python3 -W ignore:setup.py install is deprecated -W ignore:easy_install command is deprecated setup.py egg_info --egg-base ../../build/openvla_ros_interface build --build-base /home/om/OpenVla_cr5/build/openvla_ros_interface/build install --record /home/om/OpenVla_cr5/build/openvla_ros_interface/install.log --single-version-externally-managed install_data
[1.744s] Level 1:colcon.colcon_core.environment:checking '/home/om/OpenVla_cr5/install/openvla_ros_interface' for CMake module files
[1.745s] DEBUG:colcon.colcon_core.event_handler.log_command:Invoked command in '/home/om/OpenVla_cr5/src/openvla_ros_interface' returned '0': PYTHONPATH=/home/om/OpenVla_cr5/build/openvla_ros_interface/prefix_override:/usr/lib/python3/dist-packages/colcon_core/task/python/colcon_distutils_commands:/home/om/OpenVla_cr5/install/openvla_ros_interface/lib/python3.10/site-packages:${PYTHONPATH} /usr/bin/python3 -W ignore:setup.py install is deprecated -W ignore:easy_install command is deprecated setup.py egg_info --egg-base ../../build/openvla_ros_interface build --build-base /home/om/OpenVla_cr5/build/openvla_ros_interface/build install --record /home/om/OpenVla_cr5/build/openvla_ros_interface/install.log --single-version-externally-managed install_data
[1.746s] Level 1:colcon.colcon_core.environment:checking '/home/om/OpenVla_cr5/install/openvla_ros_interface' for CMake config files
[1.746s] Level 1:colcon.colcon_core.environment:checking '/home/om/OpenVla_cr5/install/openvla_ros_interface/lib'
[1.746s] Level 1:colcon.colcon_core.environment:checking '/home/om/OpenVla_cr5/install/openvla_ros_interface/bin'
[1.747s] Level 1:colcon.colcon_core.environment:checking '/home/om/OpenVla_cr5/install/openvla_ros_interface/lib/pkgconfig/openvla_ros_interface.pc'
[1.747s] Level 1:colcon.colcon_core.environment:checking '/home/om/OpenVla_cr5/install/openvla_ros_interface/lib/python3.10/site-packages'
[1.747s] Level 1:colcon.colcon_core.shell:create_environment_hook('openvla_ros_interface', 'pythonpath')
[1.747s] INFO:colcon.colcon_core.shell:Creating environment hook '/home/om/OpenVla_cr5/install/openvla_ros_interface/share/openvla_ros_interface/hook/pythonpath.ps1'
[1.748s] INFO:colcon.colcon_core.shell:Creating environment descriptor '/home/om/OpenVla_cr5/install/openvla_ros_interface/share/openvla_ros_interface/hook/pythonpath.dsv'
[1.748s] INFO:colcon.colcon_core.shell:Creating environment hook '/home/om/OpenVla_cr5/install/openvla_ros_interface/share/openvla_ros_interface/hook/pythonpath.sh'
[1.749s] Level 1:colcon.colcon_core.environment:checking '/home/om/OpenVla_cr5/install/openvla_ros_interface/bin'
[1.749s] Level 1:colcon.colcon_core.environment:create_environment_scripts_only(openvla_ros_interface)
[1.749s] INFO:colcon.colcon_core.shell:Creating package script '/home/om/OpenVla_cr5/install/openvla_ros_interface/share/openvla_ros_interface/package.ps1'
[1.750s] INFO:colcon.colcon_core.shell:Creating package descriptor '/home/om/OpenVla_cr5/install/openvla_ros_interface/share/openvla_ros_interface/package.dsv'
[1.750s] INFO:colcon.colcon_core.shell:Creating package script '/home/om/OpenVla_cr5/install/openvla_ros_interface/share/openvla_ros_interface/package.sh'
[1.751s] INFO:colcon.colcon_core.shell:Creating package script '/home/om/OpenVla_cr5/install/openvla_ros_interface/share/openvla_ros_interface/package.bash'
[1.751s] INFO:colcon.colcon_core.shell:Creating package script '/home/om/OpenVla_cr5/install/openvla_ros_interface/share/openvla_ros_interface/package.zsh'
[1.752s] Level 1:colcon.colcon_core.environment:create_file_with_runtime_dependencies(/home/om/OpenVla_cr5/install/openvla_ros_interface/share/colcon-core/packages/openvla_ros_interface)
[1.752s] DEBUG:colcon.colcon_parallel_executor.executor.parallel:closing loop
[1.752s] DEBUG:colcon.colcon_parallel_executor.executor.parallel:loop closed
[1.752s] DEBUG:colcon.colcon_parallel_executor.executor.parallel:run_until_complete finished with '0'
[1.753s] DEBUG:colcon.colcon_core.event_reactor:joining thread
[1.758s] INFO:colcon.colcon_core.plugin_system:Skipping extension 'colcon_notification.desktop_notification.terminal_notifier': Not used on non-Darwin systems
[1.758s] INFO:colcon.colcon_core.plugin_system:Skipping extension 'colcon_notification.desktop_notification.win32': Not used on non-Windows systems
[1.758s] INFO:colcon.colcon_notification.desktop_notification:Sending desktop notification using 'notify2'
[1.773s] DEBUG:colcon.colcon_core.event_reactor:joined thread
[1.773s] INFO:colcon.colcon_core.shell:Creating prefix script '/home/om/OpenVla_cr5/install/local_setup.ps1'
[1.775s] INFO:colcon.colcon_core.shell:Creating prefix util module '/home/om/OpenVla_cr5/install/_local_setup_util_ps1.py'
[1.776s] INFO:colcon.colcon_core.shell:Creating prefix chain script '/home/om/OpenVla_cr5/install/setup.ps1'
[1.779s] INFO:colcon.colcon_core.shell:Creating prefix script '/home/om/OpenVla_cr5/install/local_setup.sh'
[1.779s] INFO:colcon.colcon_core.shell:Creating prefix util module '/home/om/OpenVla_cr5/install/_local_setup_util_sh.py'
[1.780s] INFO:colcon.colcon_core.shell:Creating prefix chain script '/home/om/OpenVla_cr5/install/setup.sh'
[1.782s] INFO:colcon.colcon_core.shell:Creating prefix script '/home/om/OpenVla_cr5/install/local_setup.bash'
[1.782s] INFO:colcon.colcon_core.shell:Creating prefix chain script '/home/om/OpenVla_cr5/install/setup.bash'
[1.784s] INFO:colcon.colcon_core.shell:Creating prefix script '/home/om/OpenVla_cr5/install/local_setup.zsh'
[1.784s] INFO:colcon.colcon_core.shell:Creating prefix chain script '/home/om/OpenVla_cr5/install/setup.zsh'
