[0.031s] Invoking command in '/home/om/OpenVla_cr5/build/dofbot_description': CMAKE_PREFIX_PATH=${CMAKE_PREFIX_PATH}:/home/om/OpenVla_cr5/install/openvla_ros_interface:/home/om/dobot_ws/install/servo_action:/home/om/dobot_ws/install/dobot_moveit:/home/om/dobot_ws/install/dobot_demo:/opt/ros/humble /usr/bin/cmake --build /home/om/OpenVla_cr5/build/dofbot_description -- -j8 -l8
[0.397s] Invoked command in '/home/om/OpenVla_cr5/build/dofbot_description' returned '0': CMAKE_PREFIX_PATH=${CMAKE_PREFIX_PATH}:/home/om/OpenVla_cr5/install/openvla_ros_interface:/home/om/dobot_ws/install/servo_action:/home/om/dobot_ws/install/dobot_moveit:/home/om/dobot_ws/install/dobot_demo:/opt/ros/humble /usr/bin/cmake --build /home/om/OpenVla_cr5/build/dofbot_description -- -j8 -l8
[0.412s] Invoking command in '/home/om/OpenVla_cr5/build/dofbot_description': CMAKE_PREFIX_PATH=${CMAKE_PREFIX_PATH}:/home/om/OpenVla_cr5/install/openvla_ros_interface:/home/om/dobot_ws/install/servo_action:/home/om/dobot_ws/install/dobot_moveit:/home/om/dobot_ws/install/dobot_demo:/opt/ros/humble /usr/bin/cmake --install /home/om/OpenVla_cr5/build/dofbot_description
[0.421s] -- Install configuration: ""
[0.421s] -- Up-to-date: /home/om/OpenVla_cr5/install/dofbot_description/share/dofbot_description/urdf
[0.422s] -- Up-to-date: /home/om/OpenVla_cr5/install/dofbot_description/share/dofbot_description/urdf/gazebo.xacro
[0.422s] -- Up-to-date: /home/om/OpenVla_cr5/install/dofbot_description/share/dofbot_description/urdf/ros2_control.xacro
[0.422s] -- Up-to-date: /home/om/OpenVla_cr5/install/dofbot_description/share/dofbot_description/urdf/new_cr5.xacro
[0.422s] -- Up-to-date: /home/om/OpenVla_cr5/install/dofbot_description/share/dofbot_description/config
[0.422s] -- Up-to-date: /home/om/OpenVla_cr5/install/dofbot_description/share/dofbot_description/config/gz_bridge.yaml
[0.423s] -- Up-to-date: /home/om/OpenVla_cr5/install/dofbot_description/share/dofbot_description/config/ros2_controllers.yaml
[0.423s] -- Up-to-date: /home/om/OpenVla_cr5/install/dofbot_description/share/dofbot_description/launch
[0.423s] -- Up-to-date: /home/om/OpenVla_cr5/install/dofbot_description/share/dofbot_description/launch/gazebo2.launch.py
[0.423s] -- Up-to-date: /home/om/OpenVla_cr5/install/dofbot_description/share/dofbot_description/worlds
[0.423s] -- Up-to-date: /home/om/OpenVla_cr5/install/dofbot_description/share/dofbot_description/worlds/cr.world
[0.423s] -- Installing: /home/om/OpenVla_cr5/install/dofbot_description/share/dofbot_description/worlds/openvla_test.world
[0.423s] -- Up-to-date: /home/om/OpenVla_cr5/install/dofbot_description/share/dofbot_description/meshes2
[0.423s] -- Up-to-date: /home/om/OpenVla_cr5/install/dofbot_description/share/dofbot_description/meshes2/cr5
[0.424s] -- Up-to-date: /home/om/OpenVla_cr5/install/dofbot_description/share/dofbot_description/meshes2/cr5/Link3.dae
[0.424s] -- Up-to-date: /home/om/OpenVla_cr5/install/dofbot_description/share/dofbot_description/meshes2/cr5/Link2.dae
[0.424s] -- Up-to-date: /home/om/OpenVla_cr5/install/dofbot_description/share/dofbot_description/meshes2/cr5/Link1.dae
[0.424s] -- Up-to-date: /home/om/OpenVla_cr5/install/dofbot_description/share/dofbot_description/meshes2/cr5/Link6.dae
[0.424s] -- Up-to-date: /home/om/OpenVla_cr5/install/dofbot_description/share/dofbot_description/meshes2/cr5/base_link.dae
[0.424s] -- Up-to-date: /home/om/OpenVla_cr5/install/dofbot_description/share/dofbot_description/meshes2/cr5/Link4.dae
[0.424s] -- Up-to-date: /home/om/OpenVla_cr5/install/dofbot_description/share/dofbot_description/meshes2/cr5/Link5.dae
[0.424s] -- Up-to-date: /home/om/OpenVla_cr5/install/dofbot_description/share/ament_index/resource_index/package_run_dependencies/dofbot_description
[0.424s] -- Up-to-date: /home/om/OpenVla_cr5/install/dofbot_description/share/ament_index/resource_index/parent_prefix_path/dofbot_description
[0.425s] -- Up-to-date: /home/om/OpenVla_cr5/install/dofbot_description/share/dofbot_description/environment/ament_prefix_path.sh
[0.425s] -- Up-to-date: /home/om/OpenVla_cr5/install/dofbot_description/share/dofbot_description/environment/ament_prefix_path.dsv
[0.425s] -- Up-to-date: /home/om/OpenVla_cr5/install/dofbot_description/share/dofbot_description/environment/path.sh
[0.425s] -- Up-to-date: /home/om/OpenVla_cr5/install/dofbot_description/share/dofbot_description/environment/path.dsv
[0.425s] -- Up-to-date: /home/om/OpenVla_cr5/install/dofbot_description/share/dofbot_description/local_setup.bash
[0.425s] -- Up-to-date: /home/om/OpenVla_cr5/install/dofbot_description/share/dofbot_description/local_setup.sh
[0.425s] -- Up-to-date: /home/om/OpenVla_cr5/install/dofbot_description/share/dofbot_description/local_setup.zsh
[0.425s] -- Up-to-date: /home/om/OpenVla_cr5/install/dofbot_description/share/dofbot_description/local_setup.dsv
[0.425s] -- Installing: /home/om/OpenVla_cr5/install/dofbot_description/share/dofbot_description/package.dsv
[0.425s] -- Up-to-date: /home/om/OpenVla_cr5/install/dofbot_description/share/ament_index/resource_index/packages/dofbot_description
[0.425s] -- Up-to-date: /home/om/OpenVla_cr5/install/dofbot_description/share/dofbot_description/cmake/dofbot_descriptionConfig.cmake
[0.425s] -- Up-to-date: /home/om/OpenVla_cr5/install/dofbot_description/share/dofbot_description/cmake/dofbot_descriptionConfig-version.cmake
[0.426s] -- Up-to-date: /home/om/OpenVla_cr5/install/dofbot_description/share/dofbot_description/package.xml
[0.431s] Invoked command in '/home/om/OpenVla_cr5/build/dofbot_description' returned '0': CMAKE_PREFIX_PATH=${CMAKE_PREFIX_PATH}:/home/om/OpenVla_cr5/install/openvla_ros_interface:/home/om/dobot_ws/install/servo_action:/home/om/dobot_ws/install/dobot_moveit:/home/om/dobot_ws/install/dobot_demo:/opt/ros/humble /usr/bin/cmake --install /home/om/OpenVla_cr5/build/dofbot_description
