[0.254s] DEBUG:colcon:Command line arguments: ['/usr/bin/colcon', 'build']
[0.254s] DEBUG:colcon:Parsed command line arguments: Namespace(log_base=None, log_level=None, verb_name='build', build_base='build', install_base='install', merge_install=False, symlink_install=False, test_result_base=None, continue_on_error=False, executor='parallel', parallel_workers=12, event_handlers=None, ignore_user_meta=False, metas=['./colcon.meta'], base_paths=['.'], packages_ignore=None, packages_ignore_regex=None, paths=None, packages_up_to=None, packages_up_to_regex=None, packages_above=None, packages_above_and_dependencies=None, packages_above_depth=None, packages_select_by_dep=None, packages_skip_by_dep=None, packages_skip_up_to=None, packages_select_build_failed=False, packages_skip_build_finished=False, packages_select_test_failures=False, packages_skip_test_passed=False, packages_select=None, packages_skip=None, packages_select_regex=None, packages_skip_regex=None, packages_start=None, packages_end=None, allow_overriding=[], cmake_args=None, cmake_target=None, cmake_target_skip_unavailable=False, cmake_clean_cache=False, cmake_clean_first=False, cmake_force_configure=False, ament_cmake_args=None, catkin_cmake_args=None, catkin_skip_building_tests=False, mixin_files=None, mixin=None, verb_parser=<colcon_mixin.mixin.mixin_argument.MixinArgumentDecorator object at 0x7f3adb5506a0>, verb_extension=<colcon_core.verb.build.BuildVerb object at 0x7f3adb4ca110>, main=<bound method BuildVerb.main of <colcon_core.verb.build.BuildVerb object at 0x7f3adb4ca110>>, mixin_verb=('build',))
[0.343s] Level 1:colcon.colcon_core.package_discovery:discover_packages(colcon_meta) check parameters
[0.343s] Level 1:colcon.colcon_core.package_discovery:discover_packages(recursive) check parameters
[0.343s] Level 1:colcon.colcon_core.package_discovery:discover_packages(ignore) check parameters
[0.343s] Level 1:colcon.colcon_core.package_discovery:discover_packages(path) check parameters
[0.343s] Level 1:colcon.colcon_core.package_discovery:discover_packages(colcon_meta) discover
[0.343s] Level 1:colcon.colcon_core.package_discovery:discover_packages(recursive) discover
[0.343s] INFO:colcon.colcon_core.package_discovery:Crawling recursively for packages in '/home/yolo/Desktop/Ros2/Dofbot2'
[0.344s] Level 1:colcon.colcon_core.package_identification:_identify(.) by extensions ['ignore', 'ignore_ament_install']
[0.344s] Level 1:colcon.colcon_core.package_identification:_identify(.) by extension 'ignore'
[0.344s] Level 1:colcon.colcon_core.package_identification:_identify(.) by extension 'ignore_ament_install'
[0.344s] Level 1:colcon.colcon_core.package_identification:_identify(.) by extensions ['colcon_pkg']
[0.344s] Level 1:colcon.colcon_core.package_identification:_identify(.) by extension 'colcon_pkg'
[0.344s] Level 1:colcon.colcon_core.package_identification:_identify(.) by extensions ['colcon_meta']
[0.344s] Level 1:colcon.colcon_core.package_identification:_identify(.) by extension 'colcon_meta'
[0.344s] Level 1:colcon.colcon_core.package_identification:_identify(.) by extensions ['ros']
[0.344s] Level 1:colcon.colcon_core.package_identification:_identify(.) by extension 'ros'
[0.376s] Level 1:colcon.colcon_core.package_identification:_identify(.) by extensions ['cmake', 'python']
[0.376s] Level 1:colcon.colcon_core.package_identification:_identify(.) by extension 'cmake'
[0.376s] Level 1:colcon.colcon_core.package_identification:_identify(.) by extension 'python'
[0.376s] Level 1:colcon.colcon_core.package_identification:_identify(.) by extensions ['python_setup_py']
[0.376s] Level 1:colcon.colcon_core.package_identification:_identify(.) by extension 'python_setup_py'
[0.377s] Level 1:colcon.colcon_core.package_identification:_identify(build) by extensions ['ignore', 'ignore_ament_install']
[0.377s] Level 1:colcon.colcon_core.package_identification:_identify(build) by extension 'ignore'
[0.377s] Level 1:colcon.colcon_core.package_identification:_identify(build) ignored
[0.377s] Level 1:colcon.colcon_core.package_identification:_identify(install) by extensions ['ignore', 'ignore_ament_install']
[0.377s] Level 1:colcon.colcon_core.package_identification:_identify(install) by extension 'ignore'
[0.377s] Level 1:colcon.colcon_core.package_identification:_identify(install) ignored
[0.378s] Level 1:colcon.colcon_core.package_identification:_identify(log) by extensions ['ignore', 'ignore_ament_install']
[0.378s] Level 1:colcon.colcon_core.package_identification:_identify(log) by extension 'ignore'
[0.378s] Level 1:colcon.colcon_core.package_identification:_identify(log) ignored
[0.378s] Level 1:colcon.colcon_core.package_identification:_identify(src) by extensions ['ignore', 'ignore_ament_install']
[0.378s] Level 1:colcon.colcon_core.package_identification:_identify(src) by extension 'ignore'
[0.378s] Level 1:colcon.colcon_core.package_identification:_identify(src) by extension 'ignore_ament_install'
[0.378s] Level 1:colcon.colcon_core.package_identification:_identify(src) by extensions ['colcon_pkg']
[0.379s] Level 1:colcon.colcon_core.package_identification:_identify(src) by extension 'colcon_pkg'
[0.379s] Level 1:colcon.colcon_core.package_identification:_identify(src) by extensions ['colcon_meta']
[0.379s] Level 1:colcon.colcon_core.package_identification:_identify(src) by extension 'colcon_meta'
[0.379s] Level 1:colcon.colcon_core.package_identification:_identify(src) by extensions ['ros']
[0.379s] Level 1:colcon.colcon_core.package_identification:_identify(src) by extension 'ros'
[0.379s] Level 1:colcon.colcon_core.package_identification:_identify(src) by extensions ['cmake', 'python']
[0.379s] Level 1:colcon.colcon_core.package_identification:_identify(src) by extension 'cmake'
[0.379s] Level 1:colcon.colcon_core.package_identification:_identify(src) by extension 'python'
[0.379s] Level 1:colcon.colcon_core.package_identification:_identify(src) by extensions ['python_setup_py']
[0.379s] Level 1:colcon.colcon_core.package_identification:_identify(src) by extension 'python_setup_py'
[0.380s] Level 1:colcon.colcon_core.package_identification:_identify(src/cr5_bringup) by extensions ['ignore', 'ignore_ament_install']
[0.380s] Level 1:colcon.colcon_core.package_identification:_identify(src/cr5_bringup) by extension 'ignore'
[0.380s] Level 1:colcon.colcon_core.package_identification:_identify(src/cr5_bringup) by extension 'ignore_ament_install'
[0.380s] Level 1:colcon.colcon_core.package_identification:_identify(src/cr5_bringup) by extensions ['colcon_pkg']
[0.380s] Level 1:colcon.colcon_core.package_identification:_identify(src/cr5_bringup) by extension 'colcon_pkg'
[0.380s] Level 1:colcon.colcon_core.package_identification:_identify(src/cr5_bringup) by extensions ['colcon_meta']
[0.380s] Level 1:colcon.colcon_core.package_identification:_identify(src/cr5_bringup) by extension 'colcon_meta'
[0.380s] Level 1:colcon.colcon_core.package_identification:_identify(src/cr5_bringup) by extensions ['ros']
[0.380s] Level 1:colcon.colcon_core.package_identification:_identify(src/cr5_bringup) by extension 'ros'
[0.386s] DEBUG:colcon.colcon_core.package_identification:Package 'src/cr5_bringup' with type 'ros.ament_cmake' and name 'cr5_bringup'
[0.386s] Level 1:colcon.colcon_core.package_identification:_identify(src/dobot_moveit2) by extensions ['ignore', 'ignore_ament_install']
[0.386s] Level 1:colcon.colcon_core.package_identification:_identify(src/dobot_moveit2) by extension 'ignore'
[0.386s] Level 1:colcon.colcon_core.package_identification:_identify(src/dobot_moveit2) by extension 'ignore_ament_install'
[0.387s] Level 1:colcon.colcon_core.package_identification:_identify(src/dobot_moveit2) by extensions ['colcon_pkg']
[0.387s] Level 1:colcon.colcon_core.package_identification:_identify(src/dobot_moveit2) by extension 'colcon_pkg'
[0.387s] Level 1:colcon.colcon_core.package_identification:_identify(src/dobot_moveit2) by extensions ['colcon_meta']
[0.387s] Level 1:colcon.colcon_core.package_identification:_identify(src/dobot_moveit2) by extension 'colcon_meta'
[0.387s] Level 1:colcon.colcon_core.package_identification:_identify(src/dobot_moveit2) by extensions ['ros']
[0.387s] Level 1:colcon.colcon_core.package_identification:_identify(src/dobot_moveit2) by extension 'ros'
[0.389s] DEBUG:colcon.colcon_core.package_identification:Package 'src/dobot_moveit2' with type 'ros.ament_cmake' and name 'dobot_moveit2'
[0.389s] Level 1:colcon.colcon_core.package_identification:_identify(src/dobot_msgs_v4) by extensions ['ignore', 'ignore_ament_install']
[0.389s] Level 1:colcon.colcon_core.package_identification:_identify(src/dobot_msgs_v4) by extension 'ignore'
[0.389s] Level 1:colcon.colcon_core.package_identification:_identify(src/dobot_msgs_v4) by extension 'ignore_ament_install'
[0.389s] Level 1:colcon.colcon_core.package_identification:_identify(src/dobot_msgs_v4) by extensions ['colcon_pkg']
[0.390s] Level 1:colcon.colcon_core.package_identification:_identify(src/dobot_msgs_v4) by extension 'colcon_pkg'
[0.390s] Level 1:colcon.colcon_core.package_identification:_identify(src/dobot_msgs_v4) by extensions ['colcon_meta']
[0.390s] Level 1:colcon.colcon_core.package_identification:_identify(src/dobot_msgs_v4) by extension 'colcon_meta'
[0.390s] Level 1:colcon.colcon_core.package_identification:_identify(src/dobot_msgs_v4) by extensions ['ros']
[0.390s] Level 1:colcon.colcon_core.package_identification:_identify(src/dobot_msgs_v4) by extension 'ros'
[0.391s] DEBUG:colcon.colcon_core.package_identification:Package 'src/dobot_msgs_v4' with type 'ros.ament_cmake' and name 'dobot_msgs_v4'
[0.392s] Level 1:colcon.colcon_core.package_identification:_identify(src/dobot_teleop) by extensions ['ignore', 'ignore_ament_install']
[0.392s] Level 1:colcon.colcon_core.package_identification:_identify(src/dobot_teleop) by extension 'ignore'
[0.392s] Level 1:colcon.colcon_core.package_identification:_identify(src/dobot_teleop) by extension 'ignore_ament_install'
[0.392s] Level 1:colcon.colcon_core.package_identification:_identify(src/dobot_teleop) by extensions ['colcon_pkg']
[0.392s] Level 1:colcon.colcon_core.package_identification:_identify(src/dobot_teleop) by extension 'colcon_pkg'
[0.392s] Level 1:colcon.colcon_core.package_identification:_identify(src/dobot_teleop) by extensions ['colcon_meta']
[0.392s] Level 1:colcon.colcon_core.package_identification:_identify(src/dobot_teleop) by extension 'colcon_meta'
[0.392s] Level 1:colcon.colcon_core.package_identification:_identify(src/dobot_teleop) by extensions ['ros']
[0.392s] Level 1:colcon.colcon_core.package_identification:_identify(src/dobot_teleop) by extension 'ros'
[0.393s] DEBUG:colcon.colcon_core.package_identification:Package 'src/dobot_teleop' with type 'ros.ament_python' and name 'dobot_teleop'
[0.394s] Level 1:colcon.colcon_core.package_identification:_identify(src/dofbot_description) by extensions ['ignore', 'ignore_ament_install']
[0.394s] Level 1:colcon.colcon_core.package_identification:_identify(src/dofbot_description) by extension 'ignore'
[0.394s] Level 1:colcon.colcon_core.package_identification:_identify(src/dofbot_description) by extension 'ignore_ament_install'
[0.394s] Level 1:colcon.colcon_core.package_identification:_identify(src/dofbot_description) by extensions ['colcon_pkg']
[0.394s] Level 1:colcon.colcon_core.package_identification:_identify(src/dofbot_description) by extension 'colcon_pkg'
[0.394s] Level 1:colcon.colcon_core.package_identification:_identify(src/dofbot_description) by extensions ['colcon_meta']
[0.394s] Level 1:colcon.colcon_core.package_identification:_identify(src/dofbot_description) by extension 'colcon_meta'
[0.394s] Level 1:colcon.colcon_core.package_identification:_identify(src/dofbot_description) by extensions ['ros']
[0.394s] Level 1:colcon.colcon_core.package_identification:_identify(src/dofbot_description) by extension 'ros'
[0.395s] DEBUG:colcon.colcon_core.package_identification:Package 'src/dofbot_description' with type 'ros.ament_cmake' and name 'dofbot_description'
[0.396s] Level 1:colcon.colcon_core.package_identification:_identify(src/dofbot_moveit) by extensions ['ignore', 'ignore_ament_install']
[0.396s] Level 1:colcon.colcon_core.package_identification:_identify(src/dofbot_moveit) by extension 'ignore'
[0.396s] Level 1:colcon.colcon_core.package_identification:_identify(src/dofbot_moveit) by extension 'ignore_ament_install'
[0.396s] Level 1:colcon.colcon_core.package_identification:_identify(src/dofbot_moveit) by extensions ['colcon_pkg']
[0.396s] Level 1:colcon.colcon_core.package_identification:_identify(src/dofbot_moveit) by extension 'colcon_pkg'
[0.396s] Level 1:colcon.colcon_core.package_identification:_identify(src/dofbot_moveit) by extensions ['colcon_meta']
[0.396s] Level 1:colcon.colcon_core.package_identification:_identify(src/dofbot_moveit) by extension 'colcon_meta'
[0.396s] Level 1:colcon.colcon_core.package_identification:_identify(src/dofbot_moveit) by extensions ['ros']
[0.396s] Level 1:colcon.colcon_core.package_identification:_identify(src/dofbot_moveit) by extension 'ros'
[0.397s] DEBUG:colcon.colcon_core.package_identification:Package 'src/dofbot_moveit' with type 'ros.ament_cmake' and name 'dofbot_moveit'
[0.397s] Level 1:colcon.colcon_core.package_identification:_identify(src/openvla_ros_interface) by extensions ['ignore', 'ignore_ament_install']
[0.398s] Level 1:colcon.colcon_core.package_identification:_identify(src/openvla_ros_interface) by extension 'ignore'
[0.398s] Level 1:colcon.colcon_core.package_identification:_identify(src/openvla_ros_interface) by extension 'ignore_ament_install'
[0.398s] Level 1:colcon.colcon_core.package_identification:_identify(src/openvla_ros_interface) by extensions ['colcon_pkg']
[0.398s] Level 1:colcon.colcon_core.package_identification:_identify(src/openvla_ros_interface) by extension 'colcon_pkg'
[0.398s] Level 1:colcon.colcon_core.package_identification:_identify(src/openvla_ros_interface) by extensions ['colcon_meta']
[0.398s] Level 1:colcon.colcon_core.package_identification:_identify(src/openvla_ros_interface) by extension 'colcon_meta'
[0.398s] Level 1:colcon.colcon_core.package_identification:_identify(src/openvla_ros_interface) by extensions ['ros']
[0.398s] Level 1:colcon.colcon_core.package_identification:_identify(src/openvla_ros_interface) by extension 'ros'
[0.400s] DEBUG:colcon.colcon_core.package_identification:Package 'src/openvla_ros_interface' with type 'ros.ament_python' and name 'openvla_ros_interface'
[0.400s] Level 1:colcon.colcon_core.package_identification:_identify(src/record_dataset_cr5) by extensions ['ignore', 'ignore_ament_install']
[0.400s] Level 1:colcon.colcon_core.package_identification:_identify(src/record_dataset_cr5) by extension 'ignore'
[0.400s] Level 1:colcon.colcon_core.package_identification:_identify(src/record_dataset_cr5) by extension 'ignore_ament_install'
[0.400s] Level 1:colcon.colcon_core.package_identification:_identify(src/record_dataset_cr5) by extensions ['colcon_pkg']
[0.400s] Level 1:colcon.colcon_core.package_identification:_identify(src/record_dataset_cr5) by extension 'colcon_pkg'
[0.400s] Level 1:colcon.colcon_core.package_identification:_identify(src/record_dataset_cr5) by extensions ['colcon_meta']
[0.401s] Level 1:colcon.colcon_core.package_identification:_identify(src/record_dataset_cr5) by extension 'colcon_meta'
[0.401s] Level 1:colcon.colcon_core.package_identification:_identify(src/record_dataset_cr5) by extensions ['ros']
[0.401s] Level 1:colcon.colcon_core.package_identification:_identify(src/record_dataset_cr5) by extension 'ros'
[0.403s] DEBUG:colcon.colcon_core.package_identification:Package 'src/record_dataset_cr5' with type 'ros.ament_python' and name 'record_dataset_cr5'
[0.403s] Level 1:colcon.colcon_core.package_discovery:discover_packages(recursive) using defaults
[0.403s] Level 1:colcon.colcon_core.package_discovery:discover_packages(ignore) discover
[0.404s] Level 1:colcon.colcon_core.package_discovery:discover_packages(ignore) using defaults
[0.404s] Level 1:colcon.colcon_core.package_discovery:discover_packages(path) discover
[0.404s] Level 1:colcon.colcon_core.package_discovery:discover_packages(path) using defaults
[0.450s] Level 1:colcon.colcon_core.package_discovery:discover_packages(prefix_path) check parameters
[0.450s] Level 1:colcon.colcon_core.package_discovery:discover_packages(prefix_path) discover
[0.457s] DEBUG:colcon.colcon_installed_package_information.package_discovery:Found 395 installed packages in /opt/ros/humble
[0.461s] Level 1:colcon.colcon_core.package_discovery:discover_packages(prefix_path) using defaults
[0.576s] Level 5:colcon.colcon_core.verb:set package 'dobot_msgs_v4' build argument 'cmake_args' from command line to 'None'
[0.577s] Level 5:colcon.colcon_core.verb:set package 'dobot_msgs_v4' build argument 'cmake_target' from command line to 'None'
[0.577s] Level 5:colcon.colcon_core.verb:set package 'dobot_msgs_v4' build argument 'cmake_target_skip_unavailable' from command line to 'False'
[0.577s] Level 5:colcon.colcon_core.verb:set package 'dobot_msgs_v4' build argument 'cmake_clean_cache' from command line to 'False'
[0.577s] Level 5:colcon.colcon_core.verb:set package 'dobot_msgs_v4' build argument 'cmake_clean_first' from command line to 'False'
[0.577s] Level 5:colcon.colcon_core.verb:set package 'dobot_msgs_v4' build argument 'cmake_force_configure' from command line to 'False'
[0.577s] Level 5:colcon.colcon_core.verb:set package 'dobot_msgs_v4' build argument 'ament_cmake_args' from command line to 'None'
[0.577s] Level 5:colcon.colcon_core.verb:set package 'dobot_msgs_v4' build argument 'catkin_cmake_args' from command line to 'None'
[0.577s] Level 5:colcon.colcon_core.verb:set package 'dobot_msgs_v4' build argument 'catkin_skip_building_tests' from command line to 'False'
[0.577s] DEBUG:colcon.colcon_core.verb:Building package 'dobot_msgs_v4' with the following arguments: {'ament_cmake_args': None, 'build_base': '/home/yolo/Desktop/Ros2/Dofbot2/build/dobot_msgs_v4', 'catkin_cmake_args': None, 'catkin_skip_building_tests': False, 'cmake_args': None, 'cmake_clean_cache': False, 'cmake_clean_first': False, 'cmake_force_configure': False, 'cmake_target': None, 'cmake_target_skip_unavailable': False, 'install_base': '/home/yolo/Desktop/Ros2/Dofbot2/install/dobot_msgs_v4', 'merge_install': False, 'path': '/home/yolo/Desktop/Ros2/Dofbot2/src/dobot_msgs_v4', 'symlink_install': False, 'test_result_base': None}
[0.578s] Level 5:colcon.colcon_core.verb:set package 'dobot_teleop' build argument 'cmake_args' from command line to 'None'
[0.578s] Level 5:colcon.colcon_core.verb:set package 'dobot_teleop' build argument 'cmake_target' from command line to 'None'
[0.578s] Level 5:colcon.colcon_core.verb:set package 'dobot_teleop' build argument 'cmake_target_skip_unavailable' from command line to 'False'
[0.578s] Level 5:colcon.colcon_core.verb:set package 'dobot_teleop' build argument 'cmake_clean_cache' from command line to 'False'
[0.578s] Level 5:colcon.colcon_core.verb:set package 'dobot_teleop' build argument 'cmake_clean_first' from command line to 'False'
[0.578s] Level 5:colcon.colcon_core.verb:set package 'dobot_teleop' build argument 'cmake_force_configure' from command line to 'False'
[0.578s] Level 5:colcon.colcon_core.verb:set package 'dobot_teleop' build argument 'ament_cmake_args' from command line to 'None'
[0.578s] Level 5:colcon.colcon_core.verb:set package 'dobot_teleop' build argument 'catkin_cmake_args' from command line to 'None'
[0.578s] Level 5:colcon.colcon_core.verb:set package 'dobot_teleop' build argument 'catkin_skip_building_tests' from command line to 'False'
[0.578s] DEBUG:colcon.colcon_core.verb:Building package 'dobot_teleop' with the following arguments: {'ament_cmake_args': None, 'build_base': '/home/yolo/Desktop/Ros2/Dofbot2/build/dobot_teleop', 'catkin_cmake_args': None, 'catkin_skip_building_tests': False, 'cmake_args': None, 'cmake_clean_cache': False, 'cmake_clean_first': False, 'cmake_force_configure': False, 'cmake_target': None, 'cmake_target_skip_unavailable': False, 'install_base': '/home/yolo/Desktop/Ros2/Dofbot2/install/dobot_teleop', 'merge_install': False, 'path': '/home/yolo/Desktop/Ros2/Dofbot2/src/dobot_teleop', 'symlink_install': False, 'test_result_base': None}
[0.579s] Level 5:colcon.colcon_core.verb:set package 'dofbot_description' build argument 'cmake_args' from command line to 'None'
[0.579s] Level 5:colcon.colcon_core.verb:set package 'dofbot_description' build argument 'cmake_target' from command line to 'None'
[0.579s] Level 5:colcon.colcon_core.verb:set package 'dofbot_description' build argument 'cmake_target_skip_unavailable' from command line to 'False'
[0.579s] Level 5:colcon.colcon_core.verb:set package 'dofbot_description' build argument 'cmake_clean_cache' from command line to 'False'
[0.579s] Level 5:colcon.colcon_core.verb:set package 'dofbot_description' build argument 'cmake_clean_first' from command line to 'False'
[0.579s] Level 5:colcon.colcon_core.verb:set package 'dofbot_description' build argument 'cmake_force_configure' from command line to 'False'
[0.579s] Level 5:colcon.colcon_core.verb:set package 'dofbot_description' build argument 'ament_cmake_args' from command line to 'None'
[0.579s] Level 5:colcon.colcon_core.verb:set package 'dofbot_description' build argument 'catkin_cmake_args' from command line to 'None'
[0.579s] Level 5:colcon.colcon_core.verb:set package 'dofbot_description' build argument 'catkin_skip_building_tests' from command line to 'False'
[0.580s] DEBUG:colcon.colcon_core.verb:Building package 'dofbot_description' with the following arguments: {'ament_cmake_args': None, 'build_base': '/home/yolo/Desktop/Ros2/Dofbot2/build/dofbot_description', 'catkin_cmake_args': None, 'catkin_skip_building_tests': False, 'cmake_args': None, 'cmake_clean_cache': False, 'cmake_clean_first': False, 'cmake_force_configure': False, 'cmake_target': None, 'cmake_target_skip_unavailable': False, 'install_base': '/home/yolo/Desktop/Ros2/Dofbot2/install/dofbot_description', 'merge_install': False, 'path': '/home/yolo/Desktop/Ros2/Dofbot2/src/dofbot_description', 'symlink_install': False, 'test_result_base': None}
[0.580s] Level 5:colcon.colcon_core.verb:set package 'dofbot_moveit' build argument 'cmake_args' from command line to 'None'
[0.580s] Level 5:colcon.colcon_core.verb:set package 'dofbot_moveit' build argument 'cmake_target' from command line to 'None'
[0.580s] Level 5:colcon.colcon_core.verb:set package 'dofbot_moveit' build argument 'cmake_target_skip_unavailable' from command line to 'False'
[0.580s] Level 5:colcon.colcon_core.verb:set package 'dofbot_moveit' build argument 'cmake_clean_cache' from command line to 'False'
[0.580s] Level 5:colcon.colcon_core.verb:set package 'dofbot_moveit' build argument 'cmake_clean_first' from command line to 'False'
[0.581s] Level 5:colcon.colcon_core.verb:set package 'dofbot_moveit' build argument 'cmake_force_configure' from command line to 'False'
[0.581s] Level 5:colcon.colcon_core.verb:set package 'dofbot_moveit' build argument 'ament_cmake_args' from command line to 'None'
[0.581s] Level 5:colcon.colcon_core.verb:set package 'dofbot_moveit' build argument 'catkin_cmake_args' from command line to 'None'
[0.581s] Level 5:colcon.colcon_core.verb:set package 'dofbot_moveit' build argument 'catkin_skip_building_tests' from command line to 'False'
[0.581s] DEBUG:colcon.colcon_core.verb:Building package 'dofbot_moveit' with the following arguments: {'ament_cmake_args': None, 'build_base': '/home/yolo/Desktop/Ros2/Dofbot2/build/dofbot_moveit', 'catkin_cmake_args': None, 'catkin_skip_building_tests': False, 'cmake_args': None, 'cmake_clean_cache': False, 'cmake_clean_first': False, 'cmake_force_configure': False, 'cmake_target': None, 'cmake_target_skip_unavailable': False, 'install_base': '/home/yolo/Desktop/Ros2/Dofbot2/install/dofbot_moveit', 'merge_install': False, 'path': '/home/yolo/Desktop/Ros2/Dofbot2/src/dofbot_moveit', 'symlink_install': False, 'test_result_base': None}
[0.582s] Level 5:colcon.colcon_core.verb:set package 'openvla_ros_interface' build argument 'cmake_args' from command line to 'None'
[0.582s] Level 5:colcon.colcon_core.verb:set package 'openvla_ros_interface' build argument 'cmake_target' from command line to 'None'
[0.582s] Level 5:colcon.colcon_core.verb:set package 'openvla_ros_interface' build argument 'cmake_target_skip_unavailable' from command line to 'False'
[0.582s] Level 5:colcon.colcon_core.verb:set package 'openvla_ros_interface' build argument 'cmake_clean_cache' from command line to 'False'
[0.582s] Level 5:colcon.colcon_core.verb:set package 'openvla_ros_interface' build argument 'cmake_clean_first' from command line to 'False'
[0.582s] Level 5:colcon.colcon_core.verb:set package 'openvla_ros_interface' build argument 'cmake_force_configure' from command line to 'False'
[0.582s] Level 5:colcon.colcon_core.verb:set package 'openvla_ros_interface' build argument 'ament_cmake_args' from command line to 'None'
[0.582s] Level 5:colcon.colcon_core.verb:set package 'openvla_ros_interface' build argument 'catkin_cmake_args' from command line to 'None'
[0.582s] Level 5:colcon.colcon_core.verb:set package 'openvla_ros_interface' build argument 'catkin_skip_building_tests' from command line to 'False'
[0.582s] DEBUG:colcon.colcon_core.verb:Building package 'openvla_ros_interface' with the following arguments: {'ament_cmake_args': None, 'build_base': '/home/yolo/Desktop/Ros2/Dofbot2/build/openvla_ros_interface', 'catkin_cmake_args': None, 'catkin_skip_building_tests': False, 'cmake_args': None, 'cmake_clean_cache': False, 'cmake_clean_first': False, 'cmake_force_configure': False, 'cmake_target': None, 'cmake_target_skip_unavailable': False, 'install_base': '/home/yolo/Desktop/Ros2/Dofbot2/install/openvla_ros_interface', 'merge_install': False, 'path': '/home/yolo/Desktop/Ros2/Dofbot2/src/openvla_ros_interface', 'symlink_install': False, 'test_result_base': None}
[0.583s] Level 5:colcon.colcon_core.verb:set package 'record_dataset_cr5' build argument 'cmake_args' from command line to 'None'
[0.583s] Level 5:colcon.colcon_core.verb:set package 'record_dataset_cr5' build argument 'cmake_target' from command line to 'None'
[0.583s] Level 5:colcon.colcon_core.verb:set package 'record_dataset_cr5' build argument 'cmake_target_skip_unavailable' from command line to 'False'
[0.583s] Level 5:colcon.colcon_core.verb:set package 'record_dataset_cr5' build argument 'cmake_clean_cache' from command line to 'False'
[0.583s] Level 5:colcon.colcon_core.verb:set package 'record_dataset_cr5' build argument 'cmake_clean_first' from command line to 'False'
[0.583s] Level 5:colcon.colcon_core.verb:set package 'record_dataset_cr5' build argument 'cmake_force_configure' from command line to 'False'
[0.583s] Level 5:colcon.colcon_core.verb:set package 'record_dataset_cr5' build argument 'ament_cmake_args' from command line to 'None'
[0.584s] Level 5:colcon.colcon_core.verb:set package 'record_dataset_cr5' build argument 'catkin_cmake_args' from command line to 'None'
[0.584s] Level 5:colcon.colcon_core.verb:set package 'record_dataset_cr5' build argument 'catkin_skip_building_tests' from command line to 'False'
[0.584s] DEBUG:colcon.colcon_core.verb:Building package 'record_dataset_cr5' with the following arguments: {'ament_cmake_args': None, 'build_base': '/home/yolo/Desktop/Ros2/Dofbot2/build/record_dataset_cr5', 'catkin_cmake_args': None, 'catkin_skip_building_tests': False, 'cmake_args': None, 'cmake_clean_cache': False, 'cmake_clean_first': False, 'cmake_force_configure': False, 'cmake_target': None, 'cmake_target_skip_unavailable': False, 'install_base': '/home/yolo/Desktop/Ros2/Dofbot2/install/record_dataset_cr5', 'merge_install': False, 'path': '/home/yolo/Desktop/Ros2/Dofbot2/src/record_dataset_cr5', 'symlink_install': False, 'test_result_base': None}
[0.585s] Level 5:colcon.colcon_core.verb:set package 'cr5_bringup' build argument 'cmake_args' from command line to 'None'
[0.585s] Level 5:colcon.colcon_core.verb:set package 'cr5_bringup' build argument 'cmake_target' from command line to 'None'
[0.585s] Level 5:colcon.colcon_core.verb:set package 'cr5_bringup' build argument 'cmake_target_skip_unavailable' from command line to 'False'
[0.585s] Level 5:colcon.colcon_core.verb:set package 'cr5_bringup' build argument 'cmake_clean_cache' from command line to 'False'
[0.585s] Level 5:colcon.colcon_core.verb:set package 'cr5_bringup' build argument 'cmake_clean_first' from command line to 'False'
[0.585s] Level 5:colcon.colcon_core.verb:set package 'cr5_bringup' build argument 'cmake_force_configure' from command line to 'False'
[0.585s] Level 5:colcon.colcon_core.verb:set package 'cr5_bringup' build argument 'ament_cmake_args' from command line to 'None'
[0.585s] Level 5:colcon.colcon_core.verb:set package 'cr5_bringup' build argument 'catkin_cmake_args' from command line to 'None'
[0.585s] Level 5:colcon.colcon_core.verb:set package 'cr5_bringup' build argument 'catkin_skip_building_tests' from command line to 'False'
[0.585s] DEBUG:colcon.colcon_core.verb:Building package 'cr5_bringup' with the following arguments: {'ament_cmake_args': None, 'build_base': '/home/yolo/Desktop/Ros2/Dofbot2/build/cr5_bringup', 'catkin_cmake_args': None, 'catkin_skip_building_tests': False, 'cmake_args': None, 'cmake_clean_cache': False, 'cmake_clean_first': False, 'cmake_force_configure': False, 'cmake_target': None, 'cmake_target_skip_unavailable': False, 'install_base': '/home/yolo/Desktop/Ros2/Dofbot2/install/cr5_bringup', 'merge_install': False, 'path': '/home/yolo/Desktop/Ros2/Dofbot2/src/cr5_bringup', 'symlink_install': False, 'test_result_base': None}
[0.586s] Level 5:colcon.colcon_core.verb:set package 'dobot_moveit2' build argument 'cmake_args' from command line to 'None'
[0.586s] Level 5:colcon.colcon_core.verb:set package 'dobot_moveit2' build argument 'cmake_target' from command line to 'None'
[0.586s] Level 5:colcon.colcon_core.verb:set package 'dobot_moveit2' build argument 'cmake_target_skip_unavailable' from command line to 'False'
[0.586s] Level 5:colcon.colcon_core.verb:set package 'dobot_moveit2' build argument 'cmake_clean_cache' from command line to 'False'
[0.586s] Level 5:colcon.colcon_core.verb:set package 'dobot_moveit2' build argument 'cmake_clean_first' from command line to 'False'
[0.586s] Level 5:colcon.colcon_core.verb:set package 'dobot_moveit2' build argument 'cmake_force_configure' from command line to 'False'
[0.586s] Level 5:colcon.colcon_core.verb:set package 'dobot_moveit2' build argument 'ament_cmake_args' from command line to 'None'
[0.586s] Level 5:colcon.colcon_core.verb:set package 'dobot_moveit2' build argument 'catkin_cmake_args' from command line to 'None'
[0.586s] Level 5:colcon.colcon_core.verb:set package 'dobot_moveit2' build argument 'catkin_skip_building_tests' from command line to 'False'
[0.586s] DEBUG:colcon.colcon_core.verb:Building package 'dobot_moveit2' with the following arguments: {'ament_cmake_args': None, 'build_base': '/home/yolo/Desktop/Ros2/Dofbot2/build/dobot_moveit2', 'catkin_cmake_args': None, 'catkin_skip_building_tests': False, 'cmake_args': None, 'cmake_clean_cache': False, 'cmake_clean_first': False, 'cmake_force_configure': False, 'cmake_target': None, 'cmake_target_skip_unavailable': False, 'install_base': '/home/yolo/Desktop/Ros2/Dofbot2/install/dobot_moveit2', 'merge_install': False, 'path': '/home/yolo/Desktop/Ros2/Dofbot2/src/dobot_moveit2', 'symlink_install': False, 'test_result_base': None}
[0.587s] INFO:colcon.colcon_core.executor:Executing jobs using 'parallel' executor
[0.589s] DEBUG:colcon.colcon_parallel_executor.executor.parallel:run_until_complete
[0.590s] INFO:colcon.colcon_ros.task.ament_cmake.build:Building ROS package in '/home/yolo/Desktop/Ros2/Dofbot2/src/dobot_msgs_v4' with build type 'ament_cmake'
[0.590s] INFO:colcon.colcon_cmake.task.cmake.build:Building CMake package in '/home/yolo/Desktop/Ros2/Dofbot2/src/dobot_msgs_v4'
[0.596s] INFO:colcon.colcon_core.plugin_system:Skipping extension 'colcon_core.shell.bat': Not used on non-Windows systems
[0.596s] INFO:colcon.colcon_core.shell:Skip shell extension 'powershell' for command environment: Not usable outside of PowerShell
[0.596s] DEBUG:colcon.colcon_core.shell:Skip shell extension 'dsv' for command environment
[0.605s] INFO:colcon.colcon_ros.task.ament_cmake.build:Building ROS package in '/home/yolo/Desktop/Ros2/Dofbot2/src/dofbot_description' with build type 'ament_cmake'
[0.606s] INFO:colcon.colcon_cmake.task.cmake.build:Building CMake package in '/home/yolo/Desktop/Ros2/Dofbot2/src/dofbot_description'
[0.606s] INFO:colcon.colcon_core.shell:Skip shell extension 'powershell' for command environment: Not usable outside of PowerShell
[0.606s] DEBUG:colcon.colcon_core.shell:Skip shell extension 'dsv' for command environment
[0.614s] INFO:colcon.colcon_ros.task.ament_python.build:Building ROS package in '/home/yolo/Desktop/Ros2/Dofbot2/src/dobot_teleop' with build type 'ament_python'
[0.614s] Level 1:colcon.colcon_core.shell:create_environment_hook('dobot_teleop', 'ament_prefix_path')
[0.615s] INFO:colcon.colcon_core.shell:Creating environment hook '/home/yolo/Desktop/Ros2/Dofbot2/install/dobot_teleop/share/dobot_teleop/hook/ament_prefix_path.ps1'
[0.616s] INFO:colcon.colcon_core.shell:Creating environment descriptor '/home/yolo/Desktop/Ros2/Dofbot2/install/dobot_teleop/share/dobot_teleop/hook/ament_prefix_path.dsv'
[0.618s] INFO:colcon.colcon_core.shell:Creating environment hook '/home/yolo/Desktop/Ros2/Dofbot2/install/dobot_teleop/share/dobot_teleop/hook/ament_prefix_path.sh'
[0.620s] INFO:colcon.colcon_core.shell:Skip shell extension 'powershell' for command environment: Not usable outside of PowerShell
[0.620s] DEBUG:colcon.colcon_core.shell:Skip shell extension 'dsv' for command environment
[0.627s] INFO:colcon.colcon_ros.task.ament_cmake.build:Building ROS package in '/home/yolo/Desktop/Ros2/Dofbot2/src/dofbot_moveit' with build type 'ament_cmake'
[0.628s] INFO:colcon.colcon_cmake.task.cmake.build:Building CMake package in '/home/yolo/Desktop/Ros2/Dofbot2/src/dofbot_moveit'
[0.628s] INFO:colcon.colcon_core.shell:Skip shell extension 'powershell' for command environment: Not usable outside of PowerShell
[0.628s] DEBUG:colcon.colcon_core.shell:Skip shell extension 'dsv' for command environment
[0.636s] INFO:colcon.colcon_ros.task.ament_python.build:Building ROS package in '/home/yolo/Desktop/Ros2/Dofbot2/src/openvla_ros_interface' with build type 'ament_python'
[0.637s] Level 1:colcon.colcon_core.shell:create_environment_hook('openvla_ros_interface', 'ament_prefix_path')
[0.637s] INFO:colcon.colcon_core.shell:Creating environment hook '/home/yolo/Desktop/Ros2/Dofbot2/install/openvla_ros_interface/share/openvla_ros_interface/hook/ament_prefix_path.ps1'
[0.638s] INFO:colcon.colcon_core.shell:Creating environment descriptor '/home/yolo/Desktop/Ros2/Dofbot2/install/openvla_ros_interface/share/openvla_ros_interface/hook/ament_prefix_path.dsv'
[0.661s] INFO:colcon.colcon_core.shell:Creating environment hook '/home/yolo/Desktop/Ros2/Dofbot2/install/openvla_ros_interface/share/openvla_ros_interface/hook/ament_prefix_path.sh'
[0.662s] INFO:colcon.colcon_core.shell:Skip shell extension 'powershell' for command environment: Not usable outside of PowerShell
[0.662s] DEBUG:colcon.colcon_core.shell:Skip shell extension 'dsv' for command environment
[0.670s] INFO:colcon.colcon_ros.task.ament_python.build:Building ROS package in '/home/yolo/Desktop/Ros2/Dofbot2/src/record_dataset_cr5' with build type 'ament_python'
[0.670s] Level 1:colcon.colcon_core.shell:create_environment_hook('record_dataset_cr5', 'ament_prefix_path')
[0.670s] INFO:colcon.colcon_core.shell:Creating environment hook '/home/yolo/Desktop/Ros2/Dofbot2/install/record_dataset_cr5/share/record_dataset_cr5/hook/ament_prefix_path.ps1'
[0.672s] INFO:colcon.colcon_core.shell:Creating environment descriptor '/home/yolo/Desktop/Ros2/Dofbot2/install/record_dataset_cr5/share/record_dataset_cr5/hook/ament_prefix_path.dsv'
[0.673s] INFO:colcon.colcon_core.shell:Creating environment hook '/home/yolo/Desktop/Ros2/Dofbot2/install/record_dataset_cr5/share/record_dataset_cr5/hook/ament_prefix_path.sh'
[0.674s] INFO:colcon.colcon_core.shell:Skip shell extension 'powershell' for command environment: Not usable outside of PowerShell
[0.674s] DEBUG:colcon.colcon_core.shell:Skip shell extension 'dsv' for command environment
[0.692s] DEBUG:colcon.colcon_core.event_handler.log_command:Invoking command in '/home/yolo/Desktop/Ros2/Dofbot2/build/dobot_msgs_v4': CMAKE_PREFIX_PATH=/opt/ros/humble /home/yolo/.local/bin/cmake --build /home/yolo/Desktop/Ros2/Dofbot2/build/dobot_msgs_v4 -- -j12 -l12
[0.698s] DEBUG:colcon.colcon_core.event_handler.log_command:Invoking command in '/home/yolo/Desktop/Ros2/Dofbot2/build/dofbot_description': CMAKE_PREFIX_PATH=/opt/ros/humble /home/yolo/.local/bin/cmake --build /home/yolo/Desktop/Ros2/Dofbot2/build/dofbot_description -- -j12 -l12
[1.230s] INFO:colcon.colcon_core.task.python.build:Building Python package in '/home/yolo/Desktop/Ros2/Dofbot2/src/dobot_teleop'
[1.231s] INFO:colcon.colcon_core.shell:Skip shell extension 'powershell' for command environment: Not usable outside of PowerShell
[1.232s] DEBUG:colcon.colcon_core.shell:Skip shell extension 'dsv' for command environment
[1.251s] DEBUG:colcon.colcon_core.event_handler.log_command:Invoking command in '/home/yolo/Desktop/Ros2/Dofbot2/build/dofbot_moveit': CMAKE_PREFIX_PATH=/opt/ros/humble /home/yolo/.local/bin/cmake --build /home/yolo/Desktop/Ros2/Dofbot2/build/dofbot_moveit -- -j12 -l12
[1.780s] INFO:colcon.colcon_core.task.python.build:Building Python package in '/home/yolo/Desktop/Ros2/Dofbot2/src/openvla_ros_interface'
[1.781s] INFO:colcon.colcon_core.shell:Skip shell extension 'powershell' for command environment: Not usable outside of PowerShell
[1.781s] DEBUG:colcon.colcon_core.shell:Skip shell extension 'dsv' for command environment
[1.801s] DEBUG:colcon.colcon_core.event_handler.log_command:Invoked command in '/home/yolo/Desktop/Ros2/Dofbot2/build/dofbot_description' returned '0': CMAKE_PREFIX_PATH=/opt/ros/humble /home/yolo/.local/bin/cmake --build /home/yolo/Desktop/Ros2/Dofbot2/build/dofbot_description -- -j12 -l12
[1.984s] DEBUG:colcon.colcon_core.event_handler.log_command:Invoking command in '/home/yolo/Desktop/Ros2/Dofbot2/build/dofbot_description': CMAKE_PREFIX_PATH=/opt/ros/humble /home/yolo/.local/bin/cmake --install /home/yolo/Desktop/Ros2/Dofbot2/build/dofbot_description
[1.985s] DEBUG:colcon.colcon_core.event_handler.log_command:Invoked command in '/home/yolo/Desktop/Ros2/Dofbot2/build/dofbot_moveit' returned '0': CMAKE_PREFIX_PATH=/opt/ros/humble /home/yolo/.local/bin/cmake --build /home/yolo/Desktop/Ros2/Dofbot2/build/dofbot_moveit -- -j12 -l12
[1.988s] DEBUG:colcon.colcon_core.event_handler.log_command:Invoking command in '/home/yolo/Desktop/Ros2/Dofbot2/build/dofbot_moveit': CMAKE_PREFIX_PATH=/opt/ros/humble /home/yolo/.local/bin/cmake --install /home/yolo/Desktop/Ros2/Dofbot2/build/dofbot_moveit
[2.491s] INFO:colcon.colcon_core.task.python.build:Building Python package in '/home/yolo/Desktop/Ros2/Dofbot2/src/record_dataset_cr5'
[2.492s] INFO:colcon.colcon_core.shell:Skip shell extension 'powershell' for command environment: Not usable outside of PowerShell
[2.492s] DEBUG:colcon.colcon_core.shell:Skip shell extension 'dsv' for command environment
[2.514s] Level 1:colcon.colcon_core.environment:create_environment_scripts_only(dofbot_moveit)
[2.521s] DEBUG:colcon.colcon_core.event_handler.log_command:Invoked command in '/home/yolo/Desktop/Ros2/Dofbot2/build/dofbot_moveit' returned '0': CMAKE_PREFIX_PATH=/opt/ros/humble /home/yolo/.local/bin/cmake --install /home/yolo/Desktop/Ros2/Dofbot2/build/dofbot_moveit
[2.524s] Level 1:colcon.colcon_core.environment:checking '/home/yolo/Desktop/Ros2/Dofbot2/install/dofbot_moveit' for CMake module files
[2.525s] Level 1:colcon.colcon_core.environment:checking '/home/yolo/Desktop/Ros2/Dofbot2/install/dofbot_moveit' for CMake config files
[2.525s] Level 1:colcon.colcon_core.shell:create_environment_hook('dofbot_moveit', 'cmake_prefix_path')
[2.526s] INFO:colcon.colcon_core.shell:Creating environment hook '/home/yolo/Desktop/Ros2/Dofbot2/install/dofbot_moveit/share/dofbot_moveit/hook/cmake_prefix_path.ps1'
[2.527s] INFO:colcon.colcon_core.shell:Creating environment descriptor '/home/yolo/Desktop/Ros2/Dofbot2/install/dofbot_moveit/share/dofbot_moveit/hook/cmake_prefix_path.dsv'
[2.528s] INFO:colcon.colcon_core.shell:Creating environment hook '/home/yolo/Desktop/Ros2/Dofbot2/install/dofbot_moveit/share/dofbot_moveit/hook/cmake_prefix_path.sh'
[2.529s] Level 1:colcon.colcon_core.environment:checking '/home/yolo/Desktop/Ros2/Dofbot2/install/dofbot_moveit/bin'
[2.529s] Level 1:colcon.colcon_core.environment:checking '/home/yolo/Desktop/Ros2/Dofbot2/install/dofbot_moveit/lib/pkgconfig/dofbot_moveit.pc'
[2.530s] Level 1:colcon.colcon_core.environment:checking '/home/yolo/Desktop/Ros2/Dofbot2/install/dofbot_moveit/lib/python3.10/site-packages'
[2.531s] Level 1:colcon.colcon_core.environment:checking '/home/yolo/Desktop/Ros2/Dofbot2/install/dofbot_moveit/bin'
[2.531s] INFO:colcon.colcon_core.shell:Creating package script '/home/yolo/Desktop/Ros2/Dofbot2/install/dofbot_moveit/share/dofbot_moveit/package.ps1'
[2.533s] INFO:colcon.colcon_core.shell:Creating package descriptor '/home/yolo/Desktop/Ros2/Dofbot2/install/dofbot_moveit/share/dofbot_moveit/package.dsv'
[2.534s] INFO:colcon.colcon_core.shell:Creating package script '/home/yolo/Desktop/Ros2/Dofbot2/install/dofbot_moveit/share/dofbot_moveit/package.sh'
[2.536s] INFO:colcon.colcon_core.shell:Creating package script '/home/yolo/Desktop/Ros2/Dofbot2/install/dofbot_moveit/share/dofbot_moveit/package.bash'
[2.537s] INFO:colcon.colcon_core.shell:Creating package script '/home/yolo/Desktop/Ros2/Dofbot2/install/dofbot_moveit/share/dofbot_moveit/package.zsh'
[2.539s] Level 1:colcon.colcon_core.environment:create_file_with_runtime_dependencies(/home/yolo/Desktop/Ros2/Dofbot2/install/dofbot_moveit/share/colcon-core/packages/dofbot_moveit)
[2.540s] Level 1:colcon.colcon_core.environment:create_environment_scripts_only(dofbot_moveit)
[2.540s] Level 1:colcon.colcon_core.environment:checking '/home/yolo/Desktop/Ros2/Dofbot2/install/dofbot_moveit' for CMake module files
[2.541s] Level 1:colcon.colcon_core.environment:checking '/home/yolo/Desktop/Ros2/Dofbot2/install/dofbot_moveit' for CMake config files
[2.542s] Level 1:colcon.colcon_core.shell:create_environment_hook('dofbot_moveit', 'cmake_prefix_path')
[2.542s] INFO:colcon.colcon_core.shell:Creating environment hook '/home/yolo/Desktop/Ros2/Dofbot2/install/dofbot_moveit/share/dofbot_moveit/hook/cmake_prefix_path.ps1'
[2.543s] INFO:colcon.colcon_core.shell:Creating environment descriptor '/home/yolo/Desktop/Ros2/Dofbot2/install/dofbot_moveit/share/dofbot_moveit/hook/cmake_prefix_path.dsv'
[2.544s] INFO:colcon.colcon_core.shell:Creating environment hook '/home/yolo/Desktop/Ros2/Dofbot2/install/dofbot_moveit/share/dofbot_moveit/hook/cmake_prefix_path.sh'
[2.545s] Level 1:colcon.colcon_core.environment:checking '/home/yolo/Desktop/Ros2/Dofbot2/install/dofbot_moveit/bin'
[2.545s] Level 1:colcon.colcon_core.environment:checking '/home/yolo/Desktop/Ros2/Dofbot2/install/dofbot_moveit/lib/pkgconfig/dofbot_moveit.pc'
[2.546s] Level 1:colcon.colcon_core.environment:checking '/home/yolo/Desktop/Ros2/Dofbot2/install/dofbot_moveit/lib/python3.10/site-packages'
[2.546s] Level 1:colcon.colcon_core.environment:checking '/home/yolo/Desktop/Ros2/Dofbot2/install/dofbot_moveit/bin'
[2.547s] INFO:colcon.colcon_core.shell:Creating package script '/home/yolo/Desktop/Ros2/Dofbot2/install/dofbot_moveit/share/dofbot_moveit/package.ps1'
[2.548s] INFO:colcon.colcon_core.shell:Creating package descriptor '/home/yolo/Desktop/Ros2/Dofbot2/install/dofbot_moveit/share/dofbot_moveit/package.dsv'
[2.549s] INFO:colcon.colcon_core.shell:Creating package script '/home/yolo/Desktop/Ros2/Dofbot2/install/dofbot_moveit/share/dofbot_moveit/package.sh'
[2.550s] INFO:colcon.colcon_core.shell:Creating package script '/home/yolo/Desktop/Ros2/Dofbot2/install/dofbot_moveit/share/dofbot_moveit/package.bash'
[2.551s] INFO:colcon.colcon_core.shell:Creating package script '/home/yolo/Desktop/Ros2/Dofbot2/install/dofbot_moveit/share/dofbot_moveit/package.zsh'
[2.552s] Level 1:colcon.colcon_core.environment:create_file_with_runtime_dependencies(/home/yolo/Desktop/Ros2/Dofbot2/install/dofbot_moveit/share/colcon-core/packages/dofbot_moveit)
[2.557s] DEBUG:colcon.colcon_core.event_handler.log_command:Invoked command in '/home/yolo/Desktop/Ros2/Dofbot2/build/dobot_msgs_v4' returned '0': CMAKE_PREFIX_PATH=/opt/ros/humble /home/yolo/.local/bin/cmake --build /home/yolo/Desktop/Ros2/Dofbot2/build/dobot_msgs_v4 -- -j12 -l12
[2.557s] DEBUG:colcon.colcon_core.event_handler.log_command:Invoking command in '/home/yolo/Desktop/Ros2/Dofbot2/build/dobot_msgs_v4': CMAKE_PREFIX_PATH=/opt/ros/humble /home/yolo/.local/bin/cmake --install /home/yolo/Desktop/Ros2/Dofbot2/build/dobot_msgs_v4
[2.558s] Level 1:colcon.colcon_core.environment:create_environment_scripts_only(dofbot_description)
[2.560s] Level 1:colcon.colcon_core.environment:checking '/home/yolo/Desktop/Ros2/Dofbot2/install/dofbot_description' for CMake module files
[2.560s] DEBUG:colcon.colcon_core.event_handler.log_command:Invoked command in '/home/yolo/Desktop/Ros2/Dofbot2/build/dofbot_description' returned '0': CMAKE_PREFIX_PATH=/opt/ros/humble /home/yolo/.local/bin/cmake --install /home/yolo/Desktop/Ros2/Dofbot2/build/dofbot_description
[2.562s] Level 1:colcon.colcon_core.environment:checking '/home/yolo/Desktop/Ros2/Dofbot2/install/dofbot_description' for CMake config files
[2.562s] Level 1:colcon.colcon_core.shell:create_environment_hook('dofbot_description', 'cmake_prefix_path')
[2.563s] INFO:colcon.colcon_core.shell:Creating environment hook '/home/yolo/Desktop/Ros2/Dofbot2/install/dofbot_description/share/dofbot_description/hook/cmake_prefix_path.ps1'
[2.564s] INFO:colcon.colcon_core.shell:Creating environment descriptor '/home/yolo/Desktop/Ros2/Dofbot2/install/dofbot_description/share/dofbot_description/hook/cmake_prefix_path.dsv'
[2.565s] INFO:colcon.colcon_core.shell:Creating environment hook '/home/yolo/Desktop/Ros2/Dofbot2/install/dofbot_description/share/dofbot_description/hook/cmake_prefix_path.sh'
[2.566s] Level 1:colcon.colcon_core.environment:checking '/home/yolo/Desktop/Ros2/Dofbot2/install/dofbot_description/bin'
[2.566s] Level 1:colcon.colcon_core.environment:checking '/home/yolo/Desktop/Ros2/Dofbot2/install/dofbot_description/lib/pkgconfig/dofbot_description.pc'
[2.567s] Level 1:colcon.colcon_core.environment:checking '/home/yolo/Desktop/Ros2/Dofbot2/install/dofbot_description/lib/python3.10/site-packages'
[2.567s] Level 1:colcon.colcon_core.environment:checking '/home/yolo/Desktop/Ros2/Dofbot2/install/dofbot_description/bin'
[2.568s] INFO:colcon.colcon_core.shell:Creating package script '/home/yolo/Desktop/Ros2/Dofbot2/install/dofbot_description/share/dofbot_description/package.ps1'
[2.569s] INFO:colcon.colcon_core.shell:Creating package descriptor '/home/yolo/Desktop/Ros2/Dofbot2/install/dofbot_description/share/dofbot_description/package.dsv'
[2.570s] INFO:colcon.colcon_core.shell:Creating package script '/home/yolo/Desktop/Ros2/Dofbot2/install/dofbot_description/share/dofbot_description/package.sh'
[2.571s] INFO:colcon.colcon_core.shell:Creating package script '/home/yolo/Desktop/Ros2/Dofbot2/install/dofbot_description/share/dofbot_description/package.bash'
[2.572s] INFO:colcon.colcon_core.shell:Creating package script '/home/yolo/Desktop/Ros2/Dofbot2/install/dofbot_description/share/dofbot_description/package.zsh'
[2.572s] Level 1:colcon.colcon_core.environment:create_file_with_runtime_dependencies(/home/yolo/Desktop/Ros2/Dofbot2/install/dofbot_description/share/colcon-core/packages/dofbot_description)
[2.573s] Level 1:colcon.colcon_core.environment:create_environment_scripts_only(dofbot_description)
[2.574s] Level 1:colcon.colcon_core.environment:checking '/home/yolo/Desktop/Ros2/Dofbot2/install/dofbot_description' for CMake module files
[2.575s] Level 1:colcon.colcon_core.environment:checking '/home/yolo/Desktop/Ros2/Dofbot2/install/dofbot_description' for CMake config files
[2.576s] Level 1:colcon.colcon_core.shell:create_environment_hook('dofbot_description', 'cmake_prefix_path')
[2.576s] INFO:colcon.colcon_core.shell:Creating environment hook '/home/yolo/Desktop/Ros2/Dofbot2/install/dofbot_description/share/dofbot_description/hook/cmake_prefix_path.ps1'
[2.577s] INFO:colcon.colcon_core.shell:Creating environment descriptor '/home/yolo/Desktop/Ros2/Dofbot2/install/dofbot_description/share/dofbot_description/hook/cmake_prefix_path.dsv'
[2.578s] INFO:colcon.colcon_core.shell:Creating environment hook '/home/yolo/Desktop/Ros2/Dofbot2/install/dofbot_description/share/dofbot_description/hook/cmake_prefix_path.sh'
[2.579s] Level 1:colcon.colcon_core.environment:checking '/home/yolo/Desktop/Ros2/Dofbot2/install/dofbot_description/bin'
[2.579s] Level 1:colcon.colcon_core.environment:checking '/home/yolo/Desktop/Ros2/Dofbot2/install/dofbot_description/lib/pkgconfig/dofbot_description.pc'
[2.580s] Level 1:colcon.colcon_core.environment:checking '/home/yolo/Desktop/Ros2/Dofbot2/install/dofbot_description/lib/python3.10/site-packages'
[2.580s] Level 1:colcon.colcon_core.environment:checking '/home/yolo/Desktop/Ros2/Dofbot2/install/dofbot_description/bin'
[2.581s] INFO:colcon.colcon_core.shell:Creating package script '/home/yolo/Desktop/Ros2/Dofbot2/install/dofbot_description/share/dofbot_description/package.ps1'
[2.582s] INFO:colcon.colcon_core.shell:Creating package descriptor '/home/yolo/Desktop/Ros2/Dofbot2/install/dofbot_description/share/dofbot_description/package.dsv'
[2.583s] INFO:colcon.colcon_core.shell:Creating package script '/home/yolo/Desktop/Ros2/Dofbot2/install/dofbot_description/share/dofbot_description/package.sh'
[2.584s] INFO:colcon.colcon_core.shell:Creating package script '/home/yolo/Desktop/Ros2/Dofbot2/install/dofbot_description/share/dofbot_description/package.bash'
[2.585s] INFO:colcon.colcon_core.shell:Creating package script '/home/yolo/Desktop/Ros2/Dofbot2/install/dofbot_description/share/dofbot_description/package.zsh'
[2.586s] Level 1:colcon.colcon_core.environment:create_file_with_runtime_dependencies(/home/yolo/Desktop/Ros2/Dofbot2/install/dofbot_description/share/colcon-core/packages/dofbot_description)
[2.591s] INFO:colcon.colcon_ros.task.ament_cmake.build:Building ROS package in '/home/yolo/Desktop/Ros2/Dofbot2/src/dobot_moveit2' with build type 'ament_cmake'
[2.591s] INFO:colcon.colcon_cmake.task.cmake.build:Building CMake package in '/home/yolo/Desktop/Ros2/Dofbot2/src/dobot_moveit2'
[2.592s] INFO:colcon.colcon_core.shell:Skip shell extension 'powershell' for command environment: Not usable outside of PowerShell
[2.592s] DEBUG:colcon.colcon_core.shell:Skip shell extension 'dsv' for command environment
[2.613s] DEBUG:colcon.colcon_core.event_handler.log_command:Invoking command in '/home/yolo/Desktop/Ros2/Dofbot2/build/dobot_moveit2': AMENT_PREFIX_PATH=/home/yolo/Desktop/Ros2/Dofbot2/install/dofbot_description:${AMENT_PREFIX_PATH} CMAKE_PREFIX_PATH=/home/yolo/Desktop/Ros2/Dofbot2/install/dofbot_description:/opt/ros/humble /home/yolo/.local/bin/cmake --build /home/yolo/Desktop/Ros2/Dofbot2/build/dobot_moveit2 -- -j12 -l12
[2.918s] DEBUG:colcon.colcon_core.event_handler.log_command:Invoked command in '/home/yolo/Desktop/Ros2/Dofbot2/build/dobot_moveit2' returned '0': AMENT_PREFIX_PATH=/home/yolo/Desktop/Ros2/Dofbot2/install/dofbot_description:${AMENT_PREFIX_PATH} CMAKE_PREFIX_PATH=/home/yolo/Desktop/Ros2/Dofbot2/install/dofbot_description:/opt/ros/humble /home/yolo/.local/bin/cmake --build /home/yolo/Desktop/Ros2/Dofbot2/build/dobot_moveit2 -- -j12 -l12
[2.924s] DEBUG:colcon.colcon_core.event_handler.log_command:Invoking command in '/home/yolo/Desktop/Ros2/Dofbot2/build/dobot_moveit2': AMENT_PREFIX_PATH=/home/yolo/Desktop/Ros2/Dofbot2/install/dofbot_description:${AMENT_PREFIX_PATH} CMAKE_PREFIX_PATH=/home/yolo/Desktop/Ros2/Dofbot2/install/dofbot_description:/opt/ros/humble /home/yolo/.local/bin/cmake --install /home/yolo/Desktop/Ros2/Dofbot2/build/dobot_moveit2
[3.000s] Level 1:colcon.colcon_core.environment:create_environment_scripts_only(dobot_moveit2)
[3.001s] Level 1:colcon.colcon_core.environment:checking '/home/yolo/Desktop/Ros2/Dofbot2/install/dobot_moveit2' for CMake module files
[3.003s] Level 1:colcon.colcon_core.environment:checking '/home/yolo/Desktop/Ros2/Dofbot2/install/dobot_moveit2' for CMake config files
[3.013s] Level 1:colcon.colcon_core.shell:create_environment_hook('dobot_moveit2', 'cmake_prefix_path')
[3.013s] INFO:colcon.colcon_core.shell:Creating environment hook '/home/yolo/Desktop/Ros2/Dofbot2/install/dobot_moveit2/share/dobot_moveit2/hook/cmake_prefix_path.ps1'
[3.020s] INFO:colcon.colcon_core.shell:Creating environment descriptor '/home/yolo/Desktop/Ros2/Dofbot2/install/dobot_moveit2/share/dobot_moveit2/hook/cmake_prefix_path.dsv'
[3.024s] INFO:colcon.colcon_core.shell:Creating environment hook '/home/yolo/Desktop/Ros2/Dofbot2/install/dobot_moveit2/share/dobot_moveit2/hook/cmake_prefix_path.sh'
[3.025s] DEBUG:colcon.colcon_core.event_handler.log_command:Invoked command in '/home/yolo/Desktop/Ros2/Dofbot2/build/dobot_moveit2' returned '0': AMENT_PREFIX_PATH=/home/yolo/Desktop/Ros2/Dofbot2/install/dofbot_description:${AMENT_PREFIX_PATH} CMAKE_PREFIX_PATH=/home/yolo/Desktop/Ros2/Dofbot2/install/dofbot_description:/opt/ros/humble /home/yolo/.local/bin/cmake --install /home/yolo/Desktop/Ros2/Dofbot2/build/dobot_moveit2
[3.028s] Level 1:colcon.colcon_core.environment:checking '/home/yolo/Desktop/Ros2/Dofbot2/install/dobot_moveit2/bin'
[3.028s] Level 1:colcon.colcon_core.environment:checking '/home/yolo/Desktop/Ros2/Dofbot2/install/dobot_moveit2/lib/pkgconfig/dobot_moveit2.pc'
[3.029s] Level 1:colcon.colcon_core.environment:checking '/home/yolo/Desktop/Ros2/Dofbot2/install/dobot_moveit2/lib/python3.10/site-packages'
[3.029s] Level 1:colcon.colcon_core.environment:checking '/home/yolo/Desktop/Ros2/Dofbot2/install/dobot_moveit2/bin'
[3.030s] INFO:colcon.colcon_core.shell:Creating package script '/home/yolo/Desktop/Ros2/Dofbot2/install/dobot_moveit2/share/dobot_moveit2/package.ps1'
[3.031s] INFO:colcon.colcon_core.shell:Creating package descriptor '/home/yolo/Desktop/Ros2/Dofbot2/install/dobot_moveit2/share/dobot_moveit2/package.dsv'
[3.033s] INFO:colcon.colcon_core.shell:Creating package script '/home/yolo/Desktop/Ros2/Dofbot2/install/dobot_moveit2/share/dobot_moveit2/package.sh'
[3.035s] INFO:colcon.colcon_core.shell:Creating package script '/home/yolo/Desktop/Ros2/Dofbot2/install/dobot_moveit2/share/dobot_moveit2/package.bash'
[3.039s] INFO:colcon.colcon_core.shell:Creating package script '/home/yolo/Desktop/Ros2/Dofbot2/install/dobot_moveit2/share/dobot_moveit2/package.zsh'
[3.041s] Level 1:colcon.colcon_core.environment:create_file_with_runtime_dependencies(/home/yolo/Desktop/Ros2/Dofbot2/install/dobot_moveit2/share/colcon-core/packages/dobot_moveit2)
[3.045s] Level 1:colcon.colcon_core.environment:create_environment_scripts_only(dobot_moveit2)
[3.045s] Level 1:colcon.colcon_core.environment:checking '/home/yolo/Desktop/Ros2/Dofbot2/install/dobot_moveit2' for CMake module files
[3.051s] Level 1:colcon.colcon_core.environment:checking '/home/yolo/Desktop/Ros2/Dofbot2/install/dobot_moveit2' for CMake config files
[3.053s] Level 1:colcon.colcon_core.shell:create_environment_hook('dobot_moveit2', 'cmake_prefix_path')
[3.053s] INFO:colcon.colcon_core.shell:Creating environment hook '/home/yolo/Desktop/Ros2/Dofbot2/install/dobot_moveit2/share/dobot_moveit2/hook/cmake_prefix_path.ps1'
[3.055s] INFO:colcon.colcon_core.shell:Creating environment descriptor '/home/yolo/Desktop/Ros2/Dofbot2/install/dobot_moveit2/share/dobot_moveit2/hook/cmake_prefix_path.dsv'
[3.056s] INFO:colcon.colcon_core.shell:Creating environment hook '/home/yolo/Desktop/Ros2/Dofbot2/install/dobot_moveit2/share/dobot_moveit2/hook/cmake_prefix_path.sh'
[3.058s] Level 1:colcon.colcon_core.environment:checking '/home/yolo/Desktop/Ros2/Dofbot2/install/dobot_moveit2/bin'
[3.058s] Level 1:colcon.colcon_core.environment:checking '/home/yolo/Desktop/Ros2/Dofbot2/install/dobot_moveit2/lib/pkgconfig/dobot_moveit2.pc'
[3.058s] Level 1:colcon.colcon_core.environment:checking '/home/yolo/Desktop/Ros2/Dofbot2/install/dobot_moveit2/lib/python3.10/site-packages'
[3.059s] Level 1:colcon.colcon_core.environment:checking '/home/yolo/Desktop/Ros2/Dofbot2/install/dobot_moveit2/bin'
[3.059s] INFO:colcon.colcon_core.shell:Creating package script '/home/yolo/Desktop/Ros2/Dofbot2/install/dobot_moveit2/share/dobot_moveit2/package.ps1'
[3.060s] INFO:colcon.colcon_core.shell:Creating package descriptor '/home/yolo/Desktop/Ros2/Dofbot2/install/dobot_moveit2/share/dobot_moveit2/package.dsv'
[3.063s] INFO:colcon.colcon_core.shell:Creating package script '/home/yolo/Desktop/Ros2/Dofbot2/install/dobot_moveit2/share/dobot_moveit2/package.sh'
[3.065s] INFO:colcon.colcon_core.shell:Creating package script '/home/yolo/Desktop/Ros2/Dofbot2/install/dobot_moveit2/share/dobot_moveit2/package.bash'
[3.066s] INFO:colcon.colcon_core.shell:Creating package script '/home/yolo/Desktop/Ros2/Dofbot2/install/dobot_moveit2/share/dobot_moveit2/package.zsh'
[3.067s] Level 1:colcon.colcon_core.environment:create_file_with_runtime_dependencies(/home/yolo/Desktop/Ros2/Dofbot2/install/dobot_moveit2/share/colcon-core/packages/dobot_moveit2)
[3.090s] Level 1:colcon.colcon_core.environment:create_environment_scripts_only(dobot_msgs_v4)
[3.091s] Level 1:colcon.colcon_core.environment:checking '/home/yolo/Desktop/Ros2/Dofbot2/install/dobot_msgs_v4' for CMake module files
[3.092s] DEBUG:colcon.colcon_core.event_handler.log_command:Invoked command in '/home/yolo/Desktop/Ros2/Dofbot2/build/dobot_msgs_v4' returned '0': CMAKE_PREFIX_PATH=/opt/ros/humble /home/yolo/.local/bin/cmake --install /home/yolo/Desktop/Ros2/Dofbot2/build/dobot_msgs_v4
[3.093s] Level 1:colcon.colcon_core.environment:checking '/home/yolo/Desktop/Ros2/Dofbot2/install/dobot_msgs_v4' for CMake config files
[3.095s] Level 1:colcon.colcon_core.shell:create_environment_hook('dobot_msgs_v4', 'cmake_prefix_path')
[3.095s] INFO:colcon.colcon_core.shell:Creating environment hook '/home/yolo/Desktop/Ros2/Dofbot2/install/dobot_msgs_v4/share/dobot_msgs_v4/hook/cmake_prefix_path.ps1'
[3.096s] INFO:colcon.colcon_core.shell:Creating environment descriptor '/home/yolo/Desktop/Ros2/Dofbot2/install/dobot_msgs_v4/share/dobot_msgs_v4/hook/cmake_prefix_path.dsv'
[3.097s] INFO:colcon.colcon_core.shell:Creating environment hook '/home/yolo/Desktop/Ros2/Dofbot2/install/dobot_msgs_v4/share/dobot_msgs_v4/hook/cmake_prefix_path.sh'
[3.098s] Level 1:colcon.colcon_core.environment:checking '/home/yolo/Desktop/Ros2/Dofbot2/install/dobot_msgs_v4/lib'
[3.099s] Level 1:colcon.colcon_core.shell:create_environment_hook('dobot_msgs_v4', 'ld_library_path_lib')
[3.099s] INFO:colcon.colcon_core.shell:Creating environment hook '/home/yolo/Desktop/Ros2/Dofbot2/install/dobot_msgs_v4/share/dobot_msgs_v4/hook/ld_library_path_lib.ps1'
[3.100s] INFO:colcon.colcon_core.shell:Creating environment descriptor '/home/yolo/Desktop/Ros2/Dofbot2/install/dobot_msgs_v4/share/dobot_msgs_v4/hook/ld_library_path_lib.dsv'
[3.101s] INFO:colcon.colcon_core.shell:Creating environment hook '/home/yolo/Desktop/Ros2/Dofbot2/install/dobot_msgs_v4/share/dobot_msgs_v4/hook/ld_library_path_lib.sh'
[3.102s] Level 1:colcon.colcon_core.environment:checking '/home/yolo/Desktop/Ros2/Dofbot2/install/dobot_msgs_v4/bin'
[3.102s] Level 1:colcon.colcon_core.environment:checking '/home/yolo/Desktop/Ros2/Dofbot2/install/dobot_msgs_v4/lib/pkgconfig/dobot_msgs_v4.pc'
[3.102s] Level 1:colcon.colcon_core.environment:checking '/home/yolo/Desktop/Ros2/Dofbot2/install/dobot_msgs_v4/lib/python3.10/site-packages'
[3.103s] Level 1:colcon.colcon_core.environment:checking '/home/yolo/Desktop/Ros2/Dofbot2/install/dobot_msgs_v4/bin'
[3.104s] INFO:colcon.colcon_core.shell:Creating package script '/home/yolo/Desktop/Ros2/Dofbot2/install/dobot_msgs_v4/share/dobot_msgs_v4/package.ps1'
[3.105s] INFO:colcon.colcon_core.shell:Creating package descriptor '/home/yolo/Desktop/Ros2/Dofbot2/install/dobot_msgs_v4/share/dobot_msgs_v4/package.dsv'
[3.106s] INFO:colcon.colcon_core.shell:Creating package script '/home/yolo/Desktop/Ros2/Dofbot2/install/dobot_msgs_v4/share/dobot_msgs_v4/package.sh'
[3.107s] INFO:colcon.colcon_core.shell:Creating package script '/home/yolo/Desktop/Ros2/Dofbot2/install/dobot_msgs_v4/share/dobot_msgs_v4/package.bash'
[3.108s] INFO:colcon.colcon_core.shell:Creating package script '/home/yolo/Desktop/Ros2/Dofbot2/install/dobot_msgs_v4/share/dobot_msgs_v4/package.zsh'
[3.109s] Level 1:colcon.colcon_core.environment:create_file_with_runtime_dependencies(/home/yolo/Desktop/Ros2/Dofbot2/install/dobot_msgs_v4/share/colcon-core/packages/dobot_msgs_v4)
[3.110s] Level 1:colcon.colcon_core.environment:create_environment_scripts_only(dobot_msgs_v4)
[3.110s] Level 1:colcon.colcon_core.environment:checking '/home/yolo/Desktop/Ros2/Dofbot2/install/dobot_msgs_v4' for CMake module files
[3.112s] Level 1:colcon.colcon_core.environment:checking '/home/yolo/Desktop/Ros2/Dofbot2/install/dobot_msgs_v4' for CMake config files
[3.113s] Level 1:colcon.colcon_core.shell:create_environment_hook('dobot_msgs_v4', 'cmake_prefix_path')
[3.113s] INFO:colcon.colcon_core.shell:Creating environment hook '/home/yolo/Desktop/Ros2/Dofbot2/install/dobot_msgs_v4/share/dobot_msgs_v4/hook/cmake_prefix_path.ps1'
[3.114s] INFO:colcon.colcon_core.shell:Creating environment descriptor '/home/yolo/Desktop/Ros2/Dofbot2/install/dobot_msgs_v4/share/dobot_msgs_v4/hook/cmake_prefix_path.dsv'
[3.115s] INFO:colcon.colcon_core.shell:Creating environment hook '/home/yolo/Desktop/Ros2/Dofbot2/install/dobot_msgs_v4/share/dobot_msgs_v4/hook/cmake_prefix_path.sh'
[3.116s] Level 1:colcon.colcon_core.environment:checking '/home/yolo/Desktop/Ros2/Dofbot2/install/dobot_msgs_v4/lib'
[3.116s] Level 1:colcon.colcon_core.shell:create_environment_hook('dobot_msgs_v4', 'ld_library_path_lib')
[3.117s] INFO:colcon.colcon_core.shell:Creating environment hook '/home/yolo/Desktop/Ros2/Dofbot2/install/dobot_msgs_v4/share/dobot_msgs_v4/hook/ld_library_path_lib.ps1'
[3.118s] INFO:colcon.colcon_core.shell:Creating environment descriptor '/home/yolo/Desktop/Ros2/Dofbot2/install/dobot_msgs_v4/share/dobot_msgs_v4/hook/ld_library_path_lib.dsv'
[3.118s] INFO:colcon.colcon_core.shell:Creating environment hook '/home/yolo/Desktop/Ros2/Dofbot2/install/dobot_msgs_v4/share/dobot_msgs_v4/hook/ld_library_path_lib.sh'
[3.119s] Level 1:colcon.colcon_core.environment:checking '/home/yolo/Desktop/Ros2/Dofbot2/install/dobot_msgs_v4/bin'
[3.119s] Level 1:colcon.colcon_core.environment:checking '/home/yolo/Desktop/Ros2/Dofbot2/install/dobot_msgs_v4/lib/pkgconfig/dobot_msgs_v4.pc'
[3.120s] Level 1:colcon.colcon_core.environment:checking '/home/yolo/Desktop/Ros2/Dofbot2/install/dobot_msgs_v4/lib/python3.10/site-packages'
[3.120s] Level 1:colcon.colcon_core.environment:checking '/home/yolo/Desktop/Ros2/Dofbot2/install/dobot_msgs_v4/bin'
[3.121s] INFO:colcon.colcon_core.shell:Creating package script '/home/yolo/Desktop/Ros2/Dofbot2/install/dobot_msgs_v4/share/dobot_msgs_v4/package.ps1'
[3.122s] INFO:colcon.colcon_core.shell:Creating package descriptor '/home/yolo/Desktop/Ros2/Dofbot2/install/dobot_msgs_v4/share/dobot_msgs_v4/package.dsv'
[3.123s] INFO:colcon.colcon_core.shell:Creating package script '/home/yolo/Desktop/Ros2/Dofbot2/install/dobot_msgs_v4/share/dobot_msgs_v4/package.sh'
[3.124s] INFO:colcon.colcon_core.shell:Creating package script '/home/yolo/Desktop/Ros2/Dofbot2/install/dobot_msgs_v4/share/dobot_msgs_v4/package.bash'
[3.125s] INFO:colcon.colcon_core.shell:Creating package script '/home/yolo/Desktop/Ros2/Dofbot2/install/dobot_msgs_v4/share/dobot_msgs_v4/package.zsh'
[3.126s] Level 1:colcon.colcon_core.environment:create_file_with_runtime_dependencies(/home/yolo/Desktop/Ros2/Dofbot2/install/dobot_msgs_v4/share/colcon-core/packages/dobot_msgs_v4)
[3.126s] INFO:colcon.colcon_ros.task.ament_cmake.build:Building ROS package in '/home/yolo/Desktop/Ros2/Dofbot2/src/cr5_bringup' with build type 'ament_cmake'
[3.127s] INFO:colcon.colcon_cmake.task.cmake.build:Building CMake package in '/home/yolo/Desktop/Ros2/Dofbot2/src/cr5_bringup'
[3.127s] INFO:colcon.colcon_core.shell:Skip shell extension 'powershell' for command environment: Not usable outside of PowerShell
[3.127s] DEBUG:colcon.colcon_core.shell:Skip shell extension 'dsv' for command environment
[3.148s] DEBUG:colcon.colcon_core.event_handler.log_command:Invoking command in '/home/yolo/Desktop/Ros2/Dofbot2/build/cr5_bringup': AMENT_PREFIX_PATH=/home/yolo/Desktop/Ros2/Dofbot2/install/dobot_msgs_v4:${AMENT_PREFIX_PATH} CMAKE_PREFIX_PATH=/home/yolo/Desktop/Ros2/Dofbot2/install/dobot_msgs_v4:/opt/ros/humble LD_LIBRARY_PATH=/home/yolo/Desktop/Ros2/Dofbot2/install/dobot_msgs_v4/lib:${LD_LIBRARY_PATH} PYTHONPATH=/home/yolo/Desktop/Ros2/Dofbot2/install/dobot_msgs_v4/local/lib/python3.10/dist-packages:${PYTHONPATH} /home/yolo/.local/bin/cmake --build /home/yolo/Desktop/Ros2/Dofbot2/build/cr5_bringup -- -j12 -l12
[3.480s] DEBUG:colcon.colcon_core.event_handler.log_command:Invoked command in '/home/yolo/Desktop/Ros2/Dofbot2/build/cr5_bringup' returned '0': AMENT_PREFIX_PATH=/home/yolo/Desktop/Ros2/Dofbot2/install/dobot_msgs_v4:${AMENT_PREFIX_PATH} CMAKE_PREFIX_PATH=/home/yolo/Desktop/Ros2/Dofbot2/install/dobot_msgs_v4:/opt/ros/humble LD_LIBRARY_PATH=/home/yolo/Desktop/Ros2/Dofbot2/install/dobot_msgs_v4/lib:${LD_LIBRARY_PATH} PYTHONPATH=/home/yolo/Desktop/Ros2/Dofbot2/install/dobot_msgs_v4/local/lib/python3.10/dist-packages:${PYTHONPATH} /home/yolo/.local/bin/cmake --build /home/yolo/Desktop/Ros2/Dofbot2/build/cr5_bringup -- -j12 -l12
[3.483s] DEBUG:colcon.colcon_core.event_handler.log_command:Invoking command in '/home/yolo/Desktop/Ros2/Dofbot2/build/cr5_bringup': AMENT_PREFIX_PATH=/home/yolo/Desktop/Ros2/Dofbot2/install/dobot_msgs_v4:${AMENT_PREFIX_PATH} CMAKE_PREFIX_PATH=/home/yolo/Desktop/Ros2/Dofbot2/install/dobot_msgs_v4:/opt/ros/humble LD_LIBRARY_PATH=/home/yolo/Desktop/Ros2/Dofbot2/install/dobot_msgs_v4/lib:${LD_LIBRARY_PATH} PYTHONPATH=/home/yolo/Desktop/Ros2/Dofbot2/install/dobot_msgs_v4/local/lib/python3.10/dist-packages:${PYTHONPATH} /home/yolo/.local/bin/cmake --install /home/yolo/Desktop/Ros2/Dofbot2/build/cr5_bringup
[3.494s] DEBUG:colcon.colcon_core.event_handler.log_command:Invoking command in '/home/yolo/Desktop/Ros2/Dofbot2/src/openvla_ros_interface': PYTHONPATH=/home/yolo/Desktop/Ros2/Dofbot2/build/openvla_ros_interface/prefix_override:/usr/lib/python3/dist-packages/colcon_core/task/python/colcon_distutils_commands:/home/yolo/Desktop/Ros2/Dofbot2/install/openvla_ros_interface/lib/python3.10/site-packages:${PYTHONPATH} /usr/bin/python3 -W ignore:setup.py install is deprecated -W ignore:easy_install command is deprecated setup.py egg_info --egg-base ../../build/openvla_ros_interface build --build-base /home/yolo/Desktop/Ros2/Dofbot2/build/openvla_ros_interface/build install --record /home/yolo/Desktop/Ros2/Dofbot2/build/openvla_ros_interface/install.log --single-version-externally-managed install_data
[3.526s] DEBUG:colcon.colcon_core.event_handler.log_command:Invoking command in '/home/yolo/Desktop/Ros2/Dofbot2/src/dobot_teleop': PYTHONPATH=/home/yolo/Desktop/Ros2/Dofbot2/build/dobot_teleop/prefix_override:/usr/lib/python3/dist-packages/colcon_core/task/python/colcon_distutils_commands:/home/yolo/Desktop/Ros2/Dofbot2/install/dobot_teleop/lib/python3.10/site-packages:${PYTHONPATH} /usr/bin/python3 -W ignore:setup.py install is deprecated -W ignore:easy_install command is deprecated setup.py egg_info --egg-base ../../build/dobot_teleop build --build-base /home/yolo/Desktop/Ros2/Dofbot2/build/dobot_teleop/build install --record /home/yolo/Desktop/Ros2/Dofbot2/build/dobot_teleop/install.log --single-version-externally-managed install_data
[3.569s] DEBUG:colcon.colcon_core.event_handler.log_command:Invoking command in '/home/yolo/Desktop/Ros2/Dofbot2/src/record_dataset_cr5': PYTHONPATH=/home/yolo/Desktop/Ros2/Dofbot2/build/record_dataset_cr5/prefix_override:/usr/lib/python3/dist-packages/colcon_core/task/python/colcon_distutils_commands:/home/yolo/Desktop/Ros2/Dofbot2/install/record_dataset_cr5/lib/python3.10/site-packages:${PYTHONPATH} /usr/bin/python3 -W ignore:setup.py install is deprecated -W ignore:easy_install command is deprecated setup.py egg_info --egg-base ../../build/record_dataset_cr5 build --build-base /home/yolo/Desktop/Ros2/Dofbot2/build/record_dataset_cr5/build install --record /home/yolo/Desktop/Ros2/Dofbot2/build/record_dataset_cr5/install.log --single-version-externally-managed install_data
[3.667s] Level 1:colcon.colcon_core.environment:create_environment_scripts_only(cr5_bringup)
[3.667s] DEBUG:colcon.colcon_core.event_handler.log_command:Invoked command in '/home/yolo/Desktop/Ros2/Dofbot2/build/cr5_bringup' returned '0': AMENT_PREFIX_PATH=/home/yolo/Desktop/Ros2/Dofbot2/install/dobot_msgs_v4:${AMENT_PREFIX_PATH} CMAKE_PREFIX_PATH=/home/yolo/Desktop/Ros2/Dofbot2/install/dobot_msgs_v4:/opt/ros/humble LD_LIBRARY_PATH=/home/yolo/Desktop/Ros2/Dofbot2/install/dobot_msgs_v4/lib:${LD_LIBRARY_PATH} PYTHONPATH=/home/yolo/Desktop/Ros2/Dofbot2/install/dobot_msgs_v4/local/lib/python3.10/dist-packages:${PYTHONPATH} /home/yolo/.local/bin/cmake --install /home/yolo/Desktop/Ros2/Dofbot2/build/cr5_bringup
[3.668s] Level 1:colcon.colcon_core.environment:checking '/home/yolo/Desktop/Ros2/Dofbot2/install/cr5_bringup' for CMake module files
[3.669s] Level 1:colcon.colcon_core.environment:checking '/home/yolo/Desktop/Ros2/Dofbot2/install/cr5_bringup' for CMake config files
[3.670s] Level 1:colcon.colcon_core.shell:create_environment_hook('cr5_bringup', 'cmake_prefix_path')
[3.670s] INFO:colcon.colcon_core.shell:Creating environment hook '/home/yolo/Desktop/Ros2/Dofbot2/install/cr5_bringup/share/cr5_bringup/hook/cmake_prefix_path.ps1'
[3.671s] INFO:colcon.colcon_core.shell:Creating environment descriptor '/home/yolo/Desktop/Ros2/Dofbot2/install/cr5_bringup/share/cr5_bringup/hook/cmake_prefix_path.dsv'
[3.672s] INFO:colcon.colcon_core.shell:Creating environment hook '/home/yolo/Desktop/Ros2/Dofbot2/install/cr5_bringup/share/cr5_bringup/hook/cmake_prefix_path.sh'
[3.673s] Level 1:colcon.colcon_core.environment:checking '/home/yolo/Desktop/Ros2/Dofbot2/install/cr5_bringup/lib'
[3.673s] Level 1:colcon.colcon_core.environment:checking '/home/yolo/Desktop/Ros2/Dofbot2/install/cr5_bringup/bin'
[3.673s] Level 1:colcon.colcon_core.environment:checking '/home/yolo/Desktop/Ros2/Dofbot2/install/cr5_bringup/lib/pkgconfig/cr5_bringup.pc'
[3.674s] Level 1:colcon.colcon_core.environment:checking '/home/yolo/Desktop/Ros2/Dofbot2/install/cr5_bringup/lib/python3.10/site-packages'
[3.674s] Level 1:colcon.colcon_core.environment:checking '/home/yolo/Desktop/Ros2/Dofbot2/install/cr5_bringup/bin'
[3.675s] INFO:colcon.colcon_core.shell:Creating package script '/home/yolo/Desktop/Ros2/Dofbot2/install/cr5_bringup/share/cr5_bringup/package.ps1'
[3.676s] INFO:colcon.colcon_core.shell:Creating package descriptor '/home/yolo/Desktop/Ros2/Dofbot2/install/cr5_bringup/share/cr5_bringup/package.dsv'
[3.677s] INFO:colcon.colcon_core.shell:Creating package script '/home/yolo/Desktop/Ros2/Dofbot2/install/cr5_bringup/share/cr5_bringup/package.sh'
[3.678s] INFO:colcon.colcon_core.shell:Creating package script '/home/yolo/Desktop/Ros2/Dofbot2/install/cr5_bringup/share/cr5_bringup/package.bash'
[3.678s] INFO:colcon.colcon_core.shell:Creating package script '/home/yolo/Desktop/Ros2/Dofbot2/install/cr5_bringup/share/cr5_bringup/package.zsh'
[3.679s] Level 1:colcon.colcon_core.environment:create_file_with_runtime_dependencies(/home/yolo/Desktop/Ros2/Dofbot2/install/cr5_bringup/share/colcon-core/packages/cr5_bringup)
[3.680s] Level 1:colcon.colcon_core.environment:create_environment_scripts_only(cr5_bringup)
[3.681s] Level 1:colcon.colcon_core.environment:checking '/home/yolo/Desktop/Ros2/Dofbot2/install/cr5_bringup' for CMake module files
[3.682s] Level 1:colcon.colcon_core.environment:checking '/home/yolo/Desktop/Ros2/Dofbot2/install/cr5_bringup' for CMake config files
[3.682s] Level 1:colcon.colcon_core.shell:create_environment_hook('cr5_bringup', 'cmake_prefix_path')
[3.683s] INFO:colcon.colcon_core.shell:Creating environment hook '/home/yolo/Desktop/Ros2/Dofbot2/install/cr5_bringup/share/cr5_bringup/hook/cmake_prefix_path.ps1'
[3.684s] INFO:colcon.colcon_core.shell:Creating environment descriptor '/home/yolo/Desktop/Ros2/Dofbot2/install/cr5_bringup/share/cr5_bringup/hook/cmake_prefix_path.dsv'
[3.684s] INFO:colcon.colcon_core.shell:Creating environment hook '/home/yolo/Desktop/Ros2/Dofbot2/install/cr5_bringup/share/cr5_bringup/hook/cmake_prefix_path.sh'
[3.686s] Level 1:colcon.colcon_core.environment:checking '/home/yolo/Desktop/Ros2/Dofbot2/install/cr5_bringup/lib'
[3.686s] Level 1:colcon.colcon_core.environment:checking '/home/yolo/Desktop/Ros2/Dofbot2/install/cr5_bringup/bin'
[3.686s] Level 1:colcon.colcon_core.environment:checking '/home/yolo/Desktop/Ros2/Dofbot2/install/cr5_bringup/lib/pkgconfig/cr5_bringup.pc'
[3.686s] Level 1:colcon.colcon_core.environment:checking '/home/yolo/Desktop/Ros2/Dofbot2/install/cr5_bringup/lib/python3.10/site-packages'
[3.687s] Level 1:colcon.colcon_core.environment:checking '/home/yolo/Desktop/Ros2/Dofbot2/install/cr5_bringup/bin'
[3.688s] INFO:colcon.colcon_core.shell:Creating package script '/home/yolo/Desktop/Ros2/Dofbot2/install/cr5_bringup/share/cr5_bringup/package.ps1'
[3.689s] INFO:colcon.colcon_core.shell:Creating package descriptor '/home/yolo/Desktop/Ros2/Dofbot2/install/cr5_bringup/share/cr5_bringup/package.dsv'
[3.690s] INFO:colcon.colcon_core.shell:Creating package script '/home/yolo/Desktop/Ros2/Dofbot2/install/cr5_bringup/share/cr5_bringup/package.sh'
[3.691s] INFO:colcon.colcon_core.shell:Creating package script '/home/yolo/Desktop/Ros2/Dofbot2/install/cr5_bringup/share/cr5_bringup/package.bash'
[3.692s] INFO:colcon.colcon_core.shell:Creating package script '/home/yolo/Desktop/Ros2/Dofbot2/install/cr5_bringup/share/cr5_bringup/package.zsh'
[3.692s] Level 1:colcon.colcon_core.environment:create_file_with_runtime_dependencies(/home/yolo/Desktop/Ros2/Dofbot2/install/cr5_bringup/share/colcon-core/packages/cr5_bringup)
[4.533s] Level 1:colcon.colcon_core.environment:checking '/home/yolo/Desktop/Ros2/Dofbot2/install/openvla_ros_interface' for CMake module files
[4.534s] DEBUG:colcon.colcon_core.event_handler.log_command:Invoked command in '/home/yolo/Desktop/Ros2/Dofbot2/src/openvla_ros_interface' returned '0': PYTHONPATH=/home/yolo/Desktop/Ros2/Dofbot2/build/openvla_ros_interface/prefix_override:/usr/lib/python3/dist-packages/colcon_core/task/python/colcon_distutils_commands:/home/yolo/Desktop/Ros2/Dofbot2/install/openvla_ros_interface/lib/python3.10/site-packages:${PYTHONPATH} /usr/bin/python3 -W ignore:setup.py install is deprecated -W ignore:easy_install command is deprecated setup.py egg_info --egg-base ../../build/openvla_ros_interface build --build-base /home/yolo/Desktop/Ros2/Dofbot2/build/openvla_ros_interface/build install --record /home/yolo/Desktop/Ros2/Dofbot2/build/openvla_ros_interface/install.log --single-version-externally-managed install_data
[4.534s] Level 1:colcon.colcon_core.environment:checking '/home/yolo/Desktop/Ros2/Dofbot2/install/openvla_ros_interface' for CMake config files
[4.535s] Level 1:colcon.colcon_core.environment:checking '/home/yolo/Desktop/Ros2/Dofbot2/install/openvla_ros_interface/lib'
[4.535s] Level 1:colcon.colcon_core.environment:checking '/home/yolo/Desktop/Ros2/Dofbot2/install/openvla_ros_interface/bin'
[4.535s] Level 1:colcon.colcon_core.environment:checking '/home/yolo/Desktop/Ros2/Dofbot2/install/openvla_ros_interface/lib/pkgconfig/openvla_ros_interface.pc'
[4.535s] Level 1:colcon.colcon_core.environment:checking '/home/yolo/Desktop/Ros2/Dofbot2/install/openvla_ros_interface/lib/python3.10/site-packages'
[4.535s] Level 1:colcon.colcon_core.shell:create_environment_hook('openvla_ros_interface', 'pythonpath')
[4.536s] INFO:colcon.colcon_core.shell:Creating environment hook '/home/yolo/Desktop/Ros2/Dofbot2/install/openvla_ros_interface/share/openvla_ros_interface/hook/pythonpath.ps1'
[4.537s] INFO:colcon.colcon_core.shell:Creating environment descriptor '/home/yolo/Desktop/Ros2/Dofbot2/install/openvla_ros_interface/share/openvla_ros_interface/hook/pythonpath.dsv'
[4.537s] INFO:colcon.colcon_core.shell:Creating environment hook '/home/yolo/Desktop/Ros2/Dofbot2/install/openvla_ros_interface/share/openvla_ros_interface/hook/pythonpath.sh'
[4.538s] Level 1:colcon.colcon_core.environment:checking '/home/yolo/Desktop/Ros2/Dofbot2/install/openvla_ros_interface/bin'
[4.538s] Level 1:colcon.colcon_core.environment:create_environment_scripts_only(openvla_ros_interface)
[4.539s] INFO:colcon.colcon_core.shell:Creating package script '/home/yolo/Desktop/Ros2/Dofbot2/install/openvla_ros_interface/share/openvla_ros_interface/package.ps1'
[4.539s] INFO:colcon.colcon_core.shell:Creating package descriptor '/home/yolo/Desktop/Ros2/Dofbot2/install/openvla_ros_interface/share/openvla_ros_interface/package.dsv'
[4.540s] INFO:colcon.colcon_core.shell:Creating package script '/home/yolo/Desktop/Ros2/Dofbot2/install/openvla_ros_interface/share/openvla_ros_interface/package.sh'
[4.540s] INFO:colcon.colcon_core.shell:Creating package script '/home/yolo/Desktop/Ros2/Dofbot2/install/openvla_ros_interface/share/openvla_ros_interface/package.bash'
[4.541s] INFO:colcon.colcon_core.shell:Creating package script '/home/yolo/Desktop/Ros2/Dofbot2/install/openvla_ros_interface/share/openvla_ros_interface/package.zsh'
[4.541s] Level 1:colcon.colcon_core.environment:create_file_with_runtime_dependencies(/home/yolo/Desktop/Ros2/Dofbot2/install/openvla_ros_interface/share/colcon-core/packages/openvla_ros_interface)
[4.551s] Level 1:colcon.colcon_core.environment:checking '/home/yolo/Desktop/Ros2/Dofbot2/install/dobot_teleop' for CMake module files
[4.552s] DEBUG:colcon.colcon_core.event_handler.log_command:Invoked command in '/home/yolo/Desktop/Ros2/Dofbot2/src/dobot_teleop' returned '0': PYTHONPATH=/home/yolo/Desktop/Ros2/Dofbot2/build/dobot_teleop/prefix_override:/usr/lib/python3/dist-packages/colcon_core/task/python/colcon_distutils_commands:/home/yolo/Desktop/Ros2/Dofbot2/install/dobot_teleop/lib/python3.10/site-packages:${PYTHONPATH} /usr/bin/python3 -W ignore:setup.py install is deprecated -W ignore:easy_install command is deprecated setup.py egg_info --egg-base ../../build/dobot_teleop build --build-base /home/yolo/Desktop/Ros2/Dofbot2/build/dobot_teleop/build install --record /home/yolo/Desktop/Ros2/Dofbot2/build/dobot_teleop/install.log --single-version-externally-managed install_data
[4.552s] Level 1:colcon.colcon_core.environment:checking '/home/yolo/Desktop/Ros2/Dofbot2/install/dobot_teleop' for CMake config files
[4.553s] Level 1:colcon.colcon_core.environment:checking '/home/yolo/Desktop/Ros2/Dofbot2/install/dobot_teleop/lib'
[4.554s] Level 1:colcon.colcon_core.environment:checking '/home/yolo/Desktop/Ros2/Dofbot2/install/dobot_teleop/bin'
[4.554s] Level 1:colcon.colcon_core.environment:checking '/home/yolo/Desktop/Ros2/Dofbot2/install/dobot_teleop/lib/pkgconfig/dobot_teleop.pc'
[4.554s] Level 1:colcon.colcon_core.environment:checking '/home/yolo/Desktop/Ros2/Dofbot2/install/dobot_teleop/lib/python3.10/site-packages'
[4.554s] Level 1:colcon.colcon_core.shell:create_environment_hook('dobot_teleop', 'pythonpath')
[4.555s] INFO:colcon.colcon_core.shell:Creating environment hook '/home/yolo/Desktop/Ros2/Dofbot2/install/dobot_teleop/share/dobot_teleop/hook/pythonpath.ps1'
[4.556s] INFO:colcon.colcon_core.shell:Creating environment descriptor '/home/yolo/Desktop/Ros2/Dofbot2/install/dobot_teleop/share/dobot_teleop/hook/pythonpath.dsv'
[4.557s] INFO:colcon.colcon_core.shell:Creating environment hook '/home/yolo/Desktop/Ros2/Dofbot2/install/dobot_teleop/share/dobot_teleop/hook/pythonpath.sh'
[4.558s] Level 1:colcon.colcon_core.environment:checking '/home/yolo/Desktop/Ros2/Dofbot2/install/dobot_teleop/bin'
[4.558s] Level 1:colcon.colcon_core.environment:create_environment_scripts_only(dobot_teleop)
[4.559s] INFO:colcon.colcon_core.shell:Creating package script '/home/yolo/Desktop/Ros2/Dofbot2/install/dobot_teleop/share/dobot_teleop/package.ps1'
[4.560s] INFO:colcon.colcon_core.shell:Creating package descriptor '/home/yolo/Desktop/Ros2/Dofbot2/install/dobot_teleop/share/dobot_teleop/package.dsv'
[4.561s] INFO:colcon.colcon_core.shell:Creating package script '/home/yolo/Desktop/Ros2/Dofbot2/install/dobot_teleop/share/dobot_teleop/package.sh'
[4.562s] INFO:colcon.colcon_core.shell:Creating package script '/home/yolo/Desktop/Ros2/Dofbot2/install/dobot_teleop/share/dobot_teleop/package.bash'
[4.563s] INFO:colcon.colcon_core.shell:Creating package script '/home/yolo/Desktop/Ros2/Dofbot2/install/dobot_teleop/share/dobot_teleop/package.zsh'
[4.564s] Level 1:colcon.colcon_core.environment:create_file_with_runtime_dependencies(/home/yolo/Desktop/Ros2/Dofbot2/install/dobot_teleop/share/colcon-core/packages/dobot_teleop)
[4.590s] Level 1:colcon.colcon_core.environment:checking '/home/yolo/Desktop/Ros2/Dofbot2/install/record_dataset_cr5' for CMake module files
[4.591s] DEBUG:colcon.colcon_core.event_handler.log_command:Invoked command in '/home/yolo/Desktop/Ros2/Dofbot2/src/record_dataset_cr5' returned '0': PYTHONPATH=/home/yolo/Desktop/Ros2/Dofbot2/build/record_dataset_cr5/prefix_override:/usr/lib/python3/dist-packages/colcon_core/task/python/colcon_distutils_commands:/home/yolo/Desktop/Ros2/Dofbot2/install/record_dataset_cr5/lib/python3.10/site-packages:${PYTHONPATH} /usr/bin/python3 -W ignore:setup.py install is deprecated -W ignore:easy_install command is deprecated setup.py egg_info --egg-base ../../build/record_dataset_cr5 build --build-base /home/yolo/Desktop/Ros2/Dofbot2/build/record_dataset_cr5/build install --record /home/yolo/Desktop/Ros2/Dofbot2/build/record_dataset_cr5/install.log --single-version-externally-managed install_data
[4.592s] Level 1:colcon.colcon_core.environment:checking '/home/yolo/Desktop/Ros2/Dofbot2/install/record_dataset_cr5' for CMake config files
[4.593s] Level 1:colcon.colcon_core.environment:checking '/home/yolo/Desktop/Ros2/Dofbot2/install/record_dataset_cr5/lib'
[4.593s] Level 1:colcon.colcon_core.environment:checking '/home/yolo/Desktop/Ros2/Dofbot2/install/record_dataset_cr5/bin'
[4.593s] Level 1:colcon.colcon_core.environment:checking '/home/yolo/Desktop/Ros2/Dofbot2/install/record_dataset_cr5/lib/pkgconfig/record_dataset_cr5.pc'
[4.594s] Level 1:colcon.colcon_core.environment:checking '/home/yolo/Desktop/Ros2/Dofbot2/install/record_dataset_cr5/lib/python3.10/site-packages'
[4.594s] Level 1:colcon.colcon_core.shell:create_environment_hook('record_dataset_cr5', 'pythonpath')
[4.594s] INFO:colcon.colcon_core.shell:Creating environment hook '/home/yolo/Desktop/Ros2/Dofbot2/install/record_dataset_cr5/share/record_dataset_cr5/hook/pythonpath.ps1'
[4.595s] INFO:colcon.colcon_core.shell:Creating environment descriptor '/home/yolo/Desktop/Ros2/Dofbot2/install/record_dataset_cr5/share/record_dataset_cr5/hook/pythonpath.dsv'
[4.596s] INFO:colcon.colcon_core.shell:Creating environment hook '/home/yolo/Desktop/Ros2/Dofbot2/install/record_dataset_cr5/share/record_dataset_cr5/hook/pythonpath.sh'
[4.598s] Level 1:colcon.colcon_core.environment:checking '/home/yolo/Desktop/Ros2/Dofbot2/install/record_dataset_cr5/bin'
[4.598s] Level 1:colcon.colcon_core.environment:create_environment_scripts_only(record_dataset_cr5)
[4.599s] INFO:colcon.colcon_core.shell:Creating package script '/home/yolo/Desktop/Ros2/Dofbot2/install/record_dataset_cr5/share/record_dataset_cr5/package.ps1'
[4.600s] INFO:colcon.colcon_core.shell:Creating package descriptor '/home/yolo/Desktop/Ros2/Dofbot2/install/record_dataset_cr5/share/record_dataset_cr5/package.dsv'
[4.601s] INFO:colcon.colcon_core.shell:Creating package script '/home/yolo/Desktop/Ros2/Dofbot2/install/record_dataset_cr5/share/record_dataset_cr5/package.sh'
[4.601s] INFO:colcon.colcon_core.shell:Creating package script '/home/yolo/Desktop/Ros2/Dofbot2/install/record_dataset_cr5/share/record_dataset_cr5/package.bash'
[4.602s] INFO:colcon.colcon_core.shell:Creating package script '/home/yolo/Desktop/Ros2/Dofbot2/install/record_dataset_cr5/share/record_dataset_cr5/package.zsh'
[4.603s] Level 1:colcon.colcon_core.environment:create_file_with_runtime_dependencies(/home/yolo/Desktop/Ros2/Dofbot2/install/record_dataset_cr5/share/colcon-core/packages/record_dataset_cr5)
[4.604s] DEBUG:colcon.colcon_parallel_executor.executor.parallel:closing loop
[4.605s] DEBUG:colcon.colcon_parallel_executor.executor.parallel:loop closed
[4.605s] DEBUG:colcon.colcon_parallel_executor.executor.parallel:run_until_complete finished with '0'
[4.605s] DEBUG:colcon.colcon_core.event_reactor:joining thread
[4.614s] INFO:colcon.colcon_core.plugin_system:Skipping extension 'colcon_notification.desktop_notification.terminal_notifier': Not used on non-Darwin systems
[4.614s] INFO:colcon.colcon_core.plugin_system:Skipping extension 'colcon_notification.desktop_notification.win32': Not used on non-Windows systems
[4.614s] INFO:colcon.colcon_notification.desktop_notification:Sending desktop notification using 'notify2'
[4.638s] DEBUG:colcon.colcon_core.event_reactor:joined thread
[4.638s] INFO:colcon.colcon_core.shell:Creating prefix script '/home/yolo/Desktop/Ros2/Dofbot2/install/local_setup.ps1'
[4.640s] INFO:colcon.colcon_core.shell:Creating prefix util module '/home/yolo/Desktop/Ros2/Dofbot2/install/_local_setup_util_ps1.py'
[4.643s] INFO:colcon.colcon_core.shell:Creating prefix chain script '/home/yolo/Desktop/Ros2/Dofbot2/install/setup.ps1'
[4.645s] INFO:colcon.colcon_core.shell:Creating prefix script '/home/yolo/Desktop/Ros2/Dofbot2/install/local_setup.sh'
[4.646s] INFO:colcon.colcon_core.shell:Creating prefix util module '/home/yolo/Desktop/Ros2/Dofbot2/install/_local_setup_util_sh.py'
[4.647s] INFO:colcon.colcon_core.shell:Creating prefix chain script '/home/yolo/Desktop/Ros2/Dofbot2/install/setup.sh'
[4.649s] INFO:colcon.colcon_core.shell:Creating prefix script '/home/yolo/Desktop/Ros2/Dofbot2/install/local_setup.bash'
[4.650s] INFO:colcon.colcon_core.shell:Creating prefix chain script '/home/yolo/Desktop/Ros2/Dofbot2/install/setup.bash'
[4.652s] INFO:colcon.colcon_core.shell:Creating prefix script '/home/yolo/Desktop/Ros2/Dofbot2/install/local_setup.zsh'
[4.653s] INFO:colcon.colcon_core.shell:Creating prefix chain script '/home/yolo/Desktop/Ros2/Dofbot2/install/setup.zsh'
