[0.247s] DEBUG:colcon:Command line arguments: ['/usr/bin/colcon', 'build']
[0.247s] DEBUG:colcon:Parsed command line arguments: Namespace(log_base=None, log_level=None, verb_name='build', build_base='build', install_base='install', merge_install=False, symlink_install=False, test_result_base=None, continue_on_error=False, executor='parallel', parallel_workers=12, event_handlers=None, ignore_user_meta=False, metas=['./colcon.meta'], base_paths=['.'], packages_ignore=None, packages_ignore_regex=None, paths=None, packages_up_to=None, packages_up_to_regex=None, packages_above=None, packages_above_and_dependencies=None, packages_above_depth=None, packages_select_by_dep=None, packages_skip_by_dep=None, packages_skip_up_to=None, packages_select_build_failed=False, packages_skip_build_finished=False, packages_select_test_failures=False, packages_skip_test_passed=False, packages_select=None, packages_skip=None, packages_select_regex=None, packages_skip_regex=None, packages_start=None, packages_end=None, allow_overriding=[], cmake_args=None, cmake_target=None, cmake_target_skip_unavailable=False, cmake_clean_cache=False, cmake_clean_first=False, cmake_force_configure=False, ament_cmake_args=None, catkin_cmake_args=None, catkin_skip_building_tests=False, mixin_files=None, mixin=None, verb_parser=<colcon_mixin.mixin.mixin_argument.MixinArgumentDecorator object at 0x74bff429c6d0>, verb_extension=<colcon_core.verb.build.BuildVerb object at 0x74bff421a140>, main=<bound method BuildVerb.main of <colcon_core.verb.build.BuildVerb object at 0x74bff421a140>>, mixin_verb=('build',))
[0.334s] Level 1:colcon.colcon_core.package_discovery:discover_packages(colcon_meta) check parameters
[0.334s] Level 1:colcon.colcon_core.package_discovery:discover_packages(recursive) check parameters
[0.334s] Level 1:colcon.colcon_core.package_discovery:discover_packages(ignore) check parameters
[0.334s] Level 1:colcon.colcon_core.package_discovery:discover_packages(path) check parameters
[0.334s] Level 1:colcon.colcon_core.package_discovery:discover_packages(colcon_meta) discover
[0.335s] Level 1:colcon.colcon_core.package_discovery:discover_packages(recursive) discover
[0.335s] INFO:colcon.colcon_core.package_discovery:Crawling recursively for packages in '/home/yolo/Desktop/Ros2/Dofbot2'
[0.335s] Level 1:colcon.colcon_core.package_identification:_identify(.) by extensions ['ignore', 'ignore_ament_install']
[0.335s] Level 1:colcon.colcon_core.package_identification:_identify(.) by extension 'ignore'
[0.335s] Level 1:colcon.colcon_core.package_identification:_identify(.) by extension 'ignore_ament_install'
[0.335s] Level 1:colcon.colcon_core.package_identification:_identify(.) by extensions ['colcon_pkg']
[0.335s] Level 1:colcon.colcon_core.package_identification:_identify(.) by extension 'colcon_pkg'
[0.336s] Level 1:colcon.colcon_core.package_identification:_identify(.) by extensions ['colcon_meta']
[0.336s] Level 1:colcon.colcon_core.package_identification:_identify(.) by extension 'colcon_meta'
[0.336s] Level 1:colcon.colcon_core.package_identification:_identify(.) by extensions ['ros']
[0.336s] Level 1:colcon.colcon_core.package_identification:_identify(.) by extension 'ros'
[0.367s] Level 1:colcon.colcon_core.package_identification:_identify(.) by extensions ['cmake', 'python']
[0.367s] Level 1:colcon.colcon_core.package_identification:_identify(.) by extension 'cmake'
[0.367s] Level 1:colcon.colcon_core.package_identification:_identify(.) by extension 'python'
[0.367s] Level 1:colcon.colcon_core.package_identification:_identify(.) by extensions ['python_setup_py']
[0.367s] Level 1:colcon.colcon_core.package_identification:_identify(.) by extension 'python_setup_py'
[0.367s] Level 1:colcon.colcon_core.package_identification:_identify(build) by extensions ['ignore', 'ignore_ament_install']
[0.367s] Level 1:colcon.colcon_core.package_identification:_identify(build) by extension 'ignore'
[0.368s] Level 1:colcon.colcon_core.package_identification:_identify(build) ignored
[0.368s] Level 1:colcon.colcon_core.package_identification:_identify(install) by extensions ['ignore', 'ignore_ament_install']
[0.368s] Level 1:colcon.colcon_core.package_identification:_identify(install) by extension 'ignore'
[0.368s] Level 1:colcon.colcon_core.package_identification:_identify(install) ignored
[0.368s] Level 1:colcon.colcon_core.package_identification:_identify(log) by extensions ['ignore', 'ignore_ament_install']
[0.368s] Level 1:colcon.colcon_core.package_identification:_identify(log) by extension 'ignore'
[0.369s] Level 1:colcon.colcon_core.package_identification:_identify(log) ignored
[0.369s] Level 1:colcon.colcon_core.package_identification:_identify(src) by extensions ['ignore', 'ignore_ament_install']
[0.369s] Level 1:colcon.colcon_core.package_identification:_identify(src) by extension 'ignore'
[0.369s] Level 1:colcon.colcon_core.package_identification:_identify(src) by extension 'ignore_ament_install'
[0.369s] Level 1:colcon.colcon_core.package_identification:_identify(src) by extensions ['colcon_pkg']
[0.369s] Level 1:colcon.colcon_core.package_identification:_identify(src) by extension 'colcon_pkg'
[0.369s] Level 1:colcon.colcon_core.package_identification:_identify(src) by extensions ['colcon_meta']
[0.369s] Level 1:colcon.colcon_core.package_identification:_identify(src) by extension 'colcon_meta'
[0.369s] Level 1:colcon.colcon_core.package_identification:_identify(src) by extensions ['ros']
[0.370s] Level 1:colcon.colcon_core.package_identification:_identify(src) by extension 'ros'
[0.370s] Level 1:colcon.colcon_core.package_identification:_identify(src) by extensions ['cmake', 'python']
[0.370s] Level 1:colcon.colcon_core.package_identification:_identify(src) by extension 'cmake'
[0.370s] Level 1:colcon.colcon_core.package_identification:_identify(src) by extension 'python'
[0.370s] Level 1:colcon.colcon_core.package_identification:_identify(src) by extensions ['python_setup_py']
[0.370s] Level 1:colcon.colcon_core.package_identification:_identify(src) by extension 'python_setup_py'
[0.370s] Level 1:colcon.colcon_core.package_identification:_identify(src/cr5_bringup) by extensions ['ignore', 'ignore_ament_install']
[0.370s] Level 1:colcon.colcon_core.package_identification:_identify(src/cr5_bringup) by extension 'ignore'
[0.371s] Level 1:colcon.colcon_core.package_identification:_identify(src/cr5_bringup) by extension 'ignore_ament_install'
[0.371s] Level 1:colcon.colcon_core.package_identification:_identify(src/cr5_bringup) by extensions ['colcon_pkg']
[0.371s] Level 1:colcon.colcon_core.package_identification:_identify(src/cr5_bringup) by extension 'colcon_pkg'
[0.371s] Level 1:colcon.colcon_core.package_identification:_identify(src/cr5_bringup) by extensions ['colcon_meta']
[0.371s] Level 1:colcon.colcon_core.package_identification:_identify(src/cr5_bringup) by extension 'colcon_meta'
[0.371s] Level 1:colcon.colcon_core.package_identification:_identify(src/cr5_bringup) by extensions ['ros']
[0.371s] Level 1:colcon.colcon_core.package_identification:_identify(src/cr5_bringup) by extension 'ros'
[0.376s] DEBUG:colcon.colcon_core.package_identification:Package 'src/cr5_bringup' with type 'ros.ament_cmake' and name 'cr5_bringup'
[0.377s] Level 1:colcon.colcon_core.package_identification:_identify(src/dobot_moveit2) by extensions ['ignore', 'ignore_ament_install']
[0.377s] Level 1:colcon.colcon_core.package_identification:_identify(src/dobot_moveit2) by extension 'ignore'
[0.377s] Level 1:colcon.colcon_core.package_identification:_identify(src/dobot_moveit2) by extension 'ignore_ament_install'
[0.377s] Level 1:colcon.colcon_core.package_identification:_identify(src/dobot_moveit2) by extensions ['colcon_pkg']
[0.377s] Level 1:colcon.colcon_core.package_identification:_identify(src/dobot_moveit2) by extension 'colcon_pkg'
[0.377s] Level 1:colcon.colcon_core.package_identification:_identify(src/dobot_moveit2) by extensions ['colcon_meta']
[0.377s] Level 1:colcon.colcon_core.package_identification:_identify(src/dobot_moveit2) by extension 'colcon_meta'
[0.378s] Level 1:colcon.colcon_core.package_identification:_identify(src/dobot_moveit2) by extensions ['ros']
[0.378s] Level 1:colcon.colcon_core.package_identification:_identify(src/dobot_moveit2) by extension 'ros'
[0.379s] DEBUG:colcon.colcon_core.package_identification:Package 'src/dobot_moveit2' with type 'ros.ament_cmake' and name 'dobot_moveit2'
[0.380s] Level 1:colcon.colcon_core.package_identification:_identify(src/dobot_msgs_v4) by extensions ['ignore', 'ignore_ament_install']
[0.380s] Level 1:colcon.colcon_core.package_identification:_identify(src/dobot_msgs_v4) by extension 'ignore'
[0.380s] Level 1:colcon.colcon_core.package_identification:_identify(src/dobot_msgs_v4) by extension 'ignore_ament_install'
[0.380s] Level 1:colcon.colcon_core.package_identification:_identify(src/dobot_msgs_v4) by extensions ['colcon_pkg']
[0.380s] Level 1:colcon.colcon_core.package_identification:_identify(src/dobot_msgs_v4) by extension 'colcon_pkg'
[0.380s] Level 1:colcon.colcon_core.package_identification:_identify(src/dobot_msgs_v4) by extensions ['colcon_meta']
[0.380s] Level 1:colcon.colcon_core.package_identification:_identify(src/dobot_msgs_v4) by extension 'colcon_meta'
[0.380s] Level 1:colcon.colcon_core.package_identification:_identify(src/dobot_msgs_v4) by extensions ['ros']
[0.381s] Level 1:colcon.colcon_core.package_identification:_identify(src/dobot_msgs_v4) by extension 'ros'
[0.382s] DEBUG:colcon.colcon_core.package_identification:Package 'src/dobot_msgs_v4' with type 'ros.ament_cmake' and name 'dobot_msgs_v4'
[0.382s] Level 1:colcon.colcon_core.package_identification:_identify(src/dofbot_description) by extensions ['ignore', 'ignore_ament_install']
[0.383s] Level 1:colcon.colcon_core.package_identification:_identify(src/dofbot_description) by extension 'ignore'
[0.383s] Level 1:colcon.colcon_core.package_identification:_identify(src/dofbot_description) by extension 'ignore_ament_install'
[0.383s] Level 1:colcon.colcon_core.package_identification:_identify(src/dofbot_description) by extensions ['colcon_pkg']
[0.383s] Level 1:colcon.colcon_core.package_identification:_identify(src/dofbot_description) by extension 'colcon_pkg'
[0.383s] Level 1:colcon.colcon_core.package_identification:_identify(src/dofbot_description) by extensions ['colcon_meta']
[0.383s] Level 1:colcon.colcon_core.package_identification:_identify(src/dofbot_description) by extension 'colcon_meta'
[0.383s] Level 1:colcon.colcon_core.package_identification:_identify(src/dofbot_description) by extensions ['ros']
[0.383s] Level 1:colcon.colcon_core.package_identification:_identify(src/dofbot_description) by extension 'ros'
[0.384s] DEBUG:colcon.colcon_core.package_identification:Package 'src/dofbot_description' with type 'ros.ament_cmake' and name 'dofbot_description'
[0.384s] Level 1:colcon.colcon_core.package_identification:_identify(src/dofbot_moveit) by extensions ['ignore', 'ignore_ament_install']
[0.385s] Level 1:colcon.colcon_core.package_identification:_identify(src/dofbot_moveit) by extension 'ignore'
[0.385s] Level 1:colcon.colcon_core.package_identification:_identify(src/dofbot_moveit) by extension 'ignore_ament_install'
[0.385s] Level 1:colcon.colcon_core.package_identification:_identify(src/dofbot_moveit) by extensions ['colcon_pkg']
[0.385s] Level 1:colcon.colcon_core.package_identification:_identify(src/dofbot_moveit) by extension 'colcon_pkg'
[0.385s] Level 1:colcon.colcon_core.package_identification:_identify(src/dofbot_moveit) by extensions ['colcon_meta']
[0.385s] Level 1:colcon.colcon_core.package_identification:_identify(src/dofbot_moveit) by extension 'colcon_meta'
[0.385s] Level 1:colcon.colcon_core.package_identification:_identify(src/dofbot_moveit) by extensions ['ros']
[0.385s] Level 1:colcon.colcon_core.package_identification:_identify(src/dofbot_moveit) by extension 'ros'
[0.386s] DEBUG:colcon.colcon_core.package_identification:Package 'src/dofbot_moveit' with type 'ros.ament_cmake' and name 'dofbot_moveit'
[0.386s] Level 1:colcon.colcon_core.package_identification:_identify(src/openvla_ros_interface) by extensions ['ignore', 'ignore_ament_install']
[0.387s] Level 1:colcon.colcon_core.package_identification:_identify(src/openvla_ros_interface) by extension 'ignore'
[0.387s] Level 1:colcon.colcon_core.package_identification:_identify(src/openvla_ros_interface) by extension 'ignore_ament_install'
[0.387s] Level 1:colcon.colcon_core.package_identification:_identify(src/openvla_ros_interface) by extensions ['colcon_pkg']
[0.387s] Level 1:colcon.colcon_core.package_identification:_identify(src/openvla_ros_interface) by extension 'colcon_pkg'
[0.387s] Level 1:colcon.colcon_core.package_identification:_identify(src/openvla_ros_interface) by extensions ['colcon_meta']
[0.387s] Level 1:colcon.colcon_core.package_identification:_identify(src/openvla_ros_interface) by extension 'colcon_meta'
[0.387s] Level 1:colcon.colcon_core.package_identification:_identify(src/openvla_ros_interface) by extensions ['ros']
[0.387s] Level 1:colcon.colcon_core.package_identification:_identify(src/openvla_ros_interface) by extension 'ros'
[0.389s] DEBUG:colcon.colcon_core.package_identification:Package 'src/openvla_ros_interface' with type 'ros.ament_python' and name 'openvla_ros_interface'
[0.389s] Level 1:colcon.colcon_core.package_identification:_identify(src/record_dataset_cr5) by extensions ['ignore', 'ignore_ament_install']
[0.389s] Level 1:colcon.colcon_core.package_identification:_identify(src/record_dataset_cr5) by extension 'ignore'
[0.389s] Level 1:colcon.colcon_core.package_identification:_identify(src/record_dataset_cr5) by extension 'ignore_ament_install'
[0.389s] Level 1:colcon.colcon_core.package_identification:_identify(src/record_dataset_cr5) by extensions ['colcon_pkg']
[0.389s] Level 1:colcon.colcon_core.package_identification:_identify(src/record_dataset_cr5) by extension 'colcon_pkg'
[0.390s] Level 1:colcon.colcon_core.package_identification:_identify(src/record_dataset_cr5) by extensions ['colcon_meta']
[0.390s] Level 1:colcon.colcon_core.package_identification:_identify(src/record_dataset_cr5) by extension 'colcon_meta'
[0.390s] Level 1:colcon.colcon_core.package_identification:_identify(src/record_dataset_cr5) by extensions ['ros']
[0.390s] Level 1:colcon.colcon_core.package_identification:_identify(src/record_dataset_cr5) by extension 'ros'
[0.391s] DEBUG:colcon.colcon_core.package_identification:Package 'src/record_dataset_cr5' with type 'ros.ament_python' and name 'record_dataset_cr5'
[0.391s] Level 1:colcon.colcon_core.package_discovery:discover_packages(recursive) using defaults
[0.391s] Level 1:colcon.colcon_core.package_discovery:discover_packages(ignore) discover
[0.391s] Level 1:colcon.colcon_core.package_discovery:discover_packages(ignore) using defaults
[0.391s] Level 1:colcon.colcon_core.package_discovery:discover_packages(path) discover
[0.391s] Level 1:colcon.colcon_core.package_discovery:discover_packages(path) using defaults
[0.437s] Level 1:colcon.colcon_core.package_discovery:discover_packages(prefix_path) check parameters
[0.437s] Level 1:colcon.colcon_core.package_discovery:discover_packages(prefix_path) discover
[0.444s] DEBUG:colcon.colcon_installed_package_information.package_discovery:Found 395 installed packages in /opt/ros/humble
[0.448s] Level 1:colcon.colcon_core.package_discovery:discover_packages(prefix_path) using defaults
[0.547s] Level 5:colcon.colcon_core.verb:set package 'dobot_msgs_v4' build argument 'cmake_args' from command line to 'None'
[0.547s] Level 5:colcon.colcon_core.verb:set package 'dobot_msgs_v4' build argument 'cmake_target' from command line to 'None'
[0.547s] Level 5:colcon.colcon_core.verb:set package 'dobot_msgs_v4' build argument 'cmake_target_skip_unavailable' from command line to 'False'
[0.547s] Level 5:colcon.colcon_core.verb:set package 'dobot_msgs_v4' build argument 'cmake_clean_cache' from command line to 'False'
[0.547s] Level 5:colcon.colcon_core.verb:set package 'dobot_msgs_v4' build argument 'cmake_clean_first' from command line to 'False'
[0.547s] Level 5:colcon.colcon_core.verb:set package 'dobot_msgs_v4' build argument 'cmake_force_configure' from command line to 'False'
[0.547s] Level 5:colcon.colcon_core.verb:set package 'dobot_msgs_v4' build argument 'ament_cmake_args' from command line to 'None'
[0.547s] Level 5:colcon.colcon_core.verb:set package 'dobot_msgs_v4' build argument 'catkin_cmake_args' from command line to 'None'
[0.547s] Level 5:colcon.colcon_core.verb:set package 'dobot_msgs_v4' build argument 'catkin_skip_building_tests' from command line to 'False'
[0.547s] DEBUG:colcon.colcon_core.verb:Building package 'dobot_msgs_v4' with the following arguments: {'ament_cmake_args': None, 'build_base': '/home/yolo/Desktop/Ros2/Dofbot2/build/dobot_msgs_v4', 'catkin_cmake_args': None, 'catkin_skip_building_tests': False, 'cmake_args': None, 'cmake_clean_cache': False, 'cmake_clean_first': False, 'cmake_force_configure': False, 'cmake_target': None, 'cmake_target_skip_unavailable': False, 'install_base': '/home/yolo/Desktop/Ros2/Dofbot2/install/dobot_msgs_v4', 'merge_install': False, 'path': '/home/yolo/Desktop/Ros2/Dofbot2/src/dobot_msgs_v4', 'symlink_install': False, 'test_result_base': None}
[0.548s] Level 5:colcon.colcon_core.verb:set package 'dofbot_description' build argument 'cmake_args' from command line to 'None'
[0.548s] Level 5:colcon.colcon_core.verb:set package 'dofbot_description' build argument 'cmake_target' from command line to 'None'
[0.548s] Level 5:colcon.colcon_core.verb:set package 'dofbot_description' build argument 'cmake_target_skip_unavailable' from command line to 'False'
[0.548s] Level 5:colcon.colcon_core.verb:set package 'dofbot_description' build argument 'cmake_clean_cache' from command line to 'False'
[0.548s] Level 5:colcon.colcon_core.verb:set package 'dofbot_description' build argument 'cmake_clean_first' from command line to 'False'
[0.548s] Level 5:colcon.colcon_core.verb:set package 'dofbot_description' build argument 'cmake_force_configure' from command line to 'False'
[0.548s] Level 5:colcon.colcon_core.verb:set package 'dofbot_description' build argument 'ament_cmake_args' from command line to 'None'
[0.548s] Level 5:colcon.colcon_core.verb:set package 'dofbot_description' build argument 'catkin_cmake_args' from command line to 'None'
[0.548s] Level 5:colcon.colcon_core.verb:set package 'dofbot_description' build argument 'catkin_skip_building_tests' from command line to 'False'
[0.549s] DEBUG:colcon.colcon_core.verb:Building package 'dofbot_description' with the following arguments: {'ament_cmake_args': None, 'build_base': '/home/yolo/Desktop/Ros2/Dofbot2/build/dofbot_description', 'catkin_cmake_args': None, 'catkin_skip_building_tests': False, 'cmake_args': None, 'cmake_clean_cache': False, 'cmake_clean_first': False, 'cmake_force_configure': False, 'cmake_target': None, 'cmake_target_skip_unavailable': False, 'install_base': '/home/yolo/Desktop/Ros2/Dofbot2/install/dofbot_description', 'merge_install': False, 'path': '/home/yolo/Desktop/Ros2/Dofbot2/src/dofbot_description', 'symlink_install': False, 'test_result_base': None}
[0.549s] Level 5:colcon.colcon_core.verb:set package 'dofbot_moveit' build argument 'cmake_args' from command line to 'None'
[0.549s] Level 5:colcon.colcon_core.verb:set package 'dofbot_moveit' build argument 'cmake_target' from command line to 'None'
[0.549s] Level 5:colcon.colcon_core.verb:set package 'dofbot_moveit' build argument 'cmake_target_skip_unavailable' from command line to 'False'
[0.549s] Level 5:colcon.colcon_core.verb:set package 'dofbot_moveit' build argument 'cmake_clean_cache' from command line to 'False'
[0.550s] Level 5:colcon.colcon_core.verb:set package 'dofbot_moveit' build argument 'cmake_clean_first' from command line to 'False'
[0.550s] Level 5:colcon.colcon_core.verb:set package 'dofbot_moveit' build argument 'cmake_force_configure' from command line to 'False'
[0.550s] Level 5:colcon.colcon_core.verb:set package 'dofbot_moveit' build argument 'ament_cmake_args' from command line to 'None'
[0.550s] Level 5:colcon.colcon_core.verb:set package 'dofbot_moveit' build argument 'catkin_cmake_args' from command line to 'None'
[0.550s] Level 5:colcon.colcon_core.verb:set package 'dofbot_moveit' build argument 'catkin_skip_building_tests' from command line to 'False'
[0.550s] DEBUG:colcon.colcon_core.verb:Building package 'dofbot_moveit' with the following arguments: {'ament_cmake_args': None, 'build_base': '/home/yolo/Desktop/Ros2/Dofbot2/build/dofbot_moveit', 'catkin_cmake_args': None, 'catkin_skip_building_tests': False, 'cmake_args': None, 'cmake_clean_cache': False, 'cmake_clean_first': False, 'cmake_force_configure': False, 'cmake_target': None, 'cmake_target_skip_unavailable': False, 'install_base': '/home/yolo/Desktop/Ros2/Dofbot2/install/dofbot_moveit', 'merge_install': False, 'path': '/home/yolo/Desktop/Ros2/Dofbot2/src/dofbot_moveit', 'symlink_install': False, 'test_result_base': None}
[0.550s] Level 5:colcon.colcon_core.verb:set package 'openvla_ros_interface' build argument 'cmake_args' from command line to 'None'
[0.551s] Level 5:colcon.colcon_core.verb:set package 'openvla_ros_interface' build argument 'cmake_target' from command line to 'None'
[0.551s] Level 5:colcon.colcon_core.verb:set package 'openvla_ros_interface' build argument 'cmake_target_skip_unavailable' from command line to 'False'
[0.551s] Level 5:colcon.colcon_core.verb:set package 'openvla_ros_interface' build argument 'cmake_clean_cache' from command line to 'False'
[0.551s] Level 5:colcon.colcon_core.verb:set package 'openvla_ros_interface' build argument 'cmake_clean_first' from command line to 'False'
[0.551s] Level 5:colcon.colcon_core.verb:set package 'openvla_ros_interface' build argument 'cmake_force_configure' from command line to 'False'
[0.551s] Level 5:colcon.colcon_core.verb:set package 'openvla_ros_interface' build argument 'ament_cmake_args' from command line to 'None'
[0.551s] Level 5:colcon.colcon_core.verb:set package 'openvla_ros_interface' build argument 'catkin_cmake_args' from command line to 'None'
[0.551s] Level 5:colcon.colcon_core.verb:set package 'openvla_ros_interface' build argument 'catkin_skip_building_tests' from command line to 'False'
[0.551s] DEBUG:colcon.colcon_core.verb:Building package 'openvla_ros_interface' with the following arguments: {'ament_cmake_args': None, 'build_base': '/home/yolo/Desktop/Ros2/Dofbot2/build/openvla_ros_interface', 'catkin_cmake_args': None, 'catkin_skip_building_tests': False, 'cmake_args': None, 'cmake_clean_cache': False, 'cmake_clean_first': False, 'cmake_force_configure': False, 'cmake_target': None, 'cmake_target_skip_unavailable': False, 'install_base': '/home/yolo/Desktop/Ros2/Dofbot2/install/openvla_ros_interface', 'merge_install': False, 'path': '/home/yolo/Desktop/Ros2/Dofbot2/src/openvla_ros_interface', 'symlink_install': False, 'test_result_base': None}
[0.552s] Level 5:colcon.colcon_core.verb:set package 'record_dataset_cr5' build argument 'cmake_args' from command line to 'None'
[0.552s] Level 5:colcon.colcon_core.verb:set package 'record_dataset_cr5' build argument 'cmake_target' from command line to 'None'
[0.552s] Level 5:colcon.colcon_core.verb:set package 'record_dataset_cr5' build argument 'cmake_target_skip_unavailable' from command line to 'False'
[0.552s] Level 5:colcon.colcon_core.verb:set package 'record_dataset_cr5' build argument 'cmake_clean_cache' from command line to 'False'
[0.552s] Level 5:colcon.colcon_core.verb:set package 'record_dataset_cr5' build argument 'cmake_clean_first' from command line to 'False'
[0.552s] Level 5:colcon.colcon_core.verb:set package 'record_dataset_cr5' build argument 'cmake_force_configure' from command line to 'False'
[0.552s] Level 5:colcon.colcon_core.verb:set package 'record_dataset_cr5' build argument 'ament_cmake_args' from command line to 'None'
[0.552s] Level 5:colcon.colcon_core.verb:set package 'record_dataset_cr5' build argument 'catkin_cmake_args' from command line to 'None'
[0.552s] Level 5:colcon.colcon_core.verb:set package 'record_dataset_cr5' build argument 'catkin_skip_building_tests' from command line to 'False'
[0.552s] DEBUG:colcon.colcon_core.verb:Building package 'record_dataset_cr5' with the following arguments: {'ament_cmake_args': None, 'build_base': '/home/yolo/Desktop/Ros2/Dofbot2/build/record_dataset_cr5', 'catkin_cmake_args': None, 'catkin_skip_building_tests': False, 'cmake_args': None, 'cmake_clean_cache': False, 'cmake_clean_first': False, 'cmake_force_configure': False, 'cmake_target': None, 'cmake_target_skip_unavailable': False, 'install_base': '/home/yolo/Desktop/Ros2/Dofbot2/install/record_dataset_cr5', 'merge_install': False, 'path': '/home/yolo/Desktop/Ros2/Dofbot2/src/record_dataset_cr5', 'symlink_install': False, 'test_result_base': None}
[0.553s] Level 5:colcon.colcon_core.verb:set package 'cr5_bringup' build argument 'cmake_args' from command line to 'None'
[0.553s] Level 5:colcon.colcon_core.verb:set package 'cr5_bringup' build argument 'cmake_target' from command line to 'None'
[0.553s] Level 5:colcon.colcon_core.verb:set package 'cr5_bringup' build argument 'cmake_target_skip_unavailable' from command line to 'False'
[0.553s] Level 5:colcon.colcon_core.verb:set package 'cr5_bringup' build argument 'cmake_clean_cache' from command line to 'False'
[0.553s] Level 5:colcon.colcon_core.verb:set package 'cr5_bringup' build argument 'cmake_clean_first' from command line to 'False'
[0.553s] Level 5:colcon.colcon_core.verb:set package 'cr5_bringup' build argument 'cmake_force_configure' from command line to 'False'
[0.553s] Level 5:colcon.colcon_core.verb:set package 'cr5_bringup' build argument 'ament_cmake_args' from command line to 'None'
[0.553s] Level 5:colcon.colcon_core.verb:set package 'cr5_bringup' build argument 'catkin_cmake_args' from command line to 'None'
[0.553s] Level 5:colcon.colcon_core.verb:set package 'cr5_bringup' build argument 'catkin_skip_building_tests' from command line to 'False'
[0.553s] DEBUG:colcon.colcon_core.verb:Building package 'cr5_bringup' with the following arguments: {'ament_cmake_args': None, 'build_base': '/home/yolo/Desktop/Ros2/Dofbot2/build/cr5_bringup', 'catkin_cmake_args': None, 'catkin_skip_building_tests': False, 'cmake_args': None, 'cmake_clean_cache': False, 'cmake_clean_first': False, 'cmake_force_configure': False, 'cmake_target': None, 'cmake_target_skip_unavailable': False, 'install_base': '/home/yolo/Desktop/Ros2/Dofbot2/install/cr5_bringup', 'merge_install': False, 'path': '/home/yolo/Desktop/Ros2/Dofbot2/src/cr5_bringup', 'symlink_install': False, 'test_result_base': None}
[0.554s] Level 5:colcon.colcon_core.verb:set package 'dobot_moveit2' build argument 'cmake_args' from command line to 'None'
[0.554s] Level 5:colcon.colcon_core.verb:set package 'dobot_moveit2' build argument 'cmake_target' from command line to 'None'
[0.554s] Level 5:colcon.colcon_core.verb:set package 'dobot_moveit2' build argument 'cmake_target_skip_unavailable' from command line to 'False'
[0.554s] Level 5:colcon.colcon_core.verb:set package 'dobot_moveit2' build argument 'cmake_clean_cache' from command line to 'False'
[0.554s] Level 5:colcon.colcon_core.verb:set package 'dobot_moveit2' build argument 'cmake_clean_first' from command line to 'False'
[0.554s] Level 5:colcon.colcon_core.verb:set package 'dobot_moveit2' build argument 'cmake_force_configure' from command line to 'False'
[0.554s] Level 5:colcon.colcon_core.verb:set package 'dobot_moveit2' build argument 'ament_cmake_args' from command line to 'None'
[0.554s] Level 5:colcon.colcon_core.verb:set package 'dobot_moveit2' build argument 'catkin_cmake_args' from command line to 'None'
[0.555s] Level 5:colcon.colcon_core.verb:set package 'dobot_moveit2' build argument 'catkin_skip_building_tests' from command line to 'False'
[0.555s] DEBUG:colcon.colcon_core.verb:Building package 'dobot_moveit2' with the following arguments: {'ament_cmake_args': None, 'build_base': '/home/yolo/Desktop/Ros2/Dofbot2/build/dobot_moveit2', 'catkin_cmake_args': None, 'catkin_skip_building_tests': False, 'cmake_args': None, 'cmake_clean_cache': False, 'cmake_clean_first': False, 'cmake_force_configure': False, 'cmake_target': None, 'cmake_target_skip_unavailable': False, 'install_base': '/home/yolo/Desktop/Ros2/Dofbot2/install/dobot_moveit2', 'merge_install': False, 'path': '/home/yolo/Desktop/Ros2/Dofbot2/src/dobot_moveit2', 'symlink_install': False, 'test_result_base': None}
[0.555s] INFO:colcon.colcon_core.executor:Executing jobs using 'parallel' executor
[0.557s] DEBUG:colcon.colcon_parallel_executor.executor.parallel:run_until_complete
[0.557s] INFO:colcon.colcon_ros.task.ament_cmake.build:Building ROS package in '/home/yolo/Desktop/Ros2/Dofbot2/src/dobot_msgs_v4' with build type 'ament_cmake'
[0.557s] INFO:colcon.colcon_cmake.task.cmake.build:Building CMake package in '/home/yolo/Desktop/Ros2/Dofbot2/src/dobot_msgs_v4'
[0.562s] INFO:colcon.colcon_core.plugin_system:Skipping extension 'colcon_core.shell.bat': Not used on non-Windows systems
[0.562s] INFO:colcon.colcon_core.shell:Skip shell extension 'powershell' for command environment: Not usable outside of PowerShell
[0.562s] DEBUG:colcon.colcon_core.shell:Skip shell extension 'dsv' for command environment
[0.570s] INFO:colcon.colcon_ros.task.ament_cmake.build:Building ROS package in '/home/yolo/Desktop/Ros2/Dofbot2/src/dofbot_description' with build type 'ament_cmake'
[0.570s] INFO:colcon.colcon_cmake.task.cmake.build:Building CMake package in '/home/yolo/Desktop/Ros2/Dofbot2/src/dofbot_description'
[0.571s] INFO:colcon.colcon_core.shell:Skip shell extension 'powershell' for command environment: Not usable outside of PowerShell
[0.571s] DEBUG:colcon.colcon_core.shell:Skip shell extension 'dsv' for command environment
[0.578s] INFO:colcon.colcon_ros.task.ament_cmake.build:Building ROS package in '/home/yolo/Desktop/Ros2/Dofbot2/src/dofbot_moveit' with build type 'ament_cmake'
[0.578s] INFO:colcon.colcon_cmake.task.cmake.build:Building CMake package in '/home/yolo/Desktop/Ros2/Dofbot2/src/dofbot_moveit'
[0.579s] INFO:colcon.colcon_core.shell:Skip shell extension 'powershell' for command environment: Not usable outside of PowerShell
[0.579s] DEBUG:colcon.colcon_core.shell:Skip shell extension 'dsv' for command environment
[0.584s] INFO:colcon.colcon_ros.task.ament_python.build:Building ROS package in '/home/yolo/Desktop/Ros2/Dofbot2/src/openvla_ros_interface' with build type 'ament_python'
[0.584s] Level 1:colcon.colcon_core.shell:create_environment_hook('openvla_ros_interface', 'ament_prefix_path')
[0.584s] INFO:colcon.colcon_core.shell:Creating environment hook '/home/yolo/Desktop/Ros2/Dofbot2/install/openvla_ros_interface/share/openvla_ros_interface/hook/ament_prefix_path.ps1'
[0.586s] INFO:colcon.colcon_core.shell:Creating environment descriptor '/home/yolo/Desktop/Ros2/Dofbot2/install/openvla_ros_interface/share/openvla_ros_interface/hook/ament_prefix_path.dsv'
[0.586s] INFO:colcon.colcon_core.shell:Creating environment hook '/home/yolo/Desktop/Ros2/Dofbot2/install/openvla_ros_interface/share/openvla_ros_interface/hook/ament_prefix_path.sh'
[0.587s] INFO:colcon.colcon_core.shell:Skip shell extension 'powershell' for command environment: Not usable outside of PowerShell
[0.587s] DEBUG:colcon.colcon_core.shell:Skip shell extension 'dsv' for command environment
[0.591s] INFO:colcon.colcon_ros.task.ament_python.build:Building ROS package in '/home/yolo/Desktop/Ros2/Dofbot2/src/record_dataset_cr5' with build type 'ament_python'
[0.591s] Level 1:colcon.colcon_core.shell:create_environment_hook('record_dataset_cr5', 'ament_prefix_path')
[0.592s] INFO:colcon.colcon_core.shell:Creating environment hook '/home/yolo/Desktop/Ros2/Dofbot2/install/record_dataset_cr5/share/record_dataset_cr5/hook/ament_prefix_path.ps1'
[0.592s] INFO:colcon.colcon_core.shell:Creating environment descriptor '/home/yolo/Desktop/Ros2/Dofbot2/install/record_dataset_cr5/share/record_dataset_cr5/hook/ament_prefix_path.dsv'
[0.593s] INFO:colcon.colcon_core.shell:Creating environment hook '/home/yolo/Desktop/Ros2/Dofbot2/install/record_dataset_cr5/share/record_dataset_cr5/hook/ament_prefix_path.sh'
[0.593s] INFO:colcon.colcon_core.shell:Skip shell extension 'powershell' for command environment: Not usable outside of PowerShell
[0.593s] DEBUG:colcon.colcon_core.shell:Skip shell extension 'dsv' for command environment
[0.615s] DEBUG:colcon.colcon_core.event_handler.log_command:Invoking command in '/home/yolo/Desktop/Ros2/Dofbot2/build/dobot_msgs_v4': CMAKE_PREFIX_PATH=/opt/ros/humble /home/yolo/.local/bin/cmake /home/yolo/Desktop/Ros2/Dofbot2/src/dobot_msgs_v4 -DCMAKE_INSTALL_PREFIX=/home/yolo/Desktop/Ros2/Dofbot2/install/dobot_msgs_v4
[0.617s] DEBUG:colcon.colcon_core.event_handler.log_command:Invoking command in '/home/yolo/Desktop/Ros2/Dofbot2/build/dofbot_description': CMAKE_PREFIX_PATH=/opt/ros/humble /home/yolo/.local/bin/cmake /home/yolo/Desktop/Ros2/Dofbot2/src/dofbot_description -DCMAKE_INSTALL_PREFIX=/home/yolo/Desktop/Ros2/Dofbot2/install/dofbot_description
[0.621s] DEBUG:colcon.colcon_core.event_handler.log_command:Invoking command in '/home/yolo/Desktop/Ros2/Dofbot2/build/dofbot_moveit': CMAKE_PREFIX_PATH=/opt/ros/humble /home/yolo/.local/bin/cmake /home/yolo/Desktop/Ros2/Dofbot2/src/dofbot_moveit -DCMAKE_INSTALL_PREFIX=/home/yolo/Desktop/Ros2/Dofbot2/install/dofbot_moveit
[1.036s] INFO:colcon.colcon_core.task.python.build:Building Python package in '/home/yolo/Desktop/Ros2/Dofbot2/src/openvla_ros_interface'
[1.037s] INFO:colcon.colcon_core.shell:Skip shell extension 'powershell' for command environment: Not usable outside of PowerShell
[1.037s] DEBUG:colcon.colcon_core.shell:Skip shell extension 'dsv' for command environment
[1.475s] INFO:colcon.colcon_core.task.python.build:Building Python package in '/home/yolo/Desktop/Ros2/Dofbot2/src/record_dataset_cr5'
[1.475s] INFO:colcon.colcon_core.shell:Skip shell extension 'powershell' for command environment: Not usable outside of PowerShell
[1.475s] DEBUG:colcon.colcon_core.shell:Skip shell extension 'dsv' for command environment
[2.099s] DEBUG:colcon.colcon_core.event_handler.log_command:Invoked command in '/home/yolo/Desktop/Ros2/Dofbot2/build/dofbot_description' returned '0': CMAKE_PREFIX_PATH=/opt/ros/humble /home/yolo/.local/bin/cmake /home/yolo/Desktop/Ros2/Dofbot2/src/dofbot_description -DCMAKE_INSTALL_PREFIX=/home/yolo/Desktop/Ros2/Dofbot2/install/dofbot_description
[2.102s] DEBUG:colcon.colcon_core.event_handler.log_command:Invoking command in '/home/yolo/Desktop/Ros2/Dofbot2/build/dofbot_description': CMAKE_PREFIX_PATH=/opt/ros/humble /home/yolo/.local/bin/cmake --build /home/yolo/Desktop/Ros2/Dofbot2/build/dofbot_description -- -j12 -l12
[2.120s] DEBUG:colcon.colcon_core.event_handler.log_command:Invoked command in '/home/yolo/Desktop/Ros2/Dofbot2/build/dofbot_moveit' returned '0': CMAKE_PREFIX_PATH=/opt/ros/humble /home/yolo/.local/bin/cmake /home/yolo/Desktop/Ros2/Dofbot2/src/dofbot_moveit -DCMAKE_INSTALL_PREFIX=/home/yolo/Desktop/Ros2/Dofbot2/install/dofbot_moveit
[2.122s] DEBUG:colcon.colcon_core.event_handler.log_command:Invoking command in '/home/yolo/Desktop/Ros2/Dofbot2/build/dofbot_moveit': CMAKE_PREFIX_PATH=/opt/ros/humble /home/yolo/.local/bin/cmake --build /home/yolo/Desktop/Ros2/Dofbot2/build/dofbot_moveit -- -j12 -l12
[2.274s] DEBUG:colcon.colcon_core.event_handler.log_command:Invoking command in '/home/yolo/Desktop/Ros2/Dofbot2/src/record_dataset_cr5': PYTHONPATH=/home/yolo/Desktop/Ros2/Dofbot2/build/record_dataset_cr5/prefix_override:/usr/lib/python3/dist-packages/colcon_core/task/python/colcon_distutils_commands:/home/yolo/Desktop/Ros2/Dofbot2/install/record_dataset_cr5/lib/python3.10/site-packages:${PYTHONPATH} /usr/bin/python3 -W ignore:setup.py install is deprecated -W ignore:easy_install command is deprecated setup.py egg_info --egg-base ../../build/record_dataset_cr5 build --build-base /home/yolo/Desktop/Ros2/Dofbot2/build/record_dataset_cr5/build install --record /home/yolo/Desktop/Ros2/Dofbot2/build/record_dataset_cr5/install.log --single-version-externally-managed install_data
[2.287s] DEBUG:colcon.colcon_core.event_handler.log_command:Invoked command in '/home/yolo/Desktop/Ros2/Dofbot2/build/dofbot_description' returned '0': CMAKE_PREFIX_PATH=/opt/ros/humble /home/yolo/.local/bin/cmake --build /home/yolo/Desktop/Ros2/Dofbot2/build/dofbot_description -- -j12 -l12
[2.443s] DEBUG:colcon.colcon_core.event_handler.log_command:Invoking command in '/home/yolo/Desktop/Ros2/Dofbot2/build/dofbot_description': CMAKE_PREFIX_PATH=/opt/ros/humble /home/yolo/.local/bin/cmake --install /home/yolo/Desktop/Ros2/Dofbot2/build/dofbot_description
[2.446s] DEBUG:colcon.colcon_core.event_handler.log_command:Invoked command in '/home/yolo/Desktop/Ros2/Dofbot2/build/dofbot_moveit' returned '0': CMAKE_PREFIX_PATH=/opt/ros/humble /home/yolo/.local/bin/cmake --build /home/yolo/Desktop/Ros2/Dofbot2/build/dofbot_moveit -- -j12 -l12
[2.448s] DEBUG:colcon.colcon_core.event_handler.log_command:Invoking command in '/home/yolo/Desktop/Ros2/Dofbot2/build/dofbot_moveit': CMAKE_PREFIX_PATH=/opt/ros/humble /home/yolo/.local/bin/cmake --install /home/yolo/Desktop/Ros2/Dofbot2/build/dofbot_moveit
[2.453s] DEBUG:colcon.colcon_core.event_handler.log_command:Invoking command in '/home/yolo/Desktop/Ros2/Dofbot2/src/openvla_ros_interface': PYTHONPATH=/home/yolo/Desktop/Ros2/Dofbot2/build/openvla_ros_interface/prefix_override:/usr/lib/python3/dist-packages/colcon_core/task/python/colcon_distutils_commands:/home/yolo/Desktop/Ros2/Dofbot2/install/openvla_ros_interface/lib/python3.10/site-packages:${PYTHONPATH} /usr/bin/python3 -W ignore:setup.py install is deprecated -W ignore:easy_install command is deprecated setup.py egg_info --egg-base ../../build/openvla_ros_interface build --build-base /home/yolo/Desktop/Ros2/Dofbot2/build/openvla_ros_interface/build install --record /home/yolo/Desktop/Ros2/Dofbot2/build/openvla_ros_interface/install.log --single-version-externally-managed install_data
[2.630s] Level 1:colcon.colcon_core.environment:create_environment_scripts_only(dofbot_moveit)
[2.631s] DEBUG:colcon.colcon_core.event_handler.log_command:Invoked command in '/home/yolo/Desktop/Ros2/Dofbot2/build/dofbot_moveit' returned '0': CMAKE_PREFIX_PATH=/opt/ros/humble /home/yolo/.local/bin/cmake --install /home/yolo/Desktop/Ros2/Dofbot2/build/dofbot_moveit
[2.635s] Level 1:colcon.colcon_core.environment:checking '/home/yolo/Desktop/Ros2/Dofbot2/install/dofbot_moveit' for CMake module files
[2.637s] Level 1:colcon.colcon_core.environment:checking '/home/yolo/Desktop/Ros2/Dofbot2/install/dofbot_moveit' for CMake config files
[2.637s] Level 1:colcon.colcon_core.shell:create_environment_hook('dofbot_moveit', 'cmake_prefix_path')
[2.637s] INFO:colcon.colcon_core.shell:Creating environment hook '/home/yolo/Desktop/Ros2/Dofbot2/install/dofbot_moveit/share/dofbot_moveit/hook/cmake_prefix_path.ps1'
[2.638s] INFO:colcon.colcon_core.shell:Creating environment descriptor '/home/yolo/Desktop/Ros2/Dofbot2/install/dofbot_moveit/share/dofbot_moveit/hook/cmake_prefix_path.dsv'
[2.639s] INFO:colcon.colcon_core.shell:Creating environment hook '/home/yolo/Desktop/Ros2/Dofbot2/install/dofbot_moveit/share/dofbot_moveit/hook/cmake_prefix_path.sh'
[2.640s] Level 1:colcon.colcon_core.environment:checking '/home/yolo/Desktop/Ros2/Dofbot2/install/dofbot_moveit/bin'
[2.640s] Level 1:colcon.colcon_core.environment:checking '/home/yolo/Desktop/Ros2/Dofbot2/install/dofbot_moveit/lib/pkgconfig/dofbot_moveit.pc'
[2.641s] Level 1:colcon.colcon_core.environment:checking '/home/yolo/Desktop/Ros2/Dofbot2/install/dofbot_moveit/lib/python3.10/site-packages'
[2.641s] Level 1:colcon.colcon_core.environment:checking '/home/yolo/Desktop/Ros2/Dofbot2/install/dofbot_moveit/bin'
[2.642s] INFO:colcon.colcon_core.shell:Creating package script '/home/yolo/Desktop/Ros2/Dofbot2/install/dofbot_moveit/share/dofbot_moveit/package.ps1'
[2.644s] INFO:colcon.colcon_core.shell:Creating package descriptor '/home/yolo/Desktop/Ros2/Dofbot2/install/dofbot_moveit/share/dofbot_moveit/package.dsv'
[2.645s] INFO:colcon.colcon_core.shell:Creating package script '/home/yolo/Desktop/Ros2/Dofbot2/install/dofbot_moveit/share/dofbot_moveit/package.sh'
[2.646s] INFO:colcon.colcon_core.shell:Creating package script '/home/yolo/Desktop/Ros2/Dofbot2/install/dofbot_moveit/share/dofbot_moveit/package.bash'
[2.647s] INFO:colcon.colcon_core.shell:Creating package script '/home/yolo/Desktop/Ros2/Dofbot2/install/dofbot_moveit/share/dofbot_moveit/package.zsh'
[2.648s] Level 1:colcon.colcon_core.environment:create_file_with_runtime_dependencies(/home/yolo/Desktop/Ros2/Dofbot2/install/dofbot_moveit/share/colcon-core/packages/dofbot_moveit)
[2.649s] Level 1:colcon.colcon_core.environment:create_environment_scripts_only(dofbot_moveit)
[2.649s] Level 1:colcon.colcon_core.environment:checking '/home/yolo/Desktop/Ros2/Dofbot2/install/dofbot_moveit' for CMake module files
[2.650s] Level 1:colcon.colcon_core.environment:checking '/home/yolo/Desktop/Ros2/Dofbot2/install/dofbot_moveit' for CMake config files
[2.650s] Level 1:colcon.colcon_core.shell:create_environment_hook('dofbot_moveit', 'cmake_prefix_path')
[2.651s] INFO:colcon.colcon_core.shell:Creating environment hook '/home/yolo/Desktop/Ros2/Dofbot2/install/dofbot_moveit/share/dofbot_moveit/hook/cmake_prefix_path.ps1'
[2.651s] INFO:colcon.colcon_core.shell:Creating environment descriptor '/home/yolo/Desktop/Ros2/Dofbot2/install/dofbot_moveit/share/dofbot_moveit/hook/cmake_prefix_path.dsv'
[2.652s] INFO:colcon.colcon_core.shell:Creating environment hook '/home/yolo/Desktop/Ros2/Dofbot2/install/dofbot_moveit/share/dofbot_moveit/hook/cmake_prefix_path.sh'
[2.653s] Level 1:colcon.colcon_core.environment:checking '/home/yolo/Desktop/Ros2/Dofbot2/install/dofbot_moveit/bin'
[2.653s] Level 1:colcon.colcon_core.environment:checking '/home/yolo/Desktop/Ros2/Dofbot2/install/dofbot_moveit/lib/pkgconfig/dofbot_moveit.pc'
[2.653s] Level 1:colcon.colcon_core.environment:checking '/home/yolo/Desktop/Ros2/Dofbot2/install/dofbot_moveit/lib/python3.10/site-packages'
[2.654s] Level 1:colcon.colcon_core.environment:checking '/home/yolo/Desktop/Ros2/Dofbot2/install/dofbot_moveit/bin'
[2.655s] INFO:colcon.colcon_core.shell:Creating package script '/home/yolo/Desktop/Ros2/Dofbot2/install/dofbot_moveit/share/dofbot_moveit/package.ps1'
[2.656s] INFO:colcon.colcon_core.shell:Creating package descriptor '/home/yolo/Desktop/Ros2/Dofbot2/install/dofbot_moveit/share/dofbot_moveit/package.dsv'
[2.657s] INFO:colcon.colcon_core.shell:Creating package script '/home/yolo/Desktop/Ros2/Dofbot2/install/dofbot_moveit/share/dofbot_moveit/package.sh'
[2.659s] INFO:colcon.colcon_core.shell:Creating package script '/home/yolo/Desktop/Ros2/Dofbot2/install/dofbot_moveit/share/dofbot_moveit/package.bash'
[2.659s] INFO:colcon.colcon_core.shell:Creating package script '/home/yolo/Desktop/Ros2/Dofbot2/install/dofbot_moveit/share/dofbot_moveit/package.zsh'
[2.660s] Level 1:colcon.colcon_core.environment:create_file_with_runtime_dependencies(/home/yolo/Desktop/Ros2/Dofbot2/install/dofbot_moveit/share/colcon-core/packages/dofbot_moveit)
[2.661s] Level 1:colcon.colcon_core.environment:create_environment_scripts_only(dofbot_description)
[2.661s] Level 1:colcon.colcon_core.environment:checking '/home/yolo/Desktop/Ros2/Dofbot2/install/dofbot_description' for CMake module files
[2.662s] DEBUG:colcon.colcon_core.event_handler.log_command:Invoked command in '/home/yolo/Desktop/Ros2/Dofbot2/build/dofbot_description' returned '0': CMAKE_PREFIX_PATH=/opt/ros/humble /home/yolo/.local/bin/cmake --install /home/yolo/Desktop/Ros2/Dofbot2/build/dofbot_description
[2.663s] Level 1:colcon.colcon_core.environment:checking '/home/yolo/Desktop/Ros2/Dofbot2/install/dofbot_description' for CMake config files
[2.663s] Level 1:colcon.colcon_core.shell:create_environment_hook('dofbot_description', 'cmake_prefix_path')
[2.663s] INFO:colcon.colcon_core.shell:Creating environment hook '/home/yolo/Desktop/Ros2/Dofbot2/install/dofbot_description/share/dofbot_description/hook/cmake_prefix_path.ps1'
[2.664s] INFO:colcon.colcon_core.shell:Creating environment descriptor '/home/yolo/Desktop/Ros2/Dofbot2/install/dofbot_description/share/dofbot_description/hook/cmake_prefix_path.dsv'
[2.664s] INFO:colcon.colcon_core.shell:Creating environment hook '/home/yolo/Desktop/Ros2/Dofbot2/install/dofbot_description/share/dofbot_description/hook/cmake_prefix_path.sh'
[2.665s] Level 1:colcon.colcon_core.environment:checking '/home/yolo/Desktop/Ros2/Dofbot2/install/dofbot_description/bin'
[2.665s] Level 1:colcon.colcon_core.environment:checking '/home/yolo/Desktop/Ros2/Dofbot2/install/dofbot_description/lib/pkgconfig/dofbot_description.pc'
[2.665s] Level 1:colcon.colcon_core.environment:checking '/home/yolo/Desktop/Ros2/Dofbot2/install/dofbot_description/lib/python3.10/site-packages'
[2.666s] Level 1:colcon.colcon_core.environment:checking '/home/yolo/Desktop/Ros2/Dofbot2/install/dofbot_description/bin'
[2.666s] INFO:colcon.colcon_core.shell:Creating package script '/home/yolo/Desktop/Ros2/Dofbot2/install/dofbot_description/share/dofbot_description/package.ps1'
[2.666s] INFO:colcon.colcon_core.shell:Creating package descriptor '/home/yolo/Desktop/Ros2/Dofbot2/install/dofbot_description/share/dofbot_description/package.dsv'
[2.667s] INFO:colcon.colcon_core.shell:Creating package script '/home/yolo/Desktop/Ros2/Dofbot2/install/dofbot_description/share/dofbot_description/package.sh'
[2.667s] INFO:colcon.colcon_core.shell:Creating package script '/home/yolo/Desktop/Ros2/Dofbot2/install/dofbot_description/share/dofbot_description/package.bash'
[2.668s] INFO:colcon.colcon_core.shell:Creating package script '/home/yolo/Desktop/Ros2/Dofbot2/install/dofbot_description/share/dofbot_description/package.zsh'
[2.668s] Level 1:colcon.colcon_core.environment:create_file_with_runtime_dependencies(/home/yolo/Desktop/Ros2/Dofbot2/install/dofbot_description/share/colcon-core/packages/dofbot_description)
[2.669s] Level 1:colcon.colcon_core.environment:create_environment_scripts_only(dofbot_description)
[2.669s] Level 1:colcon.colcon_core.environment:checking '/home/yolo/Desktop/Ros2/Dofbot2/install/dofbot_description' for CMake module files
[2.670s] Level 1:colcon.colcon_core.environment:checking '/home/yolo/Desktop/Ros2/Dofbot2/install/dofbot_description' for CMake config files
[2.670s] Level 1:colcon.colcon_core.shell:create_environment_hook('dofbot_description', 'cmake_prefix_path')
[2.670s] INFO:colcon.colcon_core.shell:Creating environment hook '/home/yolo/Desktop/Ros2/Dofbot2/install/dofbot_description/share/dofbot_description/hook/cmake_prefix_path.ps1'
[2.671s] INFO:colcon.colcon_core.shell:Creating environment descriptor '/home/yolo/Desktop/Ros2/Dofbot2/install/dofbot_description/share/dofbot_description/hook/cmake_prefix_path.dsv'
[2.672s] INFO:colcon.colcon_core.shell:Creating environment hook '/home/yolo/Desktop/Ros2/Dofbot2/install/dofbot_description/share/dofbot_description/hook/cmake_prefix_path.sh'
[2.673s] Level 1:colcon.colcon_core.environment:checking '/home/yolo/Desktop/Ros2/Dofbot2/install/dofbot_description/bin'
[2.673s] Level 1:colcon.colcon_core.environment:checking '/home/yolo/Desktop/Ros2/Dofbot2/install/dofbot_description/lib/pkgconfig/dofbot_description.pc'
[2.673s] Level 1:colcon.colcon_core.environment:checking '/home/yolo/Desktop/Ros2/Dofbot2/install/dofbot_description/lib/python3.10/site-packages'
[2.674s] Level 1:colcon.colcon_core.environment:checking '/home/yolo/Desktop/Ros2/Dofbot2/install/dofbot_description/bin'
[2.674s] INFO:colcon.colcon_core.shell:Creating package script '/home/yolo/Desktop/Ros2/Dofbot2/install/dofbot_description/share/dofbot_description/package.ps1'
[2.675s] INFO:colcon.colcon_core.shell:Creating package descriptor '/home/yolo/Desktop/Ros2/Dofbot2/install/dofbot_description/share/dofbot_description/package.dsv'
[2.675s] INFO:colcon.colcon_core.shell:Creating package script '/home/yolo/Desktop/Ros2/Dofbot2/install/dofbot_description/share/dofbot_description/package.sh'
[2.676s] INFO:colcon.colcon_core.shell:Creating package script '/home/yolo/Desktop/Ros2/Dofbot2/install/dofbot_description/share/dofbot_description/package.bash'
[2.676s] INFO:colcon.colcon_core.shell:Creating package script '/home/yolo/Desktop/Ros2/Dofbot2/install/dofbot_description/share/dofbot_description/package.zsh'
[2.677s] Level 1:colcon.colcon_core.environment:create_file_with_runtime_dependencies(/home/yolo/Desktop/Ros2/Dofbot2/install/dofbot_description/share/colcon-core/packages/dofbot_description)
[2.677s] INFO:colcon.colcon_ros.task.ament_cmake.build:Building ROS package in '/home/yolo/Desktop/Ros2/Dofbot2/src/dobot_moveit2' with build type 'ament_cmake'
[2.677s] INFO:colcon.colcon_cmake.task.cmake.build:Building CMake package in '/home/yolo/Desktop/Ros2/Dofbot2/src/dobot_moveit2'
[2.677s] INFO:colcon.colcon_core.shell:Skip shell extension 'powershell' for command environment: Not usable outside of PowerShell
[2.678s] DEBUG:colcon.colcon_core.shell:Skip shell extension 'dsv' for command environment
[2.689s] DEBUG:colcon.colcon_core.event_handler.log_command:Invoking command in '/home/yolo/Desktop/Ros2/Dofbot2/build/dobot_moveit2': AMENT_PREFIX_PATH=/home/yolo/Desktop/Ros2/Dofbot2/install/dofbot_description:${AMENT_PREFIX_PATH} CMAKE_PREFIX_PATH=/home/yolo/Desktop/Ros2/Dofbot2/install/dofbot_description:/opt/ros/humble /home/yolo/.local/bin/cmake /home/yolo/Desktop/Ros2/Dofbot2/src/dobot_moveit2 -DCMAKE_INSTALL_PREFIX=/home/yolo/Desktop/Ros2/Dofbot2/install/dobot_moveit2
[3.227s] Level 1:colcon.colcon_core.environment:checking '/home/yolo/Desktop/Ros2/Dofbot2/install/record_dataset_cr5' for CMake module files
[3.228s] DEBUG:colcon.colcon_core.event_handler.log_command:Invoked command in '/home/yolo/Desktop/Ros2/Dofbot2/src/record_dataset_cr5' returned '0': PYTHONPATH=/home/yolo/Desktop/Ros2/Dofbot2/build/record_dataset_cr5/prefix_override:/usr/lib/python3/dist-packages/colcon_core/task/python/colcon_distutils_commands:/home/yolo/Desktop/Ros2/Dofbot2/install/record_dataset_cr5/lib/python3.10/site-packages:${PYTHONPATH} /usr/bin/python3 -W ignore:setup.py install is deprecated -W ignore:easy_install command is deprecated setup.py egg_info --egg-base ../../build/record_dataset_cr5 build --build-base /home/yolo/Desktop/Ros2/Dofbot2/build/record_dataset_cr5/build install --record /home/yolo/Desktop/Ros2/Dofbot2/build/record_dataset_cr5/install.log --single-version-externally-managed install_data
[3.228s] Level 1:colcon.colcon_core.environment:checking '/home/yolo/Desktop/Ros2/Dofbot2/install/record_dataset_cr5' for CMake config files
[3.229s] Level 1:colcon.colcon_core.environment:checking '/home/yolo/Desktop/Ros2/Dofbot2/install/record_dataset_cr5/lib'
[3.230s] Level 1:colcon.colcon_core.environment:checking '/home/yolo/Desktop/Ros2/Dofbot2/install/record_dataset_cr5/bin'
[3.230s] Level 1:colcon.colcon_core.environment:checking '/home/yolo/Desktop/Ros2/Dofbot2/install/record_dataset_cr5/lib/pkgconfig/record_dataset_cr5.pc'
[3.230s] Level 1:colcon.colcon_core.environment:checking '/home/yolo/Desktop/Ros2/Dofbot2/install/record_dataset_cr5/lib/python3.10/site-packages'
[3.230s] Level 1:colcon.colcon_core.shell:create_environment_hook('record_dataset_cr5', 'pythonpath')
[3.230s] INFO:colcon.colcon_core.shell:Creating environment hook '/home/yolo/Desktop/Ros2/Dofbot2/install/record_dataset_cr5/share/record_dataset_cr5/hook/pythonpath.ps1'
[3.231s] INFO:colcon.colcon_core.shell:Creating environment descriptor '/home/yolo/Desktop/Ros2/Dofbot2/install/record_dataset_cr5/share/record_dataset_cr5/hook/pythonpath.dsv'
[3.231s] INFO:colcon.colcon_core.shell:Creating environment hook '/home/yolo/Desktop/Ros2/Dofbot2/install/record_dataset_cr5/share/record_dataset_cr5/hook/pythonpath.sh'
[3.232s] Level 1:colcon.colcon_core.environment:checking '/home/yolo/Desktop/Ros2/Dofbot2/install/record_dataset_cr5/bin'
[3.232s] Level 1:colcon.colcon_core.environment:create_environment_scripts_only(record_dataset_cr5)
[3.233s] INFO:colcon.colcon_core.shell:Creating package script '/home/yolo/Desktop/Ros2/Dofbot2/install/record_dataset_cr5/share/record_dataset_cr5/package.ps1'
[3.233s] INFO:colcon.colcon_core.shell:Creating package descriptor '/home/yolo/Desktop/Ros2/Dofbot2/install/record_dataset_cr5/share/record_dataset_cr5/package.dsv'
[3.234s] INFO:colcon.colcon_core.shell:Creating package script '/home/yolo/Desktop/Ros2/Dofbot2/install/record_dataset_cr5/share/record_dataset_cr5/package.sh'
[3.234s] INFO:colcon.colcon_core.shell:Creating package script '/home/yolo/Desktop/Ros2/Dofbot2/install/record_dataset_cr5/share/record_dataset_cr5/package.bash'
[3.234s] INFO:colcon.colcon_core.shell:Creating package script '/home/yolo/Desktop/Ros2/Dofbot2/install/record_dataset_cr5/share/record_dataset_cr5/package.zsh'
[3.235s] Level 1:colcon.colcon_core.environment:create_file_with_runtime_dependencies(/home/yolo/Desktop/Ros2/Dofbot2/install/record_dataset_cr5/share/colcon-core/packages/record_dataset_cr5)
[3.336s] Level 1:colcon.colcon_core.environment:checking '/home/yolo/Desktop/Ros2/Dofbot2/install/openvla_ros_interface' for CMake module files
[3.337s] DEBUG:colcon.colcon_core.event_handler.log_command:Invoked command in '/home/yolo/Desktop/Ros2/Dofbot2/src/openvla_ros_interface' returned '0': PYTHONPATH=/home/yolo/Desktop/Ros2/Dofbot2/build/openvla_ros_interface/prefix_override:/usr/lib/python3/dist-packages/colcon_core/task/python/colcon_distutils_commands:/home/yolo/Desktop/Ros2/Dofbot2/install/openvla_ros_interface/lib/python3.10/site-packages:${PYTHONPATH} /usr/bin/python3 -W ignore:setup.py install is deprecated -W ignore:easy_install command is deprecated setup.py egg_info --egg-base ../../build/openvla_ros_interface build --build-base /home/yolo/Desktop/Ros2/Dofbot2/build/openvla_ros_interface/build install --record /home/yolo/Desktop/Ros2/Dofbot2/build/openvla_ros_interface/install.log --single-version-externally-managed install_data
[3.337s] Level 1:colcon.colcon_core.environment:checking '/home/yolo/Desktop/Ros2/Dofbot2/install/openvla_ros_interface' for CMake config files
[3.339s] Level 1:colcon.colcon_core.environment:checking '/home/yolo/Desktop/Ros2/Dofbot2/install/openvla_ros_interface/lib'
[3.339s] Level 1:colcon.colcon_core.environment:checking '/home/yolo/Desktop/Ros2/Dofbot2/install/openvla_ros_interface/bin'
[3.339s] Level 1:colcon.colcon_core.environment:checking '/home/yolo/Desktop/Ros2/Dofbot2/install/openvla_ros_interface/lib/pkgconfig/openvla_ros_interface.pc'
[3.339s] Level 1:colcon.colcon_core.environment:checking '/home/yolo/Desktop/Ros2/Dofbot2/install/openvla_ros_interface/lib/python3.10/site-packages'
[3.339s] Level 1:colcon.colcon_core.shell:create_environment_hook('openvla_ros_interface', 'pythonpath')
[3.340s] INFO:colcon.colcon_core.shell:Creating environment hook '/home/yolo/Desktop/Ros2/Dofbot2/install/openvla_ros_interface/share/openvla_ros_interface/hook/pythonpath.ps1'
[3.341s] INFO:colcon.colcon_core.shell:Creating environment descriptor '/home/yolo/Desktop/Ros2/Dofbot2/install/openvla_ros_interface/share/openvla_ros_interface/hook/pythonpath.dsv'
[3.341s] INFO:colcon.colcon_core.shell:Creating environment hook '/home/yolo/Desktop/Ros2/Dofbot2/install/openvla_ros_interface/share/openvla_ros_interface/hook/pythonpath.sh'
[3.343s] Level 1:colcon.colcon_core.environment:checking '/home/yolo/Desktop/Ros2/Dofbot2/install/openvla_ros_interface/bin'
[3.343s] Level 1:colcon.colcon_core.environment:create_environment_scripts_only(openvla_ros_interface)
[3.344s] INFO:colcon.colcon_core.shell:Creating package script '/home/yolo/Desktop/Ros2/Dofbot2/install/openvla_ros_interface/share/openvla_ros_interface/package.ps1'
[3.344s] INFO:colcon.colcon_core.shell:Creating package descriptor '/home/yolo/Desktop/Ros2/Dofbot2/install/openvla_ros_interface/share/openvla_ros_interface/package.dsv'
[3.345s] INFO:colcon.colcon_core.shell:Creating package script '/home/yolo/Desktop/Ros2/Dofbot2/install/openvla_ros_interface/share/openvla_ros_interface/package.sh'
[3.346s] INFO:colcon.colcon_core.shell:Creating package script '/home/yolo/Desktop/Ros2/Dofbot2/install/openvla_ros_interface/share/openvla_ros_interface/package.bash'
[3.347s] INFO:colcon.colcon_core.shell:Creating package script '/home/yolo/Desktop/Ros2/Dofbot2/install/openvla_ros_interface/share/openvla_ros_interface/package.zsh'
[3.348s] Level 1:colcon.colcon_core.environment:create_file_with_runtime_dependencies(/home/yolo/Desktop/Ros2/Dofbot2/install/openvla_ros_interface/share/colcon-core/packages/openvla_ros_interface)
[3.967s] DEBUG:colcon.colcon_core.event_handler.log_command:Invoked command in '/home/yolo/Desktop/Ros2/Dofbot2/build/dobot_moveit2' returned '0': AMENT_PREFIX_PATH=/home/yolo/Desktop/Ros2/Dofbot2/install/dofbot_description:${AMENT_PREFIX_PATH} CMAKE_PREFIX_PATH=/home/yolo/Desktop/Ros2/Dofbot2/install/dofbot_description:/opt/ros/humble /home/yolo/.local/bin/cmake /home/yolo/Desktop/Ros2/Dofbot2/src/dobot_moveit2 -DCMAKE_INSTALL_PREFIX=/home/yolo/Desktop/Ros2/Dofbot2/install/dobot_moveit2
[3.970s] DEBUG:colcon.colcon_core.event_handler.log_command:Invoking command in '/home/yolo/Desktop/Ros2/Dofbot2/build/dobot_moveit2': AMENT_PREFIX_PATH=/home/yolo/Desktop/Ros2/Dofbot2/install/dofbot_description:${AMENT_PREFIX_PATH} CMAKE_PREFIX_PATH=/home/yolo/Desktop/Ros2/Dofbot2/install/dofbot_description:/opt/ros/humble /home/yolo/.local/bin/cmake --build /home/yolo/Desktop/Ros2/Dofbot2/build/dobot_moveit2 -- -j12 -l12
[4.100s] DEBUG:colcon.colcon_core.event_handler.log_command:Invoked command in '/home/yolo/Desktop/Ros2/Dofbot2/build/dobot_moveit2' returned '0': AMENT_PREFIX_PATH=/home/yolo/Desktop/Ros2/Dofbot2/install/dofbot_description:${AMENT_PREFIX_PATH} CMAKE_PREFIX_PATH=/home/yolo/Desktop/Ros2/Dofbot2/install/dofbot_description:/opt/ros/humble /home/yolo/.local/bin/cmake --build /home/yolo/Desktop/Ros2/Dofbot2/build/dobot_moveit2 -- -j12 -l12
[4.102s] DEBUG:colcon.colcon_core.event_handler.log_command:Invoking command in '/home/yolo/Desktop/Ros2/Dofbot2/build/dobot_moveit2': AMENT_PREFIX_PATH=/home/yolo/Desktop/Ros2/Dofbot2/install/dofbot_description:${AMENT_PREFIX_PATH} CMAKE_PREFIX_PATH=/home/yolo/Desktop/Ros2/Dofbot2/install/dofbot_description:/opt/ros/humble /home/yolo/.local/bin/cmake --install /home/yolo/Desktop/Ros2/Dofbot2/build/dobot_moveit2
[4.288s] Level 1:colcon.colcon_core.environment:create_environment_scripts_only(dobot_moveit2)
[4.289s] Level 1:colcon.colcon_core.environment:checking '/home/yolo/Desktop/Ros2/Dofbot2/install/dobot_moveit2' for CMake module files
[4.290s] DEBUG:colcon.colcon_core.event_handler.log_command:Invoked command in '/home/yolo/Desktop/Ros2/Dofbot2/build/dobot_moveit2' returned '0': AMENT_PREFIX_PATH=/home/yolo/Desktop/Ros2/Dofbot2/install/dofbot_description:${AMENT_PREFIX_PATH} CMAKE_PREFIX_PATH=/home/yolo/Desktop/Ros2/Dofbot2/install/dofbot_description:/opt/ros/humble /home/yolo/.local/bin/cmake --install /home/yolo/Desktop/Ros2/Dofbot2/build/dobot_moveit2
[4.290s] Level 1:colcon.colcon_core.environment:checking '/home/yolo/Desktop/Ros2/Dofbot2/install/dobot_moveit2' for CMake config files
[4.290s] Level 1:colcon.colcon_core.shell:create_environment_hook('dobot_moveit2', 'cmake_prefix_path')
[4.291s] INFO:colcon.colcon_core.shell:Creating environment hook '/home/yolo/Desktop/Ros2/Dofbot2/install/dobot_moveit2/share/dobot_moveit2/hook/cmake_prefix_path.ps1'
[4.291s] INFO:colcon.colcon_core.shell:Creating environment descriptor '/home/yolo/Desktop/Ros2/Dofbot2/install/dobot_moveit2/share/dobot_moveit2/hook/cmake_prefix_path.dsv'
[4.292s] INFO:colcon.colcon_core.shell:Creating environment hook '/home/yolo/Desktop/Ros2/Dofbot2/install/dobot_moveit2/share/dobot_moveit2/hook/cmake_prefix_path.sh'
[4.292s] Level 1:colcon.colcon_core.environment:checking '/home/yolo/Desktop/Ros2/Dofbot2/install/dobot_moveit2/bin'
[4.292s] Level 1:colcon.colcon_core.environment:checking '/home/yolo/Desktop/Ros2/Dofbot2/install/dobot_moveit2/lib/pkgconfig/dobot_moveit2.pc'
[4.293s] Level 1:colcon.colcon_core.environment:checking '/home/yolo/Desktop/Ros2/Dofbot2/install/dobot_moveit2/lib/python3.10/site-packages'
[4.293s] Level 1:colcon.colcon_core.environment:checking '/home/yolo/Desktop/Ros2/Dofbot2/install/dobot_moveit2/bin'
[4.293s] INFO:colcon.colcon_core.shell:Creating package script '/home/yolo/Desktop/Ros2/Dofbot2/install/dobot_moveit2/share/dobot_moveit2/package.ps1'
[4.294s] INFO:colcon.colcon_core.shell:Creating package descriptor '/home/yolo/Desktop/Ros2/Dofbot2/install/dobot_moveit2/share/dobot_moveit2/package.dsv'
[4.294s] INFO:colcon.colcon_core.shell:Creating package script '/home/yolo/Desktop/Ros2/Dofbot2/install/dobot_moveit2/share/dobot_moveit2/package.sh'
[4.295s] INFO:colcon.colcon_core.shell:Creating package script '/home/yolo/Desktop/Ros2/Dofbot2/install/dobot_moveit2/share/dobot_moveit2/package.bash'
[4.295s] INFO:colcon.colcon_core.shell:Creating package script '/home/yolo/Desktop/Ros2/Dofbot2/install/dobot_moveit2/share/dobot_moveit2/package.zsh'
[4.296s] Level 1:colcon.colcon_core.environment:create_file_with_runtime_dependencies(/home/yolo/Desktop/Ros2/Dofbot2/install/dobot_moveit2/share/colcon-core/packages/dobot_moveit2)
[4.296s] Level 1:colcon.colcon_core.environment:create_environment_scripts_only(dobot_moveit2)
[4.297s] Level 1:colcon.colcon_core.environment:checking '/home/yolo/Desktop/Ros2/Dofbot2/install/dobot_moveit2' for CMake module files
[4.297s] Level 1:colcon.colcon_core.environment:checking '/home/yolo/Desktop/Ros2/Dofbot2/install/dobot_moveit2' for CMake config files
[4.298s] Level 1:colcon.colcon_core.shell:create_environment_hook('dobot_moveit2', 'cmake_prefix_path')
[4.298s] INFO:colcon.colcon_core.shell:Creating environment hook '/home/yolo/Desktop/Ros2/Dofbot2/install/dobot_moveit2/share/dobot_moveit2/hook/cmake_prefix_path.ps1'
[4.298s] INFO:colcon.colcon_core.shell:Creating environment descriptor '/home/yolo/Desktop/Ros2/Dofbot2/install/dobot_moveit2/share/dobot_moveit2/hook/cmake_prefix_path.dsv'
[4.299s] INFO:colcon.colcon_core.shell:Creating environment hook '/home/yolo/Desktop/Ros2/Dofbot2/install/dobot_moveit2/share/dobot_moveit2/hook/cmake_prefix_path.sh'
[4.299s] Level 1:colcon.colcon_core.environment:checking '/home/yolo/Desktop/Ros2/Dofbot2/install/dobot_moveit2/bin'
[4.299s] Level 1:colcon.colcon_core.environment:checking '/home/yolo/Desktop/Ros2/Dofbot2/install/dobot_moveit2/lib/pkgconfig/dobot_moveit2.pc'
[4.300s] Level 1:colcon.colcon_core.environment:checking '/home/yolo/Desktop/Ros2/Dofbot2/install/dobot_moveit2/lib/python3.10/site-packages'
[4.300s] Level 1:colcon.colcon_core.environment:checking '/home/yolo/Desktop/Ros2/Dofbot2/install/dobot_moveit2/bin'
[4.300s] INFO:colcon.colcon_core.shell:Creating package script '/home/yolo/Desktop/Ros2/Dofbot2/install/dobot_moveit2/share/dobot_moveit2/package.ps1'
[4.301s] INFO:colcon.colcon_core.shell:Creating package descriptor '/home/yolo/Desktop/Ros2/Dofbot2/install/dobot_moveit2/share/dobot_moveit2/package.dsv'
[4.302s] INFO:colcon.colcon_core.shell:Creating package script '/home/yolo/Desktop/Ros2/Dofbot2/install/dobot_moveit2/share/dobot_moveit2/package.sh'
[4.302s] INFO:colcon.colcon_core.shell:Creating package script '/home/yolo/Desktop/Ros2/Dofbot2/install/dobot_moveit2/share/dobot_moveit2/package.bash'
[4.303s] INFO:colcon.colcon_core.shell:Creating package script '/home/yolo/Desktop/Ros2/Dofbot2/install/dobot_moveit2/share/dobot_moveit2/package.zsh'
[4.303s] Level 1:colcon.colcon_core.environment:create_file_with_runtime_dependencies(/home/yolo/Desktop/Ros2/Dofbot2/install/dobot_moveit2/share/colcon-core/packages/dobot_moveit2)
[8.537s] DEBUG:colcon.colcon_core.event_handler.log_command:Invoked command in '/home/yolo/Desktop/Ros2/Dofbot2/build/dobot_msgs_v4' returned '0': CMAKE_PREFIX_PATH=/opt/ros/humble /home/yolo/.local/bin/cmake /home/yolo/Desktop/Ros2/Dofbot2/src/dobot_msgs_v4 -DCMAKE_INSTALL_PREFIX=/home/yolo/Desktop/Ros2/Dofbot2/install/dobot_msgs_v4
[8.539s] DEBUG:colcon.colcon_core.event_handler.log_command:Invoking command in '/home/yolo/Desktop/Ros2/Dofbot2/build/dobot_msgs_v4': CMAKE_PREFIX_PATH=/opt/ros/humble /home/yolo/.local/bin/cmake --build /home/yolo/Desktop/Ros2/Dofbot2/build/dobot_msgs_v4 -- -j12 -l12
[44.914s] DEBUG:colcon.colcon_core.event_handler.log_command:Invoked command in '/home/yolo/Desktop/Ros2/Dofbot2/build/dobot_msgs_v4' returned '0': CMAKE_PREFIX_PATH=/opt/ros/humble /home/yolo/.local/bin/cmake --build /home/yolo/Desktop/Ros2/Dofbot2/build/dobot_msgs_v4 -- -j12 -l12
[44.916s] DEBUG:colcon.colcon_core.event_handler.log_command:Invoking command in '/home/yolo/Desktop/Ros2/Dofbot2/build/dobot_msgs_v4': CMAKE_PREFIX_PATH=/opt/ros/humble /home/yolo/.local/bin/cmake --install /home/yolo/Desktop/Ros2/Dofbot2/build/dobot_msgs_v4
[45.424s] Level 1:colcon.colcon_core.environment:create_environment_scripts_only(dobot_msgs_v4)
[45.424s] Level 1:colcon.colcon_core.environment:checking '/home/yolo/Desktop/Ros2/Dofbot2/install/dobot_msgs_v4' for CMake module files
[45.425s] DEBUG:colcon.colcon_core.event_handler.log_command:Invoked command in '/home/yolo/Desktop/Ros2/Dofbot2/build/dobot_msgs_v4' returned '0': CMAKE_PREFIX_PATH=/opt/ros/humble /home/yolo/.local/bin/cmake --install /home/yolo/Desktop/Ros2/Dofbot2/build/dobot_msgs_v4
[45.425s] Level 1:colcon.colcon_core.environment:checking '/home/yolo/Desktop/Ros2/Dofbot2/install/dobot_msgs_v4' for CMake config files
[45.426s] Level 1:colcon.colcon_core.shell:create_environment_hook('dobot_msgs_v4', 'cmake_prefix_path')
[45.426s] INFO:colcon.colcon_core.shell:Creating environment hook '/home/yolo/Desktop/Ros2/Dofbot2/install/dobot_msgs_v4/share/dobot_msgs_v4/hook/cmake_prefix_path.ps1'
[45.426s] INFO:colcon.colcon_core.shell:Creating environment descriptor '/home/yolo/Desktop/Ros2/Dofbot2/install/dobot_msgs_v4/share/dobot_msgs_v4/hook/cmake_prefix_path.dsv'
[45.426s] INFO:colcon.colcon_core.shell:Creating environment hook '/home/yolo/Desktop/Ros2/Dofbot2/install/dobot_msgs_v4/share/dobot_msgs_v4/hook/cmake_prefix_path.sh'
[45.427s] Level 1:colcon.colcon_core.environment:checking '/home/yolo/Desktop/Ros2/Dofbot2/install/dobot_msgs_v4/lib'
[45.427s] Level 1:colcon.colcon_core.shell:create_environment_hook('dobot_msgs_v4', 'ld_library_path_lib')
[45.427s] INFO:colcon.colcon_core.shell:Creating environment hook '/home/yolo/Desktop/Ros2/Dofbot2/install/dobot_msgs_v4/share/dobot_msgs_v4/hook/ld_library_path_lib.ps1'
[45.427s] INFO:colcon.colcon_core.shell:Creating environment descriptor '/home/yolo/Desktop/Ros2/Dofbot2/install/dobot_msgs_v4/share/dobot_msgs_v4/hook/ld_library_path_lib.dsv'
[45.427s] INFO:colcon.colcon_core.shell:Creating environment hook '/home/yolo/Desktop/Ros2/Dofbot2/install/dobot_msgs_v4/share/dobot_msgs_v4/hook/ld_library_path_lib.sh'
[45.428s] Level 1:colcon.colcon_core.environment:checking '/home/yolo/Desktop/Ros2/Dofbot2/install/dobot_msgs_v4/bin'
[45.428s] Level 1:colcon.colcon_core.environment:checking '/home/yolo/Desktop/Ros2/Dofbot2/install/dobot_msgs_v4/lib/pkgconfig/dobot_msgs_v4.pc'
[45.428s] Level 1:colcon.colcon_core.environment:checking '/home/yolo/Desktop/Ros2/Dofbot2/install/dobot_msgs_v4/lib/python3.10/site-packages'
[45.428s] Level 1:colcon.colcon_core.environment:checking '/home/yolo/Desktop/Ros2/Dofbot2/install/dobot_msgs_v4/bin'
[45.428s] INFO:colcon.colcon_core.shell:Creating package script '/home/yolo/Desktop/Ros2/Dofbot2/install/dobot_msgs_v4/share/dobot_msgs_v4/package.ps1'
[45.429s] INFO:colcon.colcon_core.shell:Creating package descriptor '/home/yolo/Desktop/Ros2/Dofbot2/install/dobot_msgs_v4/share/dobot_msgs_v4/package.dsv'
[45.429s] INFO:colcon.colcon_core.shell:Creating package script '/home/yolo/Desktop/Ros2/Dofbot2/install/dobot_msgs_v4/share/dobot_msgs_v4/package.sh'
[45.429s] INFO:colcon.colcon_core.shell:Creating package script '/home/yolo/Desktop/Ros2/Dofbot2/install/dobot_msgs_v4/share/dobot_msgs_v4/package.bash'
[45.429s] INFO:colcon.colcon_core.shell:Creating package script '/home/yolo/Desktop/Ros2/Dofbot2/install/dobot_msgs_v4/share/dobot_msgs_v4/package.zsh'
[45.430s] Level 1:colcon.colcon_core.environment:create_file_with_runtime_dependencies(/home/yolo/Desktop/Ros2/Dofbot2/install/dobot_msgs_v4/share/colcon-core/packages/dobot_msgs_v4)
[45.430s] Level 1:colcon.colcon_core.environment:create_environment_scripts_only(dobot_msgs_v4)
[45.430s] Level 1:colcon.colcon_core.environment:checking '/home/yolo/Desktop/Ros2/Dofbot2/install/dobot_msgs_v4' for CMake module files
[45.431s] Level 1:colcon.colcon_core.environment:checking '/home/yolo/Desktop/Ros2/Dofbot2/install/dobot_msgs_v4' for CMake config files
[45.431s] Level 1:colcon.colcon_core.shell:create_environment_hook('dobot_msgs_v4', 'cmake_prefix_path')
[45.431s] INFO:colcon.colcon_core.shell:Creating environment hook '/home/yolo/Desktop/Ros2/Dofbot2/install/dobot_msgs_v4/share/dobot_msgs_v4/hook/cmake_prefix_path.ps1'
[45.431s] INFO:colcon.colcon_core.shell:Creating environment descriptor '/home/yolo/Desktop/Ros2/Dofbot2/install/dobot_msgs_v4/share/dobot_msgs_v4/hook/cmake_prefix_path.dsv'
[45.432s] INFO:colcon.colcon_core.shell:Creating environment hook '/home/yolo/Desktop/Ros2/Dofbot2/install/dobot_msgs_v4/share/dobot_msgs_v4/hook/cmake_prefix_path.sh'
[45.432s] Level 1:colcon.colcon_core.environment:checking '/home/yolo/Desktop/Ros2/Dofbot2/install/dobot_msgs_v4/lib'
[45.432s] Level 1:colcon.colcon_core.shell:create_environment_hook('dobot_msgs_v4', 'ld_library_path_lib')
[45.432s] INFO:colcon.colcon_core.shell:Creating environment hook '/home/yolo/Desktop/Ros2/Dofbot2/install/dobot_msgs_v4/share/dobot_msgs_v4/hook/ld_library_path_lib.ps1'
[45.432s] INFO:colcon.colcon_core.shell:Creating environment descriptor '/home/yolo/Desktop/Ros2/Dofbot2/install/dobot_msgs_v4/share/dobot_msgs_v4/hook/ld_library_path_lib.dsv'
[45.433s] INFO:colcon.colcon_core.shell:Creating environment hook '/home/yolo/Desktop/Ros2/Dofbot2/install/dobot_msgs_v4/share/dobot_msgs_v4/hook/ld_library_path_lib.sh'
[45.433s] Level 1:colcon.colcon_core.environment:checking '/home/yolo/Desktop/Ros2/Dofbot2/install/dobot_msgs_v4/bin'
[45.433s] Level 1:colcon.colcon_core.environment:checking '/home/yolo/Desktop/Ros2/Dofbot2/install/dobot_msgs_v4/lib/pkgconfig/dobot_msgs_v4.pc'
[45.433s] Level 1:colcon.colcon_core.environment:checking '/home/yolo/Desktop/Ros2/Dofbot2/install/dobot_msgs_v4/lib/python3.10/site-packages'
[45.433s] Level 1:colcon.colcon_core.environment:checking '/home/yolo/Desktop/Ros2/Dofbot2/install/dobot_msgs_v4/bin'
[45.433s] INFO:colcon.colcon_core.shell:Creating package script '/home/yolo/Desktop/Ros2/Dofbot2/install/dobot_msgs_v4/share/dobot_msgs_v4/package.ps1'
[45.434s] INFO:colcon.colcon_core.shell:Creating package descriptor '/home/yolo/Desktop/Ros2/Dofbot2/install/dobot_msgs_v4/share/dobot_msgs_v4/package.dsv'
[45.436s] INFO:colcon.colcon_core.shell:Creating package script '/home/yolo/Desktop/Ros2/Dofbot2/install/dobot_msgs_v4/share/dobot_msgs_v4/package.sh'
[45.437s] INFO:colcon.colcon_core.shell:Creating package script '/home/yolo/Desktop/Ros2/Dofbot2/install/dobot_msgs_v4/share/dobot_msgs_v4/package.bash'
[45.437s] INFO:colcon.colcon_core.shell:Creating package script '/home/yolo/Desktop/Ros2/Dofbot2/install/dobot_msgs_v4/share/dobot_msgs_v4/package.zsh'
[45.438s] Level 1:colcon.colcon_core.environment:create_file_with_runtime_dependencies(/home/yolo/Desktop/Ros2/Dofbot2/install/dobot_msgs_v4/share/colcon-core/packages/dobot_msgs_v4)
[45.438s] INFO:colcon.colcon_ros.task.ament_cmake.build:Building ROS package in '/home/yolo/Desktop/Ros2/Dofbot2/src/cr5_bringup' with build type 'ament_cmake'
[45.438s] INFO:colcon.colcon_cmake.task.cmake.build:Building CMake package in '/home/yolo/Desktop/Ros2/Dofbot2/src/cr5_bringup'
[45.438s] INFO:colcon.colcon_core.shell:Skip shell extension 'powershell' for command environment: Not usable outside of PowerShell
[45.438s] DEBUG:colcon.colcon_core.shell:Skip shell extension 'dsv' for command environment
[45.446s] DEBUG:colcon.colcon_core.event_handler.log_command:Invoking command in '/home/yolo/Desktop/Ros2/Dofbot2/build/cr5_bringup': AMENT_PREFIX_PATH=/home/yolo/Desktop/Ros2/Dofbot2/install/dobot_msgs_v4:${AMENT_PREFIX_PATH} CMAKE_PREFIX_PATH=/home/yolo/Desktop/Ros2/Dofbot2/install/dobot_msgs_v4:/opt/ros/humble LD_LIBRARY_PATH=/home/yolo/Desktop/Ros2/Dofbot2/install/dobot_msgs_v4/lib:${LD_LIBRARY_PATH} PYTHONPATH=/home/yolo/Desktop/Ros2/Dofbot2/install/dobot_msgs_v4/local/lib/python3.10/dist-packages:${PYTHONPATH} /home/yolo/.local/bin/cmake /home/yolo/Desktop/Ros2/Dofbot2/src/cr5_bringup -DCMAKE_INSTALL_PREFIX=/home/yolo/Desktop/Ros2/Dofbot2/install/cr5_bringup
[46.605s] DEBUG:colcon.colcon_core.event_handler.log_command:Invoked command in '/home/yolo/Desktop/Ros2/Dofbot2/build/cr5_bringup' returned '0': AMENT_PREFIX_PATH=/home/yolo/Desktop/Ros2/Dofbot2/install/dobot_msgs_v4:${AMENT_PREFIX_PATH} CMAKE_PREFIX_PATH=/home/yolo/Desktop/Ros2/Dofbot2/install/dobot_msgs_v4:/opt/ros/humble LD_LIBRARY_PATH=/home/yolo/Desktop/Ros2/Dofbot2/install/dobot_msgs_v4/lib:${LD_LIBRARY_PATH} PYTHONPATH=/home/yolo/Desktop/Ros2/Dofbot2/install/dobot_msgs_v4/local/lib/python3.10/dist-packages:${PYTHONPATH} /home/yolo/.local/bin/cmake /home/yolo/Desktop/Ros2/Dofbot2/src/cr5_bringup -DCMAKE_INSTALL_PREFIX=/home/yolo/Desktop/Ros2/Dofbot2/install/cr5_bringup
[46.607s] DEBUG:colcon.colcon_core.event_handler.log_command:Invoking command in '/home/yolo/Desktop/Ros2/Dofbot2/build/cr5_bringup': AMENT_PREFIX_PATH=/home/yolo/Desktop/Ros2/Dofbot2/install/dobot_msgs_v4:${AMENT_PREFIX_PATH} CMAKE_PREFIX_PATH=/home/yolo/Desktop/Ros2/Dofbot2/install/dobot_msgs_v4:/opt/ros/humble LD_LIBRARY_PATH=/home/yolo/Desktop/Ros2/Dofbot2/install/dobot_msgs_v4/lib:${LD_LIBRARY_PATH} PYTHONPATH=/home/yolo/Desktop/Ros2/Dofbot2/install/dobot_msgs_v4/local/lib/python3.10/dist-packages:${PYTHONPATH} /home/yolo/.local/bin/cmake --build /home/yolo/Desktop/Ros2/Dofbot2/build/cr5_bringup -- -j12 -l12
[96.829s] DEBUG:colcon.colcon_core.event_handler.log_command:Invoked command in '/home/yolo/Desktop/Ros2/Dofbot2/build/cr5_bringup' returned '0': AMENT_PREFIX_PATH=/home/yolo/Desktop/Ros2/Dofbot2/install/dobot_msgs_v4:${AMENT_PREFIX_PATH} CMAKE_PREFIX_PATH=/home/yolo/Desktop/Ros2/Dofbot2/install/dobot_msgs_v4:/opt/ros/humble LD_LIBRARY_PATH=/home/yolo/Desktop/Ros2/Dofbot2/install/dobot_msgs_v4/lib:${LD_LIBRARY_PATH} PYTHONPATH=/home/yolo/Desktop/Ros2/Dofbot2/install/dobot_msgs_v4/local/lib/python3.10/dist-packages:${PYTHONPATH} /home/yolo/.local/bin/cmake --build /home/yolo/Desktop/Ros2/Dofbot2/build/cr5_bringup -- -j12 -l12
[96.830s] DEBUG:colcon.colcon_core.event_handler.log_command:Invoking command in '/home/yolo/Desktop/Ros2/Dofbot2/build/cr5_bringup': AMENT_PREFIX_PATH=/home/yolo/Desktop/Ros2/Dofbot2/install/dobot_msgs_v4:${AMENT_PREFIX_PATH} CMAKE_PREFIX_PATH=/home/yolo/Desktop/Ros2/Dofbot2/install/dobot_msgs_v4:/opt/ros/humble LD_LIBRARY_PATH=/home/yolo/Desktop/Ros2/Dofbot2/install/dobot_msgs_v4/lib:${LD_LIBRARY_PATH} PYTHONPATH=/home/yolo/Desktop/Ros2/Dofbot2/install/dobot_msgs_v4/local/lib/python3.10/dist-packages:${PYTHONPATH} /home/yolo/.local/bin/cmake --install /home/yolo/Desktop/Ros2/Dofbot2/build/cr5_bringup
[96.927s] Level 1:colcon.colcon_core.environment:create_environment_scripts_only(cr5_bringup)
[96.928s] Level 1:colcon.colcon_core.environment:checking '/home/yolo/Desktop/Ros2/Dofbot2/install/cr5_bringup' for CMake module files
[96.928s] DEBUG:colcon.colcon_core.event_handler.log_command:Invoked command in '/home/yolo/Desktop/Ros2/Dofbot2/build/cr5_bringup' returned '0': AMENT_PREFIX_PATH=/home/yolo/Desktop/Ros2/Dofbot2/install/dobot_msgs_v4:${AMENT_PREFIX_PATH} CMAKE_PREFIX_PATH=/home/yolo/Desktop/Ros2/Dofbot2/install/dobot_msgs_v4:/opt/ros/humble LD_LIBRARY_PATH=/home/yolo/Desktop/Ros2/Dofbot2/install/dobot_msgs_v4/lib:${LD_LIBRARY_PATH} PYTHONPATH=/home/yolo/Desktop/Ros2/Dofbot2/install/dobot_msgs_v4/local/lib/python3.10/dist-packages:${PYTHONPATH} /home/yolo/.local/bin/cmake --install /home/yolo/Desktop/Ros2/Dofbot2/build/cr5_bringup
[96.928s] Level 1:colcon.colcon_core.environment:checking '/home/yolo/Desktop/Ros2/Dofbot2/install/cr5_bringup' for CMake config files
[96.928s] Level 1:colcon.colcon_core.shell:create_environment_hook('cr5_bringup', 'cmake_prefix_path')
[96.929s] INFO:colcon.colcon_core.shell:Creating environment hook '/home/yolo/Desktop/Ros2/Dofbot2/install/cr5_bringup/share/cr5_bringup/hook/cmake_prefix_path.ps1'
[96.929s] INFO:colcon.colcon_core.shell:Creating environment descriptor '/home/yolo/Desktop/Ros2/Dofbot2/install/cr5_bringup/share/cr5_bringup/hook/cmake_prefix_path.dsv'
[96.929s] INFO:colcon.colcon_core.shell:Creating environment hook '/home/yolo/Desktop/Ros2/Dofbot2/install/cr5_bringup/share/cr5_bringup/hook/cmake_prefix_path.sh'
[96.930s] Level 1:colcon.colcon_core.environment:checking '/home/yolo/Desktop/Ros2/Dofbot2/install/cr5_bringup/lib'
[96.930s] Level 1:colcon.colcon_core.environment:checking '/home/yolo/Desktop/Ros2/Dofbot2/install/cr5_bringup/bin'
[96.930s] Level 1:colcon.colcon_core.environment:checking '/home/yolo/Desktop/Ros2/Dofbot2/install/cr5_bringup/lib/pkgconfig/cr5_bringup.pc'
[96.930s] Level 1:colcon.colcon_core.environment:checking '/home/yolo/Desktop/Ros2/Dofbot2/install/cr5_bringup/lib/python3.10/site-packages'
[96.930s] Level 1:colcon.colcon_core.environment:checking '/home/yolo/Desktop/Ros2/Dofbot2/install/cr5_bringup/bin'
[96.930s] INFO:colcon.colcon_core.shell:Creating package script '/home/yolo/Desktop/Ros2/Dofbot2/install/cr5_bringup/share/cr5_bringup/package.ps1'
[96.931s] INFO:colcon.colcon_core.shell:Creating package descriptor '/home/yolo/Desktop/Ros2/Dofbot2/install/cr5_bringup/share/cr5_bringup/package.dsv'
[96.931s] INFO:colcon.colcon_core.shell:Creating package script '/home/yolo/Desktop/Ros2/Dofbot2/install/cr5_bringup/share/cr5_bringup/package.sh'
[96.931s] INFO:colcon.colcon_core.shell:Creating package script '/home/yolo/Desktop/Ros2/Dofbot2/install/cr5_bringup/share/cr5_bringup/package.bash'
[96.932s] INFO:colcon.colcon_core.shell:Creating package script '/home/yolo/Desktop/Ros2/Dofbot2/install/cr5_bringup/share/cr5_bringup/package.zsh'
[96.932s] Level 1:colcon.colcon_core.environment:create_file_with_runtime_dependencies(/home/yolo/Desktop/Ros2/Dofbot2/install/cr5_bringup/share/colcon-core/packages/cr5_bringup)
[96.932s] Level 1:colcon.colcon_core.environment:create_environment_scripts_only(cr5_bringup)
[96.933s] Level 1:colcon.colcon_core.environment:checking '/home/yolo/Desktop/Ros2/Dofbot2/install/cr5_bringup' for CMake module files
[96.933s] Level 1:colcon.colcon_core.environment:checking '/home/yolo/Desktop/Ros2/Dofbot2/install/cr5_bringup' for CMake config files
[96.933s] Level 1:colcon.colcon_core.shell:create_environment_hook('cr5_bringup', 'cmake_prefix_path')
[96.933s] INFO:colcon.colcon_core.shell:Creating environment hook '/home/yolo/Desktop/Ros2/Dofbot2/install/cr5_bringup/share/cr5_bringup/hook/cmake_prefix_path.ps1'
[96.933s] INFO:colcon.colcon_core.shell:Creating environment descriptor '/home/yolo/Desktop/Ros2/Dofbot2/install/cr5_bringup/share/cr5_bringup/hook/cmake_prefix_path.dsv'
[96.934s] INFO:colcon.colcon_core.shell:Creating environment hook '/home/yolo/Desktop/Ros2/Dofbot2/install/cr5_bringup/share/cr5_bringup/hook/cmake_prefix_path.sh'
[96.934s] Level 1:colcon.colcon_core.environment:checking '/home/yolo/Desktop/Ros2/Dofbot2/install/cr5_bringup/lib'
[96.934s] Level 1:colcon.colcon_core.environment:checking '/home/yolo/Desktop/Ros2/Dofbot2/install/cr5_bringup/bin'
[96.934s] Level 1:colcon.colcon_core.environment:checking '/home/yolo/Desktop/Ros2/Dofbot2/install/cr5_bringup/lib/pkgconfig/cr5_bringup.pc'
[96.934s] Level 1:colcon.colcon_core.environment:checking '/home/yolo/Desktop/Ros2/Dofbot2/install/cr5_bringup/lib/python3.10/site-packages'
[96.935s] Level 1:colcon.colcon_core.environment:checking '/home/yolo/Desktop/Ros2/Dofbot2/install/cr5_bringup/bin'
[96.935s] INFO:colcon.colcon_core.shell:Creating package script '/home/yolo/Desktop/Ros2/Dofbot2/install/cr5_bringup/share/cr5_bringup/package.ps1'
[96.936s] INFO:colcon.colcon_core.shell:Creating package descriptor '/home/yolo/Desktop/Ros2/Dofbot2/install/cr5_bringup/share/cr5_bringup/package.dsv'
[96.938s] INFO:colcon.colcon_core.shell:Creating package script '/home/yolo/Desktop/Ros2/Dofbot2/install/cr5_bringup/share/cr5_bringup/package.sh'
[96.939s] INFO:colcon.colcon_core.shell:Creating package script '/home/yolo/Desktop/Ros2/Dofbot2/install/cr5_bringup/share/cr5_bringup/package.bash'
[96.939s] INFO:colcon.colcon_core.shell:Creating package script '/home/yolo/Desktop/Ros2/Dofbot2/install/cr5_bringup/share/cr5_bringup/package.zsh'
[96.939s] Level 1:colcon.colcon_core.environment:create_file_with_runtime_dependencies(/home/yolo/Desktop/Ros2/Dofbot2/install/cr5_bringup/share/colcon-core/packages/cr5_bringup)
[96.940s] DEBUG:colcon.colcon_parallel_executor.executor.parallel:closing loop
[96.940s] DEBUG:colcon.colcon_parallel_executor.executor.parallel:loop closed
[96.940s] DEBUG:colcon.colcon_parallel_executor.executor.parallel:run_until_complete finished with '0'
[96.940s] DEBUG:colcon.colcon_core.event_reactor:joining thread
[96.945s] INFO:colcon.colcon_core.plugin_system:Skipping extension 'colcon_notification.desktop_notification.terminal_notifier': Not used on non-Darwin systems
[96.945s] INFO:colcon.colcon_core.plugin_system:Skipping extension 'colcon_notification.desktop_notification.win32': Not used on non-Windows systems
[96.945s] INFO:colcon.colcon_notification.desktop_notification:Sending desktop notification using 'notify2'
[96.955s] DEBUG:colcon.colcon_core.event_reactor:joined thread
[96.955s] INFO:colcon.colcon_core.shell:Creating prefix script '/home/yolo/Desktop/Ros2/Dofbot2/install/local_setup.ps1'
[96.956s] INFO:colcon.colcon_core.shell:Creating prefix util module '/home/yolo/Desktop/Ros2/Dofbot2/install/_local_setup_util_ps1.py'
[96.957s] INFO:colcon.colcon_core.shell:Creating prefix chain script '/home/yolo/Desktop/Ros2/Dofbot2/install/setup.ps1'
[96.958s] INFO:colcon.colcon_core.shell:Creating prefix script '/home/yolo/Desktop/Ros2/Dofbot2/install/local_setup.sh'
[96.959s] INFO:colcon.colcon_core.shell:Creating prefix util module '/home/yolo/Desktop/Ros2/Dofbot2/install/_local_setup_util_sh.py'
[96.960s] INFO:colcon.colcon_core.shell:Creating prefix chain script '/home/yolo/Desktop/Ros2/Dofbot2/install/setup.sh'
[96.960s] INFO:colcon.colcon_core.shell:Creating prefix script '/home/yolo/Desktop/Ros2/Dofbot2/install/local_setup.bash'
[96.961s] INFO:colcon.colcon_core.shell:Creating prefix chain script '/home/yolo/Desktop/Ros2/Dofbot2/install/setup.bash'
[96.961s] INFO:colcon.colcon_core.shell:Creating prefix script '/home/yolo/Desktop/Ros2/Dofbot2/install/local_setup.zsh'
[96.961s] INFO:colcon.colcon_core.shell:Creating prefix chain script '/home/yolo/Desktop/Ros2/Dofbot2/install/setup.zsh'
