[0mCMake Deprecation Warning at CMakeLists.txt:1 (cmake_minimum_required):
  Compatibility with CMake < 3.10 will be removed from a future version of
  CMake.

  Update the VERSION argument <min> value.  Or, use the <min>...<max> syntax
  to tell CMake that the project requires at least <min> but has been updated
  to work with policies introduced by <max> or earlier.

[0m
-- The C compiler identification is GNU 11.4.0
-- The CXX compiler identification is GNU 11.4.0
-- Detecting C compiler ABI info
-- Detecting C compiler ABI info - done
-- Check for working C compiler: /usr/bin/cc - skipped
-- Detecting C compile features
-- Detecting C compile features - done
-- Detecting CXX compiler ABI info
-- Detecting CXX compiler ABI info - done
-- Check for working CXX compiler: /usr/bin/c++ - skipped
-- Detecting CXX compile features
-- Detecting CXX compile features - done
-- Found ament_cmake: 1.3.12 (/opt/ros/humble/share/ament_cmake/cmake)
-- Found Python3: /usr/bin/python3 (found version "3.10.12") found components: Interpreter
-- Found rclcpp: 16.0.15 (/opt/ros/humble/share/rclcpp/cmake)
-- Found rosidl_generator_c: 3.1.7 (/opt/ros/humble/share/rosidl_generator_c/cmake)
-- Found rosidl_adapter: 3.1.7 (/opt/ros/humble/share/rosidl_adapter/cmake)
-- Found rosidl_generator_cpp: 3.1.7 (/opt/ros/humble/share/rosidl_generator_cpp/cmake)
-- Using all available rosidl_typesupport_c: rosidl_typesupport_fastrtps_c;rosidl_typesupport_introspection_c
-- Using all available rosidl_typesupport_cpp: rosidl_typesupport_fastrtps_cpp;rosidl_typesupport_introspection_cpp
-- Found rmw_implementation_cmake: 6.1.2 (/opt/ros/humble/share/rmw_implementation_cmake/cmake)
-- Found rmw_fastrtps_cpp: 6.2.9 (/opt/ros/humble/share/rmw_fastrtps_cpp/cmake)
-- Found OpenSSL: /usr/lib/x86_64-linux-gnu/libcrypto.so (found version "3.0.2")
-- Found FastRTPS: /opt/ros/humble/include
-- Using RMW implementation 'rmw_fastrtps_cpp' as default
-- Performing Test CMAKE_HAVE_LIBC_PTHREAD
-- Performing Test CMAKE_HAVE_LIBC_PTHREAD - Success
-- Found Threads: TRUE
-- Found rclcpp_action: 16.0.15 (/opt/ros/humble/share/rclcpp_action/cmake)
-- Found sensor_msgs: 4.9.0 (/opt/ros/humble/share/sensor_msgs/cmake)
-- Found dobot_msgs_v4: 0.0.0 (/home/yolo/Desktop/Ros2/Dofbot2/install/dobot_msgs_v4/share/dobot_msgs_v4/cmake)
-- Found ament_lint_auto: 0.12.14 (/opt/ros/humble/share/ament_lint_auto/cmake)
-- Added test 'cppcheck' to perform static code analysis on C / C++ code
-- Configured cppcheck include dirs: /home/yolo/Desktop/Ros2/Dofbot2/src/cr5_bringup/include;/home/yolo/Desktop/Ros2/Dofbot2/src/cr5_bringup/../../../install/dobot_msgs_v4/include;$<BUILD_INTERFACE:/home/yolo/Desktop/Ros2/Dofbot2/src/cr5_bringup/include>
-- Configured cppcheck exclude dirs and/or files: 
-- Added test 'flake8' to check Python code syntax and style conventions
-- Added test 'lint_cmake' to check CMake code style
-- Added test 'pep257' to check Python code against some of the docstring style conventions in PEP 257
-- Added test 'uncrustify' to check C / C++ code style
-- Configured uncrustify additional arguments: 
-- Added test 'xmllint' to check XML markup files
-- Configuring done (1.1s)
-- Generating done (0.0s)
-- Build files have been written to: /home/yolo/Desktop/Ros2/Dofbot2/build/cr5_bringup
[ 12%] [32mBuilding CXX object CMakeFiles/cr5_bringup_node.dir/src/main.cpp.o[0m
[ 25%] [32mBuilding CXX object CMakeFiles/cr5_bringup_node.dir/src/tcp_socket.cpp.o[0m
[ 62%] [32mBuilding CXX object CMakeFiles/joystick_control_node.dir/src/joystick_control.cpp.o[0m
[ 62%] [32mBuilding CXX object CMakeFiles/cr5_bringup_node.dir/src/cr_robot_ros2.cpp.o[0m
[ 62%] [32mBuilding CXX object CMakeFiles/cr5_bringup_node.dir/src/parseTool.cpp.o[0m
[ 75%] [32mBuilding CXX object CMakeFiles/cr5_bringup_node.dir/src/command.cpp.o[0m
[ 87%] [1m[32mLinking CXX executable joystick_control_node[0m
[ 87%] Built target joystick_control_node
[100%] [1m[32mLinking CXX executable cr5_bringup_node[0m
[100%] Built target cr5_bringup_node
-- Install configuration: ""
-- Installing: /home/yolo/Desktop/Ros2/Dofbot2/install/cr5_bringup/lib/cr5_bringup/joystick_control_node
-- Set non-toolchain portion of runtime path of "/home/yolo/Desktop/Ros2/Dofbot2/install/cr5_bringup/lib/cr5_bringup/joystick_control_node" to ""
-- Installing: /home/yolo/Desktop/Ros2/Dofbot2/install/cr5_bringup/lib/cr5_bringup/cr5_bringup_node
-- Set non-toolchain portion of runtime path of "/home/yolo/Desktop/Ros2/Dofbot2/install/cr5_bringup/lib/cr5_bringup/cr5_bringup_node" to ""
-- Installing: /home/yolo/Desktop/Ros2/Dofbot2/install/cr5_bringup/include/
-- Installing: /home/yolo/Desktop/Ros2/Dofbot2/install/cr5_bringup/include//dobot_bringup
-- Installing: /home/yolo/Desktop/Ros2/Dofbot2/install/cr5_bringup/include//dobot_bringup/tcp_socket.h
-- Installing: /home/yolo/Desktop/Ros2/Dofbot2/install/cr5_bringup/include//dobot_bringup/cr_robot_ros2.h
-- Installing: /home/yolo/Desktop/Ros2/Dofbot2/install/cr5_bringup/include//dobot_bringup/command.h
-- Installing: /home/yolo/Desktop/Ros2/Dofbot2/install/cr5_bringup/include//dobot_bringup/parseTool.h
-- Installing: /home/yolo/Desktop/Ros2/Dofbot2/install/cr5_bringup/include//joystick_control.hpp
-- Installing: /home/yolo/Desktop/Ros2/Dofbot2/install/cr5_bringup/share/cr5_bringup/launch
-- Installing: /home/yolo/Desktop/Ros2/Dofbot2/install/cr5_bringup/share/cr5_bringup/launch/joystick.launch.py
-- Installing: /home/yolo/Desktop/Ros2/Dofbot2/install/cr5_bringup/share/cr5_bringup/launch/cr5_bringup.launch.py
-- Installing: /home/yolo/Desktop/Ros2/Dofbot2/install/cr5_bringup/share/cr5_bringup/config
-- Installing: /home/yolo/Desktop/Ros2/Dofbot2/install/cr5_bringup/share/cr5_bringup/config/joy.yaml
-- Installing: /home/yolo/Desktop/Ros2/Dofbot2/install/cr5_bringup/share/cr5_bringup/config/param.json
-- Installing: /home/yolo/Desktop/Ros2/Dofbot2/install/cr5_bringup/share/ament_index/resource_index/package_run_dependencies/cr5_bringup
-- Installing: /home/yolo/Desktop/Ros2/Dofbot2/install/cr5_bringup/share/ament_index/resource_index/parent_prefix_path/cr5_bringup
-- Installing: /home/yolo/Desktop/Ros2/Dofbot2/install/cr5_bringup/share/cr5_bringup/environment/ament_prefix_path.sh
-- Installing: /home/yolo/Desktop/Ros2/Dofbot2/install/cr5_bringup/share/cr5_bringup/environment/ament_prefix_path.dsv
-- Installing: /home/yolo/Desktop/Ros2/Dofbot2/install/cr5_bringup/share/cr5_bringup/environment/path.sh
-- Installing: /home/yolo/Desktop/Ros2/Dofbot2/install/cr5_bringup/share/cr5_bringup/environment/path.dsv
-- Installing: /home/yolo/Desktop/Ros2/Dofbot2/install/cr5_bringup/share/cr5_bringup/local_setup.bash
-- Installing: /home/yolo/Desktop/Ros2/Dofbot2/install/cr5_bringup/share/cr5_bringup/local_setup.sh
-- Installing: /home/yolo/Desktop/Ros2/Dofbot2/install/cr5_bringup/share/cr5_bringup/local_setup.zsh
-- Installing: /home/yolo/Desktop/Ros2/Dofbot2/install/cr5_bringup/share/cr5_bringup/local_setup.dsv
-- Installing: /home/yolo/Desktop/Ros2/Dofbot2/install/cr5_bringup/share/cr5_bringup/package.dsv
-- Installing: /home/yolo/Desktop/Ros2/Dofbot2/install/cr5_bringup/share/ament_index/resource_index/packages/cr5_bringup
-- Installing: /home/yolo/Desktop/Ros2/Dofbot2/install/cr5_bringup/share/cr5_bringup/cmake/cr5_bringupConfig.cmake
-- Installing: /home/yolo/Desktop/Ros2/Dofbot2/install/cr5_bringup/share/cr5_bringup/cmake/cr5_bringupConfig-version.cmake
-- Installing: /home/yolo/Desktop/Ros2/Dofbot2/install/cr5_bringup/share/cr5_bringup/package.xml
