[0.011s] Invoking command in '/home/om/OpenVla_cr5/build/dofbot_moveit': CMAKE_PREFIX_PATH=${CMAKE_PREFIX_PATH}:/home/om/dobot_ws/install/servo_action:/home/om/dobot_ws/install/dobot_moveit:/home/om/dobot_ws/install/dobot_demo:/opt/ros/humble /usr/bin/cmake /home/om/OpenVla_cr5/src/dofbot_moveit -DCMAKE_INSTALL_PREFIX=/home/om/OpenVla_cr5/install/dofbot_moveit
[0.086s] -- The C compiler identification is GNU 11.4.0
[0.150s] -- The CXX compiler identification is GNU 11.4.0
[0.157s] -- Detecting C compiler ABI info
[0.221s] -- Detecting C compiler ABI info - done
[0.228s] -- Check for working C compiler: /usr/bin/cc - skipped
[0.229s] -- Detecting C compile features
[0.229s] -- Detecting C compile features - done
[0.232s] -- Detecting CXX compiler ABI info
[0.306s] -- Detecting CXX compiler ABI info - done
[0.313s] -- Check for working CXX compiler: /usr/bin/c++ - skipped
[0.314s] -- Detecting CXX compile features
[0.314s] -- Detecting CXX compile features - done
[0.319s] -- Found ament_cmake: 1.3.11 (/opt/ros/humble/share/ament_cmake/cmake)
[0.462s] -- Found Python3: /usr/bin/python3 (found version "3.10.12") found components: Interpreter 
[0.557s] -- Found ament_lint_auto: 0.12.12 (/opt/ros/humble/share/ament_lint_auto/cmake)
[0.640s] -- Added test 'flake8' to check Python code syntax and style conventions
[0.640s] -- Added test 'lint_cmake' to check CMake code style
[0.641s] -- Added test 'pep257' to check Python code against some of the docstring style conventions in PEP 257
[0.641s] -- Added test 'xmllint' to check XML markup files
[0.642s] -- Configuring done
[0.645s] -- Generating done
[0.646s] -- Build files have been written to: /home/om/OpenVla_cr5/build/dofbot_moveit
[0.649s] Invoked command in '/home/om/OpenVla_cr5/build/dofbot_moveit' returned '0': CMAKE_PREFIX_PATH=${CMAKE_PREFIX_PATH}:/home/om/dobot_ws/install/servo_action:/home/om/dobot_ws/install/dobot_moveit:/home/om/dobot_ws/install/dobot_demo:/opt/ros/humble /usr/bin/cmake /home/om/OpenVla_cr5/src/dofbot_moveit -DCMAKE_INSTALL_PREFIX=/home/om/OpenVla_cr5/install/dofbot_moveit
[0.651s] Invoking command in '/home/om/OpenVla_cr5/build/dofbot_moveit': CMAKE_PREFIX_PATH=${CMAKE_PREFIX_PATH}:/home/om/dobot_ws/install/servo_action:/home/om/dobot_ws/install/dobot_moveit:/home/om/dobot_ws/install/dobot_demo:/opt/ros/humble /usr/bin/cmake --build /home/om/OpenVla_cr5/build/dofbot_moveit -- -j8 -l8
[0.698s] Invoked command in '/home/om/OpenVla_cr5/build/dofbot_moveit' returned '0': CMAKE_PREFIX_PATH=${CMAKE_PREFIX_PATH}:/home/om/dobot_ws/install/servo_action:/home/om/dobot_ws/install/dobot_moveit:/home/om/dobot_ws/install/dobot_demo:/opt/ros/humble /usr/bin/cmake --build /home/om/OpenVla_cr5/build/dofbot_moveit -- -j8 -l8
[0.700s] Invoking command in '/home/om/OpenVla_cr5/build/dofbot_moveit': CMAKE_PREFIX_PATH=${CMAKE_PREFIX_PATH}:/home/om/dobot_ws/install/servo_action:/home/om/dobot_ws/install/dobot_moveit:/home/om/dobot_ws/install/dobot_demo:/opt/ros/humble /usr/bin/cmake --install /home/om/OpenVla_cr5/build/dofbot_moveit
[0.706s] -- Install configuration: ""
[0.706s] -- Installing: /home/om/OpenVla_cr5/install/dofbot_moveit/share/dofbot_moveit/config
[0.706s] -- Installing: /home/om/OpenVla_cr5/install/dofbot_moveit/share/dofbot_moveit/config/moveit_controllers.yaml
[0.706s] -- Installing: /home/om/OpenVla_cr5/install/dofbot_moveit/share/dofbot_moveit/config/joint_limits.yaml
[0.706s] -- Installing: /home/om/OpenVla_cr5/install/dofbot_moveit/share/dofbot_moveit/config/pilz_cartesian_limits.yaml
[0.706s] -- Installing: /home/om/OpenVla_cr5/install/dofbot_moveit/share/dofbot_moveit/config/initial_positions.yaml
[0.706s] -- Installing: /home/om/OpenVla_cr5/install/dofbot_moveit/share/dofbot_moveit/config/cr5_robot.srdf
[0.706s] -- Installing: /home/om/OpenVla_cr5/install/dofbot_moveit/share/dofbot_moveit/config/moveit.rviz
[0.706s] -- Installing: /home/om/OpenVla_cr5/install/dofbot_moveit/share/dofbot_moveit/config/kinematics.yaml
[0.706s] -- Installing: /home/om/OpenVla_cr5/install/dofbot_moveit/share/dofbot_moveit/launch
[0.707s] -- Installing: /home/om/OpenVla_cr5/install/dofbot_moveit/share/dofbot_moveit/launch/launch_moveit.launch.py
[0.707s] -- Installing: /home/om/OpenVla_cr5/install/dofbot_moveit/share/ament_index/resource_index/package_run_dependencies/dofbot_moveit
[0.707s] -- Installing: /home/om/OpenVla_cr5/install/dofbot_moveit/share/ament_index/resource_index/parent_prefix_path/dofbot_moveit
[0.707s] -- Installing: /home/om/OpenVla_cr5/install/dofbot_moveit/share/dofbot_moveit/environment/ament_prefix_path.sh
[0.707s] -- Installing: /home/om/OpenVla_cr5/install/dofbot_moveit/share/dofbot_moveit/environment/ament_prefix_path.dsv
[0.707s] -- Installing: /home/om/OpenVla_cr5/install/dofbot_moveit/share/dofbot_moveit/environment/path.sh
[0.707s] -- Installing: /home/om/OpenVla_cr5/install/dofbot_moveit/share/dofbot_moveit/environment/path.dsv
[0.707s] -- Installing: /home/om/OpenVla_cr5/install/dofbot_moveit/share/dofbot_moveit/local_setup.bash
[0.707s] -- Installing: /home/om/OpenVla_cr5/install/dofbot_moveit/share/dofbot_moveit/local_setup.sh
[0.707s] -- Installing: /home/om/OpenVla_cr5/install/dofbot_moveit/share/dofbot_moveit/local_setup.zsh
[0.707s] -- Installing: /home/om/OpenVla_cr5/install/dofbot_moveit/share/dofbot_moveit/local_setup.dsv
[0.707s] -- Installing: /home/om/OpenVla_cr5/install/dofbot_moveit/share/dofbot_moveit/package.dsv
[0.708s] -- Installing: /home/om/OpenVla_cr5/install/dofbot_moveit/share/ament_index/resource_index/packages/dofbot_moveit
[0.708s] -- Installing: /home/om/OpenVla_cr5/install/dofbot_moveit/share/dofbot_moveit/cmake/dofbot_moveitConfig.cmake
[0.708s] -- Installing: /home/om/OpenVla_cr5/install/dofbot_moveit/share/dofbot_moveit/cmake/dofbot_moveitConfig-version.cmake
[0.708s] -- Installing: /home/om/OpenVla_cr5/install/dofbot_moveit/share/dofbot_moveit/package.xml
[0.711s] Invoked command in '/home/om/OpenVla_cr5/build/dofbot_moveit' returned '0': CMAKE_PREFIX_PATH=${CMAKE_PREFIX_PATH}:/home/om/dobot_ws/install/servo_action:/home/om/dobot_ws/install/dobot_moveit:/home/om/dobot_ws/install/dobot_demo:/opt/ros/humble /usr/bin/cmake --install /home/om/OpenVla_cr5/build/dofbot_moveit
