[0.975s] Invoking command in '/home/om/OpenVla_cr5/src/openvla_ros_interface': PYTHONPATH=/home/om/OpenVla_cr5/build/openvla_ros_interface/prefix_override:/usr/lib/python3/dist-packages/colcon_core/task/python/colcon_distutils_commands:/home/om/OpenVla_cr5/install/openvla_ros_interface/lib/python3.10/site-packages:${PYTHONPATH} /usr/bin/python3 -W ignore:setup.py install is deprecated -W ignore:easy_install command is deprecated setup.py egg_info --egg-base ../../build/openvla_ros_interface build --build-base /home/om/OpenVla_cr5/build/openvla_ros_interface/build install --record /home/om/OpenVla_cr5/build/openvla_ros_interface/install.log --single-version-externally-managed install_data
[1.276s] running egg_info
[1.277s] writing ../../build/openvla_ros_interface/openvla_ros_interface.egg-info/PKG-INFO
[1.277s] writing dependency_links to ../../build/openvla_ros_interface/openvla_ros_interface.egg-info/dependency_links.txt
[1.277s] writing entry points to ../../build/openvla_ros_interface/openvla_ros_interface.egg-info/entry_points.txt
[1.278s] writing requirements to ../../build/openvla_ros_interface/openvla_ros_interface.egg-info/requires.txt
[1.278s] writing top-level names to ../../build/openvla_ros_interface/openvla_ros_interface.egg-info/top_level.txt
[1.280s] reading manifest file '../../build/openvla_ros_interface/openvla_ros_interface.egg-info/SOURCES.txt'
[1.281s] writing manifest file '../../build/openvla_ros_interface/openvla_ros_interface.egg-info/SOURCES.txt'
[1.281s] running build
[1.281s] running build_py
[1.281s] running install
[1.282s] running install_lib
[1.283s] running install_data
[1.283s] running install_egg_info
[1.286s] removing '/home/om/OpenVla_cr5/install/openvla_ros_interface/lib/python3.10/site-packages/openvla_ros_interface-0.0.0-py3.10.egg-info' (and everything under it)
[1.286s] Copying ../../build/openvla_ros_interface/openvla_ros_interface.egg-info to /home/om/OpenVla_cr5/install/openvla_ros_interface/lib/python3.10/site-packages/openvla_ros_interface-0.0.0-py3.10.egg-info
[1.287s] running install_scripts
[1.312s] writing list of installed files to '/home/om/OpenVla_cr5/build/openvla_ros_interface/install.log'
[1.369s] Invoked command in '/home/om/OpenVla_cr5/src/openvla_ros_interface' returned '0': PYTHONPATH=/home/om/OpenVla_cr5/build/openvla_ros_interface/prefix_override:/usr/lib/python3/dist-packages/colcon_core/task/python/colcon_distutils_commands:/home/om/OpenVla_cr5/install/openvla_ros_interface/lib/python3.10/site-packages:${PYTHONPATH} /usr/bin/python3 -W ignore:setup.py install is deprecated -W ignore:easy_install command is deprecated setup.py egg_info --egg-base ../../build/openvla_ros_interface build --build-base /home/om/OpenVla_cr5/build/openvla_ros_interface/build install --record /home/om/OpenVla_cr5/build/openvla_ros_interface/install.log --single-version-externally-managed install_data
