[2.870s] Invoking command in '/home/yolo/Desktop/Ros2/Dofbot2/src/dobot_teleop': PYTHONPATH=/home/yolo/Desktop/Ros2/Dofbot2/build/dobot_teleop/prefix_override:/usr/lib/python3/dist-packages/colcon_core/task/python/colcon_distutils_commands:/home/yolo/Desktop/Ros2/Dofbot2/install/dobot_teleop/lib/python3.10/site-packages:${PYTHONPATH} /usr/bin/python3 -W ignore:setup.py install is deprecated -W ignore:easy_install command is deprecated setup.py egg_info --egg-base ../../build/dobot_teleop build --build-base /home/yolo/Desktop/Ros2/Dofbot2/build/dobot_teleop/build install --record /home/yolo/Desktop/Ros2/Dofbot2/build/dobot_teleop/install.log --single-version-externally-managed install_data
[3.536s] running egg_info
[3.583s] writing ../../build/dobot_teleop/dobot_teleop.egg-info/PKG-INFO
[3.584s] writing dependency_links to ../../build/dobot_teleop/dobot_teleop.egg-info/dependency_links.txt
[3.585s] writing entry points to ../../build/dobot_teleop/dobot_teleop.egg-info/entry_points.txt
[3.585s] writing requirements to ../../build/dobot_teleop/dobot_teleop.egg-info/requires.txt
[3.586s] writing top-level names to ../../build/dobot_teleop/dobot_teleop.egg-info/top_level.txt
[3.683s] reading manifest file '../../build/dobot_teleop/dobot_teleop.egg-info/SOURCES.txt'
[3.686s] writing manifest file '../../build/dobot_teleop/dobot_teleop.egg-info/SOURCES.txt'
[3.686s] running build
[3.687s] running build_py
[3.687s] copying dobot_teleop/teleop.py -> /home/yolo/Desktop/Ros2/Dofbot2/build/dobot_teleop/build/lib/dobot_teleop
[3.688s] copying dobot_teleop/__init__.py -> /home/yolo/Desktop/Ros2/Dofbot2/build/dobot_teleop/build/lib/dobot_teleop
[3.688s] running install
[3.697s] running install_lib
[3.747s] running install_data
[3.748s] copying resource/dobot_teleop -> /home/yolo/Desktop/Ros2/Dofbot2/install/dobot_teleop/share/ament_index/resource_index/packages
[3.748s] copying package.xml -> /home/yolo/Desktop/Ros2/Dofbot2/install/dobot_teleop/share/dobot_teleop
[3.749s] running install_egg_info
[3.799s] removing '/home/yolo/Desktop/Ros2/Dofbot2/install/dobot_teleop/lib/python3.10/site-packages/dobot_teleop-0.0.0-py3.10.egg-info' (and everything under it)
[3.800s] Copying ../../build/dobot_teleop/dobot_teleop.egg-info to /home/yolo/Desktop/Ros2/Dofbot2/install/dobot_teleop/lib/python3.10/site-packages/dobot_teleop-0.0.0-py3.10.egg-info
[3.802s] running install_scripts
[3.906s] Installing teleop_node script to /home/yolo/Desktop/Ros2/Dofbot2/install/dobot_teleop/lib/dobot_teleop
[3.907s] writing list of installed files to '/home/yolo/Desktop/Ros2/Dofbot2/build/dobot_teleop/install.log'
[3.954s] Invoked command in '/home/yolo/Desktop/Ros2/Dofbot2/src/dobot_teleop' returned '0': PYTHONPATH=/home/yolo/Desktop/Ros2/Dofbot2/build/dobot_teleop/prefix_override:/usr/lib/python3/dist-packages/colcon_core/task/python/colcon_distutils_commands:/home/yolo/Desktop/Ros2/Dofbot2/install/dobot_teleop/lib/python3.10/site-packages:${PYTHONPATH} /usr/bin/python3 -W ignore:setup.py install is deprecated -W ignore:easy_install command is deprecated setup.py egg_info --egg-base ../../build/dobot_teleop build --build-base /home/yolo/Desktop/Ros2/Dofbot2/build/dobot_teleop/build install --record /home/yolo/Desktop/Ros2/Dofbot2/build/dobot_teleop/install.log --single-version-externally-managed install_data
