[0.082s] Invoking command in '/home/yolo/Desktop/Ros2/Dofbot2/build/dofbot_description': CMAKE_PREFIX_PATH=${CMAKE_PREFIX_PATH}:/home/yolo/Desktop/Ros2/Dofbot2/install/record_dataset_cr5:/home/yolo/Desktop/Ros2/Dofbot2/install/openvla_ros_interface:/home/yolo/Desktop/Ros2/Dofbot2/install/dobot_teleop:/opt/ros/humble /home/yolo/.local/bin/cmake --build /home/yolo/Desktop/Ros2/Dofbot2/build/dofbot_description -- -j12 -l12
[1.652s] Invoked command in '/home/yolo/Desktop/Ros2/Dofbot2/build/dofbot_description' returned '0': CMAKE_PREFIX_PATH=${CMAKE_PREFIX_PATH}:/home/yolo/Desktop/Ros2/Dofbot2/install/record_dataset_cr5:/home/yolo/Desktop/Ros2/Dofbot2/install/openvla_ros_interface:/home/yolo/Desktop/Ros2/Dofbot2/install/dobot_teleop:/opt/ros/humble /home/yolo/.local/bin/cmake --build /home/yolo/Desktop/Ros2/Dofbot2/build/dofbot_description -- -j12 -l12
[1.837s] Invoking command in '/home/yolo/Desktop/Ros2/Dofbot2/build/dofbot_description': CMAKE_PREFIX_PATH=${CMAKE_PREFIX_PATH}:/home/yolo/Desktop/Ros2/Dofbot2/install/record_dataset_cr5:/home/yolo/Desktop/Ros2/Dofbot2/install/openvla_ros_interface:/home/yolo/Desktop/Ros2/Dofbot2/install/dobot_teleop:/opt/ros/humble /home/yolo/.local/bin/cmake --install /home/yolo/Desktop/Ros2/Dofbot2/build/dofbot_description
[2.018s] -- Install configuration: ""
[2.018s] -- Up-to-date: /home/yolo/Desktop/Ros2/Dofbot2/install/dofbot_description/share/dofbot_description/urdf
[2.019s] -- Up-to-date: /home/yolo/Desktop/Ros2/Dofbot2/install/dofbot_description/share/dofbot_description/urdf/gripper.xacro
[2.019s] -- Up-to-date: /home/yolo/Desktop/Ros2/Dofbot2/install/dofbot_description/share/dofbot_description/urdf/gazebo.xacro
[2.019s] -- Up-to-date: /home/yolo/Desktop/Ros2/Dofbot2/install/dofbot_description/share/dofbot_description/urdf/ros2_control.xacro
[2.020s] -- Up-to-date: /home/yolo/Desktop/Ros2/Dofbot2/install/dofbot_description/share/dofbot_description/urdf/new_cr5.xacro
[2.020s] -- Up-to-date: /home/yolo/Desktop/Ros2/Dofbot2/install/dofbot_description/share/dofbot_description/urdf/camera.xacro
[2.020s] -- Up-to-date: /home/yolo/Desktop/Ros2/Dofbot2/install/dofbot_description/share/dofbot_description/urdf/cr5_robot.ros2_control.xacro
[2.021s] -- Up-to-date: /home/yolo/Desktop/Ros2/Dofbot2/install/dofbot_description/share/dofbot_description/config
[2.021s] -- Up-to-date: /home/yolo/Desktop/Ros2/Dofbot2/install/dofbot_description/share/dofbot_description/config/ros2_controllers.yaml
[2.021s] -- Up-to-date: /home/yolo/Desktop/Ros2/Dofbot2/install/dofbot_description/share/dofbot_description/config/gz_bridge.yaml
[2.021s] -- Up-to-date: /home/yolo/Desktop/Ros2/Dofbot2/install/dofbot_description/share/dofbot_description/launch
[2.021s] -- Up-to-date: /home/yolo/Desktop/Ros2/Dofbot2/install/dofbot_description/share/dofbot_description/launch/display.launch.py
[2.022s] -- Up-to-date: /home/yolo/Desktop/Ros2/Dofbot2/install/dofbot_description/share/dofbot_description/launch/gazebo2.launch.py
[2.022s] -- Up-to-date: /home/yolo/Desktop/Ros2/Dofbot2/install/dofbot_description/share/dofbot_description/worlds
[2.023s] -- Up-to-date: /home/yolo/Desktop/Ros2/Dofbot2/install/dofbot_description/share/dofbot_description/worlds/openvla_test.world
[2.023s] -- Up-to-date: /home/yolo/Desktop/Ros2/Dofbot2/install/dofbot_description/share/dofbot_description/worlds/cr.world
[2.024s] -- Up-to-date: /home/yolo/Desktop/Ros2/Dofbot2/install/dofbot_description/share/dofbot_description/meshes2
[2.024s] -- Up-to-date: /home/yolo/Desktop/Ros2/Dofbot2/install/dofbot_description/share/dofbot_description/meshes2/cr5
[2.024s] -- Up-to-date: /home/yolo/Desktop/Ros2/Dofbot2/install/dofbot_description/share/dofbot_description/meshes2/cr5/left_knuckle.dae
[2.024s] -- Up-to-date: /home/yolo/Desktop/Ros2/Dofbot2/install/dofbot_description/share/dofbot_description/meshes2/cr5/left_inner_knuckle.dae
[2.025s] -- Up-to-date: /home/yolo/Desktop/Ros2/Dofbot2/install/dofbot_description/share/dofbot_description/meshes2/cr5/right_knuckle.dae
[2.026s] -- Up-to-date: /home/yolo/Desktop/Ros2/Dofbot2/install/dofbot_description/share/dofbot_description/meshes2/cr5/robotiq_base.stl
[2.027s] -- Up-to-date: /home/yolo/Desktop/Ros2/Dofbot2/install/dofbot_description/share/dofbot_description/meshes2/cr5/Link4.dae
[2.028s] -- Up-to-date: /home/yolo/Desktop/Ros2/Dofbot2/install/dofbot_description/share/dofbot_description/meshes2/cr5/robotiq_base.dae
[2.029s] -- Up-to-date: /home/yolo/Desktop/Ros2/Dofbot2/install/dofbot_description/share/dofbot_description/meshes2/cr5/Link3.dae
[2.029s] -- Up-to-date: /home/yolo/Desktop/Ros2/Dofbot2/install/dofbot_description/share/dofbot_description/meshes2/cr5/ur_to_robotiq_adapter.dae
[2.030s] -- Up-to-date: /home/yolo/Desktop/Ros2/Dofbot2/install/dofbot_description/share/dofbot_description/meshes2/cr5/right_finger_tip.dae
[2.030s] -- Up-to-date: /home/yolo/Desktop/Ros2/Dofbot2/install/dofbot_description/share/dofbot_description/meshes2/cr5/right_finger_tip.stl
[2.030s] -- Up-to-date: /home/yolo/Desktop/Ros2/Dofbot2/install/dofbot_description/share/dofbot_description/meshes2/cr5/ur_to_robotiq_adapter.stl
[2.030s] -- Up-to-date: /home/yolo/Desktop/Ros2/Dofbot2/install/dofbot_description/share/dofbot_description/meshes2/cr5/right_finger.dae
[2.030s] -- Up-to-date: /home/yolo/Desktop/Ros2/Dofbot2/install/dofbot_description/share/dofbot_description/meshes2/cr5/left_finger_tip.dae
[2.030s] -- Up-to-date: /home/yolo/Desktop/Ros2/Dofbot2/install/dofbot_description/share/dofbot_description/meshes2/cr5/base_link.dae
[2.031s] -- Up-to-date: /home/yolo/Desktop/Ros2/Dofbot2/install/dofbot_description/share/dofbot_description/meshes2/cr5/right_finger.stl
[2.031s] -- Up-to-date: /home/yolo/Desktop/Ros2/Dofbot2/install/dofbot_description/share/dofbot_description/meshes2/cr5/left_knuckle.stl
[2.031s] -- Up-to-date: /home/yolo/Desktop/Ros2/Dofbot2/install/dofbot_description/share/dofbot_description/meshes2/cr5/right_inner_knuckle.dae
[2.031s] -- Up-to-date: /home/yolo/Desktop/Ros2/Dofbot2/install/dofbot_description/share/dofbot_description/meshes2/cr5/Link6.dae
[2.031s] -- Up-to-date: /home/yolo/Desktop/Ros2/Dofbot2/install/dofbot_description/share/dofbot_description/meshes2/cr5/right_knuckle.stl
[2.031s] -- Up-to-date: /home/yolo/Desktop/Ros2/Dofbot2/install/dofbot_description/share/dofbot_description/meshes2/cr5/left_inner_knuckle.stl
[2.031s] -- Up-to-date: /home/yolo/Desktop/Ros2/Dofbot2/install/dofbot_description/share/dofbot_description/meshes2/cr5/right_inner_knuckle.stl
[2.031s] -- Up-to-date: /home/yolo/Desktop/Ros2/Dofbot2/install/dofbot_description/share/dofbot_description/meshes2/cr5/Link1.dae
[2.032s] -- Up-to-date: /home/yolo/Desktop/Ros2/Dofbot2/install/dofbot_description/share/dofbot_description/meshes2/cr5/Link2.dae
[2.032s] -- Up-to-date: /home/yolo/Desktop/Ros2/Dofbot2/install/dofbot_description/share/dofbot_description/meshes2/cr5/Link5.dae
[2.032s] -- Up-to-date: /home/yolo/Desktop/Ros2/Dofbot2/install/dofbot_description/share/dofbot_description/meshes2/cr5/left_finger.stl
[2.032s] -- Up-to-date: /home/yolo/Desktop/Ros2/Dofbot2/install/dofbot_description/share/dofbot_description/meshes2/cr5/left_finger_tip.stl
[2.032s] -- Up-to-date: /home/yolo/Desktop/Ros2/Dofbot2/install/dofbot_description/share/dofbot_description/meshes2/cr5/left_finger.dae
[2.032s] -- Up-to-date: /home/yolo/Desktop/Ros2/Dofbot2/install/dofbot_description/share/ament_index/resource_index/package_run_dependencies/dofbot_description
[2.032s] -- Up-to-date: /home/yolo/Desktop/Ros2/Dofbot2/install/dofbot_description/share/ament_index/resource_index/parent_prefix_path/dofbot_description
[2.032s] -- Up-to-date: /home/yolo/Desktop/Ros2/Dofbot2/install/dofbot_description/share/dofbot_description/environment/ament_prefix_path.sh
[2.032s] -- Up-to-date: /home/yolo/Desktop/Ros2/Dofbot2/install/dofbot_description/share/dofbot_description/environment/ament_prefix_path.dsv
[2.032s] -- Up-to-date: /home/yolo/Desktop/Ros2/Dofbot2/install/dofbot_description/share/dofbot_description/environment/path.sh
[2.032s] -- Up-to-date: /home/yolo/Desktop/Ros2/Dofbot2/install/dofbot_description/share/dofbot_description/environment/path.dsv
[2.032s] -- Up-to-date: /home/yolo/Desktop/Ros2/Dofbot2/install/dofbot_description/share/dofbot_description/local_setup.bash
[2.033s] -- Up-to-date: /home/yolo/Desktop/Ros2/Dofbot2/install/dofbot_description/share/dofbot_description/local_setup.sh
[2.033s] -- Up-to-date: /home/yolo/Desktop/Ros2/Dofbot2/install/dofbot_description/share/dofbot_description/local_setup.zsh
[2.033s] -- Up-to-date: /home/yolo/Desktop/Ros2/Dofbot2/install/dofbot_description/share/dofbot_description/local_setup.dsv
[2.033s] -- Installing: /home/yolo/Desktop/Ros2/Dofbot2/install/dofbot_description/share/dofbot_description/package.dsv
[2.034s] -- Up-to-date: /home/yolo/Desktop/Ros2/Dofbot2/install/dofbot_description/share/ament_index/resource_index/packages/dofbot_description
[2.034s] -- Up-to-date: /home/yolo/Desktop/Ros2/Dofbot2/install/dofbot_description/share/dofbot_description/cmake/dofbot_descriptionConfig.cmake
[2.034s] -- Up-to-date: /home/yolo/Desktop/Ros2/Dofbot2/install/dofbot_description/share/dofbot_description/cmake/dofbot_descriptionConfig-version.cmake
[2.035s] -- Up-to-date: /home/yolo/Desktop/Ros2/Dofbot2/install/dofbot_description/share/dofbot_description/package.xml
[2.036s] Invoked command in '/home/yolo/Desktop/Ros2/Dofbot2/build/dofbot_description' returned '0': CMAKE_PREFIX_PATH=${CMAKE_PREFIX_PATH}:/home/yolo/Desktop/Ros2/Dofbot2/install/record_dataset_cr5:/home/yolo/Desktop/Ros2/Dofbot2/install/openvla_ros_interface:/home/yolo/Desktop/Ros2/Dofbot2/install/dobot_teleop:/opt/ros/humble /home/yolo/.local/bin/cmake --install /home/yolo/Desktop/Ros2/Dofbot2/build/dofbot_description
