running egg_info
creating ../../build/openvla_ros_interface/openvla_ros_interface.egg-info
writing ../../build/openvla_ros_interface/openvla_ros_interface.egg-info/PKG-INFO
writing dependency_links to ../../build/openvla_ros_interface/openvla_ros_interface.egg-info/dependency_links.txt
writing entry points to ../../build/openvla_ros_interface/openvla_ros_interface.egg-info/entry_points.txt
writing requirements to ../../build/openvla_ros_interface/openvla_ros_interface.egg-info/requires.txt
writing top-level names to ../../build/openvla_ros_interface/openvla_ros_interface.egg-info/top_level.txt
writing manifest file '../../build/openvla_ros_interface/openvla_ros_interface.egg-info/SOURCES.txt'
reading manifest file '../../build/openvla_ros_interface/openvla_ros_interface.egg-info/SOURCES.txt'
writing manifest file '../../build/openvla_ros_interface/openvla_ros_interface.egg-info/SOURCES.txt'
running build
running build_py
creating /home/om/OpenVla_cr5/build/openvla_ros_interface/build
creating /home/om/OpenVla_cr5/build/openvla_ros_interface/build/lib
creating /home/om/OpenVla_cr5/build/openvla_ros_interface/build/lib/openvla_ros_interface
copying openvla_ros_interface/__init__.py -> /home/om/OpenVla_cr5/build/openvla_ros_interface/build/lib/openvla_ros_interface
copying openvla_ros_interface/openvla_ik.py -> /home/om/OpenVla_cr5/build/openvla_ros_interface/build/lib/openvla_ros_interface
running install
running install_lib
creating /home/om/OpenVla_cr5/install/openvla_ros_interface/lib/python3.10/site-packages/openvla_ros_interface
copying /home/om/OpenVla_cr5/build/openvla_ros_interface/build/lib/openvla_ros_interface/__init__.py -> /home/om/OpenVla_cr5/install/openvla_ros_interface/lib/python3.10/site-packages/openvla_ros_interface
copying /home/om/OpenVla_cr5/build/openvla_ros_interface/build/lib/openvla_ros_interface/openvla_ik.py -> /home/om/OpenVla_cr5/install/openvla_ros_interface/lib/python3.10/site-packages/openvla_ros_interface
byte-compiling /home/om/OpenVla_cr5/install/openvla_ros_interface/lib/python3.10/site-packages/openvla_ros_interface/__init__.py to __init__.cpython-310.pyc
byte-compiling /home/om/OpenVla_cr5/install/openvla_ros_interface/lib/python3.10/site-packages/openvla_ros_interface/openvla_ik.py to openvla_ik.cpython-310.pyc
running install_data
creating /home/om/OpenVla_cr5/install/openvla_ros_interface/share/ament_index
creating /home/om/OpenVla_cr5/install/openvla_ros_interface/share/ament_index/resource_index
creating /home/om/OpenVla_cr5/install/openvla_ros_interface/share/ament_index/resource_index/packages
copying resource/openvla_ros_interface -> /home/om/OpenVla_cr5/install/openvla_ros_interface/share/ament_index/resource_index/packages
copying package.xml -> /home/om/OpenVla_cr5/install/openvla_ros_interface/share/openvla_ros_interface
running install_egg_info
Copying ../../build/openvla_ros_interface/openvla_ros_interface.egg-info to /home/om/OpenVla_cr5/install/openvla_ros_interface/lib/python3.10/site-packages/openvla_ros_interface-0.0.0-py3.10.egg-info
running install_scripts
writing list of installed files to '/home/om/OpenVla_cr5/build/openvla_ros_interface/install.log'
