[1.097s] Invoking command in '/home/om/OpenVla_cr5/src/openvla_ros_interface': PYTHONPATH=/home/om/OpenVla_cr5/build/openvla_ros_interface/prefix_override:/usr/lib/python3/dist-packages/colcon_core/task/python/colcon_distutils_commands:/home/om/OpenVla_cr5/install/openvla_ros_interface/lib/python3.10/site-packages:${PYTHONPATH} /usr/bin/python3 -W ignore:setup.py install is deprecated -W ignore:easy_install command is deprecated setup.py egg_info --egg-base ../../build/openvla_ros_interface build --build-base /home/om/OpenVla_cr5/build/openvla_ros_interface/build install --record /home/om/OpenVla_cr5/build/openvla_ros_interface/install.log --single-version-externally-managed install_data
[1.400s] running egg_info
[1.401s] creating ../../build/openvla_ros_interface/openvla_ros_interface.egg-info
[1.401s] writing ../../build/openvla_ros_interface/openvla_ros_interface.egg-info/PKG-INFO
[1.402s] writing dependency_links to ../../build/openvla_ros_interface/openvla_ros_interface.egg-info/dependency_links.txt
[1.402s] writing entry points to ../../build/openvla_ros_interface/openvla_ros_interface.egg-info/entry_points.txt
[1.402s] writing requirements to ../../build/openvla_ros_interface/openvla_ros_interface.egg-info/requires.txt
[1.402s] writing top-level names to ../../build/openvla_ros_interface/openvla_ros_interface.egg-info/top_level.txt
[1.402s] writing manifest file '../../build/openvla_ros_interface/openvla_ros_interface.egg-info/SOURCES.txt'
[1.404s] reading manifest file '../../build/openvla_ros_interface/openvla_ros_interface.egg-info/SOURCES.txt'
[1.405s] writing manifest file '../../build/openvla_ros_interface/openvla_ros_interface.egg-info/SOURCES.txt'
[1.405s] running build
[1.405s] running build_py
[1.405s] creating /home/om/OpenVla_cr5/build/openvla_ros_interface/build
[1.406s] creating /home/om/OpenVla_cr5/build/openvla_ros_interface/build/lib
[1.406s] creating /home/om/OpenVla_cr5/build/openvla_ros_interface/build/lib/openvla_ros_interface
[1.406s] copying openvla_ros_interface/__init__.py -> /home/om/OpenVla_cr5/build/openvla_ros_interface/build/lib/openvla_ros_interface
[1.406s] copying openvla_ros_interface/openvla_ik.py -> /home/om/OpenVla_cr5/build/openvla_ros_interface/build/lib/openvla_ros_interface
[1.413s] running install
[1.414s] running install_lib
[1.415s] creating /home/om/OpenVla_cr5/install/openvla_ros_interface/lib/python3.10/site-packages/openvla_ros_interface
[1.415s] copying /home/om/OpenVla_cr5/build/openvla_ros_interface/build/lib/openvla_ros_interface/__init__.py -> /home/om/OpenVla_cr5/install/openvla_ros_interface/lib/python3.10/site-packages/openvla_ros_interface
[1.416s] copying /home/om/OpenVla_cr5/build/openvla_ros_interface/build/lib/openvla_ros_interface/openvla_ik.py -> /home/om/OpenVla_cr5/install/openvla_ros_interface/lib/python3.10/site-packages/openvla_ros_interface
[1.416s] byte-compiling /home/om/OpenVla_cr5/install/openvla_ros_interface/lib/python3.10/site-packages/openvla_ros_interface/__init__.py to __init__.cpython-310.pyc
[1.416s] byte-compiling /home/om/OpenVla_cr5/install/openvla_ros_interface/lib/python3.10/site-packages/openvla_ros_interface/openvla_ik.py to openvla_ik.cpython-310.pyc
[1.418s] running install_data
[1.418s] creating /home/om/OpenVla_cr5/install/openvla_ros_interface/share/ament_index
[1.419s] creating /home/om/OpenVla_cr5/install/openvla_ros_interface/share/ament_index/resource_index
[1.419s] creating /home/om/OpenVla_cr5/install/openvla_ros_interface/share/ament_index/resource_index/packages
[1.419s] copying resource/openvla_ros_interface -> /home/om/OpenVla_cr5/install/openvla_ros_interface/share/ament_index/resource_index/packages
[1.419s] copying package.xml -> /home/om/OpenVla_cr5/install/openvla_ros_interface/share/openvla_ros_interface
[1.419s] running install_egg_info
[1.421s] Copying ../../build/openvla_ros_interface/openvla_ros_interface.egg-info to /home/om/OpenVla_cr5/install/openvla_ros_interface/lib/python3.10/site-packages/openvla_ros_interface-0.0.0-py3.10.egg-info
[1.422s] running install_scripts
[1.447s] writing list of installed files to '/home/om/OpenVla_cr5/build/openvla_ros_interface/install.log'
[1.498s] Invoked command in '/home/om/OpenVla_cr5/src/openvla_ros_interface' returned '0': PYTHONPATH=/home/om/OpenVla_cr5/build/openvla_ros_interface/prefix_override:/usr/lib/python3/dist-packages/colcon_core/task/python/colcon_distutils_commands:/home/om/OpenVla_cr5/install/openvla_ros_interface/lib/python3.10/site-packages:${PYTHONPATH} /usr/bin/python3 -W ignore:setup.py install is deprecated -W ignore:easy_install command is deprecated setup.py egg_info --egg-base ../../build/openvla_ros_interface build --build-base /home/om/OpenVla_cr5/build/openvla_ros_interface/build install --record /home/om/OpenVla_cr5/build/openvla_ros_interface/install.log --single-version-externally-managed install_data
