[0.100s] DEBUG:colcon:Command line arguments: ['/usr/bin/colcon', 'build']
[0.100s] DEBUG:colcon:Parsed command line arguments: Namespace(log_base=None, log_level=None, verb_name='build', build_base='build', install_base='install', merge_install=False, symlink_install=False, test_result_base=None, continue_on_error=False, executor='parallel', parallel_workers=8, event_handlers=None, ignore_user_meta=False, metas=['./colcon.meta'], base_paths=['.'], packages_ignore=None, packages_ignore_regex=None, paths=None, packages_up_to=None, packages_up_to_regex=None, packages_above=None, packages_above_and_dependencies=None, packages_above_depth=None, packages_select_by_dep=None, packages_skip_by_dep=None, packages_skip_up_to=None, packages_select_build_failed=False, packages_skip_build_finished=False, packages_select_test_failures=False, packages_skip_test_passed=False, packages_select=None, packages_skip=None, packages_select_regex=None, packages_skip_regex=None, packages_start=None, packages_end=None, allow_overriding=[], cmake_args=None, cmake_target=None, cmake_target_skip_unavailable=False, cmake_clean_cache=False, cmake_clean_first=False, cmake_force_configure=False, ament_cmake_args=None, catkin_cmake_args=None, catkin_skip_building_tests=False, verb_parser=<colcon_defaults.argument_parser.defaults.DefaultArgumentsDecorator object at 0x7d8d6821ad40>, verb_extension=<colcon_core.verb.build.BuildVerb object at 0x7d8d683ac790>, main=<bound method BuildVerb.main of <colcon_core.verb.build.BuildVerb object at 0x7d8d683ac790>>)
[0.275s] Level 1:colcon.colcon_core.package_discovery:discover_packages(colcon_meta) check parameters
[0.275s] Level 1:colcon.colcon_core.package_discovery:discover_packages(recursive) check parameters
[0.275s] Level 1:colcon.colcon_core.package_discovery:discover_packages(ignore) check parameters
[0.275s] Level 1:colcon.colcon_core.package_discovery:discover_packages(path) check parameters
[0.275s] Level 1:colcon.colcon_core.package_discovery:discover_packages(colcon_meta) discover
[0.275s] Level 1:colcon.colcon_core.package_discovery:discover_packages(recursive) discover
[0.275s] INFO:colcon.colcon_core.package_discovery:Crawling recursively for packages in '/home/om/OpenVla_cr5'
[0.276s] Level 1:colcon.colcon_core.package_identification:_identify(.) by extensions ['ignore', 'ignore_ament_install']
[0.276s] Level 1:colcon.colcon_core.package_identification:_identify(.) by extension 'ignore'
[0.276s] Level 1:colcon.colcon_core.package_identification:_identify(.) by extension 'ignore_ament_install'
[0.276s] Level 1:colcon.colcon_core.package_identification:_identify(.) by extensions ['colcon_pkg']
[0.276s] Level 1:colcon.colcon_core.package_identification:_identify(.) by extension 'colcon_pkg'
[0.276s] Level 1:colcon.colcon_core.package_identification:_identify(.) by extensions ['colcon_meta']
[0.276s] Level 1:colcon.colcon_core.package_identification:_identify(.) by extension 'colcon_meta'
[0.276s] Level 1:colcon.colcon_core.package_identification:_identify(.) by extensions ['ros']
[0.276s] Level 1:colcon.colcon_core.package_identification:_identify(.) by extension 'ros'
[0.287s] Level 1:colcon.colcon_core.package_identification:_identify(.) by extensions ['cmake', 'python']
[0.287s] Level 1:colcon.colcon_core.package_identification:_identify(.) by extension 'cmake'
[0.287s] Level 1:colcon.colcon_core.package_identification:_identify(.) by extension 'python'
[0.287s] Level 1:colcon.colcon_core.package_identification:_identify(.) by extensions ['python_setup_py']
[0.287s] Level 1:colcon.colcon_core.package_identification:_identify(.) by extension 'python_setup_py'
[0.287s] Level 1:colcon.colcon_core.package_identification:_identify(build) by extensions ['ignore', 'ignore_ament_install']
[0.287s] Level 1:colcon.colcon_core.package_identification:_identify(build) by extension 'ignore'
[0.287s] Level 1:colcon.colcon_core.package_identification:_identify(build) ignored
[0.287s] Level 1:colcon.colcon_core.package_identification:_identify(install) by extensions ['ignore', 'ignore_ament_install']
[0.287s] Level 1:colcon.colcon_core.package_identification:_identify(install) by extension 'ignore'
[0.287s] Level 1:colcon.colcon_core.package_identification:_identify(install) ignored
[0.287s] Level 1:colcon.colcon_core.package_identification:_identify(log) by extensions ['ignore', 'ignore_ament_install']
[0.287s] Level 1:colcon.colcon_core.package_identification:_identify(log) by extension 'ignore'
[0.288s] Level 1:colcon.colcon_core.package_identification:_identify(log) ignored
[0.288s] Level 1:colcon.colcon_core.package_identification:_identify(src) by extensions ['ignore', 'ignore_ament_install']
[0.288s] Level 1:colcon.colcon_core.package_identification:_identify(src) by extension 'ignore'
[0.288s] Level 1:colcon.colcon_core.package_identification:_identify(src) by extension 'ignore_ament_install'
[0.288s] Level 1:colcon.colcon_core.package_identification:_identify(src) by extensions ['colcon_pkg']
[0.288s] Level 1:colcon.colcon_core.package_identification:_identify(src) by extension 'colcon_pkg'
[0.288s] Level 1:colcon.colcon_core.package_identification:_identify(src) by extensions ['colcon_meta']
[0.288s] Level 1:colcon.colcon_core.package_identification:_identify(src) by extension 'colcon_meta'
[0.288s] Level 1:colcon.colcon_core.package_identification:_identify(src) by extensions ['ros']
[0.288s] Level 1:colcon.colcon_core.package_identification:_identify(src) by extension 'ros'
[0.288s] Level 1:colcon.colcon_core.package_identification:_identify(src) by extensions ['cmake', 'python']
[0.288s] Level 1:colcon.colcon_core.package_identification:_identify(src) by extension 'cmake'
[0.288s] Level 1:colcon.colcon_core.package_identification:_identify(src) by extension 'python'
[0.288s] Level 1:colcon.colcon_core.package_identification:_identify(src) by extensions ['python_setup_py']
[0.288s] Level 1:colcon.colcon_core.package_identification:_identify(src) by extension 'python_setup_py'
[0.288s] Level 1:colcon.colcon_core.package_identification:_identify(src/dofbot_description) by extensions ['ignore', 'ignore_ament_install']
[0.288s] Level 1:colcon.colcon_core.package_identification:_identify(src/dofbot_description) by extension 'ignore'
[0.288s] Level 1:colcon.colcon_core.package_identification:_identify(src/dofbot_description) by extension 'ignore_ament_install'
[0.288s] Level 1:colcon.colcon_core.package_identification:_identify(src/dofbot_description) by extensions ['colcon_pkg']
[0.288s] Level 1:colcon.colcon_core.package_identification:_identify(src/dofbot_description) by extension 'colcon_pkg'
[0.288s] Level 1:colcon.colcon_core.package_identification:_identify(src/dofbot_description) by extensions ['colcon_meta']
[0.288s] Level 1:colcon.colcon_core.package_identification:_identify(src/dofbot_description) by extension 'colcon_meta'
[0.288s] Level 1:colcon.colcon_core.package_identification:_identify(src/dofbot_description) by extensions ['ros']
[0.288s] Level 1:colcon.colcon_core.package_identification:_identify(src/dofbot_description) by extension 'ros'
[0.302s] DEBUG:colcon.colcon_core.package_identification:Package 'src/dofbot_description' with type 'ros.ament_cmake' and name 'dofbot_description'
[0.302s] Level 1:colcon.colcon_core.package_identification:_identify(src/dofbot_moveit) by extensions ['ignore', 'ignore_ament_install']
[0.302s] Level 1:colcon.colcon_core.package_identification:_identify(src/dofbot_moveit) by extension 'ignore'
[0.303s] Level 1:colcon.colcon_core.package_identification:_identify(src/dofbot_moveit) by extension 'ignore_ament_install'
[0.303s] Level 1:colcon.colcon_core.package_identification:_identify(src/dofbot_moveit) by extensions ['colcon_pkg']
[0.303s] Level 1:colcon.colcon_core.package_identification:_identify(src/dofbot_moveit) by extension 'colcon_pkg'
[0.303s] Level 1:colcon.colcon_core.package_identification:_identify(src/dofbot_moveit) by extensions ['colcon_meta']
[0.303s] Level 1:colcon.colcon_core.package_identification:_identify(src/dofbot_moveit) by extension 'colcon_meta'
[0.303s] Level 1:colcon.colcon_core.package_identification:_identify(src/dofbot_moveit) by extensions ['ros']
[0.303s] Level 1:colcon.colcon_core.package_identification:_identify(src/dofbot_moveit) by extension 'ros'
[0.303s] DEBUG:colcon.colcon_core.package_identification:Package 'src/dofbot_moveit' with type 'ros.ament_cmake' and name 'dofbot_moveit'
[0.303s] Level 1:colcon.colcon_core.package_discovery:discover_packages(recursive) using defaults
[0.303s] Level 1:colcon.colcon_core.package_discovery:discover_packages(ignore) discover
[0.303s] Level 1:colcon.colcon_core.package_discovery:discover_packages(ignore) using defaults
[0.303s] Level 1:colcon.colcon_core.package_discovery:discover_packages(path) discover
[0.303s] Level 1:colcon.colcon_core.package_discovery:discover_packages(path) using defaults
[0.321s] Level 1:colcon.colcon_core.package_discovery:discover_packages(prefix_path) check parameters
[0.321s] Level 1:colcon.colcon_core.package_discovery:discover_packages(prefix_path) discover
[0.323s] DEBUG:colcon.colcon_installed_package_information.package_discovery:Found 12 installed packages in /home/om/dobot_ws/install
[0.325s] DEBUG:colcon.colcon_installed_package_information.package_discovery:Found 461 installed packages in /opt/ros/humble
[0.327s] Level 1:colcon.colcon_core.package_discovery:discover_packages(prefix_path) using defaults
[0.376s] Level 5:colcon.colcon_core.verb:set package 'dofbot_description' build argument 'cmake_args' from command line to 'None'
[0.376s] Level 5:colcon.colcon_core.verb:set package 'dofbot_description' build argument 'cmake_target' from command line to 'None'
[0.376s] Level 5:colcon.colcon_core.verb:set package 'dofbot_description' build argument 'cmake_target_skip_unavailable' from command line to 'False'
[0.376s] Level 5:colcon.colcon_core.verb:set package 'dofbot_description' build argument 'cmake_clean_cache' from command line to 'False'
[0.376s] Level 5:colcon.colcon_core.verb:set package 'dofbot_description' build argument 'cmake_clean_first' from command line to 'False'
[0.376s] Level 5:colcon.colcon_core.verb:set package 'dofbot_description' build argument 'cmake_force_configure' from command line to 'False'
[0.376s] Level 5:colcon.colcon_core.verb:set package 'dofbot_description' build argument 'ament_cmake_args' from command line to 'None'
[0.376s] Level 5:colcon.colcon_core.verb:set package 'dofbot_description' build argument 'catkin_cmake_args' from command line to 'None'
[0.376s] Level 5:colcon.colcon_core.verb:set package 'dofbot_description' build argument 'catkin_skip_building_tests' from command line to 'False'
[0.376s] DEBUG:colcon.colcon_core.verb:Building package 'dofbot_description' with the following arguments: {'ament_cmake_args': None, 'build_base': '/home/om/OpenVla_cr5/build/dofbot_description', 'catkin_cmake_args': None, 'catkin_skip_building_tests': False, 'cmake_args': None, 'cmake_clean_cache': False, 'cmake_clean_first': False, 'cmake_force_configure': False, 'cmake_target': None, 'cmake_target_skip_unavailable': False, 'install_base': '/home/om/OpenVla_cr5/install/dofbot_description', 'merge_install': False, 'path': '/home/om/OpenVla_cr5/src/dofbot_description', 'symlink_install': False, 'test_result_base': None}
[0.377s] Level 5:colcon.colcon_core.verb:set package 'dofbot_moveit' build argument 'cmake_args' from command line to 'None'
[0.377s] Level 5:colcon.colcon_core.verb:set package 'dofbot_moveit' build argument 'cmake_target' from command line to 'None'
[0.377s] Level 5:colcon.colcon_core.verb:set package 'dofbot_moveit' build argument 'cmake_target_skip_unavailable' from command line to 'False'
[0.377s] Level 5:colcon.colcon_core.verb:set package 'dofbot_moveit' build argument 'cmake_clean_cache' from command line to 'False'
[0.377s] Level 5:colcon.colcon_core.verb:set package 'dofbot_moveit' build argument 'cmake_clean_first' from command line to 'False'
[0.377s] Level 5:colcon.colcon_core.verb:set package 'dofbot_moveit' build argument 'cmake_force_configure' from command line to 'False'
[0.377s] Level 5:colcon.colcon_core.verb:set package 'dofbot_moveit' build argument 'ament_cmake_args' from command line to 'None'
[0.377s] Level 5:colcon.colcon_core.verb:set package 'dofbot_moveit' build argument 'catkin_cmake_args' from command line to 'None'
[0.377s] Level 5:colcon.colcon_core.verb:set package 'dofbot_moveit' build argument 'catkin_skip_building_tests' from command line to 'False'
[0.377s] DEBUG:colcon.colcon_core.verb:Building package 'dofbot_moveit' with the following arguments: {'ament_cmake_args': None, 'build_base': '/home/om/OpenVla_cr5/build/dofbot_moveit', 'catkin_cmake_args': None, 'catkin_skip_building_tests': False, 'cmake_args': None, 'cmake_clean_cache': False, 'cmake_clean_first': False, 'cmake_force_configure': False, 'cmake_target': None, 'cmake_target_skip_unavailable': False, 'install_base': '/home/om/OpenVla_cr5/install/dofbot_moveit', 'merge_install': False, 'path': '/home/om/OpenVla_cr5/src/dofbot_moveit', 'symlink_install': False, 'test_result_base': None}
[0.377s] INFO:colcon.colcon_core.executor:Executing jobs using 'parallel' executor
[0.378s] DEBUG:colcon.colcon_parallel_executor.executor.parallel:run_until_complete
[0.378s] INFO:colcon.colcon_ros.task.ament_cmake.build:Building ROS package in '/home/om/OpenVla_cr5/src/dofbot_description' with build type 'ament_cmake'
[0.378s] INFO:colcon.colcon_cmake.task.cmake.build:Building CMake package in '/home/om/OpenVla_cr5/src/dofbot_description'
[0.380s] INFO:colcon.colcon_core.plugin_system:Skipping extension 'colcon_core.shell.bat': Not used on non-Windows systems
[0.380s] INFO:colcon.colcon_core.shell:Skip shell extension 'powershell' for command environment: Not usable outside of PowerShell
[0.381s] DEBUG:colcon.colcon_core.shell:Skip shell extension 'dsv' for command environment
[0.385s] INFO:colcon.colcon_ros.task.ament_cmake.build:Building ROS package in '/home/om/OpenVla_cr5/src/dofbot_moveit' with build type 'ament_cmake'
[0.385s] INFO:colcon.colcon_cmake.task.cmake.build:Building CMake package in '/home/om/OpenVla_cr5/src/dofbot_moveit'
[0.385s] INFO:colcon.colcon_core.shell:Skip shell extension 'powershell' for command environment: Not usable outside of PowerShell
[0.385s] DEBUG:colcon.colcon_core.shell:Skip shell extension 'dsv' for command environment
[0.393s] DEBUG:colcon.colcon_core.event_handler.log_command:Invoking command in '/home/om/OpenVla_cr5/build/dofbot_description': CMAKE_PREFIX_PATH=${CMAKE_PREFIX_PATH}:/home/om/dobot_ws/install/servo_action:/home/om/dobot_ws/install/dobot_moveit:/home/om/dobot_ws/install/dobot_demo:/opt/ros/humble /usr/bin/cmake /home/om/OpenVla_cr5/src/dofbot_description -DCMAKE_INSTALL_PREFIX=/home/om/OpenVla_cr5/install/dofbot_description
[0.397s] DEBUG:colcon.colcon_core.event_handler.log_command:Invoking command in '/home/om/OpenVla_cr5/build/dofbot_moveit': CMAKE_PREFIX_PATH=${CMAKE_PREFIX_PATH}:/home/om/dobot_ws/install/servo_action:/home/om/dobot_ws/install/dobot_moveit:/home/om/dobot_ws/install/dobot_demo:/opt/ros/humble /usr/bin/cmake /home/om/OpenVla_cr5/src/dofbot_moveit -DCMAKE_INSTALL_PREFIX=/home/om/OpenVla_cr5/install/dofbot_moveit
[1.035s] DEBUG:colcon.colcon_core.event_handler.log_command:Invoked command in '/home/om/OpenVla_cr5/build/dofbot_moveit' returned '0': CMAKE_PREFIX_PATH=${CMAKE_PREFIX_PATH}:/home/om/dobot_ws/install/servo_action:/home/om/dobot_ws/install/dobot_moveit:/home/om/dobot_ws/install/dobot_demo:/opt/ros/humble /usr/bin/cmake /home/om/OpenVla_cr5/src/dofbot_moveit -DCMAKE_INSTALL_PREFIX=/home/om/OpenVla_cr5/install/dofbot_moveit
[1.037s] DEBUG:colcon.colcon_core.event_handler.log_command:Invoking command in '/home/om/OpenVla_cr5/build/dofbot_moveit': CMAKE_PREFIX_PATH=${CMAKE_PREFIX_PATH}:/home/om/dobot_ws/install/servo_action:/home/om/dobot_ws/install/dobot_moveit:/home/om/dobot_ws/install/dobot_demo:/opt/ros/humble /usr/bin/cmake --build /home/om/OpenVla_cr5/build/dofbot_moveit -- -j8 -l8
[1.039s] DEBUG:colcon.colcon_core.event_handler.log_command:Invoked command in '/home/om/OpenVla_cr5/build/dofbot_description' returned '0': CMAKE_PREFIX_PATH=${CMAKE_PREFIX_PATH}:/home/om/dobot_ws/install/servo_action:/home/om/dobot_ws/install/dobot_moveit:/home/om/dobot_ws/install/dobot_demo:/opt/ros/humble /usr/bin/cmake /home/om/OpenVla_cr5/src/dofbot_description -DCMAKE_INSTALL_PREFIX=/home/om/OpenVla_cr5/install/dofbot_description
[1.040s] DEBUG:colcon.colcon_core.event_handler.log_command:Invoking command in '/home/om/OpenVla_cr5/build/dofbot_description': CMAKE_PREFIX_PATH=${CMAKE_PREFIX_PATH}:/home/om/dobot_ws/install/servo_action:/home/om/dobot_ws/install/dobot_moveit:/home/om/dobot_ws/install/dobot_demo:/opt/ros/humble /usr/bin/cmake --build /home/om/OpenVla_cr5/build/dofbot_description -- -j8 -l8
[1.073s] DEBUG:colcon.colcon_core.event_handler.log_command:Invoked command in '/home/om/OpenVla_cr5/build/dofbot_description' returned '0': CMAKE_PREFIX_PATH=${CMAKE_PREFIX_PATH}:/home/om/dobot_ws/install/servo_action:/home/om/dobot_ws/install/dobot_moveit:/home/om/dobot_ws/install/dobot_demo:/opt/ros/humble /usr/bin/cmake --build /home/om/OpenVla_cr5/build/dofbot_description -- -j8 -l8
[1.083s] DEBUG:colcon.colcon_core.event_handler.log_command:Invoking command in '/home/om/OpenVla_cr5/build/dofbot_description': CMAKE_PREFIX_PATH=${CMAKE_PREFIX_PATH}:/home/om/dobot_ws/install/servo_action:/home/om/dobot_ws/install/dobot_moveit:/home/om/dobot_ws/install/dobot_demo:/opt/ros/humble /usr/bin/cmake --install /home/om/OpenVla_cr5/build/dofbot_description
[1.083s] DEBUG:colcon.colcon_core.event_handler.log_command:Invoked command in '/home/om/OpenVla_cr5/build/dofbot_moveit' returned '0': CMAKE_PREFIX_PATH=${CMAKE_PREFIX_PATH}:/home/om/dobot_ws/install/servo_action:/home/om/dobot_ws/install/dobot_moveit:/home/om/dobot_ws/install/dobot_demo:/opt/ros/humble /usr/bin/cmake --build /home/om/OpenVla_cr5/build/dofbot_moveit -- -j8 -l8
[1.085s] DEBUG:colcon.colcon_core.event_handler.log_command:Invoking command in '/home/om/OpenVla_cr5/build/dofbot_moveit': CMAKE_PREFIX_PATH=${CMAKE_PREFIX_PATH}:/home/om/dobot_ws/install/servo_action:/home/om/dobot_ws/install/dobot_moveit:/home/om/dobot_ws/install/dobot_demo:/opt/ros/humble /usr/bin/cmake --install /home/om/OpenVla_cr5/build/dofbot_moveit
[1.095s] Level 1:colcon.colcon_core.environment:create_environment_scripts_only(dofbot_moveit)
[1.096s] DEBUG:colcon.colcon_core.event_handler.log_command:Invoked command in '/home/om/OpenVla_cr5/build/dofbot_moveit' returned '0': CMAKE_PREFIX_PATH=${CMAKE_PREFIX_PATH}:/home/om/dobot_ws/install/servo_action:/home/om/dobot_ws/install/dobot_moveit:/home/om/dobot_ws/install/dobot_demo:/opt/ros/humble /usr/bin/cmake --install /home/om/OpenVla_cr5/build/dofbot_moveit
[1.098s] Level 1:colcon.colcon_core.environment:checking '/home/om/OpenVla_cr5/install/dofbot_moveit' for CMake module files
[1.098s] Level 1:colcon.colcon_core.environment:checking '/home/om/OpenVla_cr5/install/dofbot_moveit' for CMake config files
[1.098s] Level 1:colcon.colcon_core.shell:create_environment_hook('dofbot_moveit', 'cmake_prefix_path')
[1.098s] INFO:colcon.colcon_core.shell:Creating environment hook '/home/om/OpenVla_cr5/install/dofbot_moveit/share/dofbot_moveit/hook/cmake_prefix_path.ps1'
[1.099s] INFO:colcon.colcon_core.shell:Creating environment descriptor '/home/om/OpenVla_cr5/install/dofbot_moveit/share/dofbot_moveit/hook/cmake_prefix_path.dsv'
[1.099s] INFO:colcon.colcon_core.shell:Creating environment hook '/home/om/OpenVla_cr5/install/dofbot_moveit/share/dofbot_moveit/hook/cmake_prefix_path.sh'
[1.100s] Level 1:colcon.colcon_core.environment:checking '/home/om/OpenVla_cr5/install/dofbot_moveit/bin'
[1.100s] Level 1:colcon.colcon_core.environment:checking '/home/om/OpenVla_cr5/install/dofbot_moveit/lib/pkgconfig/dofbot_moveit.pc'
[1.100s] Level 1:colcon.colcon_core.environment:checking '/home/om/OpenVla_cr5/install/dofbot_moveit/lib/python3.10/site-packages'
[1.100s] Level 1:colcon.colcon_core.environment:checking '/home/om/OpenVla_cr5/install/dofbot_moveit/bin'
[1.100s] INFO:colcon.colcon_core.shell:Creating package script '/home/om/OpenVla_cr5/install/dofbot_moveit/share/dofbot_moveit/package.ps1'
[1.101s] INFO:colcon.colcon_core.shell:Creating package descriptor '/home/om/OpenVla_cr5/install/dofbot_moveit/share/dofbot_moveit/package.dsv'
[1.102s] INFO:colcon.colcon_core.shell:Creating package script '/home/om/OpenVla_cr5/install/dofbot_moveit/share/dofbot_moveit/package.sh'
[1.102s] INFO:colcon.colcon_core.shell:Creating package script '/home/om/OpenVla_cr5/install/dofbot_moveit/share/dofbot_moveit/package.bash'
[1.103s] INFO:colcon.colcon_core.shell:Creating package script '/home/om/OpenVla_cr5/install/dofbot_moveit/share/dofbot_moveit/package.zsh'
[1.103s] Level 1:colcon.colcon_core.environment:create_file_with_runtime_dependencies(/home/om/OpenVla_cr5/install/dofbot_moveit/share/colcon-core/packages/dofbot_moveit)
[1.104s] Level 1:colcon.colcon_core.environment:create_environment_scripts_only(dofbot_moveit)
[1.104s] Level 1:colcon.colcon_core.environment:checking '/home/om/OpenVla_cr5/install/dofbot_moveit' for CMake module files
[1.104s] Level 1:colcon.colcon_core.environment:checking '/home/om/OpenVla_cr5/install/dofbot_moveit' for CMake config files
[1.104s] Level 1:colcon.colcon_core.shell:create_environment_hook('dofbot_moveit', 'cmake_prefix_path')
[1.105s] INFO:colcon.colcon_core.shell:Creating environment hook '/home/om/OpenVla_cr5/install/dofbot_moveit/share/dofbot_moveit/hook/cmake_prefix_path.ps1'
[1.105s] INFO:colcon.colcon_core.shell:Creating environment descriptor '/home/om/OpenVla_cr5/install/dofbot_moveit/share/dofbot_moveit/hook/cmake_prefix_path.dsv'
[1.105s] INFO:colcon.colcon_core.shell:Creating environment hook '/home/om/OpenVla_cr5/install/dofbot_moveit/share/dofbot_moveit/hook/cmake_prefix_path.sh'
[1.106s] Level 1:colcon.colcon_core.environment:checking '/home/om/OpenVla_cr5/install/dofbot_moveit/bin'
[1.106s] Level 1:colcon.colcon_core.environment:checking '/home/om/OpenVla_cr5/install/dofbot_moveit/lib/pkgconfig/dofbot_moveit.pc'
[1.106s] Level 1:colcon.colcon_core.environment:checking '/home/om/OpenVla_cr5/install/dofbot_moveit/lib/python3.10/site-packages'
[1.106s] Level 1:colcon.colcon_core.environment:checking '/home/om/OpenVla_cr5/install/dofbot_moveit/bin'
[1.106s] INFO:colcon.colcon_core.shell:Creating package script '/home/om/OpenVla_cr5/install/dofbot_moveit/share/dofbot_moveit/package.ps1'
[1.107s] INFO:colcon.colcon_core.shell:Creating package descriptor '/home/om/OpenVla_cr5/install/dofbot_moveit/share/dofbot_moveit/package.dsv'
[1.107s] INFO:colcon.colcon_core.shell:Creating package script '/home/om/OpenVla_cr5/install/dofbot_moveit/share/dofbot_moveit/package.sh'
[1.108s] INFO:colcon.colcon_core.shell:Creating package script '/home/om/OpenVla_cr5/install/dofbot_moveit/share/dofbot_moveit/package.bash'
[1.108s] INFO:colcon.colcon_core.shell:Creating package script '/home/om/OpenVla_cr5/install/dofbot_moveit/share/dofbot_moveit/package.zsh'
[1.108s] Level 1:colcon.colcon_core.environment:create_file_with_runtime_dependencies(/home/om/OpenVla_cr5/install/dofbot_moveit/share/colcon-core/packages/dofbot_moveit)
[1.109s] Level 1:colcon.colcon_core.environment:create_environment_scripts_only(dofbot_description)
[1.110s] Level 1:colcon.colcon_core.environment:checking '/home/om/OpenVla_cr5/install/dofbot_description' for CMake module files
[1.110s] DEBUG:colcon.colcon_core.event_handler.log_command:Invoked command in '/home/om/OpenVla_cr5/build/dofbot_description' returned '0': CMAKE_PREFIX_PATH=${CMAKE_PREFIX_PATH}:/home/om/dobot_ws/install/servo_action:/home/om/dobot_ws/install/dobot_moveit:/home/om/dobot_ws/install/dobot_demo:/opt/ros/humble /usr/bin/cmake --install /home/om/OpenVla_cr5/build/dofbot_description
[1.110s] Level 1:colcon.colcon_core.environment:checking '/home/om/OpenVla_cr5/install/dofbot_description' for CMake config files
[1.111s] Level 1:colcon.colcon_core.shell:create_environment_hook('dofbot_description', 'cmake_prefix_path')
[1.111s] INFO:colcon.colcon_core.shell:Creating environment hook '/home/om/OpenVla_cr5/install/dofbot_description/share/dofbot_description/hook/cmake_prefix_path.ps1'
[1.111s] INFO:colcon.colcon_core.shell:Creating environment descriptor '/home/om/OpenVla_cr5/install/dofbot_description/share/dofbot_description/hook/cmake_prefix_path.dsv'
[1.111s] INFO:colcon.colcon_core.shell:Creating environment hook '/home/om/OpenVla_cr5/install/dofbot_description/share/dofbot_description/hook/cmake_prefix_path.sh'
[1.112s] Level 1:colcon.colcon_core.environment:checking '/home/om/OpenVla_cr5/install/dofbot_description/bin'
[1.112s] Level 1:colcon.colcon_core.environment:checking '/home/om/OpenVla_cr5/install/dofbot_description/lib/pkgconfig/dofbot_description.pc'
[1.112s] Level 1:colcon.colcon_core.environment:checking '/home/om/OpenVla_cr5/install/dofbot_description/lib/python3.10/site-packages'
[1.112s] Level 1:colcon.colcon_core.environment:checking '/home/om/OpenVla_cr5/install/dofbot_description/bin'
[1.112s] INFO:colcon.colcon_core.shell:Creating package script '/home/om/OpenVla_cr5/install/dofbot_description/share/dofbot_description/package.ps1'
[1.113s] INFO:colcon.colcon_core.shell:Creating package descriptor '/home/om/OpenVla_cr5/install/dofbot_description/share/dofbot_description/package.dsv'
[1.113s] INFO:colcon.colcon_core.shell:Creating package script '/home/om/OpenVla_cr5/install/dofbot_description/share/dofbot_description/package.sh'
[1.113s] INFO:colcon.colcon_core.shell:Creating package script '/home/om/OpenVla_cr5/install/dofbot_description/share/dofbot_description/package.bash'
[1.114s] INFO:colcon.colcon_core.shell:Creating package script '/home/om/OpenVla_cr5/install/dofbot_description/share/dofbot_description/package.zsh'
[1.114s] Level 1:colcon.colcon_core.environment:create_file_with_runtime_dependencies(/home/om/OpenVla_cr5/install/dofbot_description/share/colcon-core/packages/dofbot_description)
[1.114s] Level 1:colcon.colcon_core.environment:create_environment_scripts_only(dofbot_description)
[1.115s] Level 1:colcon.colcon_core.environment:checking '/home/om/OpenVla_cr5/install/dofbot_description' for CMake module files
[1.115s] Level 1:colcon.colcon_core.environment:checking '/home/om/OpenVla_cr5/install/dofbot_description' for CMake config files
[1.115s] Level 1:colcon.colcon_core.shell:create_environment_hook('dofbot_description', 'cmake_prefix_path')
[1.115s] INFO:colcon.colcon_core.shell:Creating environment hook '/home/om/OpenVla_cr5/install/dofbot_description/share/dofbot_description/hook/cmake_prefix_path.ps1'
[1.115s] INFO:colcon.colcon_core.shell:Creating environment descriptor '/home/om/OpenVla_cr5/install/dofbot_description/share/dofbot_description/hook/cmake_prefix_path.dsv'
[1.116s] INFO:colcon.colcon_core.shell:Creating environment hook '/home/om/OpenVla_cr5/install/dofbot_description/share/dofbot_description/hook/cmake_prefix_path.sh'
[1.116s] Level 1:colcon.colcon_core.environment:checking '/home/om/OpenVla_cr5/install/dofbot_description/bin'
[1.116s] Level 1:colcon.colcon_core.environment:checking '/home/om/OpenVla_cr5/install/dofbot_description/lib/pkgconfig/dofbot_description.pc'
[1.116s] Level 1:colcon.colcon_core.environment:checking '/home/om/OpenVla_cr5/install/dofbot_description/lib/python3.10/site-packages'
[1.117s] Level 1:colcon.colcon_core.environment:checking '/home/om/OpenVla_cr5/install/dofbot_description/bin'
[1.117s] INFO:colcon.colcon_core.shell:Creating package script '/home/om/OpenVla_cr5/install/dofbot_description/share/dofbot_description/package.ps1'
[1.117s] INFO:colcon.colcon_core.shell:Creating package descriptor '/home/om/OpenVla_cr5/install/dofbot_description/share/dofbot_description/package.dsv'
[1.118s] INFO:colcon.colcon_core.shell:Creating package script '/home/om/OpenVla_cr5/install/dofbot_description/share/dofbot_description/package.sh'
[1.118s] INFO:colcon.colcon_core.shell:Creating package script '/home/om/OpenVla_cr5/install/dofbot_description/share/dofbot_description/package.bash'
[1.118s] INFO:colcon.colcon_core.shell:Creating package script '/home/om/OpenVla_cr5/install/dofbot_description/share/dofbot_description/package.zsh'
[1.118s] Level 1:colcon.colcon_core.environment:create_file_with_runtime_dependencies(/home/om/OpenVla_cr5/install/dofbot_description/share/colcon-core/packages/dofbot_description)
[1.119s] DEBUG:colcon.colcon_parallel_executor.executor.parallel:closing loop
[1.119s] DEBUG:colcon.colcon_parallel_executor.executor.parallel:loop closed
[1.119s] DEBUG:colcon.colcon_parallel_executor.executor.parallel:run_until_complete finished with '0'
[1.119s] DEBUG:colcon.colcon_core.event_reactor:joining thread
[1.124s] INFO:colcon.colcon_core.plugin_system:Skipping extension 'colcon_notification.desktop_notification.terminal_notifier': Not used on non-Darwin systems
[1.124s] INFO:colcon.colcon_core.plugin_system:Skipping extension 'colcon_notification.desktop_notification.win32': Not used on non-Windows systems
[1.124s] INFO:colcon.colcon_notification.desktop_notification:Sending desktop notification using 'notify2'
[1.135s] DEBUG:colcon.colcon_core.event_reactor:joined thread
[1.136s] INFO:colcon.colcon_core.shell:Creating prefix script '/home/om/OpenVla_cr5/install/local_setup.ps1'
[1.137s] INFO:colcon.colcon_core.shell:Creating prefix util module '/home/om/OpenVla_cr5/install/_local_setup_util_ps1.py'
[1.138s] INFO:colcon.colcon_core.shell:Creating prefix chain script '/home/om/OpenVla_cr5/install/setup.ps1'
[1.140s] INFO:colcon.colcon_core.shell:Creating prefix script '/home/om/OpenVla_cr5/install/local_setup.sh'
[1.140s] INFO:colcon.colcon_core.shell:Creating prefix util module '/home/om/OpenVla_cr5/install/_local_setup_util_sh.py'
[1.141s] INFO:colcon.colcon_core.shell:Creating prefix chain script '/home/om/OpenVla_cr5/install/setup.sh'
[1.142s] INFO:colcon.colcon_core.shell:Creating prefix script '/home/om/OpenVla_cr5/install/local_setup.bash'
[1.143s] INFO:colcon.colcon_core.shell:Creating prefix chain script '/home/om/OpenVla_cr5/install/setup.bash'
[1.144s] INFO:colcon.colcon_core.shell:Creating prefix script '/home/om/OpenVla_cr5/install/local_setup.zsh'
[1.144s] INFO:colcon.colcon_core.shell:Creating prefix chain script '/home/om/OpenVla_cr5/install/setup.zsh'
