[0.230s] DEBUG:colcon:Command line arguments: ['/usr/bin/colcon', 'build']
[0.230s] DEBUG:colcon:Parsed command line arguments: Namespace(log_base=None, log_level=None, verb_name='build', build_base='build', install_base='install', merge_install=False, symlink_install=False, test_result_base=None, continue_on_error=False, executor='parallel', parallel_workers=8, event_handlers=None, ignore_user_meta=False, metas=['./colcon.meta'], base_paths=['.'], packages_ignore=None, packages_ignore_regex=None, paths=None, packages_up_to=None, packages_up_to_regex=None, packages_above=None, packages_above_and_dependencies=None, packages_above_depth=None, packages_select_by_dep=None, packages_skip_by_dep=None, packages_skip_up_to=None, packages_select_build_failed=False, packages_skip_build_finished=False, packages_select_test_failures=False, packages_skip_test_passed=False, packages_select=None, packages_skip=None, packages_select_regex=None, packages_skip_regex=None, packages_start=None, packages_end=None, allow_overriding=[], cmake_args=None, cmake_target=None, cmake_target_skip_unavailable=False, cmake_clean_cache=False, cmake_clean_first=False, cmake_force_configure=False, ament_cmake_args=None, catkin_cmake_args=None, catkin_skip_building_tests=False, verb_parser=<colcon_defaults.argument_parser.defaults.DefaultArgumentsDecorator object at 0x7a3788d6ed40>, verb_extension=<colcon_core.verb.build.BuildVerb object at 0x7a3788eb4790>, main=<bound method BuildVerb.main of <colcon_core.verb.build.BuildVerb object at 0x7a3788eb4790>>)
[0.550s] Level 1:colcon.colcon_core.package_discovery:discover_packages(colcon_meta) check parameters
[0.551s] Level 1:colcon.colcon_core.package_discovery:discover_packages(recursive) check parameters
[0.551s] Level 1:colcon.colcon_core.package_discovery:discover_packages(ignore) check parameters
[0.551s] Level 1:colcon.colcon_core.package_discovery:discover_packages(path) check parameters
[0.551s] Level 1:colcon.colcon_core.package_discovery:discover_packages(colcon_meta) discover
[0.551s] Level 1:colcon.colcon_core.package_discovery:discover_packages(recursive) discover
[0.551s] INFO:colcon.colcon_core.package_discovery:Crawling recursively for packages in '/home/om/OpenVla_cr5'
[0.551s] Level 1:colcon.colcon_core.package_identification:_identify(.) by extensions ['ignore', 'ignore_ament_install']
[0.551s] Level 1:colcon.colcon_core.package_identification:_identify(.) by extension 'ignore'
[0.551s] Level 1:colcon.colcon_core.package_identification:_identify(.) by extension 'ignore_ament_install'
[0.551s] Level 1:colcon.colcon_core.package_identification:_identify(.) by extensions ['colcon_pkg']
[0.551s] Level 1:colcon.colcon_core.package_identification:_identify(.) by extension 'colcon_pkg'
[0.551s] Level 1:colcon.colcon_core.package_identification:_identify(.) by extensions ['colcon_meta']
[0.551s] Level 1:colcon.colcon_core.package_identification:_identify(.) by extension 'colcon_meta'
[0.551s] Level 1:colcon.colcon_core.package_identification:_identify(.) by extensions ['ros']
[0.551s] Level 1:colcon.colcon_core.package_identification:_identify(.) by extension 'ros'
[0.563s] Level 1:colcon.colcon_core.package_identification:_identify(.) by extensions ['cmake', 'python']
[0.563s] Level 1:colcon.colcon_core.package_identification:_identify(.) by extension 'cmake'
[0.563s] Level 1:colcon.colcon_core.package_identification:_identify(.) by extension 'python'
[0.563s] Level 1:colcon.colcon_core.package_identification:_identify(.) by extensions ['python_setup_py']
[0.563s] Level 1:colcon.colcon_core.package_identification:_identify(.) by extension 'python_setup_py'
[0.563s] Level 1:colcon.colcon_core.package_identification:_identify(build) by extensions ['ignore', 'ignore_ament_install']
[0.563s] Level 1:colcon.colcon_core.package_identification:_identify(build) by extension 'ignore'
[0.563s] Level 1:colcon.colcon_core.package_identification:_identify(build) ignored
[0.563s] Level 1:colcon.colcon_core.package_identification:_identify(install) by extensions ['ignore', 'ignore_ament_install']
[0.563s] Level 1:colcon.colcon_core.package_identification:_identify(install) by extension 'ignore'
[0.563s] Level 1:colcon.colcon_core.package_identification:_identify(install) ignored
[0.563s] Level 1:colcon.colcon_core.package_identification:_identify(log) by extensions ['ignore', 'ignore_ament_install']
[0.563s] Level 1:colcon.colcon_core.package_identification:_identify(log) by extension 'ignore'
[0.563s] Level 1:colcon.colcon_core.package_identification:_identify(log) ignored
[0.563s] Level 1:colcon.colcon_core.package_identification:_identify(src) by extensions ['ignore', 'ignore_ament_install']
[0.563s] Level 1:colcon.colcon_core.package_identification:_identify(src) by extension 'ignore'
[0.563s] Level 1:colcon.colcon_core.package_identification:_identify(src) by extension 'ignore_ament_install'
[0.563s] Level 1:colcon.colcon_core.package_identification:_identify(src) by extensions ['colcon_pkg']
[0.563s] Level 1:colcon.colcon_core.package_identification:_identify(src) by extension 'colcon_pkg'
[0.564s] Level 1:colcon.colcon_core.package_identification:_identify(src) by extensions ['colcon_meta']
[0.564s] Level 1:colcon.colcon_core.package_identification:_identify(src) by extension 'colcon_meta'
[0.564s] Level 1:colcon.colcon_core.package_identification:_identify(src) by extensions ['ros']
[0.564s] Level 1:colcon.colcon_core.package_identification:_identify(src) by extension 'ros'
[0.564s] Level 1:colcon.colcon_core.package_identification:_identify(src) by extensions ['cmake', 'python']
[0.564s] Level 1:colcon.colcon_core.package_identification:_identify(src) by extension 'cmake'
[0.564s] Level 1:colcon.colcon_core.package_identification:_identify(src) by extension 'python'
[0.564s] Level 1:colcon.colcon_core.package_identification:_identify(src) by extensions ['python_setup_py']
[0.564s] Level 1:colcon.colcon_core.package_identification:_identify(src) by extension 'python_setup_py'
[0.564s] Level 1:colcon.colcon_core.package_identification:_identify(src/dofbot_description) by extensions ['ignore', 'ignore_ament_install']
[0.564s] Level 1:colcon.colcon_core.package_identification:_identify(src/dofbot_description) by extension 'ignore'
[0.564s] Level 1:colcon.colcon_core.package_identification:_identify(src/dofbot_description) by extension 'ignore_ament_install'
[0.564s] Level 1:colcon.colcon_core.package_identification:_identify(src/dofbot_description) by extensions ['colcon_pkg']
[0.564s] Level 1:colcon.colcon_core.package_identification:_identify(src/dofbot_description) by extension 'colcon_pkg'
[0.564s] Level 1:colcon.colcon_core.package_identification:_identify(src/dofbot_description) by extensions ['colcon_meta']
[0.564s] Level 1:colcon.colcon_core.package_identification:_identify(src/dofbot_description) by extension 'colcon_meta'
[0.564s] Level 1:colcon.colcon_core.package_identification:_identify(src/dofbot_description) by extensions ['ros']
[0.564s] Level 1:colcon.colcon_core.package_identification:_identify(src/dofbot_description) by extension 'ros'
[0.578s] DEBUG:colcon.colcon_core.package_identification:Package 'src/dofbot_description' with type 'ros.ament_cmake' and name 'dofbot_description'
[0.579s] Level 1:colcon.colcon_core.package_identification:_identify(src/dofbot_moveit) by extensions ['ignore', 'ignore_ament_install']
[0.579s] Level 1:colcon.colcon_core.package_identification:_identify(src/dofbot_moveit) by extension 'ignore'
[0.579s] Level 1:colcon.colcon_core.package_identification:_identify(src/dofbot_moveit) by extension 'ignore_ament_install'
[0.579s] Level 1:colcon.colcon_core.package_identification:_identify(src/dofbot_moveit) by extensions ['colcon_pkg']
[0.579s] Level 1:colcon.colcon_core.package_identification:_identify(src/dofbot_moveit) by extension 'colcon_pkg'
[0.579s] Level 1:colcon.colcon_core.package_identification:_identify(src/dofbot_moveit) by extensions ['colcon_meta']
[0.579s] Level 1:colcon.colcon_core.package_identification:_identify(src/dofbot_moveit) by extension 'colcon_meta'
[0.579s] Level 1:colcon.colcon_core.package_identification:_identify(src/dofbot_moveit) by extensions ['ros']
[0.579s] Level 1:colcon.colcon_core.package_identification:_identify(src/dofbot_moveit) by extension 'ros'
[0.580s] DEBUG:colcon.colcon_core.package_identification:Package 'src/dofbot_moveit' with type 'ros.ament_cmake' and name 'dofbot_moveit'
[0.580s] Level 1:colcon.colcon_core.package_identification:_identify(src/openvla_ros_interface) by extensions ['ignore', 'ignore_ament_install']
[0.580s] Level 1:colcon.colcon_core.package_identification:_identify(src/openvla_ros_interface) by extension 'ignore'
[0.580s] Level 1:colcon.colcon_core.package_identification:_identify(src/openvla_ros_interface) by extension 'ignore_ament_install'
[0.580s] Level 1:colcon.colcon_core.package_identification:_identify(src/openvla_ros_interface) by extensions ['colcon_pkg']
[0.580s] Level 1:colcon.colcon_core.package_identification:_identify(src/openvla_ros_interface) by extension 'colcon_pkg'
[0.580s] Level 1:colcon.colcon_core.package_identification:_identify(src/openvla_ros_interface) by extensions ['colcon_meta']
[0.580s] Level 1:colcon.colcon_core.package_identification:_identify(src/openvla_ros_interface) by extension 'colcon_meta'
[0.580s] Level 1:colcon.colcon_core.package_identification:_identify(src/openvla_ros_interface) by extensions ['ros']
[0.580s] Level 1:colcon.colcon_core.package_identification:_identify(src/openvla_ros_interface) by extension 'ros'
[0.581s] DEBUG:colcon.colcon_core.package_identification:Package 'src/openvla_ros_interface' with type 'ros.ament_python' and name 'openvla_ros_interface'
[0.581s] Level 1:colcon.colcon_core.package_discovery:discover_packages(recursive) using defaults
[0.581s] Level 1:colcon.colcon_core.package_discovery:discover_packages(ignore) discover
[0.581s] Level 1:colcon.colcon_core.package_discovery:discover_packages(ignore) using defaults
[0.581s] Level 1:colcon.colcon_core.package_discovery:discover_packages(path) discover
[0.581s] Level 1:colcon.colcon_core.package_discovery:discover_packages(path) using defaults
[0.604s] Level 1:colcon.colcon_core.package_discovery:discover_packages(prefix_path) check parameters
[0.604s] Level 1:colcon.colcon_core.package_discovery:discover_packages(prefix_path) discover
[0.607s] DEBUG:colcon.colcon_installed_package_information.package_discovery:Found 12 installed packages in /home/om/dobot_ws/install
[0.609s] DEBUG:colcon.colcon_installed_package_information.package_discovery:Found 461 installed packages in /opt/ros/humble
[0.611s] Level 1:colcon.colcon_core.package_discovery:discover_packages(prefix_path) using defaults
[0.654s] Level 5:colcon.colcon_core.verb:set package 'dofbot_description' build argument 'cmake_args' from command line to 'None'
[0.654s] Level 5:colcon.colcon_core.verb:set package 'dofbot_description' build argument 'cmake_target' from command line to 'None'
[0.654s] Level 5:colcon.colcon_core.verb:set package 'dofbot_description' build argument 'cmake_target_skip_unavailable' from command line to 'False'
[0.654s] Level 5:colcon.colcon_core.verb:set package 'dofbot_description' build argument 'cmake_clean_cache' from command line to 'False'
[0.654s] Level 5:colcon.colcon_core.verb:set package 'dofbot_description' build argument 'cmake_clean_first' from command line to 'False'
[0.654s] Level 5:colcon.colcon_core.verb:set package 'dofbot_description' build argument 'cmake_force_configure' from command line to 'False'
[0.654s] Level 5:colcon.colcon_core.verb:set package 'dofbot_description' build argument 'ament_cmake_args' from command line to 'None'
[0.654s] Level 5:colcon.colcon_core.verb:set package 'dofbot_description' build argument 'catkin_cmake_args' from command line to 'None'
[0.654s] Level 5:colcon.colcon_core.verb:set package 'dofbot_description' build argument 'catkin_skip_building_tests' from command line to 'False'
[0.654s] DEBUG:colcon.colcon_core.verb:Building package 'dofbot_description' with the following arguments: {'ament_cmake_args': None, 'build_base': '/home/om/OpenVla_cr5/build/dofbot_description', 'catkin_cmake_args': None, 'catkin_skip_building_tests': False, 'cmake_args': None, 'cmake_clean_cache': False, 'cmake_clean_first': False, 'cmake_force_configure': False, 'cmake_target': None, 'cmake_target_skip_unavailable': False, 'install_base': '/home/om/OpenVla_cr5/install/dofbot_description', 'merge_install': False, 'path': '/home/om/OpenVla_cr5/src/dofbot_description', 'symlink_install': False, 'test_result_base': None}
[0.655s] Level 5:colcon.colcon_core.verb:set package 'dofbot_moveit' build argument 'cmake_args' from command line to 'None'
[0.655s] Level 5:colcon.colcon_core.verb:set package 'dofbot_moveit' build argument 'cmake_target' from command line to 'None'
[0.655s] Level 5:colcon.colcon_core.verb:set package 'dofbot_moveit' build argument 'cmake_target_skip_unavailable' from command line to 'False'
[0.655s] Level 5:colcon.colcon_core.verb:set package 'dofbot_moveit' build argument 'cmake_clean_cache' from command line to 'False'
[0.655s] Level 5:colcon.colcon_core.verb:set package 'dofbot_moveit' build argument 'cmake_clean_first' from command line to 'False'
[0.655s] Level 5:colcon.colcon_core.verb:set package 'dofbot_moveit' build argument 'cmake_force_configure' from command line to 'False'
[0.655s] Level 5:colcon.colcon_core.verb:set package 'dofbot_moveit' build argument 'ament_cmake_args' from command line to 'None'
[0.655s] Level 5:colcon.colcon_core.verb:set package 'dofbot_moveit' build argument 'catkin_cmake_args' from command line to 'None'
[0.655s] Level 5:colcon.colcon_core.verb:set package 'dofbot_moveit' build argument 'catkin_skip_building_tests' from command line to 'False'
[0.655s] DEBUG:colcon.colcon_core.verb:Building package 'dofbot_moveit' with the following arguments: {'ament_cmake_args': None, 'build_base': '/home/om/OpenVla_cr5/build/dofbot_moveit', 'catkin_cmake_args': None, 'catkin_skip_building_tests': False, 'cmake_args': None, 'cmake_clean_cache': False, 'cmake_clean_first': False, 'cmake_force_configure': False, 'cmake_target': None, 'cmake_target_skip_unavailable': False, 'install_base': '/home/om/OpenVla_cr5/install/dofbot_moveit', 'merge_install': False, 'path': '/home/om/OpenVla_cr5/src/dofbot_moveit', 'symlink_install': False, 'test_result_base': None}
[0.655s] Level 5:colcon.colcon_core.verb:set package 'openvla_ros_interface' build argument 'cmake_args' from command line to 'None'
[0.655s] Level 5:colcon.colcon_core.verb:set package 'openvla_ros_interface' build argument 'cmake_target' from command line to 'None'
[0.655s] Level 5:colcon.colcon_core.verb:set package 'openvla_ros_interface' build argument 'cmake_target_skip_unavailable' from command line to 'False'
[0.655s] Level 5:colcon.colcon_core.verb:set package 'openvla_ros_interface' build argument 'cmake_clean_cache' from command line to 'False'
[0.655s] Level 5:colcon.colcon_core.verb:set package 'openvla_ros_interface' build argument 'cmake_clean_first' from command line to 'False'
[0.655s] Level 5:colcon.colcon_core.verb:set package 'openvla_ros_interface' build argument 'cmake_force_configure' from command line to 'False'
[0.655s] Level 5:colcon.colcon_core.verb:set package 'openvla_ros_interface' build argument 'ament_cmake_args' from command line to 'None'
[0.655s] Level 5:colcon.colcon_core.verb:set package 'openvla_ros_interface' build argument 'catkin_cmake_args' from command line to 'None'
[0.655s] Level 5:colcon.colcon_core.verb:set package 'openvla_ros_interface' build argument 'catkin_skip_building_tests' from command line to 'False'
[0.655s] DEBUG:colcon.colcon_core.verb:Building package 'openvla_ros_interface' with the following arguments: {'ament_cmake_args': None, 'build_base': '/home/om/OpenVla_cr5/build/openvla_ros_interface', 'catkin_cmake_args': None, 'catkin_skip_building_tests': False, 'cmake_args': None, 'cmake_clean_cache': False, 'cmake_clean_first': False, 'cmake_force_configure': False, 'cmake_target': None, 'cmake_target_skip_unavailable': False, 'install_base': '/home/om/OpenVla_cr5/install/openvla_ros_interface', 'merge_install': False, 'path': '/home/om/OpenVla_cr5/src/openvla_ros_interface', 'symlink_install': False, 'test_result_base': None}
[0.655s] INFO:colcon.colcon_core.executor:Executing jobs using 'parallel' executor
[0.656s] DEBUG:colcon.colcon_parallel_executor.executor.parallel:run_until_complete
[0.656s] INFO:colcon.colcon_ros.task.ament_cmake.build:Building ROS package in '/home/om/OpenVla_cr5/src/dofbot_description' with build type 'ament_cmake'
[0.656s] INFO:colcon.colcon_cmake.task.cmake.build:Building CMake package in '/home/om/OpenVla_cr5/src/dofbot_description'
[0.660s] INFO:colcon.colcon_core.plugin_system:Skipping extension 'colcon_core.shell.bat': Not used on non-Windows systems
[0.660s] INFO:colcon.colcon_core.shell:Skip shell extension 'powershell' for command environment: Not usable outside of PowerShell
[0.660s] DEBUG:colcon.colcon_core.shell:Skip shell extension 'dsv' for command environment
[0.664s] INFO:colcon.colcon_ros.task.ament_cmake.build:Building ROS package in '/home/om/OpenVla_cr5/src/dofbot_moveit' with build type 'ament_cmake'
[0.664s] INFO:colcon.colcon_cmake.task.cmake.build:Building CMake package in '/home/om/OpenVla_cr5/src/dofbot_moveit'
[0.664s] INFO:colcon.colcon_core.shell:Skip shell extension 'powershell' for command environment: Not usable outside of PowerShell
[0.665s] DEBUG:colcon.colcon_core.shell:Skip shell extension 'dsv' for command environment
[0.674s] INFO:colcon.colcon_ros.task.ament_python.build:Building ROS package in '/home/om/OpenVla_cr5/src/openvla_ros_interface' with build type 'ament_python'
[0.675s] Level 1:colcon.colcon_core.shell:create_environment_hook('openvla_ros_interface', 'ament_prefix_path')
[0.676s] INFO:colcon.colcon_core.shell:Creating environment hook '/home/om/OpenVla_cr5/install/openvla_ros_interface/share/openvla_ros_interface/hook/ament_prefix_path.ps1'
[0.679s] INFO:colcon.colcon_core.shell:Creating environment descriptor '/home/om/OpenVla_cr5/install/openvla_ros_interface/share/openvla_ros_interface/hook/ament_prefix_path.dsv'
[0.680s] INFO:colcon.colcon_core.shell:Creating environment hook '/home/om/OpenVla_cr5/install/openvla_ros_interface/share/openvla_ros_interface/hook/ament_prefix_path.sh'
[0.682s] INFO:colcon.colcon_core.shell:Skip shell extension 'powershell' for command environment: Not usable outside of PowerShell
[0.682s] DEBUG:colcon.colcon_core.shell:Skip shell extension 'dsv' for command environment
[0.692s] DEBUG:colcon.colcon_core.event_handler.log_command:Invoking command in '/home/om/OpenVla_cr5/build/dofbot_description': CMAKE_PREFIX_PATH=${CMAKE_PREFIX_PATH}:/home/om/dobot_ws/install/servo_action:/home/om/dobot_ws/install/dobot_moveit:/home/om/dobot_ws/install/dobot_demo:/opt/ros/humble /usr/bin/cmake --build /home/om/OpenVla_cr5/build/dofbot_description -- -j8 -l8
[0.698s] DEBUG:colcon.colcon_core.event_handler.log_command:Invoking command in '/home/om/OpenVla_cr5/build/dofbot_moveit': CMAKE_PREFIX_PATH=${CMAKE_PREFIX_PATH}:/home/om/dobot_ws/install/servo_action:/home/om/dobot_ws/install/dobot_moveit:/home/om/dobot_ws/install/dobot_demo:/opt/ros/humble /usr/bin/cmake --build /home/om/OpenVla_cr5/build/dofbot_moveit -- -j8 -l8
[0.986s] INFO:colcon.colcon_core.task.python.build:Building Python package in '/home/om/OpenVla_cr5/src/openvla_ros_interface'
[0.987s] INFO:colcon.colcon_core.shell:Skip shell extension 'powershell' for command environment: Not usable outside of PowerShell
[0.987s] DEBUG:colcon.colcon_core.shell:Skip shell extension 'dsv' for command environment
[0.992s] DEBUG:colcon.colcon_core.event_handler.log_command:Invoked command in '/home/om/OpenVla_cr5/build/dofbot_moveit' returned '0': CMAKE_PREFIX_PATH=${CMAKE_PREFIX_PATH}:/home/om/dobot_ws/install/servo_action:/home/om/dobot_ws/install/dobot_moveit:/home/om/dobot_ws/install/dobot_demo:/opt/ros/humble /usr/bin/cmake --build /home/om/OpenVla_cr5/build/dofbot_moveit -- -j8 -l8
[1.001s] DEBUG:colcon.colcon_core.event_handler.log_command:Invoking command in '/home/om/OpenVla_cr5/build/dofbot_moveit': CMAKE_PREFIX_PATH=${CMAKE_PREFIX_PATH}:/home/om/dobot_ws/install/servo_action:/home/om/dobot_ws/install/dobot_moveit:/home/om/dobot_ws/install/dobot_demo:/opt/ros/humble /usr/bin/cmake --install /home/om/OpenVla_cr5/build/dofbot_moveit
[1.002s] DEBUG:colcon.colcon_core.event_handler.log_command:Invoked command in '/home/om/OpenVla_cr5/build/dofbot_description' returned '0': CMAKE_PREFIX_PATH=${CMAKE_PREFIX_PATH}:/home/om/dobot_ws/install/servo_action:/home/om/dobot_ws/install/dobot_moveit:/home/om/dobot_ws/install/dobot_demo:/opt/ros/humble /usr/bin/cmake --build /home/om/OpenVla_cr5/build/dofbot_description -- -j8 -l8
[1.004s] DEBUG:colcon.colcon_core.event_handler.log_command:Invoking command in '/home/om/OpenVla_cr5/build/dofbot_description': CMAKE_PREFIX_PATH=${CMAKE_PREFIX_PATH}:/home/om/dobot_ws/install/servo_action:/home/om/dobot_ws/install/dobot_moveit:/home/om/dobot_ws/install/dobot_demo:/opt/ros/humble /usr/bin/cmake --install /home/om/OpenVla_cr5/build/dofbot_description
[1.020s] Level 1:colcon.colcon_core.environment:create_environment_scripts_only(dofbot_moveit)
[1.024s] DEBUG:colcon.colcon_core.event_handler.log_command:Invoked command in '/home/om/OpenVla_cr5/build/dofbot_moveit' returned '0': CMAKE_PREFIX_PATH=${CMAKE_PREFIX_PATH}:/home/om/dobot_ws/install/servo_action:/home/om/dobot_ws/install/dobot_moveit:/home/om/dobot_ws/install/dobot_demo:/opt/ros/humble /usr/bin/cmake --install /home/om/OpenVla_cr5/build/dofbot_moveit
[1.029s] Level 1:colcon.colcon_core.environment:checking '/home/om/OpenVla_cr5/install/dofbot_moveit' for CMake module files
[1.030s] Level 1:colcon.colcon_core.environment:checking '/home/om/OpenVla_cr5/install/dofbot_moveit' for CMake config files
[1.030s] Level 1:colcon.colcon_core.shell:create_environment_hook('dofbot_moveit', 'cmake_prefix_path')
[1.030s] INFO:colcon.colcon_core.shell:Creating environment hook '/home/om/OpenVla_cr5/install/dofbot_moveit/share/dofbot_moveit/hook/cmake_prefix_path.ps1'
[1.030s] INFO:colcon.colcon_core.shell:Creating environment descriptor '/home/om/OpenVla_cr5/install/dofbot_moveit/share/dofbot_moveit/hook/cmake_prefix_path.dsv'
[1.031s] INFO:colcon.colcon_core.shell:Creating environment hook '/home/om/OpenVla_cr5/install/dofbot_moveit/share/dofbot_moveit/hook/cmake_prefix_path.sh'
[1.031s] Level 1:colcon.colcon_core.environment:checking '/home/om/OpenVla_cr5/install/dofbot_moveit/bin'
[1.031s] Level 1:colcon.colcon_core.environment:checking '/home/om/OpenVla_cr5/install/dofbot_moveit/lib/pkgconfig/dofbot_moveit.pc'
[1.032s] Level 1:colcon.colcon_core.environment:checking '/home/om/OpenVla_cr5/install/dofbot_moveit/lib/python3.10/site-packages'
[1.032s] Level 1:colcon.colcon_core.environment:checking '/home/om/OpenVla_cr5/install/dofbot_moveit/bin'
[1.032s] INFO:colcon.colcon_core.shell:Creating package script '/home/om/OpenVla_cr5/install/dofbot_moveit/share/dofbot_moveit/package.ps1'
[1.033s] INFO:colcon.colcon_core.shell:Creating package descriptor '/home/om/OpenVla_cr5/install/dofbot_moveit/share/dofbot_moveit/package.dsv'
[1.033s] INFO:colcon.colcon_core.shell:Creating package script '/home/om/OpenVla_cr5/install/dofbot_moveit/share/dofbot_moveit/package.sh'
[1.034s] INFO:colcon.colcon_core.shell:Creating package script '/home/om/OpenVla_cr5/install/dofbot_moveit/share/dofbot_moveit/package.bash'
[1.035s] INFO:colcon.colcon_core.shell:Creating package script '/home/om/OpenVla_cr5/install/dofbot_moveit/share/dofbot_moveit/package.zsh'
[1.036s] Level 1:colcon.colcon_core.environment:create_file_with_runtime_dependencies(/home/om/OpenVla_cr5/install/dofbot_moveit/share/colcon-core/packages/dofbot_moveit)
[1.036s] Level 1:colcon.colcon_core.environment:create_environment_scripts_only(dofbot_moveit)
[1.036s] Level 1:colcon.colcon_core.environment:checking '/home/om/OpenVla_cr5/install/dofbot_moveit' for CMake module files
[1.037s] Level 1:colcon.colcon_core.environment:checking '/home/om/OpenVla_cr5/install/dofbot_moveit' for CMake config files
[1.037s] Level 1:colcon.colcon_core.shell:create_environment_hook('dofbot_moveit', 'cmake_prefix_path')
[1.037s] INFO:colcon.colcon_core.shell:Creating environment hook '/home/om/OpenVla_cr5/install/dofbot_moveit/share/dofbot_moveit/hook/cmake_prefix_path.ps1'
[1.037s] INFO:colcon.colcon_core.shell:Creating environment descriptor '/home/om/OpenVla_cr5/install/dofbot_moveit/share/dofbot_moveit/hook/cmake_prefix_path.dsv'
[1.038s] INFO:colcon.colcon_core.shell:Creating environment hook '/home/om/OpenVla_cr5/install/dofbot_moveit/share/dofbot_moveit/hook/cmake_prefix_path.sh'
[1.038s] Level 1:colcon.colcon_core.environment:checking '/home/om/OpenVla_cr5/install/dofbot_moveit/bin'
[1.038s] Level 1:colcon.colcon_core.environment:checking '/home/om/OpenVla_cr5/install/dofbot_moveit/lib/pkgconfig/dofbot_moveit.pc'
[1.038s] Level 1:colcon.colcon_core.environment:checking '/home/om/OpenVla_cr5/install/dofbot_moveit/lib/python3.10/site-packages'
[1.038s] Level 1:colcon.colcon_core.environment:checking '/home/om/OpenVla_cr5/install/dofbot_moveit/bin'
[1.039s] INFO:colcon.colcon_core.shell:Creating package script '/home/om/OpenVla_cr5/install/dofbot_moveit/share/dofbot_moveit/package.ps1'
[1.039s] INFO:colcon.colcon_core.shell:Creating package descriptor '/home/om/OpenVla_cr5/install/dofbot_moveit/share/dofbot_moveit/package.dsv'
[1.039s] INFO:colcon.colcon_core.shell:Creating package script '/home/om/OpenVla_cr5/install/dofbot_moveit/share/dofbot_moveit/package.sh'
[1.040s] INFO:colcon.colcon_core.shell:Creating package script '/home/om/OpenVla_cr5/install/dofbot_moveit/share/dofbot_moveit/package.bash'
[1.040s] INFO:colcon.colcon_core.shell:Creating package script '/home/om/OpenVla_cr5/install/dofbot_moveit/share/dofbot_moveit/package.zsh'
[1.040s] Level 1:colcon.colcon_core.environment:create_file_with_runtime_dependencies(/home/om/OpenVla_cr5/install/dofbot_moveit/share/colcon-core/packages/dofbot_moveit)
[1.041s] Level 1:colcon.colcon_core.environment:create_environment_scripts_only(dofbot_description)
[1.043s] Level 1:colcon.colcon_core.environment:checking '/home/om/OpenVla_cr5/install/dofbot_description' for CMake module files
[1.047s] DEBUG:colcon.colcon_core.event_handler.log_command:Invoked command in '/home/om/OpenVla_cr5/build/dofbot_description' returned '0': CMAKE_PREFIX_PATH=${CMAKE_PREFIX_PATH}:/home/om/dobot_ws/install/servo_action:/home/om/dobot_ws/install/dobot_moveit:/home/om/dobot_ws/install/dobot_demo:/opt/ros/humble /usr/bin/cmake --install /home/om/OpenVla_cr5/build/dofbot_description
[1.049s] Level 1:colcon.colcon_core.environment:checking '/home/om/OpenVla_cr5/install/dofbot_description' for CMake config files
[1.050s] Level 1:colcon.colcon_core.shell:create_environment_hook('dofbot_description', 'cmake_prefix_path')
[1.051s] INFO:colcon.colcon_core.shell:Creating environment hook '/home/om/OpenVla_cr5/install/dofbot_description/share/dofbot_description/hook/cmake_prefix_path.ps1'
[1.052s] INFO:colcon.colcon_core.shell:Creating environment descriptor '/home/om/OpenVla_cr5/install/dofbot_description/share/dofbot_description/hook/cmake_prefix_path.dsv'
[1.053s] INFO:colcon.colcon_core.shell:Creating environment hook '/home/om/OpenVla_cr5/install/dofbot_description/share/dofbot_description/hook/cmake_prefix_path.sh'
[1.054s] Level 1:colcon.colcon_core.environment:checking '/home/om/OpenVla_cr5/install/dofbot_description/bin'
[1.054s] Level 1:colcon.colcon_core.environment:checking '/home/om/OpenVla_cr5/install/dofbot_description/lib/pkgconfig/dofbot_description.pc'
[1.054s] Level 1:colcon.colcon_core.environment:checking '/home/om/OpenVla_cr5/install/dofbot_description/lib/python3.10/site-packages'
[1.055s] Level 1:colcon.colcon_core.environment:checking '/home/om/OpenVla_cr5/install/dofbot_description/bin'
[1.055s] INFO:colcon.colcon_core.shell:Creating package script '/home/om/OpenVla_cr5/install/dofbot_description/share/dofbot_description/package.ps1'
[1.056s] INFO:colcon.colcon_core.shell:Creating package descriptor '/home/om/OpenVla_cr5/install/dofbot_description/share/dofbot_description/package.dsv'
[1.057s] INFO:colcon.colcon_core.shell:Creating package script '/home/om/OpenVla_cr5/install/dofbot_description/share/dofbot_description/package.sh'
[1.057s] INFO:colcon.colcon_core.shell:Creating package script '/home/om/OpenVla_cr5/install/dofbot_description/share/dofbot_description/package.bash'
[1.058s] INFO:colcon.colcon_core.shell:Creating package script '/home/om/OpenVla_cr5/install/dofbot_description/share/dofbot_description/package.zsh'
[1.058s] Level 1:colcon.colcon_core.environment:create_file_with_runtime_dependencies(/home/om/OpenVla_cr5/install/dofbot_description/share/colcon-core/packages/dofbot_description)
[1.059s] Level 1:colcon.colcon_core.environment:create_environment_scripts_only(dofbot_description)
[1.059s] Level 1:colcon.colcon_core.environment:checking '/home/om/OpenVla_cr5/install/dofbot_description' for CMake module files
[1.060s] Level 1:colcon.colcon_core.environment:checking '/home/om/OpenVla_cr5/install/dofbot_description' for CMake config files
[1.060s] Level 1:colcon.colcon_core.shell:create_environment_hook('dofbot_description', 'cmake_prefix_path')
[1.060s] INFO:colcon.colcon_core.shell:Creating environment hook '/home/om/OpenVla_cr5/install/dofbot_description/share/dofbot_description/hook/cmake_prefix_path.ps1'
[1.061s] INFO:colcon.colcon_core.shell:Creating environment descriptor '/home/om/OpenVla_cr5/install/dofbot_description/share/dofbot_description/hook/cmake_prefix_path.dsv'
[1.061s] INFO:colcon.colcon_core.shell:Creating environment hook '/home/om/OpenVla_cr5/install/dofbot_description/share/dofbot_description/hook/cmake_prefix_path.sh'
[1.062s] Level 1:colcon.colcon_core.environment:checking '/home/om/OpenVla_cr5/install/dofbot_description/bin'
[1.062s] Level 1:colcon.colcon_core.environment:checking '/home/om/OpenVla_cr5/install/dofbot_description/lib/pkgconfig/dofbot_description.pc'
[1.062s] Level 1:colcon.colcon_core.environment:checking '/home/om/OpenVla_cr5/install/dofbot_description/lib/python3.10/site-packages'
[1.062s] Level 1:colcon.colcon_core.environment:checking '/home/om/OpenVla_cr5/install/dofbot_description/bin'
[1.062s] INFO:colcon.colcon_core.shell:Creating package script '/home/om/OpenVla_cr5/install/dofbot_description/share/dofbot_description/package.ps1'
[1.063s] INFO:colcon.colcon_core.shell:Creating package descriptor '/home/om/OpenVla_cr5/install/dofbot_description/share/dofbot_description/package.dsv'
[1.063s] INFO:colcon.colcon_core.shell:Creating package script '/home/om/OpenVla_cr5/install/dofbot_description/share/dofbot_description/package.sh'
[1.064s] INFO:colcon.colcon_core.shell:Creating package script '/home/om/OpenVla_cr5/install/dofbot_description/share/dofbot_description/package.bash'
[1.064s] INFO:colcon.colcon_core.shell:Creating package script '/home/om/OpenVla_cr5/install/dofbot_description/share/dofbot_description/package.zsh'
[1.065s] Level 1:colcon.colcon_core.environment:create_file_with_runtime_dependencies(/home/om/OpenVla_cr5/install/dofbot_description/share/colcon-core/packages/dofbot_description)
[1.486s] DEBUG:colcon.colcon_core.event_handler.log_command:Invoking command in '/home/om/OpenVla_cr5/src/openvla_ros_interface': PYTHONPATH=/home/om/OpenVla_cr5/build/openvla_ros_interface/prefix_override:/usr/lib/python3/dist-packages/colcon_core/task/python/colcon_distutils_commands:/home/om/OpenVla_cr5/install/openvla_ros_interface/lib/python3.10/site-packages:${PYTHONPATH} /usr/bin/python3 -W ignore:setup.py install is deprecated -W ignore:easy_install command is deprecated setup.py egg_info --egg-base ../../build/openvla_ros_interface build --build-base /home/om/OpenVla_cr5/build/openvla_ros_interface/build install --record /home/om/OpenVla_cr5/build/openvla_ros_interface/install.log --single-version-externally-managed install_data
[1.751s] Level 1:colcon.colcon_core.environment:checking '/home/om/OpenVla_cr5/install/openvla_ros_interface' for CMake module files
[1.752s] DEBUG:colcon.colcon_core.event_handler.log_command:Invoked command in '/home/om/OpenVla_cr5/src/openvla_ros_interface' returned '0': PYTHONPATH=/home/om/OpenVla_cr5/build/openvla_ros_interface/prefix_override:/usr/lib/python3/dist-packages/colcon_core/task/python/colcon_distutils_commands:/home/om/OpenVla_cr5/install/openvla_ros_interface/lib/python3.10/site-packages:${PYTHONPATH} /usr/bin/python3 -W ignore:setup.py install is deprecated -W ignore:easy_install command is deprecated setup.py egg_info --egg-base ../../build/openvla_ros_interface build --build-base /home/om/OpenVla_cr5/build/openvla_ros_interface/build install --record /home/om/OpenVla_cr5/build/openvla_ros_interface/install.log --single-version-externally-managed install_data
[1.752s] Level 1:colcon.colcon_core.environment:checking '/home/om/OpenVla_cr5/install/openvla_ros_interface' for CMake config files
[1.753s] Level 1:colcon.colcon_core.environment:checking '/home/om/OpenVla_cr5/install/openvla_ros_interface/lib'
[1.753s] Level 1:colcon.colcon_core.environment:checking '/home/om/OpenVla_cr5/install/openvla_ros_interface/bin'
[1.753s] Level 1:colcon.colcon_core.environment:checking '/home/om/OpenVla_cr5/install/openvla_ros_interface/lib/pkgconfig/openvla_ros_interface.pc'
[1.753s] Level 1:colcon.colcon_core.environment:checking '/home/om/OpenVla_cr5/install/openvla_ros_interface/lib/python3.10/site-packages'
[1.753s] Level 1:colcon.colcon_core.shell:create_environment_hook('openvla_ros_interface', 'pythonpath')
[1.753s] INFO:colcon.colcon_core.shell:Creating environment hook '/home/om/OpenVla_cr5/install/openvla_ros_interface/share/openvla_ros_interface/hook/pythonpath.ps1'
[1.754s] INFO:colcon.colcon_core.shell:Creating environment descriptor '/home/om/OpenVla_cr5/install/openvla_ros_interface/share/openvla_ros_interface/hook/pythonpath.dsv'
[1.754s] INFO:colcon.colcon_core.shell:Creating environment hook '/home/om/OpenVla_cr5/install/openvla_ros_interface/share/openvla_ros_interface/hook/pythonpath.sh'
[1.754s] Level 1:colcon.colcon_core.environment:checking '/home/om/OpenVla_cr5/install/openvla_ros_interface/bin'
[1.754s] Level 1:colcon.colcon_core.environment:create_environment_scripts_only(openvla_ros_interface)
[1.755s] INFO:colcon.colcon_core.shell:Creating package script '/home/om/OpenVla_cr5/install/openvla_ros_interface/share/openvla_ros_interface/package.ps1'
[1.755s] INFO:colcon.colcon_core.shell:Creating package descriptor '/home/om/OpenVla_cr5/install/openvla_ros_interface/share/openvla_ros_interface/package.dsv'
[1.755s] INFO:colcon.colcon_core.shell:Creating package script '/home/om/OpenVla_cr5/install/openvla_ros_interface/share/openvla_ros_interface/package.sh'
[1.756s] INFO:colcon.colcon_core.shell:Creating package script '/home/om/OpenVla_cr5/install/openvla_ros_interface/share/openvla_ros_interface/package.bash'
[1.756s] INFO:colcon.colcon_core.shell:Creating package script '/home/om/OpenVla_cr5/install/openvla_ros_interface/share/openvla_ros_interface/package.zsh'
[1.756s] Level 1:colcon.colcon_core.environment:create_file_with_runtime_dependencies(/home/om/OpenVla_cr5/install/openvla_ros_interface/share/colcon-core/packages/openvla_ros_interface)
[1.756s] DEBUG:colcon.colcon_parallel_executor.executor.parallel:closing loop
[1.757s] DEBUG:colcon.colcon_parallel_executor.executor.parallel:loop closed
[1.757s] DEBUG:colcon.colcon_parallel_executor.executor.parallel:run_until_complete finished with '0'
[1.757s] DEBUG:colcon.colcon_core.event_reactor:joining thread
[1.763s] INFO:colcon.colcon_core.plugin_system:Skipping extension 'colcon_notification.desktop_notification.terminal_notifier': Not used on non-Darwin systems
[1.763s] INFO:colcon.colcon_core.plugin_system:Skipping extension 'colcon_notification.desktop_notification.win32': Not used on non-Windows systems
[1.763s] INFO:colcon.colcon_notification.desktop_notification:Sending desktop notification using 'notify2'
[1.798s] DEBUG:colcon.colcon_core.event_reactor:joined thread
[1.799s] INFO:colcon.colcon_core.shell:Creating prefix script '/home/om/OpenVla_cr5/install/local_setup.ps1'
[1.800s] INFO:colcon.colcon_core.shell:Creating prefix util module '/home/om/OpenVla_cr5/install/_local_setup_util_ps1.py'
[1.802s] INFO:colcon.colcon_core.shell:Creating prefix chain script '/home/om/OpenVla_cr5/install/setup.ps1'
[1.804s] INFO:colcon.colcon_core.shell:Creating prefix script '/home/om/OpenVla_cr5/install/local_setup.sh'
[1.805s] INFO:colcon.colcon_core.shell:Creating prefix util module '/home/om/OpenVla_cr5/install/_local_setup_util_sh.py'
[1.806s] INFO:colcon.colcon_core.shell:Creating prefix chain script '/home/om/OpenVla_cr5/install/setup.sh'
[1.807s] INFO:colcon.colcon_core.shell:Creating prefix script '/home/om/OpenVla_cr5/install/local_setup.bash'
[1.808s] INFO:colcon.colcon_core.shell:Creating prefix chain script '/home/om/OpenVla_cr5/install/setup.bash'
[1.809s] INFO:colcon.colcon_core.shell:Creating prefix script '/home/om/OpenVla_cr5/install/local_setup.zsh'
[1.810s] INFO:colcon.colcon_core.shell:Creating prefix chain script '/home/om/OpenVla_cr5/install/setup.zsh'
