[2.360s] Invoking command in '/home/yolo/Desktop/Ros2/Dofbot2/src/record_dataset_cr5': PYTHONPATH=/home/yolo/Desktop/Ros2/Dofbot2/build/record_dataset_cr5/prefix_override:/usr/lib/python3/dist-packages/colcon_core/task/python/colcon_distutils_commands:/home/yolo/Desktop/Ros2/Dofbot2/install/record_dataset_cr5/lib/python3.10/site-packages:${PYTHONPATH} /usr/bin/python3 -W ignore:setup.py install is deprecated -W ignore:easy_install command is deprecated setup.py egg_info --egg-base ../../build/record_dataset_cr5 build --build-base /home/yolo/Desktop/Ros2/Dofbot2/build/record_dataset_cr5/build install --record /home/yolo/Desktop/Ros2/Dofbot2/build/record_dataset_cr5/install.log --single-version-externally-managed install_data
[2.751s] running egg_info
[2.778s] writing ../../build/record_dataset_cr5/record_dataset_cr5.egg-info/PKG-INFO
[2.779s] writing dependency_links to ../../build/record_dataset_cr5/record_dataset_cr5.egg-info/dependency_links.txt
[2.779s] writing requirements to ../../build/record_dataset_cr5/record_dataset_cr5.egg-info/requires.txt
[2.779s] writing top-level names to ../../build/record_dataset_cr5/record_dataset_cr5.egg-info/top_level.txt
[2.834s] reading manifest file '../../build/record_dataset_cr5/record_dataset_cr5.egg-info/SOURCES.txt'
[2.835s] writing manifest file '../../build/record_dataset_cr5/record_dataset_cr5.egg-info/SOURCES.txt'
[2.836s] running build
[2.836s] running build_py
[2.836s] copying record_dataset_cr5/record_data.py -> /home/yolo/Desktop/Ros2/Dofbot2/build/record_dataset_cr5/build/lib/record_dataset_cr5
[2.836s] copying record_dataset_cr5/__init__.py -> /home/yolo/Desktop/Ros2/Dofbot2/build/record_dataset_cr5/build/lib/record_dataset_cr5
[2.837s] running install
[2.842s] running install_lib
[2.869s] running install_data
[2.870s] copying resource/record_dataset_cr5 -> /home/yolo/Desktop/Ros2/Dofbot2/install/record_dataset_cr5/share/ament_index/resource_index/packages
[2.870s] copying package.xml -> /home/yolo/Desktop/Ros2/Dofbot2/install/record_dataset_cr5/share/record_dataset_cr5
[2.871s] running install_egg_info
[2.898s] removing '/home/yolo/Desktop/Ros2/Dofbot2/install/record_dataset_cr5/lib/python3.10/site-packages/record_dataset_cr5-0.0.0-py3.10.egg-info' (and everything under it)
[2.899s] Copying ../../build/record_dataset_cr5/record_dataset_cr5.egg-info to /home/yolo/Desktop/Ros2/Dofbot2/install/record_dataset_cr5/lib/python3.10/site-packages/record_dataset_cr5-0.0.0-py3.10.egg-info
[2.900s] running install_scripts
[2.962s] writing list of installed files to '/home/yolo/Desktop/Ros2/Dofbot2/build/record_dataset_cr5/install.log'
[3.005s] Invoked command in '/home/yolo/Desktop/Ros2/Dofbot2/src/record_dataset_cr5' returned '0': PYTHONPATH=/home/yolo/Desktop/Ros2/Dofbot2/build/record_dataset_cr5/prefix_override:/usr/lib/python3/dist-packages/colcon_core/task/python/colcon_distutils_commands:/home/yolo/Desktop/Ros2/Dofbot2/install/record_dataset_cr5/lib/python3.10/site-packages:${PYTHONPATH} /usr/bin/python3 -W ignore:setup.py install is deprecated -W ignore:easy_install command is deprecated setup.py egg_info --egg-base ../../build/record_dataset_cr5 build --build-base /home/yolo/Desktop/Ros2/Dofbot2/build/record_dataset_cr5/build install --record /home/yolo/Desktop/Ros2/Dofbot2/build/record_dataset_cr5/install.log --single-version-externally-managed install_data
