[0.077s] Invoking command in '/home/yolo/Desktop/Ros2/Dofbot2/build/dobot_moveit2': CMAKE_PREFIX_PATH=/home/yolo/Desktop/Ros2/Dofbot2/install/dofbot_description:/home/yolo/Desktop/Ros2/Dofbot2/install/dofbot_moveit:/home/yolo/Desktop/Ros2/Dofbot2/install/dobot_moveit2:/home/yolo/Desktop/Ros2/Dofbot2/install/cr5_bringup:/home/yolo/Desktop/Ros2/Dofbot2/install/dobot_msgs_v4:/home/yolo/Desktop/Ros2/Dofbot2/install/record_dataset_cr5:/home/yolo/Desktop/Ros2/Dofbot2/install/openvla_ros_interface:/home/yolo/Desktop/Ros2/Dofbot2/install/dobot_teleop:/opt/ros/humble /home/yolo/.local/bin/cmake --build /home/yolo/Desktop/Ros2/Dofbot2/build/dobot_moveit2 -- -j12 -l12
[0.280s] Invoked command in '/home/yolo/Desktop/Ros2/Dofbot2/build/dobot_moveit2' returned '0': CMAKE_PREFIX_PATH=/home/yolo/Desktop/Ros2/Dofbot2/install/dofbot_description:/home/yolo/Desktop/Ros2/Dofbot2/install/dofbot_moveit:/home/yolo/Desktop/Ros2/Dofbot2/install/dobot_moveit2:/home/yolo/Desktop/Ros2/Dofbot2/install/cr5_bringup:/home/yolo/Desktop/Ros2/Dofbot2/install/dobot_msgs_v4:/home/yolo/Desktop/Ros2/Dofbot2/install/record_dataset_cr5:/home/yolo/Desktop/Ros2/Dofbot2/install/openvla_ros_interface:/home/yolo/Desktop/Ros2/Dofbot2/install/dobot_teleop:/opt/ros/humble /home/yolo/.local/bin/cmake --build /home/yolo/Desktop/Ros2/Dofbot2/build/dobot_moveit2 -- -j12 -l12
[0.283s] Invoking command in '/home/yolo/Desktop/Ros2/Dofbot2/build/dobot_moveit2': CMAKE_PREFIX_PATH=/home/yolo/Desktop/Ros2/Dofbot2/install/dofbot_description:/home/yolo/Desktop/Ros2/Dofbot2/install/dofbot_moveit:/home/yolo/Desktop/Ros2/Dofbot2/install/dobot_moveit2:/home/yolo/Desktop/Ros2/Dofbot2/install/cr5_bringup:/home/yolo/Desktop/Ros2/Dofbot2/install/dobot_msgs_v4:/home/yolo/Desktop/Ros2/Dofbot2/install/record_dataset_cr5:/home/yolo/Desktop/Ros2/Dofbot2/install/openvla_ros_interface:/home/yolo/Desktop/Ros2/Dofbot2/install/dobot_teleop:/opt/ros/humble /home/yolo/.local/bin/cmake --install /home/yolo/Desktop/Ros2/Dofbot2/build/dobot_moveit2
[0.469s] -- Install configuration: ""
[0.469s] -- Up-to-date: /home/yolo/Desktop/Ros2/Dofbot2/install/dobot_moveit2/share/ament_index/resource_index/package_run_dependencies/dobot_moveit2
[0.470s] -- Up-to-date: /home/yolo/Desktop/Ros2/Dofbot2/install/dobot_moveit2/share/ament_index/resource_index/parent_prefix_path/dobot_moveit2
[0.470s] -- Up-to-date: /home/yolo/Desktop/Ros2/Dofbot2/install/dobot_moveit2/share/dobot_moveit2/environment/ament_prefix_path.sh
[0.470s] -- Up-to-date: /home/yolo/Desktop/Ros2/Dofbot2/install/dobot_moveit2/share/dobot_moveit2/environment/ament_prefix_path.dsv
[0.471s] -- Up-to-date: /home/yolo/Desktop/Ros2/Dofbot2/install/dobot_moveit2/share/dobot_moveit2/environment/path.sh
[0.471s] -- Up-to-date: /home/yolo/Desktop/Ros2/Dofbot2/install/dobot_moveit2/share/dobot_moveit2/environment/path.dsv
[0.471s] -- Up-to-date: /home/yolo/Desktop/Ros2/Dofbot2/install/dobot_moveit2/share/dobot_moveit2/local_setup.bash
[0.471s] -- Up-to-date: /home/yolo/Desktop/Ros2/Dofbot2/install/dobot_moveit2/share/dobot_moveit2/local_setup.sh
[0.472s] -- Up-to-date: /home/yolo/Desktop/Ros2/Dofbot2/install/dobot_moveit2/share/dobot_moveit2/local_setup.zsh
[0.472s] -- Up-to-date: /home/yolo/Desktop/Ros2/Dofbot2/install/dobot_moveit2/share/dobot_moveit2/local_setup.dsv
[0.472s] -- Installing: /home/yolo/Desktop/Ros2/Dofbot2/install/dobot_moveit2/share/dobot_moveit2/package.dsv
[0.472s] -- Up-to-date: /home/yolo/Desktop/Ros2/Dofbot2/install/dobot_moveit2/share/ament_index/resource_index/packages/dobot_moveit2
[0.473s] -- Up-to-date: /home/yolo/Desktop/Ros2/Dofbot2/install/dobot_moveit2/share/dobot_moveit2/cmake/dobot_moveit2Config.cmake
[0.473s] -- Up-to-date: /home/yolo/Desktop/Ros2/Dofbot2/install/dobot_moveit2/share/dobot_moveit2/cmake/dobot_moveit2Config-version.cmake
[0.474s] -- Up-to-date: /home/yolo/Desktop/Ros2/Dofbot2/install/dobot_moveit2/share/dobot_moveit2/package.xml
[0.474s] -- Up-to-date: /home/yolo/Desktop/Ros2/Dofbot2/install/dobot_moveit2/share/dobot_moveit2/launch
[0.474s] -- Up-to-date: /home/yolo/Desktop/Ros2/Dofbot2/install/dobot_moveit2/share/dobot_moveit2/launch/demo.launch.py
[0.474s] -- Up-to-date: /home/yolo/Desktop/Ros2/Dofbot2/install/dobot_moveit2/share/dobot_moveit2/launch/move_group.launch.py
[0.475s] -- Up-to-date: /home/yolo/Desktop/Ros2/Dofbot2/install/dobot_moveit2/share/dobot_moveit2/launch/static_virtual_joint_tfs.launch.py
[0.475s] -- Up-to-date: /home/yolo/Desktop/Ros2/Dofbot2/install/dobot_moveit2/share/dobot_moveit2/launch/launch_moveit.launch.py
[0.475s] -- Up-to-date: /home/yolo/Desktop/Ros2/Dofbot2/install/dobot_moveit2/share/dobot_moveit2/launch/spawn_controllers.launch.py
[0.475s] -- Up-to-date: /home/yolo/Desktop/Ros2/Dofbot2/install/dobot_moveit2/share/dobot_moveit2/launch/rsp.launch.py
[0.475s] -- Up-to-date: /home/yolo/Desktop/Ros2/Dofbot2/install/dobot_moveit2/share/dobot_moveit2/launch/setup_assistant.launch.py
[0.476s] -- Up-to-date: /home/yolo/Desktop/Ros2/Dofbot2/install/dobot_moveit2/share/dobot_moveit2/launch/warehouse_db.launch.py
[0.476s] -- Up-to-date: /home/yolo/Desktop/Ros2/Dofbot2/install/dobot_moveit2/share/dobot_moveit2/launch/moveit_rviz.launch.py
[0.476s] -- Up-to-date: /home/yolo/Desktop/Ros2/Dofbot2/install/dobot_moveit2/share/dobot_moveit2/config
[0.476s] -- Up-to-date: /home/yolo/Desktop/Ros2/Dofbot2/install/dobot_moveit2/share/dobot_moveit2/config/joint_limits.yaml
[0.476s] -- Up-to-date: /home/yolo/Desktop/Ros2/Dofbot2/install/dobot_moveit2/share/dobot_moveit2/config/moveit_controllers.yaml
[0.476s] -- Up-to-date: /home/yolo/Desktop/Ros2/Dofbot2/install/dobot_moveit2/share/dobot_moveit2/config/cr5_robot.urdf.xacro
[0.476s] -- Up-to-date: /home/yolo/Desktop/Ros2/Dofbot2/install/dobot_moveit2/share/dobot_moveit2/config/pilz_cartesian_limits.yaml
[0.477s] -- Up-to-date: /home/yolo/Desktop/Ros2/Dofbot2/install/dobot_moveit2/share/dobot_moveit2/config/cr5_robot.srdf
[0.477s] -- Up-to-date: /home/yolo/Desktop/Ros2/Dofbot2/install/dobot_moveit2/share/dobot_moveit2/config/sensors_3d.yaml
[0.477s] -- Up-to-date: /home/yolo/Desktop/Ros2/Dofbot2/install/dobot_moveit2/share/dobot_moveit2/config/cr5_robot.ros2_control.xacro
[0.477s] -- Up-to-date: /home/yolo/Desktop/Ros2/Dofbot2/install/dobot_moveit2/share/dobot_moveit2/config/initial_positions.yaml
[0.477s] -- Up-to-date: /home/yolo/Desktop/Ros2/Dofbot2/install/dobot_moveit2/share/dobot_moveit2/config/moveit.rviz
[0.478s] -- Up-to-date: /home/yolo/Desktop/Ros2/Dofbot2/install/dobot_moveit2/share/dobot_moveit2/config/kinematics.yaml
[0.479s] -- Up-to-date: /home/yolo/Desktop/Ros2/Dofbot2/install/dobot_moveit2/share/dobot_moveit2/.setup_assistant
[0.481s] Invoked command in '/home/yolo/Desktop/Ros2/Dofbot2/build/dobot_moveit2' returned '0': CMAKE_PREFIX_PATH=/home/yolo/Desktop/Ros2/Dofbot2/install/dofbot_description:/home/yolo/Desktop/Ros2/Dofbot2/install/dofbot_moveit:/home/yolo/Desktop/Ros2/Dofbot2/install/dobot_moveit2:/home/yolo/Desktop/Ros2/Dofbot2/install/cr5_bringup:/home/yolo/Desktop/Ros2/Dofbot2/install/dobot_msgs_v4:/home/yolo/Desktop/Ros2/Dofbot2/install/record_dataset_cr5:/home/yolo/Desktop/Ros2/Dofbot2/install/openvla_ros_interface:/home/yolo/Desktop/Ros2/Dofbot2/install/dobot_teleop:/opt/ros/humble /home/yolo/.local/bin/cmake --install /home/yolo/Desktop/Ros2/Dofbot2/build/dobot_moveit2
