-- Install configuration: ""
-- Up-to-date: /home/yolo/Desktop/Ros2/Dofbot2/install/dofbot_description/share/dofbot_description/urdf
-- Up-to-date: /home/yolo/Desktop/Ros2/Dofbot2/install/dofbot_description/share/dofbot_description/urdf/gripper.xacro
-- Up-to-date: /home/yolo/Desktop/Ros2/Dofbot2/install/dofbot_description/share/dofbot_description/urdf/gazebo.xacro
-- Up-to-date: /home/yolo/Desktop/Ros2/Dofbot2/install/dofbot_description/share/dofbot_description/urdf/ros2_control.xacro
-- Up-to-date: /home/yolo/Desktop/Ros2/Dofbot2/install/dofbot_description/share/dofbot_description/urdf/new_cr5.xacro
-- Up-to-date: /home/yolo/Desktop/Ros2/Dofbot2/install/dofbot_description/share/dofbot_description/urdf/camera.xacro
-- Up-to-date: /home/yolo/Desktop/Ros2/Dofbot2/install/dofbot_description/share/dofbot_description/urdf/cr5_robot.ros2_control.xacro
-- Up-to-date: /home/yolo/Desktop/Ros2/Dofbot2/install/dofbot_description/share/dofbot_description/config
-- Up-to-date: /home/yolo/Desktop/Ros2/Dofbot2/install/dofbot_description/share/dofbot_description/config/ros2_controllers.yaml
-- Up-to-date: /home/yolo/Desktop/Ros2/Dofbot2/install/dofbot_description/share/dofbot_description/config/gz_bridge.yaml
-- Up-to-date: /home/yolo/Desktop/Ros2/Dofbot2/install/dofbot_description/share/dofbot_description/launch
-- Up-to-date: /home/yolo/Desktop/Ros2/Dofbot2/install/dofbot_description/share/dofbot_description/launch/display.launch.py
-- Up-to-date: /home/yolo/Desktop/Ros2/Dofbot2/install/dofbot_description/share/dofbot_description/launch/gazebo2.launch.py
-- Up-to-date: /home/yolo/Desktop/Ros2/Dofbot2/install/dofbot_description/share/dofbot_description/worlds
-- Up-to-date: /home/yolo/Desktop/Ros2/Dofbot2/install/dofbot_description/share/dofbot_description/worlds/openvla_test.world
-- Up-to-date: /home/yolo/Desktop/Ros2/Dofbot2/install/dofbot_description/share/dofbot_description/worlds/cr.world
-- Up-to-date: /home/yolo/Desktop/Ros2/Dofbot2/install/dofbot_description/share/dofbot_description/meshes2
-- Up-to-date: /home/yolo/Desktop/Ros2/Dofbot2/install/dofbot_description/share/dofbot_description/meshes2/cr5
-- Up-to-date: /home/yolo/Desktop/Ros2/Dofbot2/install/dofbot_description/share/dofbot_description/meshes2/cr5/left_knuckle.dae
-- Up-to-date: /home/yolo/Desktop/Ros2/Dofbot2/install/dofbot_description/share/dofbot_description/meshes2/cr5/left_inner_knuckle.dae
-- Up-to-date: /home/yolo/Desktop/Ros2/Dofbot2/install/dofbot_description/share/dofbot_description/meshes2/cr5/right_knuckle.dae
-- Up-to-date: /home/yolo/Desktop/Ros2/Dofbot2/install/dofbot_description/share/dofbot_description/meshes2/cr5/robotiq_base.stl
-- Up-to-date: /home/yolo/Desktop/Ros2/Dofbot2/install/dofbot_description/share/dofbot_description/meshes2/cr5/Link4.dae
-- Up-to-date: /home/yolo/Desktop/Ros2/Dofbot2/install/dofbot_description/share/dofbot_description/meshes2/cr5/robotiq_base.dae
-- Up-to-date: /home/yolo/Desktop/Ros2/Dofbot2/install/dofbot_description/share/dofbot_description/meshes2/cr5/Link3.dae
-- Up-to-date: /home/yolo/Desktop/Ros2/Dofbot2/install/dofbot_description/share/dofbot_description/meshes2/cr5/ur_to_robotiq_adapter.dae
-- Up-to-date: /home/yolo/Desktop/Ros2/Dofbot2/install/dofbot_description/share/dofbot_description/meshes2/cr5/right_finger_tip.dae
-- Up-to-date: /home/yolo/Desktop/Ros2/Dofbot2/install/dofbot_description/share/dofbot_description/meshes2/cr5/right_finger_tip.stl
-- Up-to-date: /home/yolo/Desktop/Ros2/Dofbot2/install/dofbot_description/share/dofbot_description/meshes2/cr5/ur_to_robotiq_adapter.stl
-- Up-to-date: /home/yolo/Desktop/Ros2/Dofbot2/install/dofbot_description/share/dofbot_description/meshes2/cr5/right_finger.dae
-- Up-to-date: /home/yolo/Desktop/Ros2/Dofbot2/install/dofbot_description/share/dofbot_description/meshes2/cr5/left_finger_tip.dae
-- Up-to-date: /home/yolo/Desktop/Ros2/Dofbot2/install/dofbot_description/share/dofbot_description/meshes2/cr5/base_link.dae
-- Up-to-date: /home/yolo/Desktop/Ros2/Dofbot2/install/dofbot_description/share/dofbot_description/meshes2/cr5/right_finger.stl
-- Up-to-date: /home/yolo/Desktop/Ros2/Dofbot2/install/dofbot_description/share/dofbot_description/meshes2/cr5/left_knuckle.stl
-- Up-to-date: /home/yolo/Desktop/Ros2/Dofbot2/install/dofbot_description/share/dofbot_description/meshes2/cr5/right_inner_knuckle.dae
-- Up-to-date: /home/yolo/Desktop/Ros2/Dofbot2/install/dofbot_description/share/dofbot_description/meshes2/cr5/Link6.dae
-- Up-to-date: /home/yolo/Desktop/Ros2/Dofbot2/install/dofbot_description/share/dofbot_description/meshes2/cr5/right_knuckle.stl
-- Up-to-date: /home/yolo/Desktop/Ros2/Dofbot2/install/dofbot_description/share/dofbot_description/meshes2/cr5/left_inner_knuckle.stl
-- Up-to-date: /home/yolo/Desktop/Ros2/Dofbot2/install/dofbot_description/share/dofbot_description/meshes2/cr5/right_inner_knuckle.stl
-- Up-to-date: /home/yolo/Desktop/Ros2/Dofbot2/install/dofbot_description/share/dofbot_description/meshes2/cr5/Link1.dae
-- Up-to-date: /home/yolo/Desktop/Ros2/Dofbot2/install/dofbot_description/share/dofbot_description/meshes2/cr5/Link2.dae
-- Up-to-date: /home/yolo/Desktop/Ros2/Dofbot2/install/dofbot_description/share/dofbot_description/meshes2/cr5/Link5.dae
-- Up-to-date: /home/yolo/Desktop/Ros2/Dofbot2/install/dofbot_description/share/dofbot_description/meshes2/cr5/left_finger.stl
-- Up-to-date: /home/yolo/Desktop/Ros2/Dofbot2/install/dofbot_description/share/dofbot_description/meshes2/cr5/left_finger_tip.stl
-- Up-to-date: /home/yolo/Desktop/Ros2/Dofbot2/install/dofbot_description/share/dofbot_description/meshes2/cr5/left_finger.dae
-- Up-to-date: /home/yolo/Desktop/Ros2/Dofbot2/install/dofbot_description/share/ament_index/resource_index/package_run_dependencies/dofbot_description
-- Up-to-date: /home/yolo/Desktop/Ros2/Dofbot2/install/dofbot_description/share/ament_index/resource_index/parent_prefix_path/dofbot_description
-- Up-to-date: /home/yolo/Desktop/Ros2/Dofbot2/install/dofbot_description/share/dofbot_description/environment/ament_prefix_path.sh
-- Up-to-date: /home/yolo/Desktop/Ros2/Dofbot2/install/dofbot_description/share/dofbot_description/environment/ament_prefix_path.dsv
-- Up-to-date: /home/yolo/Desktop/Ros2/Dofbot2/install/dofbot_description/share/dofbot_description/environment/path.sh
-- Up-to-date: /home/yolo/Desktop/Ros2/Dofbot2/install/dofbot_description/share/dofbot_description/environment/path.dsv
-- Up-to-date: /home/yolo/Desktop/Ros2/Dofbot2/install/dofbot_description/share/dofbot_description/local_setup.bash
-- Up-to-date: /home/yolo/Desktop/Ros2/Dofbot2/install/dofbot_description/share/dofbot_description/local_setup.sh
-- Up-to-date: /home/yolo/Desktop/Ros2/Dofbot2/install/dofbot_description/share/dofbot_description/local_setup.zsh
-- Up-to-date: /home/yolo/Desktop/Ros2/Dofbot2/install/dofbot_description/share/dofbot_description/local_setup.dsv
-- Up-to-date: /home/yolo/Desktop/Ros2/Dofbot2/install/dofbot_description/share/dofbot_description/package.dsv
-- Up-to-date: /home/yolo/Desktop/Ros2/Dofbot2/install/dofbot_description/share/ament_index/resource_index/packages/dofbot_description
-- Up-to-date: /home/yolo/Desktop/Ros2/Dofbot2/install/dofbot_description/share/dofbot_description/cmake/dofbot_descriptionConfig.cmake
-- Up-to-date: /home/yolo/Desktop/Ros2/Dofbot2/install/dofbot_description/share/dofbot_description/cmake/dofbot_descriptionConfig-version.cmake
-- Up-to-date: /home/yolo/Desktop/Ros2/Dofbot2/install/dofbot_description/share/dofbot_description/package.xml
